2018.11.07 11:37:13 INFO  ce[][o.s.p.ProcessEntryPoint] Starting ce
2018.11.07 11:37:13 INFO  ce[][o.s.ce.app.CeServer] Compute Engine starting up...
2018.11.07 11:37:13 INFO  ce[][o.e.p.PluginsService] no modules loaded
2018.11.07 11:37:13 INFO  ce[][o.e.p.PluginsService] loaded plugin [org.elasticsearch.index.reindex.ReindexPlugin]
2018.11.07 11:37:13 INFO  ce[][o.e.p.PluginsService] loaded plugin [org.elasticsearch.join.ParentJoinPlugin]
2018.11.07 11:37:13 INFO  ce[][o.e.p.PluginsService] loaded plugin [org.elasticsearch.percolator.PercolatorPlugin]
2018.11.07 11:37:13 INFO  ce[][o.e.p.PluginsService] loaded plugin [org.elasticsearch.transport.Netty4Plugin]
2018.11.07 11:37:15 INFO  ce[][o.s.s.e.EsClientProvider] Connected to local Elasticsearch: [127.0.0.1:9001]
2018.11.07 11:37:15 INFO  ce[][o.sonar.db.Database] Create JDBC data source for jdbc:h2:tcp://127.0.0.1:9092/sonar
2018.11.07 11:37:15 WARN  ce[][o.s.d.DatabaseChecker] H2 database should be used for evaluation purpose only
2018.11.07 11:37:16 INFO  ce[][o.s.s.p.ServerFileSystemImpl] SonarQube home: C:\Program Files\sonarqube-6.7.5
2018.11.07 11:37:16 INFO  ce[][o.s.c.c.CePluginRepository] Load plugins
2018.11.07 11:37:28 INFO  ce[][o.s.c.c.CePluginRepository] Loaded plugin SonarC# [csharp]
2018.11.07 11:37:28 INFO  ce[][o.s.c.c.CePluginRepository] Loaded plugin SonarPython [python]
2018.11.07 11:37:28 INFO  ce[][o.s.c.c.CePluginRepository] Loaded plugin SonarJava [java]
2018.11.07 11:37:28 INFO  ce[][o.s.c.c.CePluginRepository] Loaded plugin Flex [flex]
2018.11.07 11:37:28 INFO  ce[][o.s.c.c.CePluginRepository] Loaded plugin SonarQube :: Plugins :: SCM :: Git [scmgit]
2018.11.07 11:37:28 INFO  ce[][o.s.c.c.CePluginRepository] Loaded plugin SonarXML [xml]
2018.11.07 11:37:28 INFO  ce[][o.s.c.c.CePluginRepository] Loaded plugin SonarPHP [php]
2018.11.07 11:37:28 INFO  ce[][o.s.c.c.CePluginRepository] Loaded plugin CodeScan [codescan]
2018.11.07 11:37:28 INFO  ce[][o.s.c.c.CePluginRepository] Loaded plugin SonarTS [typescript]
2018.11.07 11:37:28 INFO  ce[][o.s.c.c.CePluginRepository] Loaded plugin SonarQube :: Plugins :: SCM :: SVN [scmsvn]
2018.11.07 11:37:28 INFO  ce[][o.s.c.c.CePluginRepository] Loaded plugin SonarJS [javascript]
2018.11.07 11:37:29 INFO  ce[][o.s.c.q.PurgeCeActivities] Delete the Compute Engine tasks created before Fri May 11 11:37:29 IST 2018
2018.11.07 11:37:29 INFO  ce[][o.s.c.q.PurgeCeActivities] Delete the Scanner contexts tasks created before Wed Oct 10 11:37:29 IST 2018
2018.11.07 11:37:29 INFO  ce[][o.s.ce.app.CeServer] Compute Engine is operational
2018.11.07 11:49:46 INFO  ce[][o.s.p.StopWatcher] Stopping process
2018.11.07 11:49:46 INFO  ce[][o.s.ce.app.CeServer] Compute Engine is stopping...
2018.11.07 11:49:46 INFO  ce[][o.s.c.t.CeProcessingSchedulerImpl] Waiting for workers to finish in-progress tasks
2018.11.07 11:49:48 INFO  ce[][o.s.ce.app.CeServer] Compute Engine is stopped
2018.11.07 12:13:38 INFO  ce[][o.s.p.ProcessEntryPoint] Starting ce
2018.11.07 12:13:38 INFO  ce[][o.s.ce.app.CeServer] Compute Engine starting up...
2018.11.07 12:13:39 INFO  ce[][o.e.p.PluginsService] no modules loaded
2018.11.07 12:13:39 INFO  ce[][o.e.p.PluginsService] loaded plugin [org.elasticsearch.index.reindex.ReindexPlugin]
2018.11.07 12:13:39 INFO  ce[][o.e.p.PluginsService] loaded plugin [org.elasticsearch.join.ParentJoinPlugin]
2018.11.07 12:13:39 INFO  ce[][o.e.p.PluginsService] loaded plugin [org.elasticsearch.percolator.PercolatorPlugin]
2018.11.07 12:13:39 INFO  ce[][o.e.p.PluginsService] loaded plugin [org.elasticsearch.transport.Netty4Plugin]
2018.11.07 12:13:41 INFO  ce[][o.s.s.e.EsClientProvider] Connected to local Elasticsearch: [127.0.0.1:9001]
2018.11.07 12:13:41 INFO  ce[][o.sonar.db.Database] Create JDBC data source for jdbc:h2:tcp://127.0.0.1:9092/sonar
2018.11.07 12:13:41 WARN  ce[][o.s.d.DatabaseChecker] H2 database should be used for evaluation purpose only
2018.11.07 12:13:43 INFO  ce[][o.s.s.p.ServerFileSystemImpl] SonarQube home: C:\Program Files\sonarqube-6.7.5
2018.11.07 12:13:43 INFO  ce[][o.s.c.c.CePluginRepository] Load plugins
2018.11.07 12:13:53 INFO  ce[][o.s.c.c.CePluginRepository] Loaded plugin SonarC# [csharp]
2018.11.07 12:13:53 INFO  ce[][o.s.c.c.CePluginRepository] Loaded plugin SonarPython [python]
2018.11.07 12:13:53 INFO  ce[][o.s.c.c.CePluginRepository] Loaded plugin SonarJava [java]
2018.11.07 12:13:53 INFO  ce[][o.s.c.c.CePluginRepository] Loaded plugin Flex [flex]
2018.11.07 12:13:53 INFO  ce[][o.s.c.c.CePluginRepository] Loaded plugin SonarQube :: Plugins :: SCM :: Git [scmgit]
2018.11.07 12:13:53 INFO  ce[][o.s.c.c.CePluginRepository] Loaded plugin SonarXML [xml]
2018.11.07 12:13:53 INFO  ce[][o.s.c.c.CePluginRepository] Loaded plugin PDF Report [pdfreport]
2018.11.07 12:13:53 INFO  ce[][o.s.c.c.CePluginRepository] Loaded plugin SonarPHP [php]
2018.11.07 12:13:53 INFO  ce[][o.s.c.c.CePluginRepository] Loaded plugin CodeScan [codescan]
2018.11.07 12:13:53 INFO  ce[][o.s.c.c.CePluginRepository] Loaded plugin SonarTS [typescript]
2018.11.07 12:13:53 INFO  ce[][o.s.c.c.CePluginRepository] Loaded plugin SonarQube :: Plugins :: SCM :: SVN [scmsvn]
2018.11.07 12:13:53 INFO  ce[][o.s.c.c.CePluginRepository] Loaded plugin SonarJS [javascript]
2018.11.07 12:13:54 INFO  ce[][o.s.c.q.PurgeCeActivities] Delete the Compute Engine tasks created before Fri May 11 12:13:54 IST 2018
2018.11.07 12:13:54 INFO  ce[][o.s.c.q.PurgeCeActivities] Delete the Scanner contexts tasks created before Wed Oct 10 12:13:54 IST 2018
2018.11.07 12:13:54 INFO  ce[][o.s.ce.app.CeServer] Compute Engine is operational
2018.11.07 14:49:08 INFO  ce[][o.s.p.ProcessEntryPoint] Starting ce
2018.11.07 14:49:08 INFO  ce[][o.s.ce.app.CeServer] Compute Engine starting up...
2018.11.07 14:49:09 INFO  ce[][o.e.p.PluginsService] no modules loaded
2018.11.07 14:49:09 INFO  ce[][o.e.p.PluginsService] loaded plugin [org.elasticsearch.index.reindex.ReindexPlugin]
2018.11.07 14:49:09 INFO  ce[][o.e.p.PluginsService] loaded plugin [org.elasticsearch.join.ParentJoinPlugin]
2018.11.07 14:49:09 INFO  ce[][o.e.p.PluginsService] loaded plugin [org.elasticsearch.percolator.PercolatorPlugin]
2018.11.07 14:49:09 INFO  ce[][o.e.p.PluginsService] loaded plugin [org.elasticsearch.transport.Netty4Plugin]
2018.11.07 14:49:11 INFO  ce[][o.s.s.e.EsClientProvider] Connected to local Elasticsearch: [127.0.0.1:9001]
2018.11.07 14:49:11 INFO  ce[][o.sonar.db.Database] Create JDBC data source for jdbc:h2:tcp://127.0.0.1:9092/sonar
2018.11.07 14:49:11 WARN  ce[][o.s.d.DatabaseChecker] H2 database should be used for evaluation purpose only
2018.11.07 14:49:13 INFO  ce[][o.s.s.p.ServerFileSystemImpl] SonarQube home: C:\Program Files\sonarqube-6.7.5
2018.11.07 14:49:13 INFO  ce[][o.s.c.c.CePluginRepository] Load plugins
2018.11.07 14:49:26 INFO  ce[][o.s.c.c.CePluginRepository] Loaded plugin SonarC# [csharp]
2018.11.07 14:49:26 INFO  ce[][o.s.c.c.CePluginRepository] Loaded plugin SonarPython [python]
2018.11.07 14:49:26 INFO  ce[][o.s.c.c.CePluginRepository] Loaded plugin SonarJava [java]
2018.11.07 14:49:26 INFO  ce[][o.s.c.c.CePluginRepository] Loaded plugin Flex [flex]
2018.11.07 14:49:26 INFO  ce[][o.s.c.c.CePluginRepository] Loaded plugin SonarQube :: Plugins :: SCM :: Git [scmgit]
2018.11.07 14:49:26 INFO  ce[][o.s.c.c.CePluginRepository] Loaded plugin SonarXML [xml]
2018.11.07 14:49:26 INFO  ce[][o.s.c.c.CePluginRepository] Loaded plugin PDF Report [pdfreport]
2018.11.07 14:49:26 INFO  ce[][o.s.c.c.CePluginRepository] Loaded plugin SonarPHP [php]
2018.11.07 14:49:26 INFO  ce[][o.s.c.c.CePluginRepository] Loaded plugin CodeScan [codescan]
2018.11.07 14:49:26 INFO  ce[][o.s.c.c.CePluginRepository] Loaded plugin SonarTS [typescript]
2018.11.07 14:49:26 INFO  ce[][o.s.c.c.CePluginRepository] Loaded plugin SonarQube :: Plugins :: SCM :: SVN [scmsvn]
2018.11.07 14:49:26 INFO  ce[][o.s.c.c.CePluginRepository] Loaded plugin SonarJS [javascript]
2018.11.07 14:49:27 INFO  ce[][o.s.c.q.PurgeCeActivities] Delete the Compute Engine tasks created before Fri May 11 14:49:27 IST 2018
2018.11.07 14:49:27 INFO  ce[][o.s.c.q.PurgeCeActivities] Delete the Scanner contexts tasks created before Wed Oct 10 14:49:27 IST 2018
2018.11.07 14:49:27 INFO  ce[][o.s.ce.app.CeServer] Compute Engine is operational
