2018.11.07 11:36:48 INFO  web[][o.s.p.ProcessEntryPoint] Starting web
2018.11.07 11:36:49 INFO  web[][o.a.t.u.n.NioSelectorPool] Using a shared selector for servlet write/read
2018.11.07 11:36:50 INFO  web[][o.e.p.PluginsService] no modules loaded
2018.11.07 11:36:50 INFO  web[][o.e.p.PluginsService] loaded plugin [org.elasticsearch.index.reindex.ReindexPlugin]
2018.11.07 11:36:50 INFO  web[][o.e.p.PluginsService] loaded plugin [org.elasticsearch.join.ParentJoinPlugin]
2018.11.07 11:36:50 INFO  web[][o.e.p.PluginsService] loaded plugin [org.elasticsearch.percolator.PercolatorPlugin]
2018.11.07 11:36:50 INFO  web[][o.e.p.PluginsService] loaded plugin [org.elasticsearch.transport.Netty4Plugin]
2018.11.07 11:36:51 INFO  web[][o.s.s.e.EsClientProvider] Connected to local Elasticsearch: [127.0.0.1:9001]
2018.11.07 11:36:51 INFO  web[][o.s.s.p.LogServerVersion] SonarQube Server / 6.7.5.38563 / ec8ab77fa180a9edaf664075e8e76ae0b4a2d9f1
2018.11.07 11:36:52 INFO  web[][o.s.s.p.d.EmbeddedDatabase] Starting embedded database on port 9092 with url jdbc:h2:tcp://127.0.0.1:9092/sonar
2018.11.07 11:36:52 INFO  web[][o.s.s.p.d.EmbeddedDatabase] Embedded database started. Data stored in: C:\Program Files\sonarqube-6.7.5\data
2018.11.07 11:36:52 INFO  web[][o.sonar.db.Database] Create JDBC data source for jdbc:h2:tcp://127.0.0.1:9092/sonar
2018.11.07 11:36:52 WARN  web[][o.s.d.DatabaseChecker] H2 database should be used for evaluation purpose only
2018.11.07 11:36:53 INFO  web[][o.s.s.p.ServerFileSystemImpl] SonarQube home: C:\Program Files\sonarqube-6.7.5
2018.11.07 11:36:53 INFO  web[][o.s.s.u.SystemPasscodeImpl] System authentication by passcode is disabled
2018.11.07 11:36:54 INFO  web[][o.s.s.p.ServerPluginRepository] Deploy plugin CodeScan / 4.1.6 / a12df079fc307b8ca25605309b27748e0f7454a7
2018.11.07 11:36:54 INFO  web[][o.s.s.p.ServerPluginRepository] Deploy plugin Flex / 2.3 / 79167f762219bea1fd181ff5ef6ca4b34abd1675
2018.11.07 11:36:54 INFO  web[][o.s.s.p.ServerPluginRepository] Deploy plugin SonarC# / 6.5.0.3766 / 6011a1e9fb002edb044ae3092d92bcfb7d9d8a2d
2018.11.07 11:36:54 INFO  web[][o.s.s.p.ServerPluginRepository] Deploy plugin SonarJS / 3.2.0.5506 / 86da09565f891121df248835665f5d8ed98772b6
2018.11.07 11:36:54 INFO  web[][o.s.s.p.ServerPluginRepository] Deploy plugin SonarJava / 4.15.0.12310 / 572454b93016ec73a53fe0e07b2ffdc356d21ba9
2018.11.07 11:36:54 INFO  web[][o.s.s.p.ServerPluginRepository] Deploy plugin SonarPHP / 2.11.0.2485 / 741861a29e5f9a26c6c99c06268facb6c4f4a882
2018.11.07 11:36:54 INFO  web[][o.s.s.p.ServerPluginRepository] Deploy plugin SonarPython / 1.8.0.1496 / 3fe3bc4d0273a5721ea2fb368dc45b1bb82fede3
2018.11.07 11:36:54 INFO  web[][o.s.s.p.ServerPluginRepository] Deploy plugin SonarQube :: Plugins :: SCM :: Git / 1.3.0.869 / 4da53e3f9e55f4f2e5796625cb0c5768ed152079
2018.11.07 11:36:54 INFO  web[][o.s.s.p.ServerPluginRepository] Deploy plugin SonarQube :: Plugins :: SCM :: SVN / 1.6.0.860 / 2111fdbd1dddda4ad6d4ed6486fd0b18c1010d3b
2018.11.07 11:36:54 INFO  web[][o.s.s.p.ServerPluginRepository] Deploy plugin SonarTS / 1.1.0.1079 / 042c9e65239a47d92d305f9767f730b3cc1e5ed3
2018.11.07 11:36:54 INFO  web[][o.s.s.p.ServerPluginRepository] Deploy plugin SonarXML / 1.4.3.1027 / 39588245cecf538bb27be4e496ff303b0143d20b
2018.11.07 11:36:57 WARN  web[][o.a.c.u.SessionIdGeneratorBase] Creation of SecureRandom instance for session ID generation using [SHA1PRNG] took [244] milliseconds.
2018.11.07 11:36:57 INFO  web[][o.s.s.p.w.MasterServletFilter] Initializing servlet filter org.sonar.server.ws.WebServiceFilter@2db1ab69 [pattern=UrlPattern{inclusions=[/api/system/migrate_db/*, ...], exclusions=[/api/properties*, ...]}]
2018.11.07 11:36:57 INFO  web[][o.s.s.a.EmbeddedTomcat] HTTP connector enabled on port 9000
2018.11.07 11:36:58 INFO  web[][o.s.s.p.UpdateCenterClient] Update center: https://update.sonarsource.org/update-center.properties (no proxy)
2018.11.07 11:37:00 INFO  web[][o.s.s.s.LogServerId] Server ID: BF41A1F2-AWbjZBDclbP9I9-LSvE-
2018.11.07 11:37:00 INFO  web[][o.s.s.t.TelemetryDaemon] Sharing of SonarQube statistics is enabled.
2018.11.07 11:37:00 INFO  web[][o.s.s.n.NotificationDaemon] Notification service started (delay 60 sec.)
2018.11.07 11:37:00 INFO  web[][o.s.s.s.GeneratePluginIndex] Generate scanner plugin index
2018.11.07 11:37:01 INFO  web[][o.s.s.s.RegisterPlugins] Register plugins
2018.11.07 11:37:01 INFO  web[][o.s.s.s.RegisterMetrics] Register metrics
2018.11.07 11:37:01 INFO  web[][o.s.s.r.RegisterRules] Register rules
2018.11.07 11:37:07 INFO  web[][o.s.s.q.BuiltInQProfileRepositoryImpl] Load quality profiles
2018.11.07 11:37:08 INFO  web[][o.s.s.q.RegisterQualityProfiles] Register quality profiles
2018.11.07 11:37:08 INFO  web[][o.s.s.q.RegisterQualityProfiles] Update profile vf/CodeScan way
2018.11.07 11:37:08 INFO  web[][o.s.s.q.RegisterQualityProfiles] Update profile cs/Sonar way
2018.11.07 11:37:09 INFO  web[][o.s.s.q.RegisterQualityProfiles] Update profile sf/CodeScan way
2018.11.07 11:37:09 INFO  web[][o.s.s.q.RegisterQualityProfiles] Update profile sf/CodeScan strict way
2018.11.07 11:37:10 INFO  web[][o.s.s.q.RegisterQualityProfiles] Update profile java/Sonar way
2018.11.07 11:37:10 INFO  web[][o.s.s.q.RegisterQualityProfiles] Update profile xml/Sonar way
2018.11.07 11:37:10 INFO  web[][o.s.s.q.RegisterQualityProfiles] Update profile flex/Sonar way
2018.11.07 11:37:11 INFO  web[][o.s.s.q.RegisterQualityProfiles] Update profile js/Sonar way Recommended
2018.11.07 11:37:11 INFO  web[][o.s.s.q.RegisterQualityProfiles] Update profile js/Sonar way
2018.11.07 11:37:11 INFO  web[][o.s.s.q.RegisterQualityProfiles] Update profile php/Sonar way
2018.11.07 11:37:11 INFO  web[][o.s.s.q.RegisterQualityProfiles] Update profile php/PSR-2
2018.11.07 11:37:11 INFO  web[][o.s.s.q.RegisterQualityProfiles] Update profile php/Drupal
2018.11.07 11:37:11 INFO  web[][o.s.s.q.RegisterQualityProfiles] Update profile py/Sonar way
2018.11.07 11:37:11 INFO  web[][o.s.s.q.RegisterQualityProfiles] Update profile ts/Sonar way
2018.11.07 11:37:11 INFO  web[][o.s.s.q.RegisterQualityProfiles] Update profile ts/Sonar way recommended
2018.11.07 11:37:11 INFO  web[][o.s.s.s.RegisterPermissionTemplates] Register permission templates
2018.11.07 11:37:11 INFO  web[][o.s.s.s.RenameDeprecatedPropertyKeys] Rename deprecated property keys
2018.11.07 11:37:11 INFO  web[][o.s.s.p.w.MasterServletFilter] Initializing servlet filter org.sonar.server.ws.WebServiceFilter@6ada456c [pattern=UrlPattern{inclusions=[/api/measures/component/*, ...], exclusions=[/api/properties*, ...]}]
2018.11.07 11:37:11 INFO  web[][o.s.s.p.w.MasterServletFilter] Initializing servlet filter org.sonar.server.ws.DeprecatedPropertiesWsFilter@6269e9b6 [pattern=UrlPattern{inclusions=[/api/properties/*], exclusions=[]}]
2018.11.07 11:37:11 INFO  web[][o.s.s.p.w.MasterServletFilter] Initializing servlet filter org.sonar.server.ws.WebServiceReroutingFilter@1c74a7b7 [pattern=UrlPattern{inclusions=[/api/components/bulk_update_key, ...], exclusions=[]}]
2018.11.07 11:37:11 INFO  web[][o.s.s.p.w.MasterServletFilter] Initializing servlet filter org.sonar.server.authentication.InitFilter@42e88955 [pattern=UrlPattern{inclusions=[/sessions/init/*], exclusions=[]}]
2018.11.07 11:37:11 INFO  web[][o.s.s.p.w.MasterServletFilter] Initializing servlet filter org.sonar.server.authentication.OAuth2CallbackFilter@7ef5e769 [pattern=UrlPattern{inclusions=[/oauth2/callback/*], exclusions=[]}]
2018.11.07 11:37:11 INFO  web[][o.s.s.p.w.MasterServletFilter] Initializing servlet filter org.sonar.server.authentication.ws.LoginAction@273d255f [pattern=UrlPattern{inclusions=[/api/authentication/login], exclusions=[]}]
2018.11.07 11:37:11 INFO  web[][o.s.s.p.w.MasterServletFilter] Initializing servlet filter org.sonar.server.authentication.ws.LogoutAction@1c0434dd [pattern=UrlPattern{inclusions=[/api/authentication/logout], exclusions=[]}]
2018.11.07 11:37:11 INFO  web[][o.s.s.p.w.MasterServletFilter] Initializing servlet filter org.sonar.server.authentication.ws.ValidateAction@3eb808a9 [pattern=UrlPattern{inclusions=[/api/authentication/validate], exclusions=[]}]
2018.11.07 11:37:11 INFO  web[][o.s.s.p.Platform] WebServer is operational
2018.11.07 11:50:33 INFO  web[][o.s.p.StopWatcher] Stopping process
2018.11.07 11:50:33 INFO  web[][o.s.p.ProcessEntryPoint] Starting web
2018.11.07 11:50:34 WARN  web[][o.s.p.ProcessEntryPoint] Fail to start web
java.lang.IllegalStateException: Fail to create or clean-up directory C:\Program Files\sonarqube-6.7.5\data\web\deploy
	at org.sonar.server.app.TomcatContexts.addStaticDir(TomcatContexts.java:85)
	at org.sonar.server.app.TomcatContexts.configure(TomcatContexts.java:60)
	at org.sonar.server.app.EmbeddedTomcat.start(EmbeddedTomcat.java:59)
	at org.sonar.server.app.WebServer.start(WebServer.java:51)
	at org.sonar.process.ProcessEntryPoint.launch(ProcessEntryPoint.java:113)
	at org.sonar.process.ProcessEntryPoint.launch(ProcessEntryPoint.java:100)
	at org.sonar.server.app.WebServer.main(WebServer.java:91)
Caused by: java.nio.file.FileSystemException: C:\Program Files\sonarqube-6.7.5\data\web\deploy\plugins\flex\sonar-flex-plugin-2.3.jar: The process cannot access the file because it is being used by another process.

	at java.base/sun.nio.fs.WindowsException.translateToIOException(Unknown Source)
	at java.base/sun.nio.fs.WindowsException.rethrowAsIOException(Unknown Source)
	at java.base/sun.nio.fs.WindowsException.rethrowAsIOException(Unknown Source)
	at java.base/sun.nio.fs.WindowsFileSystemProvider.implDelete(Unknown Source)
	at java.base/sun.nio.fs.AbstractFileSystemProvider.delete(Unknown Source)
	at java.base/java.nio.file.Files.delete(Unknown Source)
	at org.sonar.core.util.FileUtils$DeleteRecursivelyFileVisitor.visitFile(FileUtils.java:204)
	at org.sonar.core.util.FileUtils$DeleteRecursivelyFileVisitor.visitFile(FileUtils.java:199)
	at java.base/java.nio.file.Files.walkFileTree(Unknown Source)
	at java.base/java.nio.file.Files.walkFileTree(Unknown Source)
	at org.sonar.core.util.FileUtils.deleteDirectoryImpl(FileUtils.java:159)
	at org.sonar.core.util.FileUtils.access$000(FileUtils.java:41)
	at org.sonar.core.util.FileUtils$CleanDirectoryFileVisitor.visitFile(FileUtils.java:183)
	at org.sonar.core.util.FileUtils$CleanDirectoryFileVisitor.visitFile(FileUtils.java:169)
	at java.base/java.nio.file.Files.walkFileTree(Unknown Source)
	at org.sonar.core.util.FileUtils.cleanDirectoryImpl(FileUtils.java:146)
	at org.sonar.core.util.FileUtils.cleanDirectory(FileUtils.java:86)
	at org.sonar.server.app.TomcatContexts$Fs.createOrCleanupDir(TomcatContexts.java:124)
	at org.sonar.server.app.TomcatContexts.addStaticDir(TomcatContexts.java:83)
	... 6 common frames omitted
2018.11.07 11:51:24 INFO  web[][o.s.p.ProcessEntryPoint] Starting web
2018.11.07 11:51:24 INFO  web[][o.a.t.u.n.NioSelectorPool] Using a shared selector for servlet write/read
2018.11.07 11:51:26 INFO  web[][o.e.p.PluginsService] no modules loaded
2018.11.07 11:51:26 INFO  web[][o.e.p.PluginsService] loaded plugin [org.elasticsearch.index.reindex.ReindexPlugin]
2018.11.07 11:51:26 INFO  web[][o.e.p.PluginsService] loaded plugin [org.elasticsearch.join.ParentJoinPlugin]
2018.11.07 11:51:26 INFO  web[][o.e.p.PluginsService] loaded plugin [org.elasticsearch.percolator.PercolatorPlugin]
2018.11.07 11:51:26 INFO  web[][o.e.p.PluginsService] loaded plugin [org.elasticsearch.transport.Netty4Plugin]
2018.11.07 11:51:27 INFO  web[][o.s.s.e.EsClientProvider] Connected to local Elasticsearch: [127.0.0.1:9001]
2018.11.07 11:51:27 INFO  web[][o.s.s.p.LogServerVersion] SonarQube Server / 6.7.5.38563 / ec8ab77fa180a9edaf664075e8e76ae0b4a2d9f1
2018.11.07 11:51:27 INFO  web[][o.s.s.p.d.EmbeddedDatabase] Starting embedded database on port 9092 with url jdbc:h2:tcp://127.0.0.1:9092/sonar
2018.11.07 11:51:27 INFO  web[][o.s.s.p.d.EmbeddedDatabase] Embedded database started. Data stored in: C:\Program Files\sonarqube-6.7.5\data
2018.11.07 11:51:27 INFO  web[][o.sonar.db.Database] Create JDBC data source for jdbc:h2:tcp://127.0.0.1:9092/sonar
2018.11.07 11:51:27 WARN  web[][o.s.d.DatabaseChecker] H2 database should be used for evaluation purpose only
2018.11.07 11:51:29 INFO  web[][o.s.s.p.ServerFileSystemImpl] SonarQube home: C:\Program Files\sonarqube-6.7.5
2018.11.07 11:51:29 INFO  web[][o.s.s.u.SystemPasscodeImpl] System authentication by passcode is disabled
2018.11.07 11:51:29 INFO  web[][o.s.s.p.ServerPluginRepository] Deploy plugin CodeScan / 4.1.6 / a12df079fc307b8ca25605309b27748e0f7454a7
2018.11.07 11:51:29 INFO  web[][o.s.s.p.ServerPluginRepository] Deploy plugin Flex / 2.3 / 79167f762219bea1fd181ff5ef6ca4b34abd1675
2018.11.07 11:51:29 INFO  web[][o.s.s.p.ServerPluginRepository] Deploy plugin PDF Report / 1.4 / dd4ca69debb8e869ccd958478f4c5caae319ad59
2018.11.07 11:51:29 INFO  web[][o.s.s.p.ServerPluginRepository] Deploy plugin SonarC# / 6.5.0.3766 / 6011a1e9fb002edb044ae3092d92bcfb7d9d8a2d
2018.11.07 11:51:29 INFO  web[][o.s.s.p.ServerPluginRepository] Deploy plugin SonarJS / 3.2.0.5506 / 86da09565f891121df248835665f5d8ed98772b6
2018.11.07 11:51:29 INFO  web[][o.s.s.p.ServerPluginRepository] Deploy plugin SonarJava / 4.15.0.12310 / 572454b93016ec73a53fe0e07b2ffdc356d21ba9
2018.11.07 11:51:29 INFO  web[][o.s.s.p.ServerPluginRepository] Deploy plugin SonarPHP / 2.11.0.2485 / 741861a29e5f9a26c6c99c06268facb6c4f4a882
2018.11.07 11:51:29 INFO  web[][o.s.s.p.ServerPluginRepository] Deploy plugin SonarPython / 1.8.0.1496 / 3fe3bc4d0273a5721ea2fb368dc45b1bb82fede3
2018.11.07 11:51:29 INFO  web[][o.s.s.p.ServerPluginRepository] Deploy plugin SonarQube :: Plugins :: SCM :: Git / 1.3.0.869 / 4da53e3f9e55f4f2e5796625cb0c5768ed152079
2018.11.07 11:51:29 INFO  web[][o.s.s.p.ServerPluginRepository] Deploy plugin SonarQube :: Plugins :: SCM :: SVN / 1.6.0.860 / 2111fdbd1dddda4ad6d4ed6486fd0b18c1010d3b
2018.11.07 11:51:29 INFO  web[][o.s.s.p.ServerPluginRepository] Deploy plugin SonarTS / 1.1.0.1079 / 042c9e65239a47d92d305f9767f730b3cc1e5ed3
2018.11.07 11:51:29 INFO  web[][o.s.s.p.ServerPluginRepository] Deploy plugin SonarXML / 1.4.3.1027 / 39588245cecf538bb27be4e496ff303b0143d20b
2018.11.07 11:51:32 WARN  web[][o.a.c.u.SessionIdGeneratorBase] Creation of SecureRandom instance for session ID generation using [SHA1PRNG] took [240] milliseconds.
2018.11.07 11:51:33 INFO  web[][o.s.s.p.w.MasterServletFilter] Initializing servlet filter org.sonar.server.ws.WebServiceFilter@729c51e5 [pattern=UrlPattern{inclusions=[/api/system/migrate_db/*, ...], exclusions=[/api/properties*, ...]}]
2018.11.07 11:51:33 INFO  web[][o.s.s.a.EmbeddedTomcat] HTTP connector enabled on port 9000
2018.11.07 11:51:34 INFO  web[][o.s.s.p.UpdateCenterClient] Update center: https://update.sonarsource.org/update-center.properties (no proxy)
2018.11.07 11:51:35 INFO  web[][o.s.s.s.LogServerId] Server ID: BF41A1F2-AWbjZBDclbP9I9-LSvE-
2018.11.07 11:51:35 WARN  web[][o.s.s.u.DeprecatedViews] Widget 'PDF report widget' (pdf-report-widget) is ignored. See org.sonar.api.web.page.PageDefinition to define pages.
2018.11.07 11:51:36 INFO  web[][o.s.s.t.TelemetryDaemon] Sharing of SonarQube statistics is enabled.
2018.11.07 11:51:36 INFO  web[][o.s.s.n.NotificationDaemon] Notification service started (delay 60 sec.)
2018.11.07 11:51:36 INFO  web[][o.s.s.s.GeneratePluginIndex] Generate scanner plugin index
2018.11.07 11:51:36 INFO  web[][o.s.s.s.RegisterPlugins] Register plugins
2018.11.07 11:51:37 INFO  web[][o.s.s.s.RegisterMetrics] Register metrics
2018.11.07 11:51:37 INFO  web[][o.s.s.r.RegisterRules] Register rules
2018.11.07 11:51:41 INFO  web[][o.s.s.q.BuiltInQProfileRepositoryImpl] Load quality profiles
2018.11.07 11:51:42 INFO  web[][o.s.s.q.RegisterQualityProfiles] Register quality profiles
2018.11.07 11:51:42 INFO  web[][o.s.s.q.RegisterQualityProfiles] Update profile vf/CodeScan way
2018.11.07 11:51:42 INFO  web[][o.s.s.q.RegisterQualityProfiles] Update profile cs/Sonar way
2018.11.07 11:51:43 INFO  web[][o.s.s.q.RegisterQualityProfiles] Update profile sf/CodeScan way
2018.11.07 11:51:43 INFO  web[][o.s.s.q.RegisterQualityProfiles] Update profile sf/CodeScan strict way
2018.11.07 11:51:43 INFO  web[][o.s.s.q.RegisterQualityProfiles] Update profile java/Sonar way
2018.11.07 11:51:44 INFO  web[][o.s.s.q.RegisterQualityProfiles] Update profile xml/Sonar way
2018.11.07 11:51:44 INFO  web[][o.s.s.q.RegisterQualityProfiles] Update profile flex/Sonar way
2018.11.07 11:51:44 INFO  web[][o.s.s.q.RegisterQualityProfiles] Update profile js/Sonar way Recommended
2018.11.07 11:51:44 INFO  web[][o.s.s.q.RegisterQualityProfiles] Update profile js/Sonar way
2018.11.07 11:51:44 INFO  web[][o.s.s.q.RegisterQualityProfiles] Update profile php/Sonar way
2018.11.07 11:51:45 INFO  web[][o.s.s.q.RegisterQualityProfiles] Update profile php/PSR-2
2018.11.07 11:51:45 INFO  web[][o.s.s.q.RegisterQualityProfiles] Update profile php/Drupal
2018.11.07 11:51:45 INFO  web[][o.s.s.q.RegisterQualityProfiles] Update profile py/Sonar way
2018.11.07 11:51:45 INFO  web[][o.s.s.q.RegisterQualityProfiles] Update profile ts/Sonar way
2018.11.07 11:51:45 INFO  web[][o.s.s.q.RegisterQualityProfiles] Update profile ts/Sonar way recommended
2018.11.07 11:51:45 INFO  web[][o.s.s.s.RegisterPermissionTemplates] Register permission templates
2018.11.07 11:51:45 INFO  web[][o.s.s.s.RenameDeprecatedPropertyKeys] Rename deprecated property keys
2018.11.07 11:51:45 INFO  web[][o.s.s.p.w.MasterServletFilter] Initializing servlet filter org.sonar.server.ws.WebServiceFilter@23594ce1 [pattern=UrlPattern{inclusions=[/api/measures/component/*, ...], exclusions=[/api/properties*, ...]}]
2018.11.07 11:51:45 INFO  web[][o.s.s.p.w.MasterServletFilter] Initializing servlet filter org.sonar.server.ws.DeprecatedPropertiesWsFilter@2682629 [pattern=UrlPattern{inclusions=[/api/properties/*], exclusions=[]}]
2018.11.07 11:51:45 INFO  web[][o.s.s.p.w.MasterServletFilter] Initializing servlet filter org.sonar.server.ws.WebServiceReroutingFilter@6af6eada [pattern=UrlPattern{inclusions=[/api/components/bulk_update_key, ...], exclusions=[]}]
2018.11.07 11:51:45 INFO  web[][o.s.s.p.w.MasterServletFilter] Initializing servlet filter org.sonar.server.authentication.InitFilter@43213d6 [pattern=UrlPattern{inclusions=[/sessions/init/*], exclusions=[]}]
2018.11.07 11:51:45 INFO  web[][o.s.s.p.w.MasterServletFilter] Initializing servlet filter org.sonar.server.authentication.OAuth2CallbackFilter@26b27563 [pattern=UrlPattern{inclusions=[/oauth2/callback/*], exclusions=[]}]
2018.11.07 11:51:45 INFO  web[][o.s.s.p.w.MasterServletFilter] Initializing servlet filter org.sonar.server.authentication.ws.LoginAction@7d2f51e9 [pattern=UrlPattern{inclusions=[/api/authentication/login], exclusions=[]}]
2018.11.07 11:51:45 INFO  web[][o.s.s.p.w.MasterServletFilter] Initializing servlet filter org.sonar.server.authentication.ws.LogoutAction@4ccfdd34 [pattern=UrlPattern{inclusions=[/api/authentication/logout], exclusions=[]}]
2018.11.07 11:51:45 INFO  web[][o.s.s.p.w.MasterServletFilter] Initializing servlet filter org.sonar.server.authentication.ws.ValidateAction@1831d722 [pattern=UrlPattern{inclusions=[/api/authentication/validate], exclusions=[]}]
2018.11.07 11:51:45 INFO  web[][o.s.s.p.Platform] WebServer is operational
2018.11.07 11:53:35 INFO  web[][o.s.p.ProcessEntryPoint] Starting web
2018.11.07 11:53:35 INFO  web[][o.s.p.StopWatcher] Stopping process
2018.11.07 11:53:35 ERROR web[][o.s.p.StopperThread] Can not stop in 60000ms
java.util.concurrent.ExecutionException: java.lang.NullPointerException
	at java.base/java.util.concurrent.FutureTask.report(Unknown Source)
	at java.base/java.util.concurrent.FutureTask.get(Unknown Source)
	at org.sonar.process.StopperThread.run(StopperThread.java:51)
Caused by: java.lang.NullPointerException: null
	at org.sonar.server.app.EmbeddedTomcat.terminate(EmbeddedTomcat.java:96)
	at org.sonar.server.app.WebServer.stop(WebServer.java:75)
	at java.base/java.util.concurrent.Executors$RunnableAdapter.call(Unknown Source)
	at java.base/java.util.concurrent.FutureTask.run(Unknown Source)
	at java.base/java.util.concurrent.ThreadPoolExecutor.runWorker(Unknown Source)
	at java.base/java.util.concurrent.ThreadPoolExecutor$Worker.run(Unknown Source)
	at java.base/java.lang.Thread.run(Unknown Source)
2018.11.07 11:53:36 INFO  web[][o.a.t.u.n.NioSelectorPool] Using a shared selector for servlet write/read
2018.11.07 11:53:37 INFO  web[][o.e.p.PluginsService] no modules loaded
2018.11.07 11:53:37 INFO  web[][o.e.p.PluginsService] loaded plugin [org.elasticsearch.index.reindex.ReindexPlugin]
2018.11.07 11:53:37 INFO  web[][o.e.p.PluginsService] loaded plugin [org.elasticsearch.join.ParentJoinPlugin]
2018.11.07 11:53:37 INFO  web[][o.e.p.PluginsService] loaded plugin [org.elasticsearch.percolator.PercolatorPlugin]
2018.11.07 11:53:37 INFO  web[][o.e.p.PluginsService] loaded plugin [org.elasticsearch.transport.Netty4Plugin]
2018.11.07 11:53:39 INFO  web[][o.s.s.e.EsClientProvider] Connected to local Elasticsearch: [127.0.0.1:9001]
2018.11.07 11:53:39 INFO  web[][o.s.s.p.LogServerVersion] SonarQube Server / 6.7.5.38563 / ec8ab77fa180a9edaf664075e8e76ae0b4a2d9f1
2018.11.07 11:53:41 INFO  web[][o.s.s.p.d.EmbeddedDatabase] Starting embedded database on port 9092 with url jdbc:h2:tcp://127.0.0.1:9092/sonar
2018.11.07 11:53:41 INFO  web[][o.s.s.p.d.EmbeddedDatabase] Embedded database started. Data stored in: C:\Program Files\sonarqube-6.7.5\data
2018.11.07 11:53:41 INFO  web[][o.sonar.db.Database] Create JDBC data source for jdbc:h2:tcp://127.0.0.1:9092/sonar
2018.11.07 11:53:41 WARN  web[][o.s.d.DatabaseChecker] H2 database should be used for evaluation purpose only
2018.11.07 11:53:43 INFO  web[][o.s.s.p.ServerFileSystemImpl] SonarQube home: C:\Program Files\sonarqube-6.7.5
2018.11.07 11:53:43 INFO  web[][o.s.s.u.SystemPasscodeImpl] System authentication by passcode is disabled
2018.11.07 11:53:43 INFO  web[][o.s.s.p.ServerPluginRepository] Deploy plugin CodeScan / 4.1.6 / a12df079fc307b8ca25605309b27748e0f7454a7
2018.11.07 11:53:43 INFO  web[][o.s.s.p.ServerPluginRepository] Deploy plugin Flex / 2.3 / 79167f762219bea1fd181ff5ef6ca4b34abd1675
2018.11.07 11:53:43 INFO  web[][o.s.s.p.ServerPluginRepository] Deploy plugin PDF Report / 1.4 / dd4ca69debb8e869ccd958478f4c5caae319ad59
2018.11.07 11:53:43 INFO  web[][o.s.s.p.ServerPluginRepository] Deploy plugin SonarC# / 6.5.0.3766 / 6011a1e9fb002edb044ae3092d92bcfb7d9d8a2d
2018.11.07 11:53:43 INFO  web[][o.s.s.p.ServerPluginRepository] Deploy plugin SonarJS / 3.2.0.5506 / 86da09565f891121df248835665f5d8ed98772b6
2018.11.07 11:53:43 INFO  web[][o.s.s.p.ServerPluginRepository] Deploy plugin SonarJava / 4.15.0.12310 / 572454b93016ec73a53fe0e07b2ffdc356d21ba9
2018.11.07 11:53:43 INFO  web[][o.s.s.p.ServerPluginRepository] Deploy plugin SonarPHP / 2.11.0.2485 / 741861a29e5f9a26c6c99c06268facb6c4f4a882
2018.11.07 11:53:43 INFO  web[][o.s.s.p.ServerPluginRepository] Deploy plugin SonarPython / 1.8.0.1496 / 3fe3bc4d0273a5721ea2fb368dc45b1bb82fede3
2018.11.07 11:53:43 INFO  web[][o.s.s.p.ServerPluginRepository] Deploy plugin SonarQube :: Plugins :: SCM :: Git / 1.3.0.869 / 4da53e3f9e55f4f2e5796625cb0c5768ed152079
2018.11.07 11:53:43 INFO  web[][o.s.s.p.ServerPluginRepository] Deploy plugin SonarQube :: Plugins :: SCM :: SVN / 1.6.0.860 / 2111fdbd1dddda4ad6d4ed6486fd0b18c1010d3b
2018.11.07 11:53:43 INFO  web[][o.s.s.p.ServerPluginRepository] Deploy plugin SonarTS / 1.1.0.1079 / 042c9e65239a47d92d305f9767f730b3cc1e5ed3
2018.11.07 11:53:43 INFO  web[][o.s.s.p.ServerPluginRepository] Deploy plugin SonarXML / 1.4.3.1027 / 39588245cecf538bb27be4e496ff303b0143d20b
2018.11.07 11:53:46 WARN  web[][o.a.c.u.SessionIdGeneratorBase] Creation of SecureRandom instance for session ID generation using [SHA1PRNG] took [217] milliseconds.
2018.11.07 11:53:46 INFO  web[][o.s.s.p.w.MasterServletFilter] Initializing servlet filter org.sonar.server.ws.WebServiceFilter@797d721f [pattern=UrlPattern{inclusions=[/api/system/migrate_db/*, ...], exclusions=[/api/properties*, ...]}]
2018.11.07 11:53:46 INFO  web[][o.s.s.a.EmbeddedTomcat] HTTP connector enabled on port 9000
2018.11.07 11:57:02 INFO  web[][o.s.p.ProcessEntryPoint] Starting web
2018.11.07 11:57:03 INFO  web[][o.a.t.u.n.NioSelectorPool] Using a shared selector for servlet write/read
2018.11.07 11:57:04 INFO  web[][o.e.p.PluginsService] no modules loaded
2018.11.07 11:57:04 INFO  web[][o.e.p.PluginsService] loaded plugin [org.elasticsearch.index.reindex.ReindexPlugin]
2018.11.07 11:57:04 INFO  web[][o.e.p.PluginsService] loaded plugin [org.elasticsearch.join.ParentJoinPlugin]
2018.11.07 11:57:04 INFO  web[][o.e.p.PluginsService] loaded plugin [org.elasticsearch.percolator.PercolatorPlugin]
2018.11.07 11:57:04 INFO  web[][o.e.p.PluginsService] loaded plugin [org.elasticsearch.transport.Netty4Plugin]
2018.11.07 11:57:06 INFO  web[][o.s.s.e.EsClientProvider] Connected to local Elasticsearch: [127.0.0.1:9001]
2018.11.07 11:57:06 INFO  web[][o.s.s.p.LogServerVersion] SonarQube Server / 6.7.5.38563 / ec8ab77fa180a9edaf664075e8e76ae0b4a2d9f1
2018.11.07 11:57:06 INFO  web[][o.s.s.p.d.EmbeddedDatabase] Starting embedded database on port 9092 with url jdbc:h2:tcp://127.0.0.1:9092/sonar
2018.11.07 11:57:06 INFO  web[][o.s.s.p.d.EmbeddedDatabase] Embedded database started. Data stored in: C:\Program Files\sonarqube-6.7.5\data
2018.11.07 11:57:06 INFO  web[][o.sonar.db.Database] Create JDBC data source for jdbc:h2:tcp://127.0.0.1:9092/sonar
2018.11.07 11:57:07 WARN  web[][o.s.d.DatabaseChecker] H2 database should be used for evaluation purpose only
2018.11.07 11:57:08 INFO  web[][o.s.s.p.ServerFileSystemImpl] SonarQube home: C:\Program Files\sonarqube-6.7.5
2018.11.07 11:57:08 INFO  web[][o.s.s.u.SystemPasscodeImpl] System authentication by passcode is disabled
2018.11.07 11:57:08 INFO  web[][o.s.s.p.ServerPluginRepository] Deploy plugin CodeScan / 4.1.6 / a12df079fc307b8ca25605309b27748e0f7454a7
2018.11.07 11:57:08 INFO  web[][o.s.s.p.ServerPluginRepository] Deploy plugin Flex / 2.3 / 79167f762219bea1fd181ff5ef6ca4b34abd1675
2018.11.07 11:57:08 INFO  web[][o.s.s.p.ServerPluginRepository] Deploy plugin PDF Report / 1.4 / dd4ca69debb8e869ccd958478f4c5caae319ad59
2018.11.07 11:57:08 INFO  web[][o.s.s.p.ServerPluginRepository] Deploy plugin SonarC# / 6.5.0.3766 / 6011a1e9fb002edb044ae3092d92bcfb7d9d8a2d
2018.11.07 11:57:08 INFO  web[][o.s.s.p.ServerPluginRepository] Deploy plugin SonarJS / 3.2.0.5506 / 86da09565f891121df248835665f5d8ed98772b6
2018.11.07 11:57:08 INFO  web[][o.s.s.p.ServerPluginRepository] Deploy plugin SonarJava / 4.15.0.12310 / 572454b93016ec73a53fe0e07b2ffdc356d21ba9
2018.11.07 11:57:08 INFO  web[][o.s.s.p.ServerPluginRepository] Deploy plugin SonarPHP / 2.11.0.2485 / 741861a29e5f9a26c6c99c06268facb6c4f4a882
2018.11.07 11:57:08 INFO  web[][o.s.s.p.ServerPluginRepository] Deploy plugin SonarPython / 1.8.0.1496 / 3fe3bc4d0273a5721ea2fb368dc45b1bb82fede3
2018.11.07 11:57:08 INFO  web[][o.s.s.p.ServerPluginRepository] Deploy plugin SonarQube :: Plugins :: SCM :: Git / 1.3.0.869 / 4da53e3f9e55f4f2e5796625cb0c5768ed152079
2018.11.07 11:57:08 INFO  web[][o.s.s.p.ServerPluginRepository] Deploy plugin SonarQube :: Plugins :: SCM :: SVN / 1.6.0.860 / 2111fdbd1dddda4ad6d4ed6486fd0b18c1010d3b
2018.11.07 11:57:08 INFO  web[][o.s.s.p.ServerPluginRepository] Deploy plugin SonarTS / 1.1.0.1079 / 042c9e65239a47d92d305f9767f730b3cc1e5ed3
2018.11.07 11:57:08 INFO  web[][o.s.s.p.ServerPluginRepository] Deploy plugin SonarXML / 1.4.3.1027 / 39588245cecf538bb27be4e496ff303b0143d20b
2018.11.07 11:57:11 WARN  web[][o.a.c.u.SessionIdGeneratorBase] Creation of SecureRandom instance for session ID generation using [SHA1PRNG] took [195] milliseconds.
2018.11.07 11:57:11 INFO  web[][o.s.s.p.w.MasterServletFilter] Initializing servlet filter org.sonar.server.ws.WebServiceFilter@30926a67 [pattern=UrlPattern{inclusions=[/api/system/migrate_db/*, ...], exclusions=[/api/properties*, ...]}]
2018.11.07 11:57:11 INFO  web[][o.s.s.a.EmbeddedTomcat] HTTP connector enabled on port 9000
2018.11.07 11:57:13 INFO  web[][o.s.s.p.UpdateCenterClient] Update center: https://update.sonarsource.org/update-center.properties (no proxy)
2018.11.07 11:57:14 INFO  web[][o.s.s.s.LogServerId] Server ID: BF41A1F2-AWbjZBDclbP9I9-LSvE-
2018.11.07 11:57:14 WARN  web[][o.s.s.u.DeprecatedViews] Widget 'PDF report widget' (pdf-report-widget) is ignored. See org.sonar.api.web.page.PageDefinition to define pages.
2018.11.07 11:57:14 INFO  web[][o.s.s.t.TelemetryDaemon] Sharing of SonarQube statistics is enabled.
2018.11.07 11:57:14 INFO  web[][o.s.s.n.NotificationDaemon] Notification service started (delay 60 sec.)
2018.11.07 11:57:14 INFO  web[][o.s.s.s.GeneratePluginIndex] Generate scanner plugin index
2018.11.07 11:57:15 INFO  web[][o.s.s.s.RegisterPlugins] Register plugins
2018.11.07 11:57:15 INFO  web[][o.s.s.s.RegisterMetrics] Register metrics
2018.11.07 11:57:15 INFO  web[][o.s.s.r.RegisterRules] Register rules
2018.11.07 11:57:20 INFO  web[][o.s.s.q.BuiltInQProfileRepositoryImpl] Load quality profiles
2018.11.07 11:57:21 INFO  web[][o.s.s.q.RegisterQualityProfiles] Register quality profiles
2018.11.07 11:57:21 INFO  web[][o.s.s.q.RegisterQualityProfiles] Update profile vf/CodeScan way
2018.11.07 11:57:21 INFO  web[][o.s.s.q.RegisterQualityProfiles] Update profile cs/Sonar way
2018.11.07 11:57:21 INFO  web[][o.s.s.q.RegisterQualityProfiles] Update profile sf/CodeScan way
2018.11.07 11:57:22 INFO  web[][o.s.s.q.RegisterQualityProfiles] Update profile sf/CodeScan strict way
2018.11.07 11:57:22 INFO  web[][o.s.s.q.RegisterQualityProfiles] Update profile java/Sonar way
2018.11.07 11:57:23 INFO  web[][o.s.s.q.RegisterQualityProfiles] Update profile xml/Sonar way
2018.11.07 11:57:23 INFO  web[][o.s.s.q.RegisterQualityProfiles] Update profile flex/Sonar way
2018.11.07 11:57:23 INFO  web[][o.s.s.q.RegisterQualityProfiles] Update profile js/Sonar way Recommended
2018.11.07 11:57:23 INFO  web[][o.s.s.q.RegisterQualityProfiles] Update profile js/Sonar way
2018.11.07 11:57:23 INFO  web[][o.s.s.q.RegisterQualityProfiles] Update profile php/Sonar way
2018.11.07 11:57:24 INFO  web[][o.s.s.q.RegisterQualityProfiles] Update profile php/PSR-2
2018.11.07 11:57:24 INFO  web[][o.s.s.q.RegisterQualityProfiles] Update profile php/Drupal
2018.11.07 11:57:24 INFO  web[][o.s.s.q.RegisterQualityProfiles] Update profile py/Sonar way
2018.11.07 11:57:24 INFO  web[][o.s.s.q.RegisterQualityProfiles] Update profile ts/Sonar way
2018.11.07 11:57:24 INFO  web[][o.s.s.q.RegisterQualityProfiles] Update profile ts/Sonar way recommended
2018.11.07 11:57:24 INFO  web[][o.s.s.s.RegisterPermissionTemplates] Register permission templates
2018.11.07 11:57:24 INFO  web[][o.s.s.s.RenameDeprecatedPropertyKeys] Rename deprecated property keys
2018.11.07 11:57:24 INFO  web[][o.s.s.p.w.MasterServletFilter] Initializing servlet filter org.sonar.server.ws.WebServiceFilter@5f64e04a [pattern=UrlPattern{inclusions=[/api/measures/component/*, ...], exclusions=[/api/properties*, ...]}]
2018.11.07 11:57:24 INFO  web[][o.s.s.p.w.MasterServletFilter] Initializing servlet filter org.sonar.server.ws.DeprecatedPropertiesWsFilter@153afcb2 [pattern=UrlPattern{inclusions=[/api/properties/*], exclusions=[]}]
2018.11.07 11:57:24 INFO  web[][o.s.s.p.w.MasterServletFilter] Initializing servlet filter org.sonar.server.ws.WebServiceReroutingFilter@2c3ae034 [pattern=UrlPattern{inclusions=[/api/components/bulk_update_key, ...], exclusions=[]}]
2018.11.07 11:57:24 INFO  web[][o.s.s.p.w.MasterServletFilter] Initializing servlet filter org.sonar.server.authentication.InitFilter@70db5dc0 [pattern=UrlPattern{inclusions=[/sessions/init/*], exclusions=[]}]
2018.11.07 11:57:24 INFO  web[][o.s.s.p.w.MasterServletFilter] Initializing servlet filter org.sonar.server.authentication.OAuth2CallbackFilter@1beeb66a [pattern=UrlPattern{inclusions=[/oauth2/callback/*], exclusions=[]}]
2018.11.07 11:57:24 INFO  web[][o.s.s.p.w.MasterServletFilter] Initializing servlet filter org.sonar.server.authentication.ws.LoginAction@65b1fe2c [pattern=UrlPattern{inclusions=[/api/authentication/login], exclusions=[]}]
2018.11.07 11:57:24 INFO  web[][o.s.s.p.w.MasterServletFilter] Initializing servlet filter org.sonar.server.authentication.ws.LogoutAction@1db2f874 [pattern=UrlPattern{inclusions=[/api/authentication/logout], exclusions=[]}]
2018.11.07 11:57:24 INFO  web[][o.s.s.p.w.MasterServletFilter] Initializing servlet filter org.sonar.server.authentication.ws.ValidateAction@4c77ca50 [pattern=UrlPattern{inclusions=[/api/authentication/validate], exclusions=[]}]
2018.11.07 11:57:24 INFO  web[][o.s.s.p.Platform] WebServer is operational
2018.11.07 12:13:14 INFO  web[][o.s.p.ProcessEntryPoint] Starting web
2018.11.07 12:13:14 INFO  web[][o.a.t.u.n.NioSelectorPool] Using a shared selector for servlet write/read
2018.11.07 12:13:15 INFO  web[][o.e.p.PluginsService] no modules loaded
2018.11.07 12:13:15 INFO  web[][o.e.p.PluginsService] loaded plugin [org.elasticsearch.index.reindex.ReindexPlugin]
2018.11.07 12:13:15 INFO  web[][o.e.p.PluginsService] loaded plugin [org.elasticsearch.join.ParentJoinPlugin]
2018.11.07 12:13:15 INFO  web[][o.e.p.PluginsService] loaded plugin [org.elasticsearch.percolator.PercolatorPlugin]
2018.11.07 12:13:15 INFO  web[][o.e.p.PluginsService] loaded plugin [org.elasticsearch.transport.Netty4Plugin]
2018.11.07 12:13:16 INFO  web[][o.s.s.e.EsClientProvider] Connected to local Elasticsearch: [127.0.0.1:9001]
2018.11.07 12:13:16 INFO  web[][o.s.s.p.LogServerVersion] SonarQube Server / 6.7.5.38563 / ec8ab77fa180a9edaf664075e8e76ae0b4a2d9f1
2018.11.07 12:13:19 INFO  web[][o.s.s.p.d.EmbeddedDatabase] Starting embedded database on port 9092 with url jdbc:h2:tcp://127.0.0.1:9092/sonar
2018.11.07 12:13:19 INFO  web[][o.s.s.p.d.EmbeddedDatabase] Embedded database started. Data stored in: C:\Program Files\sonarqube-6.7.5\data
2018.11.07 12:13:19 INFO  web[][o.sonar.db.Database] Create JDBC data source for jdbc:h2:tcp://127.0.0.1:9092/sonar
2018.11.07 12:13:19 WARN  web[][o.s.d.DatabaseChecker] H2 database should be used for evaluation purpose only
2018.11.07 12:13:20 INFO  web[][o.s.s.p.ServerFileSystemImpl] SonarQube home: C:\Program Files\sonarqube-6.7.5
2018.11.07 12:13:20 INFO  web[][o.s.s.u.SystemPasscodeImpl] System authentication by passcode is disabled
2018.11.07 12:13:20 INFO  web[][o.s.s.p.ServerPluginRepository] Deploy plugin CodeScan / 4.1.6 / a12df079fc307b8ca25605309b27748e0f7454a7
2018.11.07 12:13:20 INFO  web[][o.s.s.p.ServerPluginRepository] Deploy plugin Flex / 2.3 / 79167f762219bea1fd181ff5ef6ca4b34abd1675
2018.11.07 12:13:20 INFO  web[][o.s.s.p.ServerPluginRepository] Deploy plugin PDF Report / 1.4 / dd4ca69debb8e869ccd958478f4c5caae319ad59
2018.11.07 12:13:20 INFO  web[][o.s.s.p.ServerPluginRepository] Deploy plugin SonarC# / 6.5.0.3766 / 6011a1e9fb002edb044ae3092d92bcfb7d9d8a2d
2018.11.07 12:13:20 INFO  web[][o.s.s.p.ServerPluginRepository] Deploy plugin SonarJS / 3.2.0.5506 / 86da09565f891121df248835665f5d8ed98772b6
2018.11.07 12:13:20 INFO  web[][o.s.s.p.ServerPluginRepository] Deploy plugin SonarJava / 4.15.0.12310 / 572454b93016ec73a53fe0e07b2ffdc356d21ba9
2018.11.07 12:13:20 INFO  web[][o.s.s.p.ServerPluginRepository] Deploy plugin SonarPHP / 2.11.0.2485 / 741861a29e5f9a26c6c99c06268facb6c4f4a882
2018.11.07 12:13:20 INFO  web[][o.s.s.p.ServerPluginRepository] Deploy plugin SonarPython / 1.8.0.1496 / 3fe3bc4d0273a5721ea2fb368dc45b1bb82fede3
2018.11.07 12:13:20 INFO  web[][o.s.s.p.ServerPluginRepository] Deploy plugin SonarQube :: Plugins :: SCM :: Git / 1.3.0.869 / 4da53e3f9e55f4f2e5796625cb0c5768ed152079
2018.11.07 12:13:20 INFO  web[][o.s.s.p.ServerPluginRepository] Deploy plugin SonarQube :: Plugins :: SCM :: SVN / 1.6.0.860 / 2111fdbd1dddda4ad6d4ed6486fd0b18c1010d3b
2018.11.07 12:13:20 INFO  web[][o.s.s.p.ServerPluginRepository] Deploy plugin SonarTS / 1.1.0.1079 / 042c9e65239a47d92d305f9767f730b3cc1e5ed3
2018.11.07 12:13:20 INFO  web[][o.s.s.p.ServerPluginRepository] Deploy plugin SonarXML / 1.4.3.1027 / 39588245cecf538bb27be4e496ff303b0143d20b
2018.11.07 12:13:24 WARN  web[][o.a.c.u.SessionIdGeneratorBase] Creation of SecureRandom instance for session ID generation using [SHA1PRNG] took [125] milliseconds.
2018.11.07 12:13:24 INFO  web[][o.s.s.p.w.MasterServletFilter] Initializing servlet filter org.sonar.server.ws.WebServiceFilter@3fa4149d [pattern=UrlPattern{inclusions=[/api/system/migrate_db/*, ...], exclusions=[/api/properties*, ...]}]
2018.11.07 12:13:24 INFO  web[][o.s.s.a.EmbeddedTomcat] HTTP connector enabled on port 9000
2018.11.07 12:13:25 INFO  web[][o.s.s.p.UpdateCenterClient] Update center: https://update.sonarsource.org/update-center.properties (no proxy)
2018.11.07 12:13:27 INFO  web[][o.s.s.s.LogServerId] Server ID: BF41A1F2-AWbjZBDclbP9I9-LSvE-
2018.11.07 12:13:27 WARN  web[][o.s.s.u.DeprecatedViews] Widget 'PDF report widget' (pdf-report-widget) is ignored. See org.sonar.api.web.page.PageDefinition to define pages.
2018.11.07 12:13:27 INFO  web[][o.s.s.t.TelemetryDaemon] Sharing of SonarQube statistics is enabled.
2018.11.07 12:13:27 INFO  web[][o.s.s.n.NotificationDaemon] Notification service started (delay 60 sec.)
2018.11.07 12:13:27 INFO  web[][o.s.s.s.GeneratePluginIndex] Generate scanner plugin index
2018.11.07 12:13:27 INFO  web[][o.s.s.s.RegisterPlugins] Register plugins
2018.11.07 12:13:28 INFO  web[][o.s.s.s.RegisterMetrics] Register metrics
2018.11.07 12:13:28 INFO  web[][o.s.s.r.RegisterRules] Register rules
2018.11.07 12:13:32 INFO  web[][o.s.s.q.BuiltInQProfileRepositoryImpl] Load quality profiles
2018.11.07 12:13:33 INFO  web[][o.s.s.q.RegisterQualityProfiles] Register quality profiles
2018.11.07 12:13:33 INFO  web[][o.s.s.q.RegisterQualityProfiles] Update profile vf/CodeScan way
2018.11.07 12:13:33 INFO  web[][o.s.s.q.RegisterQualityProfiles] Update profile cs/Sonar way
2018.11.07 12:13:34 INFO  web[][o.s.s.q.RegisterQualityProfiles] Update profile sf/CodeScan way
2018.11.07 12:13:34 INFO  web[][o.s.s.q.RegisterQualityProfiles] Update profile sf/CodeScan strict way
2018.11.07 12:13:34 INFO  web[][o.s.s.q.RegisterQualityProfiles] Update profile java/Sonar way
2018.11.07 12:13:35 INFO  web[][o.s.s.q.RegisterQualityProfiles] Update profile xml/Sonar way
2018.11.07 12:13:35 INFO  web[][o.s.s.q.RegisterQualityProfiles] Update profile flex/Sonar way
2018.11.07 12:13:35 INFO  web[][o.s.s.q.RegisterQualityProfiles] Update profile js/Sonar way Recommended
2018.11.07 12:13:35 INFO  web[][o.s.s.q.RegisterQualityProfiles] Update profile js/Sonar way
2018.11.07 12:13:35 INFO  web[][o.s.s.q.RegisterQualityProfiles] Update profile php/Sonar way
2018.11.07 12:13:35 INFO  web[][o.s.s.q.RegisterQualityProfiles] Update profile php/PSR-2
2018.11.07 12:13:35 INFO  web[][o.s.s.q.RegisterQualityProfiles] Update profile php/Drupal
2018.11.07 12:13:35 INFO  web[][o.s.s.q.RegisterQualityProfiles] Update profile py/Sonar way
2018.11.07 12:13:35 INFO  web[][o.s.s.q.RegisterQualityProfiles] Update profile ts/Sonar way
2018.11.07 12:13:35 INFO  web[][o.s.s.q.RegisterQualityProfiles] Update profile ts/Sonar way recommended
2018.11.07 12:13:35 INFO  web[][o.s.s.s.RegisterPermissionTemplates] Register permission templates
2018.11.07 12:13:35 INFO  web[][o.s.s.s.RenameDeprecatedPropertyKeys] Rename deprecated property keys
2018.11.07 12:13:35 INFO  web[][o.s.s.p.w.MasterServletFilter] Initializing servlet filter org.sonar.server.ws.WebServiceFilter@2fe50e4f [pattern=UrlPattern{inclusions=[/api/measures/component/*, ...], exclusions=[/api/properties*, ...]}]
2018.11.07 12:13:35 INFO  web[][o.s.s.p.w.MasterServletFilter] Initializing servlet filter org.sonar.server.ws.DeprecatedPropertiesWsFilter@3be6c842 [pattern=UrlPattern{inclusions=[/api/properties/*], exclusions=[]}]
2018.11.07 12:13:35 INFO  web[][o.s.s.p.w.MasterServletFilter] Initializing servlet filter org.sonar.server.ws.WebServiceReroutingFilter@39f94951 [pattern=UrlPattern{inclusions=[/api/components/bulk_update_key, ...], exclusions=[]}]
2018.11.07 12:13:35 INFO  web[][o.s.s.p.w.MasterServletFilter] Initializing servlet filter org.sonar.server.authentication.InitFilter@e397d98 [pattern=UrlPattern{inclusions=[/sessions/init/*], exclusions=[]}]
2018.11.07 12:13:35 INFO  web[][o.s.s.p.w.MasterServletFilter] Initializing servlet filter org.sonar.server.authentication.OAuth2CallbackFilter@47b04f00 [pattern=UrlPattern{inclusions=[/oauth2/callback/*], exclusions=[]}]
2018.11.07 12:13:35 INFO  web[][o.s.s.p.w.MasterServletFilter] Initializing servlet filter org.sonar.server.authentication.ws.LoginAction@3752f4ed [pattern=UrlPattern{inclusions=[/api/authentication/login], exclusions=[]}]
2018.11.07 12:13:35 INFO  web[][o.s.s.p.w.MasterServletFilter] Initializing servlet filter org.sonar.server.authentication.ws.LogoutAction@47420654 [pattern=UrlPattern{inclusions=[/api/authentication/logout], exclusions=[]}]
2018.11.07 12:13:35 INFO  web[][o.s.s.p.w.MasterServletFilter] Initializing servlet filter org.sonar.server.authentication.ws.ValidateAction@1a7a771 [pattern=UrlPattern{inclusions=[/api/authentication/validate], exclusions=[]}]
2018.11.07 12:13:36 INFO  web[][o.s.s.p.Platform] WebServer is operational
2018.11.07 14:48:28 INFO  web[][o.s.p.ProcessEntryPoint] Starting web
2018.11.07 14:48:29 INFO  web[][o.a.t.u.n.NioSelectorPool] Using a shared selector for servlet write/read
2018.11.07 14:48:31 INFO  web[][o.e.p.PluginsService] no modules loaded
2018.11.07 14:48:31 INFO  web[][o.e.p.PluginsService] loaded plugin [org.elasticsearch.index.reindex.ReindexPlugin]
2018.11.07 14:48:31 INFO  web[][o.e.p.PluginsService] loaded plugin [org.elasticsearch.join.ParentJoinPlugin]
2018.11.07 14:48:31 INFO  web[][o.e.p.PluginsService] loaded plugin [org.elasticsearch.percolator.PercolatorPlugin]
2018.11.07 14:48:31 INFO  web[][o.e.p.PluginsService] loaded plugin [org.elasticsearch.transport.Netty4Plugin]
2018.11.07 14:48:34 INFO  web[][o.s.s.e.EsClientProvider] Connected to local Elasticsearch: [127.0.0.1:9001]
2018.11.07 14:48:34 INFO  web[][o.s.s.p.LogServerVersion] SonarQube Server / 6.7.5.38563 / ec8ab77fa180a9edaf664075e8e76ae0b4a2d9f1
2018.11.07 14:48:37 INFO  web[][o.s.s.p.d.EmbeddedDatabase] Starting embedded database on port 9092 with url jdbc:h2:tcp://127.0.0.1:9092/sonar
2018.11.07 14:48:37 INFO  web[][o.s.s.p.d.EmbeddedDatabase] Embedded database started. Data stored in: C:\Program Files\sonarqube-6.7.5\data
2018.11.07 14:48:37 INFO  web[][o.sonar.db.Database] Create JDBC data source for jdbc:h2:tcp://127.0.0.1:9092/sonar
2018.11.07 14:48:37 WARN  web[][o.s.d.DatabaseChecker] H2 database should be used for evaluation purpose only
2018.11.07 14:48:39 INFO  web[][o.s.s.p.ServerFileSystemImpl] SonarQube home: C:\Program Files\sonarqube-6.7.5
2018.11.07 14:48:39 INFO  web[][o.s.s.u.SystemPasscodeImpl] System authentication by passcode is disabled
2018.11.07 14:48:40 INFO  web[][o.s.s.p.ServerPluginRepository] Deploy plugin CodeScan / 4.1.6 / a12df079fc307b8ca25605309b27748e0f7454a7
2018.11.07 14:48:40 INFO  web[][o.s.s.p.ServerPluginRepository] Deploy plugin Flex / 2.3 / 79167f762219bea1fd181ff5ef6ca4b34abd1675
2018.11.07 14:48:40 INFO  web[][o.s.s.p.ServerPluginRepository] Deploy plugin PDF Report / 1.4 / dd4ca69debb8e869ccd958478f4c5caae319ad59
2018.11.07 14:48:40 INFO  web[][o.s.s.p.ServerPluginRepository] Deploy plugin SonarC# / 6.5.0.3766 / 6011a1e9fb002edb044ae3092d92bcfb7d9d8a2d
2018.11.07 14:48:40 INFO  web[][o.s.s.p.ServerPluginRepository] Deploy plugin SonarJS / 3.2.0.5506 / 86da09565f891121df248835665f5d8ed98772b6
2018.11.07 14:48:40 INFO  web[][o.s.s.p.ServerPluginRepository] Deploy plugin SonarJava / 4.15.0.12310 / 572454b93016ec73a53fe0e07b2ffdc356d21ba9
2018.11.07 14:48:40 INFO  web[][o.s.s.p.ServerPluginRepository] Deploy plugin SonarPHP / 2.11.0.2485 / 741861a29e5f9a26c6c99c06268facb6c4f4a882
2018.11.07 14:48:40 INFO  web[][o.s.s.p.ServerPluginRepository] Deploy plugin SonarPython / 1.8.0.1496 / 3fe3bc4d0273a5721ea2fb368dc45b1bb82fede3
2018.11.07 14:48:40 INFO  web[][o.s.s.p.ServerPluginRepository] Deploy plugin SonarQube :: Plugins :: SCM :: Git / 1.3.0.869 / 4da53e3f9e55f4f2e5796625cb0c5768ed152079
2018.11.07 14:48:40 INFO  web[][o.s.s.p.ServerPluginRepository] Deploy plugin SonarQube :: Plugins :: SCM :: SVN / 1.6.0.860 / 2111fdbd1dddda4ad6d4ed6486fd0b18c1010d3b
2018.11.07 14:48:40 INFO  web[][o.s.s.p.ServerPluginRepository] Deploy plugin SonarTS / 1.1.0.1079 / 042c9e65239a47d92d305f9767f730b3cc1e5ed3
2018.11.07 14:48:40 INFO  web[][o.s.s.p.ServerPluginRepository] Deploy plugin SonarXML / 1.4.3.1027 / 39588245cecf538bb27be4e496ff303b0143d20b
2018.11.07 14:48:48 WARN  web[][o.a.c.u.SessionIdGeneratorBase] Creation of SecureRandom instance for session ID generation using [SHA1PRNG] took [362] milliseconds.
2018.11.07 14:48:48 INFO  web[][o.s.s.p.w.MasterServletFilter] Initializing servlet filter org.sonar.server.ws.WebServiceFilter@13099440 [pattern=UrlPattern{inclusions=[/api/system/migrate_db/*, ...], exclusions=[/api/properties*, ...]}]
2018.11.07 14:48:48 INFO  web[][o.s.s.a.EmbeddedTomcat] HTTP connector enabled on port 9000
2018.11.07 14:48:49 INFO  web[][o.s.s.p.UpdateCenterClient] Update center: https://update.sonarsource.org/update-center.properties (no proxy)
2018.11.07 14:48:52 INFO  web[][o.s.s.s.LogServerId] Server ID: BF41A1F2-AWbjZBDclbP9I9-LSvE-
2018.11.07 14:48:52 WARN  web[][o.s.s.u.DeprecatedViews] Widget 'PDF report widget' (pdf-report-widget) is ignored. See org.sonar.api.web.page.PageDefinition to define pages.
2018.11.07 14:48:53 INFO  web[][o.s.s.t.TelemetryDaemon] Sharing of SonarQube statistics is enabled.
2018.11.07 14:48:53 INFO  web[][o.s.s.n.NotificationDaemon] Notification service started (delay 60 sec.)
2018.11.07 14:48:53 INFO  web[][o.s.s.s.GeneratePluginIndex] Generate scanner plugin index
2018.11.07 14:48:53 INFO  web[][o.s.s.s.RegisterPlugins] Register plugins
2018.11.07 14:48:54 INFO  web[][o.s.s.s.RegisterMetrics] Register metrics
2018.11.07 14:48:54 INFO  web[][o.s.s.r.RegisterRules] Register rules
2018.11.07 14:49:01 INFO  web[][o.s.s.q.BuiltInQProfileRepositoryImpl] Load quality profiles
2018.11.07 14:49:02 INFO  web[][o.s.s.q.RegisterQualityProfiles] Register quality profiles
2018.11.07 14:49:03 INFO  web[][o.s.s.q.RegisterQualityProfiles] Update profile vf/CodeScan way
2018.11.07 14:49:03 INFO  web[][o.s.s.q.RegisterQualityProfiles] Update profile cs/Sonar way
2018.11.07 14:49:03 INFO  web[][o.s.s.q.RegisterQualityProfiles] Update profile sf/CodeScan way
2018.11.07 14:49:03 INFO  web[][o.s.s.q.RegisterQualityProfiles] Update profile sf/CodeScan strict way
2018.11.07 14:49:04 INFO  web[][o.s.s.q.RegisterQualityProfiles] Update profile java/Sonar way
2018.11.07 14:49:04 INFO  web[][o.s.s.q.RegisterQualityProfiles] Update profile xml/Sonar way
2018.11.07 14:49:04 INFO  web[][o.s.s.q.RegisterQualityProfiles] Update profile flex/Sonar way
2018.11.07 14:49:04 INFO  web[][o.s.s.q.RegisterQualityProfiles] Update profile js/Sonar way Recommended
2018.11.07 14:49:05 INFO  web[][o.s.s.q.RegisterQualityProfiles] Update profile js/Sonar way
2018.11.07 14:49:05 INFO  web[][o.s.s.q.RegisterQualityProfiles] Update profile php/Sonar way
2018.11.07 14:49:05 INFO  web[][o.s.s.q.RegisterQualityProfiles] Update profile php/PSR-2
2018.11.07 14:49:05 INFO  web[][o.s.s.q.RegisterQualityProfiles] Update profile php/Drupal
2018.11.07 14:49:05 INFO  web[][o.s.s.q.RegisterQualityProfiles] Update profile py/Sonar way
2018.11.07 14:49:05 INFO  web[][o.s.s.q.RegisterQualityProfiles] Update profile ts/Sonar way
2018.11.07 14:49:05 INFO  web[][o.s.s.q.RegisterQualityProfiles] Update profile ts/Sonar way recommended
2018.11.07 14:49:05 INFO  web[][o.s.s.s.RegisterPermissionTemplates] Register permission templates
2018.11.07 14:49:05 INFO  web[][o.s.s.s.RenameDeprecatedPropertyKeys] Rename deprecated property keys
2018.11.07 14:49:05 INFO  web[][o.s.s.p.w.MasterServletFilter] Initializing servlet filter org.sonar.server.ws.WebServiceFilter@70e4dfd3 [pattern=UrlPattern{inclusions=[/api/measures/component/*, ...], exclusions=[/api/properties*, ...]}]
2018.11.07 14:49:05 INFO  web[][o.s.s.p.w.MasterServletFilter] Initializing servlet filter org.sonar.server.ws.DeprecatedPropertiesWsFilter@3f893515 [pattern=UrlPattern{inclusions=[/api/properties/*], exclusions=[]}]
2018.11.07 14:49:05 INFO  web[][o.s.s.p.w.MasterServletFilter] Initializing servlet filter org.sonar.server.ws.WebServiceReroutingFilter@286847aa [pattern=UrlPattern{inclusions=[/api/components/bulk_update_key, ...], exclusions=[]}]
2018.11.07 14:49:05 INFO  web[][o.s.s.p.w.MasterServletFilter] Initializing servlet filter org.sonar.server.authentication.InitFilter@7272c2a [pattern=UrlPattern{inclusions=[/sessions/init/*], exclusions=[]}]
2018.11.07 14:49:05 INFO  web[][o.s.s.p.w.MasterServletFilter] Initializing servlet filter org.sonar.server.authentication.OAuth2CallbackFilter@f39c6d [pattern=UrlPattern{inclusions=[/oauth2/callback/*], exclusions=[]}]
2018.11.07 14:49:05 INFO  web[][o.s.s.p.w.MasterServletFilter] Initializing servlet filter org.sonar.server.authentication.ws.LoginAction@1fe4eaaf [pattern=UrlPattern{inclusions=[/api/authentication/login], exclusions=[]}]
2018.11.07 14:49:05 INFO  web[][o.s.s.p.w.MasterServletFilter] Initializing servlet filter org.sonar.server.authentication.ws.LogoutAction@f34c42f [pattern=UrlPattern{inclusions=[/api/authentication/logout], exclusions=[]}]
2018.11.07 14:49:05 INFO  web[][o.s.s.p.w.MasterServletFilter] Initializing servlet filter org.sonar.server.authentication.ws.ValidateAction@704041a3 [pattern=UrlPattern{inclusions=[/api/authentication/validate], exclusions=[]}]
2018.11.07 14:49:05 INFO  web[][o.s.s.p.Platform] WebServer is operational
