32.0 APEX_CODE,DEBUG;APEX_PROFILING,INFO;CALLOUT,INFO;DB,INFO;NBA,INFO;SYSTEM,DEBUG;VALIDATION,INFO;VISUALFORCE,INFO;WAVE,INFO;WORKFLOW,INFO
12:24:05.0 (315120)|USER_INFO|[EXTERNAL]|005p0000001vkCQ|sruti.srivastava@aurea.com.devsandbox|India Standard Time|GMT+05:30
12:24:05.0 (359591)|EXECUTION_STARTED
12:24:05.0 (366365)|CODE_UNIT_STARTED|[EXTERNAL]|06610000000j1OC|VF: /apex/LeadWorkflowButton
12:24:05.0 (8597481)|SYSTEM_MODE_ENTER|true
12:24:05.0 (20555489)|SOQL_EXECUTE_BEGIN|[54]|Aggregations:1|SELECT Id, country, Email, leadType__c, Factors__c, Comments__c, Status, CountryCode, Industry, NumberOfEmployees, OpportunityType__c, Stage__c, KA_Territory__c, HubSpot_Inc_Score__c, Company, KA_TrialExpiryDate__c, StatusToContactedDate__c, Budgeted__c, Role__c, City, PreviousOwner__c, Authority__c, CurrentSystem__c, UsedFor__c, Department__c, OwnerId, State, PostalCode, Phone, MobilePhone, HasOptedOutOfEmail, LeadSource, ManualOwnerChange__c, Reassigned_To__c, Assigned_SDR__c, Budget_determined__c, Authority_determined__c, Needs_determined__c, Timeline_determined__c, The_number_of_seats__c, Proposed_Kayako_Plan__c, infer3__Infer_Rating__c, infer3__Infer_Score__c, (SELECT Title, Body FROM Notes) FROM Lead WHERE Id = :tmpVar1 LIMIT 1
12:24:05.0 (41349492)|SOQL_EXECUTE_END|[54]|Rows:1
12:24:05.0 (46814862)|SOQL_EXECUTE_BEGIN|[21]|Aggregations:0|SELECT Id, Name, KA_LeadCounter__c, KA_Weightage__c, IsActive, ManagerId, Profile.Name, userRoleId FROM User WHERE id = :tmpVar1 LIMIT 1
12:24:05.0 (51820999)|SOQL_EXECUTE_END|[21]|Rows:1
12:24:05.53 (53614246)|SYSTEM_MODE_ENTER|true
12:24:05.53 (53769970)|SYSTEM_MODE_ENTER|true
12:24:05.54 (54005079)|SYSTEM_MODE_ENTER|true
12:24:05.0 (54794730)|SYSTEM_MODE_ENTER|true
12:24:05.0 (56104207)|SYSTEM_MODE_ENTER|false
12:24:05.0 (56116292)|SYSTEM_MODE_EXIT|false
12:24:05.0 (56294647)|SYSTEM_MODE_ENTER|true
12:24:05.0 (57509054)|SYSTEM_MODE_ENTER|false
12:24:05.0 (57520503)|SYSTEM_MODE_EXIT|false
12:24:05.0 (57651724)|SYSTEM_MODE_ENTER|true
12:24:05.0 (57819678)|SYSTEM_MODE_ENTER|true
12:24:05.0 (57976851)|SYSTEM_MODE_ENTER|true
12:24:05.0 (58112538)|SYSTEM_MODE_ENTER|true
12:24:05.0 (58260900)|SYSTEM_MODE_ENTER|true
12:24:05.0 (58394347)|SYSTEM_MODE_ENTER|true
12:24:05.0 (58511222)|SYSTEM_MODE_ENTER|true
12:24:05.0 (61680305)|SOQL_EXECUTE_BEGIN|[36]|Aggregations:0|SELECT ParentTerritory2.id, ParentTerritory2.Name, ParentTerritory2.DeveloperName FROM Territory2 WHERE DeveloperName = :tmpVar1 LIMIT 1
12:24:05.0 (67971132)|SOQL_EXECUTE_END|[36]|Rows:1
12:24:05.0 (68740962)|SYSTEM_MODE_ENTER|true
12:24:05.0 (68944304)|SYSTEM_MODE_ENTER|true
12:24:05.0 (70803248)|SOQL_EXECUTE_BEGIN|[147]|Aggregations:0|SELECT User.Id, User.KA_Weightage__c, User.KA_LeadCounter__c, RoleInTerritory2, Territory2.Id FROM UserTerritory2Association WHERE (User.Id = :tmpVar1 AND Territory2.Id = :tmpVar2 AND User.IsActive = TRUE) ORDER BY User.KA_Weightage__c DESC NULLS FIRST LIMIT 1
12:24:05.0 (75791570)|SOQL_EXECUTE_END|[147]|Rows:0
12:24:05.0 (77600410)|EXCEPTION_THROWN|[159]|UnderflowException: User does not exist in region Americas
12:24:05.0 (77625684)|EXCEPTION_THROWN|[159]|UnderflowException: User does not exist in region Americas
12:24:05.0 (78123068)|SYSTEM_MODE_ENTER|true
12:24:05.0 (78296939)|SYSTEM_MODE_ENTER|true
12:24:05.0 (79510864)|SOQL_EXECUTE_BEGIN|[20]|Aggregations:0|SELECT id, name, Instance__c, Instance__r.state__c, Instance__r.Expiry_Date__c FROM lead WHERE ((KA_Product__c = 'Growth' OR KA_Product__c = 'Enterprise' OR KA_Product__c = 'Standard' OR KA_Product__c = 'Loyalty' OR KA_Product__c = 'Inbox' OR KA_Product__c = 'Free' OR KA_Product__c = 'Team' OR KA_Product__c = 'Scale') AND id = :tmpVar1) LIMIT 1
12:24:05.0 (84509217)|SOQL_EXECUTE_END|[20]|Rows:0
12:24:05.89 (89791397)|SYSTEM_MODE_ENTER|true
12:24:05.89 (89959703)|SYSTEM_MODE_ENTER|true
12:24:05.0 (99492151)|VF_SERIALIZE_VIEWSTATE_BEGIN|06610000000j1OC
12:24:05.0 (102972807)|VF_SERIALIZE_VIEWSTATE_END
12:24:05.105 (105268702)|CUMULATIVE_LIMIT_USAGE
12:24:05.105 (105268702)|LIMIT_USAGE_FOR_NS|(default)|
  Number of SOQL queries: 5 out of 100
  Number of query rows: 3 out of 50000
  Number of SOSL queries: 0 out of 20
  Number of DML statements: 0 out of 150
  Number of DML rows: 0 out of 10000
  Maximum CPU time: 0 out of 10000
  Maximum heap size: 0 out of 6000000
  Number of callouts: 0 out of 100
  Number of Email Invocations: 0 out of 10
  Number of future calls: 0 out of 50
  Number of queueable jobs added to the queue: 0 out of 50
  Number of Mobile Apex push calls: 0 out of 10

12:24:05.105 (105268702)|CUMULATIVE_LIMIT_USAGE_END

12:24:05.0 (105307801)|CODE_UNIT_FINISHED|VF: /apex/LeadWorkflowButton
12:24:05.0 (106012772)|EXECUTION_FINISHED
