43.0 APEX_CODE,DEBUG;APEX_PROFILING,INFO;CALLOUT,INFO;DB,INFO;NBA,INFO;SYSTEM,DEBUG;VALIDATION,INFO;VISUALFORCE,INFO;WAVE,INFO;WORKFLOW,INFO
12:19:52.12 (12194987)|CODE_UNIT_STARTED|[EXTERNAL]|01qp00000005CaZ|LeadTrigger on Lead trigger event BeforeUpdate|__sfdc_trigger/LeadTrigger
12:19:52.16 (16019053)|CUMULATIVE_LIMIT_USAGE
12:19:52.16 (16019053)|LIMIT_USAGE_FOR_NS|(default)|
  Number of SOQL queries: 0 out of 100
  Number of query rows: 0 out of 50000
  Number of SOSL queries: 0 out of 20
  Number of DML statements: 0 out of 150
  Number of DML rows: 0 out of 10000
  Maximum CPU time: 0 out of 10000
  Maximum heap size: 0 out of 6000000
  Number of callouts: 0 out of 100
  Number of Email Invocations: 0 out of 10
  Number of future calls: 0 out of 50
  Number of queueable jobs added to the queue: 0 out of 50
  Number of Mobile Apex push calls: 0 out of 10

12:19:52.16 (16019053)|CUMULATIVE_LIMIT_USAGE_END

12:19:52.20 (20088990)|CODE_UNIT_STARTED|[EXTERNAL]|01q10000000MMhF|UpdateExistingCustomer on Lead trigger event BeforeUpdate|__sfdc_trigger/UpdateExistingCustomer
12:19:52.20 (21860662)|USER_DEBUG|[22]|DEBUG|leadsource  Webinar
12:19:52.20 (33779856)|USER_DEBUG|[34]|DEBUG|######{}
12:19:52.20 (33807995)|USER_DEBUG|[35]|DEBUG|######{1541819277345test30mins@test.com}
12:19:52.20 (38163411)|SOQL_EXECUTE_BEGIN|[36]|Aggregations:0|SELECT id, name, Family__c, Zuora__CustomerAccount__r.Zuora__BillToWorkEmail__c FROM Zuora__Subscription__c 
12:19:52.20 (102534679)|SOQL_EXECUTE_END|[36]|Rows:446
12:19:52.20 (128189353)|USER_DEBUG|[43]|DEBUG|map 1{null=(Zuora__Subscription__c:{Id=a16p00000021hRQAAY, Name=A-S00001765, Zuora__CustomerAccount__c=a0up00000026VtZAAU}, Zuora__Subscription__c:{Id=a16p00000021hRLAAY, Name=A-S00001764, Zuora__CustomerAccount__c=a0up00000026VtYAAU}, Zuora__Subscription__c:{Id=a16p0000002EfIJAA0, Name=A-S00001795, Zuora__CustomerAccount__c=a0up00000026mwxAAA}), accounts@worldhubcom.com=(Zuora__Subscription__c:{Id=a161000000AOC2XAAX, Name=A-S00002392, Zuora__CustomerAccount__c=a0u10000004xGGiAAM}), adam.howard@nimans.net=(Zuora__Subscription__c:{Id=a161000000AOBIWAA5, Name=A-S00002593, Zuora__CustomerAccount__c=a0u10000004xFWtAAM}), adam.lach@kopex.com.pl=(Zuora__Subscription__c:{Id=a161000000AOB1KAAX, Name=A-S00004384, Zuora__CustomerAccount__c=a0u10000004xFJmAAM}), adam@gamwelltech.com=(Zuora__Subscription__c:{Id=a161000000AOBVyAAP, Name=A-S00004751, Zuora__CustomerAccount__c=a0u10000004xFWiAAM}), adearing@cumulusnine.com=(Zuora__Subscription__c:{Id=a161000000AOAx7AAH, Name=A-S00004046, Zuora__CustomerAccount__c=a0u10000004xFHiAAM}), ademir.hernandez@grupoferromax.com=(Zuora__Subscription__c:{Id=a161000000AOBNWAA5, Name=A-S00002736, Zuora__CustomerAccount__c=a0u10000004xG1BAAU}), adirgan@gmail.com=(Zuora__Subscription__c:{Id=a161000000B4zR1AAJ, Name=A-S00007400, Zuora__CustomerAccount__c=a0u10000004I2JMAA0}), admin@coredesktop.com=(Zuora__Subscription__c:{Id=a161000000AOC5qAAH, Name=A-S00005623, Zuora__CustomerAccount__c=a0u10000004xG30AAE}), admin@mightyscripts.com=(Zuora__Subscription__c:{Id=a161000000BH3qSAAT, Name=A-S00006953, Zuora__CustomerAccount__c=a0u10000004ksUoAAI}), ...}
12:19:52.20 (128711450)|SOQL_EXECUTE_BEGIN|[45]|Aggregations:0|SELECT id, name, Family__c, Zuora__CustomerAccount__r.Zuora__BillToWorkEmail__c FROM Zuora__Subscription__c 
12:19:52.20 (189041570)|SOQL_EXECUTE_END|[45]|Rows:446
12:19:52.20 (223964494)|USER_DEBUG|[56]|DEBUG|mapOfEmailDomain{2020itsolutions.com=(Zuora__Subscription__c:{Id=a161000000AOBbqAAH, Name=A-S00005052, Zuora__CustomerAccount__c=a0u10000004xFbVAAU}), 219design.co.uk=(Zuora__Subscription__c:{Id=a161000000BFXtgAAH, Name=A-S00006769, Zuora__CustomerAccount__c=a0u10000004kN0eAAE}), 4one.digital=(Zuora__Subscription__c:{Id=a161000000AyYNmAAN, Name=A-S00006480, Zuora__CustomerAccount__c=a0u10000005ArW4AAK}), 5linx.com=(Zuora__Subscription__c:{Id=a16p00000021hQnAAI, Name=A-S00001480, Zuora__CustomerAccount__c=a0up00000026Vt5AAE}), a2-c.ch=(Zuora__Subscription__c:{Id=a161000000AOBVJAA5, Name=A-S00004717, Zuora__CustomerAccount__c=a0u10000004xFWHAA2}), a2ktechnologies.com.au=(Zuora__Subscription__c:{Id=a161000000AOBKOAA5, Name=A-S00003492, Zuora__CustomerAccount__c=a0u10000004xFRQAA2}), achieve-technology.com=(Zuora__Subscription__c:{Id=a161000000AOBOXAA5, Name=A-S00003101, Zuora__CustomerAccount__c=a0u10000004xGE9AAM}), activelogix.com=(Zuora__Subscription__c:{Id=a161000000AOBwbAAH, Name=A-S00003203, Zuora__CustomerAccount__c=a0u10000004xGJoAAM}), actorsfund.org=(Zuora__Subscription__c:{Id=a161000000AOBWcAAP, Name=A-S00000809, Zuora__CustomerAccount__c=a0u10000004xFX4AAM}), aerotek.com.tr=(Zuora__Subscription__c:{Id=a1610000009jBYlAAM, Name=A-S00006237, Zuora__CustomerAccount__c=a0u100000059wk3AAA}), ...}
12:19:52.20 (224157353)|USER_DEBUG|[62]|DEBUG|$$$$$$1541819277345test30mins@test.com
12:19:52.20 (224199690)|USER_DEBUG|[76]|DEBUG|domain not found!!!!!! ok now look for the exact match
12:19:52.20 (224231053)|USER_DEBUG|[89]|DEBUG|in the domain search block and domain is present
12:19:52.224 (224456495)|CUMULATIVE_LIMIT_USAGE
12:19:52.224 (224456495)|LIMIT_USAGE_FOR_NS|(default)|
  Number of SOQL queries: 2 out of 100
  Number of query rows: 892 out of 50000
  Number of SOSL queries: 0 out of 20
  Number of DML statements: 0 out of 150
  Number of DML rows: 0 out of 10000
  Maximum CPU time: 0 out of 10000
  Maximum heap size: 0 out of 6000000
  Number of callouts: 0 out of 100
  Number of Email Invocations: 0 out of 10
  Number of future calls: 0 out of 50
  Number of queueable jobs added to the queue: 0 out of 50
  Number of Mobile Apex push calls: 0 out of 10

12:19:52.224 (224456495)|CUMULATIVE_LIMIT_USAGE_END

12:19:52.229 (229004679)|CODE_UNIT_STARTED|[EXTERNAL]|01q10000000V3cc|CopyEmailtoUniqueEmail on Lead trigger event BeforeUpdate|__sfdc_trigger/CopyEmailtoUniqueEmail
12:19:52.229 (229359993)|CUMULATIVE_LIMIT_USAGE
12:19:52.229 (229359993)|LIMIT_USAGE_FOR_NS|(default)|
  Number of SOQL queries: 2 out of 100
  Number of query rows: 892 out of 50000
  Number of SOSL queries: 0 out of 20
  Number of DML statements: 0 out of 150
  Number of DML rows: 0 out of 10000
  Maximum CPU time: 0 out of 10000
  Maximum heap size: 0 out of 6000000
  Number of callouts: 0 out of 100
  Number of Email Invocations: 0 out of 10
  Number of future calls: 0 out of 50
  Number of queueable jobs added to the queue: 0 out of 50
  Number of Mobile Apex push calls: 0 out of 10

12:19:52.229 (229359993)|CUMULATIVE_LIMIT_USAGE_END

12:19:52.238 (238480409)|CODE_UNIT_STARTED|[EXTERNAL]|Validation:Lead:00Qp0000004BesD
12:19:52.238 (238503972)|VALIDATION_RULE|03d10000000Vdzi|Address_information_required
12:19:52.238 (238668007)|VALIDATION_FORMULA|AND (
ISCHANGED(Status), 
ISPICKVAL(Status, 'Interested') 
&& 
(City = "" &#124;&#124;  PostalCode  = "")
)|Status=Open , PostalCode=null , City=null
12:19:52.238 (238680536)|VALIDATION_PASS
12:19:52.238 (238683071)|VALIDATION_RULE|03d10000000VeIV|Lead_Source_field_is_blank
12:19:52.238 (238769028)|VALIDATION_FORMULA|TEXT(Stage__c) = "SAL" && TEXT(Status) = "Open"
&& 
ISPICKVAL( LeadSource , "")|Status=Open , LeadSource=Webinar , Stage__c=SAL
12:19:52.238 (238776528)|VALIDATION_PASS
12:19:52.238 (238778600)|VALIDATION_RULE|03dp00000005n5t|Lock_User_for_SLA_Breach
12:19:52.238 (243162178)|VALIDATION_FORMULA|if(AND( NOT(SLA_Breached__c), NOT( IsResponded__c ), OR($Profile.Name = "Account Executive", $Profile.Name = "Sales Development Representative" ) , (SDR_Assign_Date__c > DATETIMEVALUE("2018-10-28 19:15:00") ) ,(( NOW()-SDR_Assign_Date__c )*24*60)>20),true,false)|IsResponded__c=0 , $Profile.Name=System Administrator , SLA_Breached__c=1 , SDR_Assign_Date__c=2018-11-10 03:07:58
12:19:52.238 (243175648)|VALIDATION_PASS
12:19:52.238 (243178061)|VALIDATION_RULE|03d10000000Ve4E|Phone_number_in_right_format
12:19:52.238 (243265420)|VALIDATION_FORMULA|AND ( 
ISCHANGED(Status), 
ISPICKVAL(Status, 'Contacted') 
&& 
LEFT(Phone, 1) <> "+")|Status=Open , Phone=+ 78 223452 25653
12:19:52.238 (243272369)|VALIDATION_PASS
12:19:52.366 (366527084)|SOQL_EXECUTE_BEGIN|[462]|Aggregations:0|SELECT Account__c, Contact__c, Lead__c FROM Visitor_Sessions__c p WHERE Lead__c = :tmpVar1
12:19:52.366 (368408514)|SOQL_EXECUTE_END|[462]|Rows:0
12:19:52.366 (371979441)|SOQL_EXECUTE_BEGIN|[495]|Aggregations:0|SELECT MasterLabel, cloudamp__Contact_Field_API__c FROM cloudamp__Lead_Contact_Mapped_Fields__mdt
12:19:52.366 (374855182)|SOQL_EXECUTE_END|[495]|Rows:22
12:19:52.366 (379081324)|SOQL_EXECUTE_BEGIN|[503]|Aggregations:0|SELECT Id , cloudamp__GA_Campaign__c, cloudamp__GA_Content__c, cloudamp__GA_Medium__c, cloudamp__GA_Source__c, cloudamp__GA_Term__c, cloudamp__Keyword__c, cloudamp__Lead_Source_Type__c, cloudamp__Paid_Search__c, cloudamp__Referrer__c, cloudamp__Search_Engine__c, cloudamp__gclid__c, cloudamp__Last_UTM_Campaign__c, cloudamp__Last_UTM_Content__c, cloudamp__Last_UTM_Medium__c, cloudamp__Last_UTM_Source__c, cloudamp__Last_UTM_Term__c, cloudamp__last_Keyword__c, cloudamp__last_Lead_Source_Type__c, cloudamp__last_Paid_Search__c, cloudamp__last_Referrer__c, cloudamp__last_Search_Engine__c, cloudamp__last_gclid__c FROM Contact WHERE Id IN :convertedLeadIds
12:19:52.366 (383554134)|SOQL_EXECUTE_END|[503]|Rows:0
12:19:52.383 (383887725)|CUMULATIVE_LIMIT_USAGE
12:19:52.383 (383887725)|LIMIT_USAGE_FOR_NS|(default)|
  Number of SOQL queries: 2 out of 100
  Number of query rows: 892 out of 50000
  Number of SOSL queries: 0 out of 20
  Number of DML statements: 0 out of 150
  Number of DML rows: 0 out of 10000
  Maximum CPU time: 135 out of 10000
  Maximum heap size: 0 out of 6000000
  Number of callouts: 0 out of 100
  Number of Email Invocations: 0 out of 10
  Number of future calls: 0 out of 50
  Number of queueable jobs added to the queue: 0 out of 50
  Number of Mobile Apex push calls: 0 out of 10

12:19:52.383 (383887725)|LIMIT_USAGE_FOR_NS|cloudamp|
  Number of SOQL queries: 2 out of 100
  Number of query rows: 22 out of 50000
  Number of SOSL queries: 0 out of 20
  Number of DML statements: 0 out of 150
  Number of DML rows: 0 out of 10000
  Maximum CPU time: 0 out of 10000
  Maximum heap size: 0 out of 6000000
  Number of callouts: 0 out of 100
  Number of Email Invocations: 0 out of 10
  Number of future calls: 0 out of 50
  Number of queueable jobs added to the queue: 0 out of 50
  Number of Mobile Apex push calls: 0 out of 10

12:19:52.383 (383887725)|CUMULATIVE_LIMIT_USAGE_END

12:19:52.388 (388680421)|CUMULATIVE_LIMIT_USAGE
12:19:52.388 (388680421)|LIMIT_USAGE_FOR_NS|(default)|
  Number of SOQL queries: 2 out of 100
  Number of query rows: 892 out of 50000
  Number of SOSL queries: 0 out of 20
  Number of DML statements: 0 out of 150
  Number of DML rows: 0 out of 10000
  Maximum CPU time: 135 out of 10000
  Maximum heap size: 0 out of 6000000
  Number of callouts: 0 out of 100
  Number of Email Invocations: 0 out of 10
  Number of future calls: 0 out of 50
  Number of queueable jobs added to the queue: 0 out of 50
  Number of Mobile Apex push calls: 0 out of 10

12:19:52.388 (388680421)|LIMIT_USAGE_FOR_NS|cloudamp|
  Number of SOQL queries: 2 out of 100
  Number of query rows: 22 out of 50000
  Number of SOSL queries: 0 out of 20
  Number of DML statements: 0 out of 150
  Number of DML rows: 0 out of 10000
  Maximum CPU time: 0 out of 10000
  Maximum heap size: 0 out of 6000000
  Number of callouts: 0 out of 100
  Number of Email Invocations: 0 out of 10
  Number of future calls: 0 out of 50
  Number of queueable jobs added to the queue: 0 out of 50
  Number of Mobile Apex push calls: 0 out of 10

12:19:52.388 (388680421)|CUMULATIVE_LIMIT_USAGE_END

12:19:52.397 (397337530)|CUMULATIVE_LIMIT_USAGE
12:19:52.397 (397337530)|LIMIT_USAGE_FOR_NS|(default)|
  Number of SOQL queries: 2 out of 100
  Number of query rows: 892 out of 50000
  Number of SOSL queries: 0 out of 20
  Number of DML statements: 0 out of 150
  Number of DML rows: 0 out of 10000
  Maximum CPU time: 135 out of 10000
  Maximum heap size: 0 out of 6000000
  Number of callouts: 0 out of 100
  Number of Email Invocations: 0 out of 10
  Number of future calls: 0 out of 50
  Number of queueable jobs added to the queue: 0 out of 50
  Number of Mobile Apex push calls: 0 out of 10

12:19:52.397 (397337530)|LIMIT_USAGE_FOR_NS|cloudamp|
  Number of SOQL queries: 2 out of 100
  Number of query rows: 22 out of 50000
  Number of SOSL queries: 0 out of 20
  Number of DML statements: 0 out of 150
  Number of DML rows: 0 out of 10000
  Maximum CPU time: 0 out of 10000
  Maximum heap size: 0 out of 6000000
  Number of callouts: 0 out of 100
  Number of Email Invocations: 0 out of 10
  Number of future calls: 0 out of 50
  Number of queueable jobs added to the queue: 0 out of 50
  Number of Mobile Apex push calls: 0 out of 10

12:19:52.397 (397337530)|CUMULATIVE_LIMIT_USAGE_END

12:19:52.399 (399797424)|CODE_UNIT_STARTED|[EXTERNAL]|01qp00000005CaZ|LeadTrigger on Lead trigger event AfterUpdate|__sfdc_trigger/LeadTrigger
12:19:52.399 (400574641)|SOQL_EXECUTE_BEGIN|[54]|Aggregations:0|SELECT id, Assigned_SDR__c, Assigned_SDR__r.id, ownerid, Status, SDR_First_Modified_Date_Time__c, IsResponded__c, SLA_Breached__c, Reassigned_To__c, LeadSource, createdById FROM lead WHERE id = :tmpVar1
12:19:52.399 (406221016)|SOQL_EXECUTE_END|[54]|Rows:1
12:19:52.399 (406408929)|USER_DEBUG|[60]|DEBUG|@@ Demo Lead operation
12:19:52.406 (406594492)|CUMULATIVE_LIMIT_USAGE
12:19:52.406 (406594492)|LIMIT_USAGE_FOR_NS|(default)|
  Number of SOQL queries: 3 out of 100
  Number of query rows: 893 out of 50000
  Number of SOSL queries: 0 out of 20
  Number of DML statements: 0 out of 150
  Number of DML rows: 0 out of 10000
  Maximum CPU time: 135 out of 10000
  Maximum heap size: 0 out of 6000000
  Number of callouts: 0 out of 100
  Number of Email Invocations: 0 out of 10
  Number of future calls: 0 out of 50
  Number of queueable jobs added to the queue: 0 out of 50
  Number of Mobile Apex push calls: 0 out of 10

12:19:52.406 (406594492)|LIMIT_USAGE_FOR_NS|cloudamp|
  Number of SOQL queries: 2 out of 100
  Number of query rows: 22 out of 50000
  Number of SOSL queries: 0 out of 20
  Number of DML statements: 0 out of 150
  Number of DML rows: 0 out of 10000
  Maximum CPU time: 0 out of 10000
  Maximum heap size: 0 out of 6000000
  Number of callouts: 0 out of 100
  Number of Email Invocations: 0 out of 10
  Number of future calls: 0 out of 50
  Number of queueable jobs added to the queue: 0 out of 50
  Number of Mobile Apex push calls: 0 out of 10

12:19:52.406 (406594492)|CUMULATIVE_LIMIT_USAGE_END

12:19:52.410 (410947850)|CODE_UNIT_STARTED|[EXTERNAL]|01q10000000R7mf|SendSyncRequestOnInstanceChange on Lead trigger event AfterUpdate|__sfdc_trigger/SendSyncRequestOnInstanceChange
12:19:52.411 (411283411)|CUMULATIVE_LIMIT_USAGE
12:19:52.411 (411283411)|LIMIT_USAGE_FOR_NS|(default)|
  Number of SOQL queries: 3 out of 100
  Number of query rows: 893 out of 50000
  Number of SOSL queries: 0 out of 20
  Number of DML statements: 0 out of 150
  Number of DML rows: 0 out of 10000
  Maximum CPU time: 135 out of 10000
  Maximum heap size: 0 out of 6000000
  Number of callouts: 0 out of 100
  Number of Email Invocations: 0 out of 10
  Number of future calls: 0 out of 50
  Number of queueable jobs added to the queue: 0 out of 50
  Number of Mobile Apex push calls: 0 out of 10

12:19:52.411 (411283411)|LIMIT_USAGE_FOR_NS|cloudamp|
  Number of SOQL queries: 2 out of 100
  Number of query rows: 22 out of 50000
  Number of SOSL queries: 0 out of 20
  Number of DML statements: 0 out of 150
  Number of DML rows: 0 out of 10000
  Maximum CPU time: 0 out of 10000
  Maximum heap size: 0 out of 6000000
  Number of callouts: 0 out of 100
  Number of Email Invocations: 0 out of 10
  Number of future calls: 0 out of 50
  Number of queueable jobs added to the queue: 0 out of 50
  Number of Mobile Apex push calls: 0 out of 10

12:19:52.411 (411283411)|CUMULATIVE_LIMIT_USAGE_END

12:19:52.414 (414841300)|CODE_UNIT_STARTED|[EXTERNAL]|01qp00000005aCt|LeadAssignment on Lead trigger event AfterUpdate|__sfdc_trigger/LeadAssignment
12:19:52.414 (415568134)|SOQL_EXECUTE_BEGIN|[54]|Aggregations:0|SELECT id, Assigned_SDR__c, Assigned_SDR__r.id, ownerid, Status, SDR_First_Modified_Date_Time__c, IsResponded__c, SLA_Breached__c, Reassigned_To__c, LeadSource, createdById FROM lead WHERE id = :tmpVar1
12:19:52.414 (421004059)|SOQL_EXECUTE_END|[54]|Rows:1
12:19:52.414 (421175003)|USER_DEBUG|[60]|DEBUG|@@ Demo Lead operation
12:19:52.421 (421273208)|CUMULATIVE_LIMIT_USAGE
12:19:52.421 (421273208)|LIMIT_USAGE_FOR_NS|(default)|
  Number of SOQL queries: 4 out of 100
  Number of query rows: 894 out of 50000
  Number of SOSL queries: 0 out of 20
  Number of DML statements: 0 out of 150
  Number of DML rows: 0 out of 10000
  Maximum CPU time: 135 out of 10000
  Maximum heap size: 0 out of 6000000
  Number of callouts: 0 out of 100
  Number of Email Invocations: 0 out of 10
  Number of future calls: 0 out of 50
  Number of queueable jobs added to the queue: 0 out of 50
  Number of Mobile Apex push calls: 0 out of 10

12:19:52.421 (421273208)|LIMIT_USAGE_FOR_NS|cloudamp|
  Number of SOQL queries: 2 out of 100
  Number of query rows: 22 out of 50000
  Number of SOSL queries: 0 out of 20
  Number of DML statements: 0 out of 150
  Number of DML rows: 0 out of 10000
  Maximum CPU time: 0 out of 10000
  Maximum heap size: 0 out of 6000000
  Number of callouts: 0 out of 100
  Number of Email Invocations: 0 out of 10
  Number of future calls: 0 out of 50
  Number of queueable jobs added to the queue: 0 out of 50
  Number of Mobile Apex push calls: 0 out of 10

12:19:52.421 (421273208)|CUMULATIVE_LIMIT_USAGE_END

12:19:52.422 (422765850)|CODE_UNIT_STARTED|[EXTERNAL]|Workflow:Lead
12:19:52.422 (429994875)|WF_RULE_EVAL_BEGIN|Assignment
12:19:52.422 (430009499)|WF_SPOOL_ACTION_BEGIN|Assignment
12:19:52.422 (430019298)|WF_ACTION|.
12:19:52.422 (430024254)|WF_RULE_EVAL_END
12:19:52.422 (430035002)|WF_RULE_EVAL_BEGIN|Workflow
12:19:52.422 (430089531)|WF_CRITERIA_BEGIN|[Lead: Lead 1541819277345 00Qp0000004BesD]|1st Notification|01Qp000000060wu|ON_CREATE_OR_TRIGGERING_UPDATE|0
12:19:52.422 (434599863)|WF_RULE_NOT_EVALUATED
12:19:52.422 (434614968)|WF_CRITERIA_BEGIN|[Lead: Lead 1541819277345 00Qp0000004BesD]|Status Last Updated Updater|01Q10000000NpD0|ON_ALL_CHANGES|0
12:19:52.422 (434974575)|WF_FORMULA|Formula:ENCODED:[treatNullAsNull]ISCHANGED( {!ID:Status} )|Values:Status=Open
12:19:52.422 (434983984)|WF_CRITERIA_END|false
12:19:52.422 (434997773)|WF_CRITERIA_BEGIN|[Lead: Lead 1541819277345 00Qp0000004BesD]|Lead Status marked as Interested|01Q10000000Udm4|ON_CREATE_OR_TRIGGERING_UPDATE|0
12:19:52.422 (435091076)|WF_RULE_FILTER|[Lead : Lead Status equals Interested] 
AND [Lead : Stage equals SAL]
12:19:52.422 (435105899)|WF_RULE_EVAL_VALUE|Open
12:19:52.422 (435110457)|WF_CRITERIA_END|false
12:19:52.422 (435118425)|WF_CRITERIA_BEGIN|[Lead: Lead 1541819277345 00Qp0000004BesD]|Update Drip Included Date|01Q10000000QMb2|ON_CREATE_ONLY|0
12:19:52.422 (435127101)|WF_RULE_NOT_EVALUATED
12:19:52.422 (435131926)|WF_CRITERIA_BEGIN|[Lead: Lead 1541819277345 00Qp0000004BesD]|Lead moved to SQL Qualified|01Q10000000NoZe|ON_ALL_CHANGES|0
12:19:52.422 (435163245)|WF_RULE_FILTER|[Lead : Stage equals SQL] 
AND [Lead : Lead Status equals Qualified]
12:19:52.422 (435175135)|WF_RULE_EVAL_VALUE|2
12:19:52.422 (435178963)|WF_CRITERIA_END|false
12:19:52.422 (435185607)|WF_CRITERIA_BEGIN|[Lead: Lead 1541819277345 00Qp0000004BesD]|Lead: Returned by AE|01Q10000000Udms|ON_ALL_CHANGES|0
12:19:52.422 (435215856)|WF_RULE_FILTER|[Lead : Lead Status equals Contacted] 
AND [Lead : Previous Owner equals AE]
12:19:52.422 (435223690)|WF_RULE_EVAL_VALUE|Open
12:19:52.422 (435227276)|WF_CRITERIA_END|false
12:19:52.422 (435233080)|WF_CRITERIA_BEGIN|[Lead: Lead 1541819277345 00Qp0000004BesD]|2nd Notification|01Qp000000060xO|ON_CREATE_OR_TRIGGERING_UPDATE|0
12:19:52.422 (435286328)|WF_RULE_FILTER|[Lead : SLA Breached equals false] 
AND [Lead : IsResponded equals false]
12:19:52.422 (435293066)|WF_RULE_EVAL_VALUE|true
12:19:52.422 (435296400)|WF_CRITERIA_END|false
12:19:52.422 (435302162)|WF_CRITERIA_BEGIN|[Lead: Lead 1541819277345 00Qp0000004BesD]|3rd Notification|01Qp0000000610I|ON_CREATE_OR_TRIGGERING_UPDATE|0
12:19:52.422 (435340094)|WF_RULE_FILTER|[Lead : SLA Breached equals false] 
AND [Lead : IsResponded equals false]
12:19:52.422 (435344673)|WF_RULE_EVAL_VALUE|true
12:19:52.422 (435347688)|WF_CRITERIA_END|false
12:19:52.422 (435353786)|WF_CRITERIA_BEGIN|[Lead: Lead 1541819277345 00Qp0000004BesD]|Copy owner email|01Q100000005qOF|ON_ALL_CHANGES|0
12:19:52.422 (435373770)|WF_RULE_FILTER|[Lead : Owner Last Name not equal to null]
12:19:52.422 (435380375)|WF_RULE_EVAL_VALUE|
12:19:52.422 (435382795)|WF_CRITERIA_END|true
12:19:52.422 (436199332)|WF_CRITERIA_BEGIN|[Lead: Lead 1541819277345 00Qp0000004BesD]|Clear Date fields when lead comes to SAL|01Q10000000NoZU|ON_ALL_CHANGES|0
12:19:52.422 (436506329)|WF_FORMULA|Formula:ENCODED:[treatNullAsNull]AND(ISPICKVAL({!ID:00N10000006Qxri},"SAL"),ISPICKVAL( {!ID:Status} ,"Open"))|Values:Status=Open, Stage__c=SAL
12:19:52.422 (436515508)|WF_CRITERIA_END|true
12:19:52.422 (436537141)|WF_CRITERIA_BEGIN|[Lead: Lead 1541819277345 00Qp0000004BesD]|4th Notification|01Qp0000000614F|ON_CREATE_OR_TRIGGERING_UPDATE|0
12:19:52.422 (436574043)|WF_RULE_NOT_EVALUATED
12:19:52.422 (436581106)|WF_CRITERIA_BEGIN|[Lead: Lead 1541819277345 00Qp0000004BesD]|Update Drip Included Date On Edit|01Q10000000QMiD|ON_ALL_CHANGES|0
12:19:52.422 (436942184)|WF_FORMULA|Formula:ENCODED:[treatNullAsNull]AND(NOT(ISNEW()),CONTAINS( {!ID:$User.FirstName} ,"Backend"),NOT(ISNULL({!ID:00N10000006pOgk})), NOT(PRIORVALUE({!ID:00N10000006pOgk})== {!ID:00N10000006pOgk}))|Values:$User.FirstName=Sruti, Instance__c=null
12:19:52.422 (436952771)|WF_CRITERIA_END|false
12:19:52.422 (436966038)|WF_CRITERIA_BEGIN|[Lead: Lead 1541819277345 00Qp0000004BesD]|Stage Last Updated Updater|01Q10000000NpCv|ON_ALL_CHANGES|0
12:19:52.422 (437080888)|WF_FORMULA|Formula:ENCODED:[treatNullAsNull]ISCHANGED( {!ID:00N10000006Qxri} )|Values:Stage__c=SAL
12:19:52.422 (437096058)|WF_CRITERIA_END|false
12:19:52.422 (437108275)|WF_CRITERIA_BEGIN|[Lead: Lead 1541819277345 00Qp0000004BesD]|Lead Status changed to Qualified|01Q10000000Udmn|ON_CREATE_OR_TRIGGERING_UPDATE|0
12:19:52.422 (437166658)|WF_RULE_FILTER|[Lead : Lead Status equals Qualified] 
AND [Lead : Stage equals SQL]
12:19:52.422 (437176605)|WF_RULE_EVAL_VALUE|Open
12:19:52.422 (437180442)|WF_CRITERIA_END|false
12:19:52.422 (437187965)|WF_CRITERIA_BEGIN|[Lead: Lead 1541819277345 00Qp0000004BesD]|Clear Date fields when lead comes from SRL/SDL to MQL|01Q10000000QMbW|ON_ALL_CHANGES|0
12:19:52.422 (437367575)|WF_FORMULA|Formula:ENCODED:[treatNullAsNull]AND(OR(ISPICKVAL(PRIORVALUE({!ID:00N10000006Qxri}),"SRL"),ISPICKVAL(PRIORVALUE({!ID:00N10000006Qxri}),"SDL")),ISPICKVAL({!ID:00N10000006Qxri},"MQL"))|Values:Stage__c=SAL
12:19:52.422 (437376265)|WF_CRITERIA_END|false
12:19:52.422 (437392154)|WF_SPOOL_ACTION_BEGIN|Workflow
12:19:52.422 (437965713)|WF_ACTION| Field Update: 9;
12:19:52.422 (437972351)|WF_RULE_EVAL_END
12:19:52.422 (437980619)|WF_TIME_TRIGGERS_BEGIN
12:19:52.422 (462648506)|WF_ACTIONS_END| Field Update: 9;
