32.0 APEX_CODE,DEBUG;APEX_PROFILING,INFO;CALLOUT,INFO;DB,INFO;NBA,INFO;SYSTEM,DEBUG;VALIDATION,INFO;VISUALFORCE,INFO;WAVE,INFO;WORKFLOW,INFO
12:20:05.0 (295046)|USER_INFO|[EXTERNAL]|005p0000001vkCQ|sruti.srivastava@aurea.com.devsandbox|India Standard Time|GMT+05:30
12:20:05.0 (326363)|EXECUTION_STARTED
12:20:05.0 (331512)|CODE_UNIT_STARTED|[EXTERNAL]|06610000000j1OC|VF: /apex/LeadWorkflowButton
12:20:05.0 (769243)|VF_DESERIALIZE_VIEWSTATE_BEGIN|06610000000j1OC
12:20:05.0 (7974339)|VF_DESERIALIZE_VIEWSTATE_END
12:20:05.8 (8604837)|SYSTEM_MODE_ENTER|true
12:20:05.9 (9607359)|SYSTEM_MODE_ENTER|true
12:20:05.0 (9867540)|SYSTEM_MODE_ENTER|true
12:20:05.0 (10501181)|SYSTEM_MODE_ENTER|false
12:20:05.0 (10513399)|SYSTEM_MODE_EXIT|false
12:20:05.0 (14030799)|SYSTEM_MODE_ENTER|true
12:20:05.0 (14622067)|SYSTEM_MODE_ENTER|false
12:20:05.0 (14633051)|SYSTEM_MODE_EXIT|false
12:20:05.0 (15013427)|SYSTEM_MODE_ENTER|true
12:20:05.0 (15167703)|SYSTEM_MODE_ENTER|true
12:20:05.0 (15294484)|SYSTEM_MODE_ENTER|true
12:20:05.0 (15406427)|SYSTEM_MODE_ENTER|true
12:20:05.0 (15535836)|SYSTEM_MODE_ENTER|true
12:20:05.0 (15652099)|SYSTEM_MODE_ENTER|true
12:20:05.0 (15760443)|SYSTEM_MODE_ENTER|true
12:20:05.0 (17383567)|SOQL_EXECUTE_BEGIN|[36]|Aggregations:0|SELECT ParentTerritory2.id, ParentTerritory2.Name, ParentTerritory2.DeveloperName FROM Territory2 WHERE DeveloperName = :tmpVar1 LIMIT 1
12:20:05.0 (24017761)|SOQL_EXECUTE_END|[36]|Rows:1
12:20:05.0 (24783907)|SYSTEM_MODE_ENTER|true
12:20:05.0 (24972637)|SYSTEM_MODE_ENTER|true
12:20:05.0 (25140882)|SYSTEM_MODE_ENTER|true
12:20:05.0 (25282187)|SYSTEM_MODE_ENTER|true
12:20:05.0 (26663259)|SOQL_EXECUTE_BEGIN|[20]|Aggregations:0|SELECT id, name, Instance__c, Instance__r.state__c, Instance__r.Expiry_Date__c FROM lead WHERE ((KA_Product__c = 'Growth' OR KA_Product__c = 'Enterprise' OR KA_Product__c = 'Standard' OR KA_Product__c = 'Loyalty' OR KA_Product__c = 'Inbox' OR KA_Product__c = 'Free' OR KA_Product__c = 'Team' OR KA_Product__c = 'Scale') AND id = :tmpVar1) LIMIT 1
12:20:05.0 (31779490)|SOQL_EXECUTE_END|[20]|Rows:0
12:20:05.32 (32530732)|SYSTEM_MODE_ENTER|true
12:20:05.35 (35665598)|SYSTEM_MODE_ENTER|true
12:20:05.35 (35785284)|SYSTEM_MODE_ENTER|true
12:20:05.0 (36082274)|SYSTEM_MODE_ENTER|true
12:20:05.0 (36193305)|SYSTEM_MODE_ENTER|true
12:20:05.0 (36304125)|SYSTEM_MODE_ENTER|true
12:20:05.0 (36388892)|SYSTEM_MODE_ENTER|true
12:20:05.0 (36472391)|SYSTEM_MODE_ENTER|true
12:20:05.0 (36554682)|SYSTEM_MODE_ENTER|true
12:20:05.0 (36642411)|SYSTEM_MODE_ENTER|true
12:20:05.0 (36731577)|SYSTEM_MODE_ENTER|true
12:20:05.0 (36813019)|SYSTEM_MODE_ENTER|true
12:20:05.0 (36913288)|SYSTEM_MODE_ENTER|true
12:20:05.0 (37008671)|SYSTEM_MODE_ENTER|true
12:20:05.0 (37120479)|SYSTEM_MODE_ENTER|true
12:20:05.0 (37225839)|SYSTEM_MODE_ENTER|true
12:20:05.0 (37651600)|SOQL_EXECUTE_BEGIN|[20]|Aggregations:0|SELECT id, name, Instance__c, Instance__r.state__c, Instance__r.Expiry_Date__c FROM lead WHERE ((KA_Product__c = 'Growth' OR KA_Product__c = 'Enterprise' OR KA_Product__c = 'Standard' OR KA_Product__c = 'Loyalty' OR KA_Product__c = 'Inbox' OR KA_Product__c = 'Free' OR KA_Product__c = 'Team' OR KA_Product__c = 'Scale') AND id = :tmpVar1) LIMIT 1
12:20:05.0 (40157330)|SOQL_EXECUTE_END|[20]|Rows:0
12:20:05.45 (45582000)|SYSTEM_MODE_ENTER|true
12:20:05.45 (45729382)|SYSTEM_MODE_ENTER|true
12:20:05.0 (48827257)|VF_SERIALIZE_VIEWSTATE_BEGIN|06610000000j1OC
12:20:05.0 (51732481)|VF_SERIALIZE_VIEWSTATE_END
12:20:05.53 (53647625)|CUMULATIVE_LIMIT_USAGE
12:20:05.53 (53647625)|LIMIT_USAGE_FOR_NS|(default)|
  Number of SOQL queries: 3 out of 100
  Number of query rows: 1 out of 50000
  Number of SOSL queries: 0 out of 20
  Number of DML statements: 0 out of 150
  Number of DML rows: 0 out of 10000
  Maximum CPU time: 0 out of 10000
  Maximum heap size: 0 out of 6000000
  Number of callouts: 0 out of 100
  Number of Email Invocations: 0 out of 10
  Number of future calls: 0 out of 50
  Number of queueable jobs added to the queue: 0 out of 50
  Number of Mobile Apex push calls: 0 out of 10

12:20:05.53 (53647625)|CUMULATIVE_LIMIT_USAGE_END

12:20:05.0 (53681116)|CODE_UNIT_FINISHED|VF: /apex/LeadWorkflowButton
12:20:05.0 (54399414)|EXECUTION_FINISHED
