44.0 APEX_CODE,DEBUG;APEX_PROFILING,INFO;CALLOUT,INFO;DB,INFO;NBA,INFO;SYSTEM,DEBUG;VALIDATION,INFO;VISUALFORCE,INFO;WAVE,INFO;WORKFLOW,INFO
Execute Anonymous: List<User> usrList = [Select id, name, Start_Time__c, End_Time__c from user where SDR__c=true and isActive=true];
Execute Anonymous: system.debug('@@ usrlist ' + usrList);
Execute Anonymous: for(User usr: usrList)
Execute Anonymous: {
Execute Anonymous: System.debug('@@@ user : ' + usr.Name);
Execute Anonymous: DateTime dtStartTime = DateTime.newInstanceGMT(Date.today(), usr.Start_Time__c);
Execute Anonymous: DateTime dtEndTime = DateTime.newInstanceGMT(Date.today(), usr.End_Time__c);
Execute Anonymous: system.debug('@@@ start time ' + dtStartTime);
Execute Anonymous: system.debug('@@@ start time ' + dtEndTime);
Execute Anonymous: system.debug('@@@ now time ' + system.now());    
Execute Anonymous: }
19:13:30.1 (1129460)|USER_INFO|[EXTERNAL]|005p0000001vkCf|gaurav.agarwal.1@aurea.com.devsandbox|India Standard Time|GMT+05:30
19:13:30.1 (1155815)|EXECUTION_STARTED
19:13:30.1 (1160832)|CODE_UNIT_STARTED|[EXTERNAL]|execute_anonymous_apex
19:13:30.1 (2132064)|SOQL_EXECUTE_BEGIN|[1]|Aggregations:0|SELECT id, name, Start_Time__c, End_Time__c FROM user WHERE (SDR__c = TRUE AND isActive = TRUE)
19:13:30.1 (24380006)|SOQL_EXECUTE_END|[1]|Rows:4
19:13:30.1 (24759812)|USER_DEBUG|[2]|DEBUG|@@ usrlist (User:{Id=005p0000002JlWyAAK, Name=Jean Middleton, Start_Time__c=11:00:00.000Z, End_Time__c=02:59:00.000Z}, User:{Id=005p0000002JlTLAA0, Name=Kerryann Tomas, Start_Time__c=03:00:00.000Z, End_Time__c=10:59:00.000Z}, User:{Id=005100000089vjKAAQ, Name=Tannasia Butler, Start_Time__c=07:00:00.000Z, End_Time__c=13:59:00.000Z}, User:{Id=00510000008AOFXAA4, Name=Michael Smith, Start_Time__c=13:00:00.000Z, End_Time__c=04:59:00.000Z})
19:13:30.1 (25123617)|USER_DEBUG|[5]|DEBUG|@@@ user : Jean Middleton
19:13:30.1 (25255952)|USER_DEBUG|[8]|DEBUG|@@@ start time 2018-11-08 11:00:00
19:13:30.1 (25282445)|USER_DEBUG|[9]|DEBUG|@@@ start time 2018-11-08 02:59:00
19:13:30.1 (25313547)|USER_DEBUG|[10]|DEBUG|@@@ now time 2018-11-08 13:43:30
19:13:30.1 (25342755)|USER_DEBUG|[5]|DEBUG|@@@ user : Kerryann Tomas
19:13:30.1 (25387375)|USER_DEBUG|[8]|DEBUG|@@@ start time 2018-11-08 03:00:00
19:13:30.1 (25409742)|USER_DEBUG|[9]|DEBUG|@@@ start time 2018-11-08 10:59:00
19:13:30.1 (25427725)|USER_DEBUG|[10]|DEBUG|@@@ now time 2018-11-08 13:43:30
19:13:30.1 (25449813)|USER_DEBUG|[5]|DEBUG|@@@ user : Tannasia Butler
19:13:30.1 (25486289)|USER_DEBUG|[8]|DEBUG|@@@ start time 2018-11-08 07:00:00
19:13:30.1 (25501015)|USER_DEBUG|[9]|DEBUG|@@@ start time 2018-11-08 13:59:00
19:13:30.1 (25518112)|USER_DEBUG|[10]|DEBUG|@@@ now time 2018-11-08 13:43:30
19:13:30.1 (25537094)|USER_DEBUG|[5]|DEBUG|@@@ user : Michael Smith
19:13:30.1 (25579306)|USER_DEBUG|[8]|DEBUG|@@@ start time 2018-11-08 13:00:00
19:13:30.1 (25594637)|USER_DEBUG|[9]|DEBUG|@@@ start time 2018-11-08 04:59:00
19:13:30.1 (25612139)|USER_DEBUG|[10]|DEBUG|@@@ now time 2018-11-08 13:43:30
19:13:30.25 (25670715)|CUMULATIVE_LIMIT_USAGE
19:13:30.25 (25670715)|LIMIT_USAGE_FOR_NS|(default)|
  Number of SOQL queries: 1 out of 100
  Number of query rows: 4 out of 50000
  Number of SOSL queries: 0 out of 20
  Number of DML statements: 0 out of 150
  Number of DML rows: 0 out of 10000
  Maximum CPU time: 0 out of 10000
  Maximum heap size: 0 out of 6000000
  Number of callouts: 0 out of 100
  Number of Email Invocations: 0 out of 10
  Number of future calls: 0 out of 50
  Number of queueable jobs added to the queue: 0 out of 50
  Number of Mobile Apex push calls: 0 out of 10

19:13:30.25 (25670715)|CUMULATIVE_LIMIT_USAGE_END

19:13:30.1 (25709373)|CODE_UNIT_FINISHED|execute_anonymous_apex
19:13:30.1 (26565641)|EXECUTION_FINISHED
