44.0 APEX_CODE,DEBUG;APEX_PROFILING,INFO;CALLOUT,INFO;DB,INFO;NBA,INFO;SYSTEM,DEBUG;VALIDATION,INFO;VISUALFORCE,INFO;WAVE,INFO;WORKFLOW,INFO
Execute Anonymous: List<User> usrList = [Select id, Start_Time__c, End_Time__c from user where SDR__c=true and isActive=true];
Execute Anonymous: system.debug('@@ usrlist ' + usrList);
19:10:00.1 (1104734)|USER_INFO|[EXTERNAL]|005p0000001vkCf|gaurav.agarwal.1@aurea.com.devsandbox|India Standard Time|GMT+05:30
19:10:00.1 (1132966)|EXECUTION_STARTED
19:10:00.1 (1138294)|CODE_UNIT_STARTED|[EXTERNAL]|execute_anonymous_apex
19:10:00.1 (2106550)|SOQL_EXECUTE_BEGIN|[1]|Aggregations:0|SELECT id, Start_Time__c, End_Time__c FROM user WHERE (SDR__c = TRUE AND isActive = TRUE)
19:10:00.1 (35429662)|SOQL_EXECUTE_END|[1]|Rows:4
19:10:00.1 (35969778)|USER_DEBUG|[2]|DEBUG|@@ usrlist (User:{Id=005100000089vjKAAQ, Start_Time__c=07:00:00.000Z, End_Time__c=13:59:00.000Z}, User:{Id=00510000008AOFXAA4, Start_Time__c=13:00:00.000Z, End_Time__c=04:59:00.000Z}, User:{Id=005p0000002JlTLAA0, Start_Time__c=03:00:00.000Z, End_Time__c=10:59:00.000Z}, User:{Id=005p0000002JlWyAAK, Start_Time__c=11:00:00.000Z, End_Time__c=02:59:00.000Z})
19:10:00.36 (36055314)|CUMULATIVE_LIMIT_USAGE
19:10:00.36 (36055314)|LIMIT_USAGE_FOR_NS|(default)|
  Number of SOQL queries: 1 out of 100
  Number of query rows: 4 out of 50000
  Number of SOSL queries: 0 out of 20
  Number of DML statements: 0 out of 150
  Number of DML rows: 0 out of 10000
  Maximum CPU time: 0 out of 10000
  Maximum heap size: 0 out of 6000000
  Number of callouts: 0 out of 100
  Number of Email Invocations: 0 out of 10
  Number of future calls: 0 out of 50
  Number of queueable jobs added to the queue: 0 out of 50
  Number of Mobile Apex push calls: 0 out of 10

19:10:00.36 (36055314)|CUMULATIVE_LIMIT_USAGE_END

19:10:00.1 (36111023)|CODE_UNIT_FINISHED|execute_anonymous_apex
19:10:00.1 (37032386)|EXECUTION_FINISHED
