32.0 APEX_CODE,DEBUG;APEX_PROFILING,INFO;CALLOUT,INFO;DB,INFO;NBA,INFO;SYSTEM,DEBUG;VALIDATION,INFO;VISUALFORCE,INFO;WAVE,INFO;WORKFLOW,INFO
12:19:00.0 (374496)|USER_INFO|[EXTERNAL]|005p0000001vkCQ|sruti.srivastava@aurea.com.devsandbox|India Standard Time|GMT+05:30
12:19:00.0 (410694)|EXECUTION_STARTED
12:19:00.0 (415992)|CODE_UNIT_STARTED|[EXTERNAL]|06610000000j1OC|VF: /apex/LeadWorkflowButton
12:19:00.0 (5408762)|SYSTEM_MODE_ENTER|true
12:19:00.0 (14766103)|SOQL_EXECUTE_BEGIN|[54]|Aggregations:1|SELECT Id, country, Email, leadType__c, Factors__c, Comments__c, Status, CountryCode, Industry, NumberOfEmployees, OpportunityType__c, Stage__c, KA_Territory__c, HubSpot_Inc_Score__c, Company, KA_TrialExpiryDate__c, StatusToContactedDate__c, Budgeted__c, Role__c, City, PreviousOwner__c, Authority__c, CurrentSystem__c, UsedFor__c, Department__c, OwnerId, State, PostalCode, Phone, MobilePhone, HasOptedOutOfEmail, LeadSource, ManualOwnerChange__c, Reassigned_To__c, Assigned_SDR__c, Budget_determined__c, Authority_determined__c, Needs_determined__c, Timeline_determined__c, The_number_of_seats__c, Proposed_Kayako_Plan__c, infer3__Infer_Rating__c, infer3__Infer_Score__c, (SELECT Title, Body FROM Notes) FROM Lead WHERE Id = :tmpVar1 LIMIT 1
12:19:00.0 (33731364)|SOQL_EXECUTE_END|[54]|Rows:1
12:19:00.0 (39851993)|SOQL_EXECUTE_BEGIN|[21]|Aggregations:0|SELECT Id, Name, KA_LeadCounter__c, KA_Weightage__c, IsActive, ManagerId, Profile.Name, userRoleId FROM User WHERE id = :tmpVar1 LIMIT 1
12:19:00.0 (46730116)|SOQL_EXECUTE_END|[21]|Rows:1
12:19:00.48 (48437618)|SYSTEM_MODE_ENTER|true
12:19:00.48 (48632852)|SYSTEM_MODE_ENTER|true
12:19:00.48 (48879381)|SYSTEM_MODE_ENTER|true
12:19:00.0 (49670979)|SYSTEM_MODE_ENTER|true
12:19:00.0 (50477108)|SYSTEM_MODE_ENTER|false
12:19:00.0 (50489913)|SYSTEM_MODE_EXIT|false
12:19:00.0 (50673865)|SYSTEM_MODE_ENTER|true
12:19:00.0 (51286995)|SYSTEM_MODE_ENTER|false
12:19:00.0 (51298051)|SYSTEM_MODE_EXIT|false
12:19:00.0 (51430078)|SYSTEM_MODE_ENTER|true
12:19:00.0 (51594689)|SYSTEM_MODE_ENTER|true
12:19:00.0 (51721802)|SYSTEM_MODE_ENTER|true
12:19:00.0 (51841520)|SYSTEM_MODE_ENTER|true
12:19:00.0 (51971466)|SYSTEM_MODE_ENTER|true
12:19:00.0 (52091252)|SYSTEM_MODE_ENTER|true
12:19:00.0 (52205068)|SYSTEM_MODE_ENTER|true
12:19:00.0 (53895160)|SOQL_EXECUTE_BEGIN|[36]|Aggregations:0|SELECT ParentTerritory2.id, ParentTerritory2.Name, ParentTerritory2.DeveloperName FROM Territory2 WHERE DeveloperName = :tmpVar1 LIMIT 1
12:19:00.0 (61227967)|SOQL_EXECUTE_END|[36]|Rows:1
12:19:00.0 (62310006)|SYSTEM_MODE_ENTER|true
12:19:00.0 (62538197)|SYSTEM_MODE_ENTER|true
12:19:00.0 (62718191)|SYSTEM_MODE_ENTER|true
12:19:00.0 (62846673)|SYSTEM_MODE_ENTER|true
12:19:00.0 (63642819)|SOQL_EXECUTE_BEGIN|[20]|Aggregations:0|SELECT id, name, Instance__c, Instance__r.state__c, Instance__r.Expiry_Date__c FROM lead WHERE ((KA_Product__c = 'Growth' OR KA_Product__c = 'Enterprise' OR KA_Product__c = 'Standard' OR KA_Product__c = 'Loyalty' OR KA_Product__c = 'Inbox' OR KA_Product__c = 'Free' OR KA_Product__c = 'Team' OR KA_Product__c = 'Scale') AND id = :tmpVar1) LIMIT 1
12:19:00.0 (68423325)|SOQL_EXECUTE_END|[20]|Rows:0
12:19:00.72 (72157505)|SYSTEM_MODE_ENTER|true
12:19:00.72 (72326598)|SYSTEM_MODE_ENTER|true
12:19:00.0 (80815219)|VF_SERIALIZE_VIEWSTATE_BEGIN|06610000000j1OC
12:19:00.0 (84088857)|VF_SERIALIZE_VIEWSTATE_END
12:19:00.86 (86458661)|CUMULATIVE_LIMIT_USAGE
12:19:00.86 (86458661)|LIMIT_USAGE_FOR_NS|(default)|
  Number of SOQL queries: 4 out of 100
  Number of query rows: 3 out of 50000
  Number of SOSL queries: 0 out of 20
  Number of DML statements: 0 out of 150
  Number of DML rows: 0 out of 10000
  Maximum CPU time: 0 out of 10000
  Maximum heap size: 0 out of 6000000
  Number of callouts: 0 out of 100
  Number of Email Invocations: 0 out of 10
  Number of future calls: 0 out of 50
  Number of queueable jobs added to the queue: 0 out of 50
  Number of Mobile Apex push calls: 0 out of 10

12:19:00.86 (86458661)|CUMULATIVE_LIMIT_USAGE_END

12:19:00.0 (86497715)|CODE_UNIT_FINISHED|VF: /apex/LeadWorkflowButton
12:19:00.0 (87191555)|EXECUTION_FINISHED
