32.0 APEX_CODE,DEBUG;APEX_PROFILING,INFO;CALLOUT,INFO;DB,INFO;NBA,INFO;SYSTEM,DEBUG;VALIDATION,INFO;VISUALFORCE,INFO;WAVE,INFO;WORKFLOW,INFO
12:21:06.0 (84531)|USER_INFO|[EXTERNAL]|005p0000001vkCQ|sruti.srivastava@aurea.com.devsandbox|India Standard Time|GMT+05:30
12:21:06.0 (123666)|EXECUTION_STARTED
12:21:06.0 (128451)|CODE_UNIT_STARTED|[EXTERNAL]|06610000000j2PW|VF: /apex/InputLeadQualification
12:21:06.4 (4641312)|SYSTEM_MODE_ENTER|true
12:21:06.5 (5058006)|SYSTEM_MODE_ENTER|true
12:21:06.5 (5287929)|SYSTEM_MODE_ENTER|true
12:21:06.0 (7015655)|SYSTEM_MODE_ENTER|true
12:21:06.0 (11683547)|SOQL_EXECUTE_BEGIN|[54]|Aggregations:1|SELECT Id, country, Email, leadType__c, Factors__c, Comments__c, Status, CountryCode, Industry, NumberOfEmployees, OpportunityType__c, Stage__c, KA_Territory__c, HubSpot_Inc_Score__c, Company, KA_TrialExpiryDate__c, StatusToContactedDate__c, Budgeted__c, Role__c, City, PreviousOwner__c, Authority__c, CurrentSystem__c, UsedFor__c, Department__c, OwnerId, State, PostalCode, Phone, MobilePhone, HasOptedOutOfEmail, LeadSource, ManualOwnerChange__c, Reassigned_To__c, Assigned_SDR__c, Budget_determined__c, Authority_determined__c, Needs_determined__c, Timeline_determined__c, The_number_of_seats__c, Proposed_Kayako_Plan__c, infer3__Infer_Rating__c, infer3__Infer_Score__c, (SELECT Title, Body FROM Notes) FROM Lead WHERE Id = :tmpVar1 LIMIT 1
12:21:06.0 (30338137)|SOQL_EXECUTE_END|[54]|Rows:1
12:21:06.0 (34919644)|SOQL_EXECUTE_BEGIN|[21]|Aggregations:0|SELECT Id, Name, KA_LeadCounter__c, KA_Weightage__c, IsActive, ManagerId, Profile.Name, userRoleId FROM User WHERE id = :tmpVar1 LIMIT 1
12:21:06.0 (40397072)|SOQL_EXECUTE_END|[21]|Rows:1
12:21:06.47 (47065729)|SYSTEM_MODE_ENTER|true
12:21:06.47 (47264288)|SYSTEM_MODE_ENTER|true
12:21:06.0 (48075393)|SYSTEM_MODE_ENTER|true
12:21:06.0 (52831693)|SYSTEM_MODE_ENTER|true
12:21:06.0 (52982296)|SYSTEM_MODE_ENTER|true
12:21:06.0 (54564602)|SYSTEM_MODE_ENTER|true
12:21:06.0 (54777225)|SYSTEM_MODE_ENTER|true
12:21:06.0 (56315361)|SYSTEM_MODE_ENTER|true
12:21:06.0 (56490464)|SYSTEM_MODE_ENTER|true
12:21:06.0 (58418929)|SYSTEM_MODE_ENTER|true
12:21:06.0 (58605982)|SYSTEM_MODE_ENTER|true
12:21:06.0 (60082515)|SYSTEM_MODE_ENTER|true
12:21:06.0 (60217321)|SYSTEM_MODE_ENTER|true
12:21:06.0 (61695960)|SYSTEM_MODE_ENTER|true
12:21:06.0 (61878613)|SYSTEM_MODE_ENTER|true
12:21:06.0 (63895240)|SYSTEM_MODE_ENTER|true
12:21:06.0 (64330470)|SYSTEM_MODE_ENTER|true
12:21:06.0 (70084077)|SYSTEM_MODE_ENTER|true
12:21:06.0 (70297433)|SYSTEM_MODE_ENTER|true
12:21:06.0 (71586056)|VF_SERIALIZE_VIEWSTATE_BEGIN|06610000000j2PW
12:21:06.0 (74911456)|VF_SERIALIZE_VIEWSTATE_END
12:21:06.76 (76898687)|CUMULATIVE_LIMIT_USAGE
12:21:06.76 (76898687)|LIMIT_USAGE_FOR_NS|(default)|
  Number of SOQL queries: 2 out of 100
  Number of query rows: 2 out of 50000
  Number of SOSL queries: 0 out of 20
  Number of DML statements: 0 out of 150
  Number of DML rows: 0 out of 10000
  Maximum CPU time: 0 out of 10000
  Maximum heap size: 0 out of 6000000
  Number of callouts: 0 out of 100
  Number of Email Invocations: 0 out of 10
  Number of future calls: 0 out of 50
  Number of queueable jobs added to the queue: 0 out of 50
  Number of Mobile Apex push calls: 0 out of 10

12:21:06.76 (76898687)|CUMULATIVE_LIMIT_USAGE_END

12:21:06.0 (76936332)|CODE_UNIT_FINISHED|VF: /apex/InputLeadQualification
12:21:06.0 (77670229)|EXECUTION_FINISHED
