32.0 APEX_CODE,DEBUG;APEX_PROFILING,INFO;CALLOUT,INFO;DB,INFO;NBA,INFO;SYSTEM,DEBUG;VALIDATION,INFO;VISUALFORCE,INFO;WAVE,INFO;WORKFLOW,INFO
23:50:19.0 (156080)|USER_INFO|[EXTERNAL]|005p0000001vkCf|gaurav.agarwal.1@aurea.com.devsandbox|India Standard Time|GMT+05:30
23:50:19.0 (224020)|EXECUTION_STARTED
23:50:19.0 (230003)|CODE_UNIT_STARTED|[EXTERNAL]|06610000000j1OC|VF: /apex/LeadWorkflowButton
23:50:19.0 (11388717)|SYSTEM_MODE_ENTER|true
23:50:19.0 (55123041)|SOQL_EXECUTE_BEGIN|[54]|Aggregations:1|SELECT Id, country, Email, leadType__c, Factors__c, Comments__c, Status, CountryCode, Industry, NumberOfEmployees, OpportunityType__c, Stage__c, KA_Territory__c, HubSpot_Inc_Score__c, Company, KA_TrialExpiryDate__c, StatusToContactedDate__c, Budgeted__c, Role__c, City, PreviousOwner__c, Authority__c, CurrentSystem__c, UsedFor__c, Department__c, OwnerId, State, PostalCode, Phone, MobilePhone, HasOptedOutOfEmail, LeadSource, ManualOwnerChange__c, Reassigned_To__c, Assigned_SDR__c, Budget_determined__c, Authority_determined__c, Needs_determined__c, Timeline_determined__c, The_number_of_seats__c, Proposed_Kayako_Plan__c, infer3__Infer_Rating__c, infer3__Infer_Score__c, (SELECT Title, Body FROM Notes) FROM Lead WHERE Id = :tmpVar1 LIMIT 1
23:50:19.0 (154207817)|SOQL_EXECUTE_END|[54]|Rows:1
23:50:19.0 (182765200)|SOQL_EXECUTE_BEGIN|[21]|Aggregations:0|SELECT Id, Name, KA_LeadCounter__c, KA_Weightage__c, IsActive, ManagerId, Profile.Name, userRoleId FROM User WHERE id = :tmpVar1 LIMIT 1
23:50:19.0 (237735439)|SOQL_EXECUTE_END|[21]|Rows:1
23:50:19.240 (240620187)|SYSTEM_MODE_ENTER|true
23:50:19.240 (240930602)|SYSTEM_MODE_ENTER|true
23:50:19.241 (241353770)|SYSTEM_MODE_ENTER|true
23:50:19.0 (242555048)|SYSTEM_MODE_ENTER|true
23:50:19.0 (277577211)|SYSTEM_MODE_ENTER|false
23:50:19.0 (277617577)|SYSTEM_MODE_EXIT|false
23:50:19.0 (302474947)|SYSTEM_MODE_ENTER|false
23:50:19.0 (302494777)|SYSTEM_MODE_EXIT|false
23:50:19.0 (302838880)|SYSTEM_MODE_ENTER|true
23:50:19.0 (303064034)|SYSTEM_MODE_ENTER|true
23:50:19.0 (303210146)|SYSTEM_MODE_ENTER|true
23:50:19.0 (303340769)|SYSTEM_MODE_ENTER|true
23:50:19.0 (303467112)|SYSTEM_MODE_ENTER|true
23:50:19.0 (303590156)|SYSTEM_MODE_ENTER|true
23:50:19.0 (303719364)|SYSTEM_MODE_ENTER|true
23:50:19.0 (303842479)|SYSTEM_MODE_ENTER|true
23:50:19.0 (356955076)|SOQL_EXECUTE_BEGIN|[36]|Aggregations:0|SELECT ParentTerritory2.id, ParentTerritory2.Name, ParentTerritory2.DeveloperName FROM Territory2 WHERE DeveloperName = :tmpVar1 LIMIT 1
23:50:19.0 (393530611)|SOQL_EXECUTE_END|[36]|Rows:1
23:50:19.0 (394840827)|SYSTEM_MODE_ENTER|true
23:50:19.0 (395099251)|SYSTEM_MODE_ENTER|true
23:50:19.0 (395283287)|SYSTEM_MODE_ENTER|true
23:50:19.0 (395437787)|SYSTEM_MODE_ENTER|true
23:50:19.0 (396190349)|SOQL_EXECUTE_BEGIN|[20]|Aggregations:0|SELECT id, name, Instance__c, Instance__r.state__c, Instance__r.Expiry_Date__c FROM lead WHERE ((KA_Product__c = 'Growth' OR KA_Product__c = 'Enterprise' OR KA_Product__c = 'Standard' OR KA_Product__c = 'Loyalty' OR KA_Product__c = 'Inbox' OR KA_Product__c = 'Free' OR KA_Product__c = 'Team' OR KA_Product__c = 'Scale') AND id = :tmpVar1) LIMIT 1
23:50:19.0 (430829883)|SOQL_EXECUTE_END|[20]|Rows:1
23:50:19.456 (456168892)|SYSTEM_MODE_ENTER|true
23:50:19.456 (456505313)|SYSTEM_MODE_ENTER|true
23:50:19.0 (573787931)|VF_SERIALIZE_VIEWSTATE_BEGIN|06610000000j1OC
23:50:19.0 (577851429)|VF_SERIALIZE_VIEWSTATE_END
23:50:19.599 (599177009)|CUMULATIVE_LIMIT_USAGE
23:50:19.599 (599177009)|LIMIT_USAGE_FOR_NS|(default)|
  Number of SOQL queries: 4 out of 100
  Number of query rows: 4 out of 50000
  Number of SOSL queries: 0 out of 20
  Number of DML statements: 0 out of 150
  Number of DML rows: 0 out of 10000
  Maximum CPU time: 0 out of 10000
  Maximum heap size: 0 out of 6000000
  Number of callouts: 0 out of 100
  Number of Email Invocations: 0 out of 10
  Number of future calls: 0 out of 50
  Number of queueable jobs added to the queue: 0 out of 50
  Number of Mobile Apex push calls: 0 out of 10

23:50:19.599 (599177009)|CUMULATIVE_LIMIT_USAGE_END

23:50:19.0 (599248927)|CODE_UNIT_FINISHED|VF: /apex/LeadWorkflowButton
23:50:19.0 (600134147)|EXECUTION_FINISHED
