34.0 APEX_CODE,DEBUG;APEX_PROFILING,INFO;CALLOUT,INFO;DB,INFO;NBA,INFO;SYSTEM,DEBUG;VALIDATION,INFO;VISUALFORCE,INFO;WAVE,INFO;WORKFLOW,INFO
23:54:30.0 (394156)|USER_INFO|[EXTERNAL]|005p0000001vkCf|gaurav.agarwal.1@aurea.com.devsandbox|India Standard Time|GMT+05:30
23:54:30.0 (480511)|EXECUTION_STARTED
23:54:30.0 (492350)|CODE_UNIT_STARTED|[EXTERNAL]|06610000000j30p|VF: /apex/CreateNewLeadPage
23:54:30.0 (15636961)|SYSTEM_MODE_ENTER|true
23:54:30.17 (17921445)|SYSTEM_MODE_ENTER|true
23:54:30.18 (18184208)|SYSTEM_MODE_ENTER|true
23:54:30.18 (18610932)|SYSTEM_MODE_ENTER|true
23:54:30.38 (38096361)|SYSTEM_MODE_ENTER|true
23:54:30.38 (38449659)|SYSTEM_MODE_ENTER|true
23:54:30.0 (50986791)|SYSTEM_MODE_ENTER|true
23:54:30.0 (52967161)|USER_DEBUG|[22]|DEBUG|the value of the picval isFusion
23:54:30.0 (53067068)|USER_DEBUG|[22]|DEBUG|the value of the picval isCase
23:54:30.0 (53121712)|USER_DEBUG|[22]|DEBUG|the value of the picval isEngage
23:54:30.0 (53174900)|USER_DEBUG|[22]|DEBUG|the value of the picval isStandard
23:54:30.0 (53331085)|USER_DEBUG|[22]|DEBUG|the value of the picval isGrowth
23:54:30.0 (53398175)|USER_DEBUG|[22]|DEBUG|the value of the picval isEnterprise
23:54:30.0 (53463814)|USER_DEBUG|[22]|DEBUG|the value of the picval isFree
23:54:30.0 (53525182)|USER_DEBUG|[22]|DEBUG|the value of the picval isInbox
23:54:30.0 (53587085)|USER_DEBUG|[22]|DEBUG|the value of the picval isTeam
23:54:30.0 (53643594)|USER_DEBUG|[22]|DEBUG|the value of the picval isScale
23:54:30.0 (56053984)|SYSTEM_MODE_ENTER|true
23:54:30.0 (60267999)|VF_SERIALIZE_VIEWSTATE_BEGIN|06610000000j30p
23:54:30.0 (64430879)|VF_SERIALIZE_VIEWSTATE_END
23:54:30.67 (67263016)|CUMULATIVE_LIMIT_USAGE
23:54:30.67 (67263016)|LIMIT_USAGE_FOR_NS|(default)|
  Number of SOQL queries: 0 out of 100
  Number of query rows: 0 out of 50000
  Number of SOSL queries: 0 out of 20
  Number of DML statements: 0 out of 150
  Number of DML rows: 0 out of 10000
  Maximum CPU time: 0 out of 10000
  Maximum heap size: 0 out of 6000000
  Number of callouts: 0 out of 100
  Number of Email Invocations: 0 out of 10
  Number of future calls: 0 out of 50
  Number of queueable jobs added to the queue: 0 out of 50
  Number of Mobile Apex push calls: 0 out of 10

23:54:30.67 (67263016)|CUMULATIVE_LIMIT_USAGE_END

23:54:30.0 (67321486)|CODE_UNIT_FINISHED|VF: /apex/CreateNewLeadPage
23:54:30.0 (68112275)|EXECUTION_FINISHED
