32.0 APEX_CODE,DEBUG;APEX_PROFILING,INFO;CALLOUT,INFO;DB,INFO;NBA,INFO;SYSTEM,DEBUG;VALIDATION,INFO;VISUALFORCE,INFO;WAVE,INFO;WORKFLOW,INFO
12:21:05.0 (89545)|USER_INFO|[EXTERNAL]|005p0000001vkCQ|sruti.srivastava@aurea.com.devsandbox|India Standard Time|GMT+05:30
12:21:05.0 (129394)|EXECUTION_STARTED
12:21:05.0 (134447)|CODE_UNIT_STARTED|[EXTERNAL]|06610000000j1OC|VF: /apex/LeadWorkflowButton
12:21:05.0 (275247)|VF_DESERIALIZE_VIEWSTATE_BEGIN|06610000000j1OC
12:21:05.0 (6915256)|VF_DESERIALIZE_VIEWSTATE_END
12:21:05.7 (7549647)|SYSTEM_MODE_ENTER|true
12:21:05.8 (8409855)|SYSTEM_MODE_ENTER|true
12:21:05.0 (8671284)|SYSTEM_MODE_ENTER|true
12:21:05.0 (8995949)|SYSTEM_MODE_ENTER|false
12:21:05.0 (9005919)|SYSTEM_MODE_EXIT|false
12:21:05.0 (9713692)|SYSTEM_MODE_ENTER|true
12:21:05.0 (9862100)|SYSTEM_MODE_ENTER|false
12:21:05.0 (9870730)|SYSTEM_MODE_EXIT|false
12:21:05.0 (10179236)|SYSTEM_MODE_ENTER|true
12:21:05.0 (10325059)|SYSTEM_MODE_ENTER|true
12:21:05.0 (10471109)|SYSTEM_MODE_ENTER|true
12:21:05.0 (10593905)|SYSTEM_MODE_ENTER|true
12:21:05.0 (10732265)|SYSTEM_MODE_ENTER|true
12:21:05.0 (10850396)|SYSTEM_MODE_ENTER|true
12:21:05.0 (10957242)|SYSTEM_MODE_ENTER|true
12:21:05.0 (11794248)|SOQL_EXECUTE_BEGIN|[36]|Aggregations:0|SELECT ParentTerritory2.id, ParentTerritory2.Name, ParentTerritory2.DeveloperName FROM Territory2 WHERE DeveloperName = :tmpVar1 LIMIT 1
12:21:05.0 (18384161)|SOQL_EXECUTE_END|[36]|Rows:1
12:21:05.0 (19386177)|SYSTEM_MODE_ENTER|true
12:21:05.0 (19602533)|SYSTEM_MODE_ENTER|true
12:21:05.0 (21423257)|SOQL_EXECUTE_BEGIN|[147]|Aggregations:0|SELECT User.Id, User.KA_Weightage__c, User.KA_LeadCounter__c, RoleInTerritory2, Territory2.Id FROM UserTerritory2Association WHERE (User.Id = :tmpVar1 AND Territory2.Id = :tmpVar2 AND User.IsActive = TRUE) ORDER BY User.KA_Weightage__c DESC NULLS FIRST LIMIT 1
12:21:05.0 (26347020)|SOQL_EXECUTE_END|[147]|Rows:0
12:21:05.0 (27213842)|EXCEPTION_THROWN|[159]|UnderflowException: User does not exist in region Americas
12:21:05.0 (27235066)|EXCEPTION_THROWN|[159]|UnderflowException: User does not exist in region Americas
12:21:05.0 (27740487)|SYSTEM_MODE_ENTER|true
12:21:05.0 (27924092)|SYSTEM_MODE_ENTER|true
12:21:05.0 (28817437)|SOQL_EXECUTE_BEGIN|[20]|Aggregations:0|SELECT id, name, Instance__c, Instance__r.state__c, Instance__r.Expiry_Date__c FROM lead WHERE ((KA_Product__c = 'Growth' OR KA_Product__c = 'Enterprise' OR KA_Product__c = 'Standard' OR KA_Product__c = 'Loyalty' OR KA_Product__c = 'Inbox' OR KA_Product__c = 'Free' OR KA_Product__c = 'Team' OR KA_Product__c = 'Scale') AND id = :tmpVar1) LIMIT 1
12:21:05.0 (35892870)|SOQL_EXECUTE_END|[20]|Rows:0
12:21:05.36 (36839587)|SYSTEM_MODE_ENTER|true
12:21:05.39 (39757614)|CUMULATIVE_LIMIT_USAGE
12:21:05.39 (39757614)|LIMIT_USAGE_FOR_NS|(default)|
  Number of SOQL queries: 3 out of 100
  Number of query rows: 1 out of 50000
  Number of SOSL queries: 0 out of 20
  Number of DML statements: 0 out of 150
  Number of DML rows: 0 out of 10000
  Maximum CPU time: 0 out of 10000
  Maximum heap size: 0 out of 6000000
  Number of callouts: 0 out of 100
  Number of Email Invocations: 0 out of 10
  Number of future calls: 0 out of 50
  Number of queueable jobs added to the queue: 0 out of 50
  Number of Mobile Apex push calls: 0 out of 10

12:21:05.39 (39757614)|CUMULATIVE_LIMIT_USAGE_END

12:21:05.0 (39794107)|CODE_UNIT_FINISHED|VF: /apex/LeadWorkflowButton
12:21:05.0 (40508783)|EXECUTION_FINISHED
