32.0 APEX_CODE,DEBUG;APEX_PROFILING,INFO;CALLOUT,INFO;DB,INFO;NBA,INFO;SYSTEM,DEBUG;VALIDATION,INFO;VISUALFORCE,INFO;WAVE,INFO;WORKFLOW,INFO
12:24:38.0 (74724)|USER_INFO|[EXTERNAL]|005p0000001vkCQ|sruti.srivastava@aurea.com.devsandbox|India Standard Time|GMT+05:30
12:24:38.0 (107191)|EXECUTION_STARTED
12:24:38.0 (116912)|CODE_UNIT_STARTED|[EXTERNAL]|06610000000j1OC|VF: /apex/LeadWorkflowButton
12:24:38.0 (239965)|VF_DESERIALIZE_VIEWSTATE_BEGIN|06610000000j1OC
12:24:38.0 (9717088)|VF_DESERIALIZE_VIEWSTATE_END
12:24:38.10 (10286757)|SYSTEM_MODE_ENTER|true
12:24:38.11 (11045002)|SYSTEM_MODE_ENTER|true
12:24:38.0 (11400847)|SYSTEM_MODE_ENTER|true
12:24:38.0 (12731442)|SYSTEM_MODE_ENTER|false
12:24:38.0 (12744048)|SYSTEM_MODE_EXIT|false
12:24:38.0 (16005643)|SYSTEM_MODE_ENTER|true
12:24:38.0 (17205094)|SYSTEM_MODE_ENTER|false
12:24:38.0 (17217607)|SYSTEM_MODE_EXIT|false
12:24:38.0 (17534669)|SYSTEM_MODE_ENTER|true
12:24:38.0 (17696914)|SYSTEM_MODE_ENTER|true
12:24:38.0 (17873387)|SYSTEM_MODE_ENTER|true
12:24:38.0 (18007813)|SYSTEM_MODE_ENTER|true
12:24:38.0 (18153320)|SYSTEM_MODE_ENTER|true
12:24:38.0 (18282366)|SYSTEM_MODE_ENTER|true
12:24:38.0 (18404570)|SYSTEM_MODE_ENTER|true
12:24:38.0 (21601183)|SOQL_EXECUTE_BEGIN|[36]|Aggregations:0|SELECT ParentTerritory2.id, ParentTerritory2.Name, ParentTerritory2.DeveloperName FROM Territory2 WHERE DeveloperName = :tmpVar1 LIMIT 1
12:24:38.0 (28236487)|SOQL_EXECUTE_END|[36]|Rows:1
12:24:38.0 (28980377)|SYSTEM_MODE_ENTER|true
12:24:38.0 (29175525)|SYSTEM_MODE_ENTER|true
12:24:38.0 (32157439)|SOQL_EXECUTE_BEGIN|[147]|Aggregations:0|SELECT User.Id, User.KA_Weightage__c, User.KA_LeadCounter__c, RoleInTerritory2, Territory2.Id FROM UserTerritory2Association WHERE (User.Id = :tmpVar1 AND Territory2.Id = :tmpVar2 AND User.IsActive = TRUE) ORDER BY User.KA_Weightage__c DESC NULLS FIRST LIMIT 1
12:24:38.0 (37253184)|SOQL_EXECUTE_END|[147]|Rows:0
12:24:38.0 (39678252)|EXCEPTION_THROWN|[159]|UnderflowException: User does not exist in region Americas
12:24:38.0 (39707141)|EXCEPTION_THROWN|[159]|UnderflowException: User does not exist in region Americas
12:24:38.0 (40215848)|SYSTEM_MODE_ENTER|true
12:24:38.0 (40400443)|SYSTEM_MODE_ENTER|true
12:24:38.0 (41820236)|SOQL_EXECUTE_BEGIN|[20]|Aggregations:0|SELECT id, name, Instance__c, Instance__r.state__c, Instance__r.Expiry_Date__c FROM lead WHERE ((KA_Product__c = 'Growth' OR KA_Product__c = 'Enterprise' OR KA_Product__c = 'Standard' OR KA_Product__c = 'Loyalty' OR KA_Product__c = 'Inbox' OR KA_Product__c = 'Free' OR KA_Product__c = 'Team' OR KA_Product__c = 'Scale') AND id = :tmpVar1) LIMIT 1
12:24:38.0 (46846436)|SOQL_EXECUTE_END|[20]|Rows:0
12:24:38.47 (47680030)|SYSTEM_MODE_ENTER|true
12:24:38.50 (50440412)|CUMULATIVE_LIMIT_USAGE
12:24:38.50 (50440412)|LIMIT_USAGE_FOR_NS|(default)|
  Number of SOQL queries: 3 out of 100
  Number of query rows: 1 out of 50000
  Number of SOSL queries: 0 out of 20
  Number of DML statements: 0 out of 150
  Number of DML rows: 0 out of 10000
  Maximum CPU time: 0 out of 10000
  Maximum heap size: 0 out of 6000000
  Number of callouts: 0 out of 100
  Number of Email Invocations: 0 out of 10
  Number of future calls: 0 out of 50
  Number of queueable jobs added to the queue: 0 out of 50
  Number of Mobile Apex push calls: 0 out of 10

12:24:38.50 (50440412)|CUMULATIVE_LIMIT_USAGE_END

12:24:38.0 (50480477)|CODE_UNIT_FINISHED|VF: /apex/LeadWorkflowButton
12:24:38.0 (51211880)|EXECUTION_FINISHED
