44.0 APEX_CODE,DEBUG;APEX_PROFILING,INFO;CALLOUT,INFO;DB,INFO;NBA,INFO;SYSTEM,DEBUG;VALIDATION,INFO;VISUALFORCE,INFO;WAVE,INFO;WORKFLOW,INFO
23:54:24.0 (363769)|EXECUTION_STARTED
23:54:24.0 (417027)|CODE_UNIT_STARTED|[EXTERNAL]|VisualForce View State
23:54:24.0 (7310668)|CODE_UNIT_FINISHED|VisualForce View State
23:54:24.0 (8218707)|EXECUTION_FINISHED
23:54:24.623 (623712238)|VF_SERIALIZE_VIEWSTATE_BEGIN|
23:54:24.623 (628620378)|VF_SERIALIZE_VIEWSTATE_END
23:54:24.641 (641830695)|CUMULATIVE_LIMIT_USAGE
23:54:24.641 (641830695)|LIMIT_USAGE_FOR_NS|(default)|
  Number of SOQL queries: 0 out of 100
  Number of query rows: 0 out of 50000
  Number of SOSL queries: 0 out of 20
  Number of DML statements: 0 out of 150
  Number of DML rows: 0 out of 10000
  Maximum CPU time: 0 out of 10000
  Maximum heap size: 0 out of 6000000
  Number of callouts: 0 out of 100
  Number of Email Invocations: 0 out of 10
  Number of future calls: 0 out of 50
  Number of queueable jobs added to the queue: 0 out of 50
  Number of Mobile Apex push calls: 0 out of 10

23:54:24.641 (641830695)|CUMULATIVE_LIMIT_USAGE_END

