35.0 APEX_CODE,DEBUG;APEX_PROFILING,INFO;CALLOUT,INFO;DB,INFO;NBA,INFO;SYSTEM,DEBUG;VALIDATION,INFO;VISUALFORCE,INFO;WAVE,INFO;WORKFLOW,INFO
23:50:18.0 (553675)|USER_INFO|[EXTERNAL]|005p0000001vkCf|gaurav.agarwal.1@aurea.com.devsandbox|India Standard Time|GMT+05:30
23:50:18.0 (641392)|EXECUTION_STARTED
23:50:18.0 (654667)|CODE_UNIT_STARTED|[EXTERNAL]|06610000001Hj2u|VF: /apex/leadvisualizer
23:50:18.0 (4048867)|SYSTEM_MODE_ENTER|true
23:50:18.0 (16343810)|SOQL_EXECUTE_BEGIN|[26]|Aggregations:0|SELECT id, Stage__c, Rejected__c, Status, DaysInMQL__c, DaysInSAL__c, DaysInSQL__c, DaysInSRL__c, DaysInSDL__c, ConvertedOpportunityId, OwnerId, unresponsive__c FROM lead WHERE id = :tmpVar1 LIMIT 1
23:50:18.0 (38305099)|SOQL_EXECUTE_END|[26]|Rows:1
23:50:18.0 (38786625)|SOQL_EXECUTE_BEGIN|[27]|Aggregations:0|SELECT CreatedDate, Field, Id, IsDeleted, LeadId, OldValue, NewValue FROM LeadHistory WHERE leadid = :tmpVar1 ORDER BY createdDate ASC NULLS FIRST
23:50:18.0 (196403433)|SOQL_EXECUTE_END|[27]|Rows:2
23:50:18.0 (197636008)|USER_DEBUG|[79]|DEBUG|MQL2SAL MAP{}
23:50:18.0 (197816475)|USER_DEBUG|[80]|DEBUG|leadhist(LeadHistory:{CreatedDate=2018-11-08 18:20:14, Field=created, Id=017p000004tBKzVAAW, IsDeleted=false, LeadId=00Qp0000004Be0oEAC, OldValue=null, NewValue=null}, LeadHistory:{CreatedDate=2018-11-08 18:20:14, Field=StageToMQLDate__c, Id=017p000004tBKzWAAW, IsDeleted=false, LeadId=00Qp0000004Be0oEAC, OldValue=null, NewValue=2018-11-08 00:00:00})
23:50:18.0 (197895324)|USER_DEBUG|[81]|DEBUG|the value of mql2sal isnull
23:50:18.0 (198152407)|EXCEPTION_THROWN|[168]|System.NullPointerException: Attempt to de-reference a null object
23:50:18.0 (198373424)|USER_DEBUG|[172]|DEBUG|exception is System.NullPointerException: Attempt to de-reference a null object
23:50:18.0 (198455129)|EXCEPTION_THROWN|[168]|System.NullPointerException: Attempt to de-reference a null object
23:50:18.0 (198596019)|USER_DEBUG|[172]|DEBUG|exception is System.NullPointerException: Attempt to de-reference a null object
23:50:18.0 (198961922)|SOQL_EXECUTE_BEGIN|[181]|Aggregations:0|SELECT id FROM UserRole 
23:50:18.0 (209949751)|SOQL_EXECUTE_END|[181]|Rows:2
23:50:18.0 (211074170)|SOQL_EXECUTE_BEGIN|[185]|Aggregations:0|SELECT id, name FROM user WHERE (id = :tmpVar1 AND UserRoleId IN :tmpVar2) LIMIT 1
23:50:18.0 (251120711)|SOQL_EXECUTE_END|[185]|Rows:0
23:50:18.0 (251508506)|SYSTEM_MODE_ENTER|true
23:50:18.0 (252303677)|SYSTEM_MODE_ENTER|true
23:50:18.0 (253500116)|SYSTEM_MODE_ENTER|true
23:50:18.0 (253969134)|SYSTEM_MODE_ENTER|true
23:50:18.0 (256818709)|SYSTEM_MODE_ENTER|true
23:50:18.0 (257288509)|SYSTEM_MODE_ENTER|true
23:50:18.0 (259374543)|VF_SERIALIZE_VIEWSTATE_BEGIN|06610000001Hj2u
23:50:18.0 (262288816)|VF_SERIALIZE_VIEWSTATE_END
23:50:18.264 (264990364)|CUMULATIVE_LIMIT_USAGE
23:50:18.264 (264990364)|LIMIT_USAGE_FOR_NS|(default)|
  Number of SOQL queries: 4 out of 100
  Number of query rows: 5 out of 50000
  Number of SOSL queries: 0 out of 20
  Number of DML statements: 0 out of 150
  Number of DML rows: 0 out of 10000
  Maximum CPU time: 0 out of 10000
  Maximum heap size: 0 out of 6000000
  Number of callouts: 0 out of 100
  Number of Email Invocations: 0 out of 10
  Number of future calls: 0 out of 50
  Number of queueable jobs added to the queue: 0 out of 50
  Number of Mobile Apex push calls: 0 out of 10

23:50:18.264 (264990364)|CUMULATIVE_LIMIT_USAGE_END

23:50:18.0 (265109045)|CODE_UNIT_FINISHED|VF: /apex/leadvisualizer
23:50:18.0 (265990774)|EXECUTION_FINISHED
