32.0 APEX_CODE,DEBUG;APEX_PROFILING,INFO;CALLOUT,INFO;DB,INFO;NBA,INFO;SYSTEM,DEBUG;VALIDATION,INFO;VISUALFORCE,INFO;WAVE,INFO;WORKFLOW,INFO
00:00:09.0 (309454)|USER_INFO|[EXTERNAL]|005p0000001vkCf|gaurav.agarwal.1@aurea.com.devsandbox|India Standard Time|GMT+05:30
00:00:09.0 (373632)|EXECUTION_STARTED
00:00:09.0 (379943)|CODE_UNIT_STARTED|[EXTERNAL]|06610000000j1OC|VF: /apex/LeadWorkflowButton
00:00:09.0 (9819370)|SYSTEM_MODE_ENTER|true
00:00:09.0 (19574012)|SOQL_EXECUTE_BEGIN|[54]|Aggregations:1|SELECT Id, country, Email, leadType__c, Factors__c, Comments__c, Status, CountryCode, Industry, NumberOfEmployees, OpportunityType__c, Stage__c, KA_Territory__c, HubSpot_Inc_Score__c, Company, KA_TrialExpiryDate__c, StatusToContactedDate__c, Budgeted__c, Role__c, City, PreviousOwner__c, Authority__c, CurrentSystem__c, UsedFor__c, Department__c, OwnerId, State, PostalCode, Phone, MobilePhone, HasOptedOutOfEmail, LeadSource, ManualOwnerChange__c, Reassigned_To__c, Assigned_SDR__c, Budget_determined__c, Authority_determined__c, Needs_determined__c, Timeline_determined__c, The_number_of_seats__c, Proposed_Kayako_Plan__c, infer3__Infer_Rating__c, infer3__Infer_Score__c, (SELECT Title, Body FROM Notes) FROM Lead WHERE Id = :tmpVar1 LIMIT 1
00:00:09.0 (39645440)|SOQL_EXECUTE_END|[54]|Rows:1
00:00:09.0 (45707153)|SOQL_EXECUTE_BEGIN|[21]|Aggregations:0|SELECT Id, Name, KA_LeadCounter__c, KA_Weightage__c, IsActive, ManagerId, Profile.Name, userRoleId FROM User WHERE id = :tmpVar1 LIMIT 1
00:00:09.0 (51131398)|SOQL_EXECUTE_END|[21]|Rows:1
00:00:09.53 (53201239)|SYSTEM_MODE_ENTER|true
00:00:09.53 (53415506)|SYSTEM_MODE_ENTER|true
00:00:09.53 (53668158)|SYSTEM_MODE_ENTER|true
00:00:09.0 (54550113)|SYSTEM_MODE_ENTER|true
00:00:09.0 (55418602)|SYSTEM_MODE_ENTER|false
00:00:09.0 (55430701)|SYSTEM_MODE_EXIT|false
00:00:09.0 (58207594)|SYSTEM_MODE_ENTER|false
00:00:09.0 (58221320)|SYSTEM_MODE_EXIT|false
00:00:09.0 (58405229)|SYSTEM_MODE_ENTER|true
00:00:09.0 (58573862)|SYSTEM_MODE_ENTER|true
00:00:09.0 (58712529)|SYSTEM_MODE_ENTER|true
00:00:09.0 (58850687)|SYSTEM_MODE_ENTER|true
00:00:09.0 (58974218)|SYSTEM_MODE_ENTER|true
00:00:09.0 (59094018)|SYSTEM_MODE_ENTER|true
00:00:09.0 (59210494)|SYSTEM_MODE_ENTER|true
00:00:09.0 (59329723)|SYSTEM_MODE_ENTER|true
00:00:09.0 (61126964)|SOQL_EXECUTE_BEGIN|[36]|Aggregations:0|SELECT ParentTerritory2.id, ParentTerritory2.Name, ParentTerritory2.DeveloperName FROM Territory2 WHERE DeveloperName = :tmpVar1 LIMIT 1
00:00:09.0 (68247801)|SOQL_EXECUTE_END|[36]|Rows:1
00:00:09.0 (69176179)|SYSTEM_MODE_ENTER|true
00:00:09.0 (69434037)|SYSTEM_MODE_ENTER|true
00:00:09.0 (69614374)|SYSTEM_MODE_ENTER|true
00:00:09.0 (69762568)|SYSTEM_MODE_ENTER|true
00:00:09.0 (71244802)|SOQL_EXECUTE_BEGIN|[20]|Aggregations:0|SELECT id, name, Instance__c, Instance__r.state__c, Instance__r.Expiry_Date__c FROM lead WHERE ((KA_Product__c = 'Growth' OR KA_Product__c = 'Enterprise' OR KA_Product__c = 'Standard' OR KA_Product__c = 'Loyalty' OR KA_Product__c = 'Inbox' OR KA_Product__c = 'Free' OR KA_Product__c = 'Team' OR KA_Product__c = 'Scale') AND id = :tmpVar1) LIMIT 1
00:00:09.0 (76698353)|SOQL_EXECUTE_END|[20]|Rows:1
00:00:09.83 (83230355)|SYSTEM_MODE_ENTER|true
00:00:09.83 (83479182)|SYSTEM_MODE_ENTER|true
00:00:09.0 (93859062)|VF_SERIALIZE_VIEWSTATE_BEGIN|06610000000j1OC
00:00:09.0 (97225638)|VF_SERIALIZE_VIEWSTATE_END
00:00:09.99 (99863898)|CUMULATIVE_LIMIT_USAGE
00:00:09.99 (99863898)|LIMIT_USAGE_FOR_NS|(default)|
  Number of SOQL queries: 4 out of 100
  Number of query rows: 4 out of 50000
  Number of SOSL queries: 0 out of 20
  Number of DML statements: 0 out of 150
  Number of DML rows: 0 out of 10000
  Maximum CPU time: 0 out of 10000
  Maximum heap size: 0 out of 6000000
  Number of callouts: 0 out of 100
  Number of Email Invocations: 0 out of 10
  Number of future calls: 0 out of 50
  Number of queueable jobs added to the queue: 0 out of 50
  Number of Mobile Apex push calls: 0 out of 10

00:00:09.99 (99863898)|CUMULATIVE_LIMIT_USAGE_END

00:00:09.0 (99908288)|CODE_UNIT_FINISHED|VF: /apex/LeadWorkflowButton
00:00:09.0 (100622504)|EXECUTION_FINISHED
