35.0 APEX_CODE,DEBUG;APEX_PROFILING,INFO;CALLOUT,INFO;DB,INFO;NBA,INFO;SYSTEM,DEBUG;VALIDATION,INFO;VISUALFORCE,INFO;WAVE,INFO;WORKFLOW,INFO
12:19:04.0 (87418)|USER_INFO|[EXTERNAL]|005p0000001vkCQ|sruti.srivastava@aurea.com.devsandbox|India Standard Time|GMT+05:30
12:19:04.0 (124589)|EXECUTION_STARTED
12:19:04.0 (130396)|CODE_UNIT_STARTED|[EXTERNAL]|06610000001Hj2u|VF: /apex/leadvisualizer
12:19:04.0 (9071142)|SYSTEM_MODE_ENTER|true
12:19:04.0 (18609360)|SOQL_EXECUTE_BEGIN|[26]|Aggregations:0|SELECT id, Stage__c, Rejected__c, Status, DaysInMQL__c, DaysInSAL__c, DaysInSQL__c, DaysInSRL__c, DaysInSDL__c, ConvertedOpportunityId, OwnerId, unresponsive__c FROM lead WHERE id = :tmpVar1 LIMIT 1
12:19:04.0 (28746286)|SOQL_EXECUTE_END|[26]|Rows:1
12:19:04.0 (29398200)|SOQL_EXECUTE_BEGIN|[27]|Aggregations:0|SELECT CreatedDate, Field, Id, IsDeleted, LeadId, OldValue, NewValue FROM LeadHistory WHERE leadid = :tmpVar1 ORDER BY createdDate ASC NULLS FIRST
12:19:04.0 (36832498)|SOQL_EXECUTE_END|[27]|Rows:10
12:19:04.0 (37927666)|USER_DEBUG|[79]|DEBUG|MQL2SAL MAP{MQL2SAL=2018-11-10 06:48:55}
12:19:04.0 (38221764)|USER_DEBUG|[80]|DEBUG|leadhist(LeadHistory:{CreatedDate=2018-11-10 03:07:57, Field=created, Id=017p000004tyUA3AAM, IsDeleted=false, LeadId=00Qp0000004BesDEAS, OldValue=null, NewValue=null}, LeadHistory:{CreatedDate=2018-11-10 03:07:57, Field=StageToMQLDate__c, Id=017p000004tyUA4AAM, IsDeleted=false, LeadId=00Qp0000004BesDEAS, OldValue=null, NewValue=2018-11-10 00:00:00}, LeadHistory:{CreatedDate=2018-11-10 03:07:57, Field=Owner, Id=017p000004tyUA5AAM, IsDeleted=false, LeadId=00Qp0000004BesDEAS, OldValue=Sruti Srivastava, NewValue=Kerryann Tomas}, LeadHistory:{CreatedDate=2018-11-10 03:07:57, Field=Owner, Id=017p000004tyUA6AAM, IsDeleted=false, LeadId=00Qp0000004BesDEAS, OldValue=005p0000001vkCQAAY, NewValue=005p0000002JlTLAA0}, LeadHistory:{CreatedDate=2018-11-10 03:30:29, Field=Owner, Id=017p000004u2u0CAAQ, IsDeleted=false, LeadId=00Qp0000004BesDEAS, OldValue=005p0000002JlTLAA0, NewValue=00510000008AOFXAA4}, LeadHistory:{CreatedDate=2018-11-10 03:30:29, Field=Owner, Id=017p000004u2u0BAAQ, IsDeleted=false, LeadId=00Qp0000004BesDEAS, OldValue=Kerryann Tomas, NewValue=Michael Smith}, LeadHistory:{CreatedDate=2018-11-10 06:48:55, Field=Stage__c, Id=017p000004u4rDbAAI, IsDeleted=false, LeadId=00Qp0000004BesDEAS, OldValue=MQL, NewValue=SAL}, LeadHistory:{CreatedDate=2018-11-10 06:48:55, Field=Owner, Id=017p000004u4rDaAAI, IsDeleted=false, LeadId=00Qp0000004BesDEAS, OldValue=00510000008AOFXAA4, NewValue=005p0000002JlTLAA0}, LeadHistory:{CreatedDate=2018-11-10 06:48:55, Field=Owner, Id=017p000004u4rDZAAY, IsDeleted=false, LeadId=00Qp0000004BesDEAS, OldValue=Michael Smith, NewValue=Kerryann Tomas}, LeadHistory:{CreatedDate=2018-11-10 06:48:55, Field=StageToSALDate__c, Id=017p000004u4rDcAAI, IsDeleted=false, LeadId=00Qp0000004BesDEAS, OldValue=null, NewValue=2018-11-10 00:00:00})
12:19:04.0 (38288317)|USER_DEBUG|[81]|DEBUG|the value of mql2sal is2018-11-10 06:48:55
12:19:04.0 (38549107)|EXCEPTION_THROWN|[168]|System.NullPointerException: Attempt to de-reference a null object
12:19:04.0 (38710560)|USER_DEBUG|[172]|DEBUG|exception is System.NullPointerException: Attempt to de-reference a null object
12:19:04.0 (38782727)|EXCEPTION_THROWN|[168]|System.NullPointerException: Attempt to de-reference a null object
12:19:04.0 (38871208)|USER_DEBUG|[172]|DEBUG|exception is System.NullPointerException: Attempt to de-reference a null object
12:19:04.0 (39129323)|EXCEPTION_THROWN|[168]|System.NullPointerException: Attempt to de-reference a null object
12:19:04.0 (39241563)|USER_DEBUG|[172]|DEBUG|exception is System.NullPointerException: Attempt to de-reference a null object
12:19:04.0 (39389867)|EXCEPTION_THROWN|[168]|System.NullPointerException: Attempt to de-reference a null object
12:19:04.0 (39471408)|USER_DEBUG|[172]|DEBUG|exception is System.NullPointerException: Attempt to de-reference a null object
12:19:04.0 (39594600)|EXCEPTION_THROWN|[168]|System.NullPointerException: Attempt to de-reference a null object
12:19:04.0 (39671351)|USER_DEBUG|[172]|DEBUG|exception is System.NullPointerException: Attempt to de-reference a null object
12:19:04.0 (39828447)|EXCEPTION_THROWN|[168]|System.NullPointerException: Attempt to de-reference a null object
12:19:04.0 (39907252)|USER_DEBUG|[172]|DEBUG|exception is System.NullPointerException: Attempt to de-reference a null object
12:19:04.0 (39962165)|EXCEPTION_THROWN|[168]|System.NullPointerException: Attempt to de-reference a null object
12:19:04.0 (40043991)|USER_DEBUG|[172]|DEBUG|exception is System.NullPointerException: Attempt to de-reference a null object
12:19:04.0 (40166223)|EXCEPTION_THROWN|[168]|System.NullPointerException: Attempt to de-reference a null object
12:19:04.0 (40241804)|USER_DEBUG|[172]|DEBUG|exception is System.NullPointerException: Attempt to de-reference a null object
12:19:04.0 (40380567)|USER_DEBUG|[113]|DEBUG|Case1
12:19:04.0 (40427789)|EXCEPTION_THROWN|[168]|System.NullPointerException: Attempt to de-reference a null object
12:19:04.0 (40509611)|USER_DEBUG|[172]|DEBUG|exception is System.NullPointerException: Attempt to de-reference a null object
12:19:04.0 (40566872)|EXCEPTION_THROWN|[168]|System.NullPointerException: Attempt to de-reference a null object
12:19:04.0 (40644725)|USER_DEBUG|[172]|DEBUG|exception is System.NullPointerException: Attempt to de-reference a null object
12:19:04.0 (41026445)|SOQL_EXECUTE_BEGIN|[181]|Aggregations:0|SELECT id FROM UserRole 
12:19:04.0 (45028483)|SOQL_EXECUTE_END|[181]|Rows:2
12:19:04.0 (47186448)|SOQL_EXECUTE_BEGIN|[185]|Aggregations:0|SELECT id, name FROM user WHERE (id = :tmpVar1 AND UserRoleId IN :tmpVar2) LIMIT 1
12:19:04.0 (51096349)|SOQL_EXECUTE_END|[185]|Rows:1
12:19:04.0 (51410986)|SYSTEM_MODE_ENTER|true
12:19:04.0 (51991891)|SYSTEM_MODE_ENTER|true
12:19:04.0 (52730557)|SYSTEM_MODE_ENTER|true
12:19:04.0 (53251751)|SYSTEM_MODE_ENTER|true
12:19:04.0 (97221447)|SYSTEM_MODE_ENTER|true
12:19:04.0 (97499927)|SYSTEM_MODE_ENTER|true
12:19:04.0 (99348424)|VF_SERIALIZE_VIEWSTATE_BEGIN|06610000001Hj2u
12:19:04.0 (102145250)|VF_SERIALIZE_VIEWSTATE_END
12:19:04.104 (104834367)|CUMULATIVE_LIMIT_USAGE
12:19:04.104 (104834367)|LIMIT_USAGE_FOR_NS|(default)|
  Number of SOQL queries: 4 out of 100
  Number of query rows: 14 out of 50000
  Number of SOSL queries: 0 out of 20
  Number of DML statements: 0 out of 150
  Number of DML rows: 0 out of 10000
  Maximum CPU time: 0 out of 10000
  Maximum heap size: 0 out of 6000000
  Number of callouts: 0 out of 100
  Number of Email Invocations: 0 out of 10
  Number of future calls: 0 out of 50
  Number of queueable jobs added to the queue: 0 out of 50
  Number of Mobile Apex push calls: 0 out of 10

12:19:04.104 (104834367)|CUMULATIVE_LIMIT_USAGE_END

12:19:04.0 (104876734)|CODE_UNIT_FINISHED|VF: /apex/leadvisualizer
12:19:04.0 (105590951)|EXECUTION_FINISHED
