32.0 APEX_CODE,DEBUG;APEX_PROFILING,INFO;CALLOUT,INFO;DB,INFO;NBA,INFO;SYSTEM,DEBUG;VALIDATION,INFO;VISUALFORCE,INFO;WAVE,INFO;WORKFLOW,INFO
12:24:39.0 (67027)|USER_INFO|[EXTERNAL]|005p0000001vkCQ|sruti.srivastava@aurea.com.devsandbox|India Standard Time|GMT+05:30
12:24:39.0 (95199)|EXECUTION_STARTED
12:24:39.0 (99784)|CODE_UNIT_STARTED|[EXTERNAL]|06610000000j2PW|VF: /apex/InputLeadQualification
12:24:39.4 (4430017)|SYSTEM_MODE_ENTER|true
12:24:39.4 (4824881)|SYSTEM_MODE_ENTER|true
12:24:39.5 (5054376)|SYSTEM_MODE_ENTER|true
12:24:39.0 (8055415)|SYSTEM_MODE_ENTER|true
12:24:39.0 (11220213)|SOQL_EXECUTE_BEGIN|[54]|Aggregations:1|SELECT Id, country, Email, leadType__c, Factors__c, Comments__c, Status, CountryCode, Industry, NumberOfEmployees, OpportunityType__c, Stage__c, KA_Territory__c, HubSpot_Inc_Score__c, Company, KA_TrialExpiryDate__c, StatusToContactedDate__c, Budgeted__c, Role__c, City, PreviousOwner__c, Authority__c, CurrentSystem__c, UsedFor__c, Department__c, OwnerId, State, PostalCode, Phone, MobilePhone, HasOptedOutOfEmail, LeadSource, ManualOwnerChange__c, Reassigned_To__c, Assigned_SDR__c, Budget_determined__c, Authority_determined__c, Needs_determined__c, Timeline_determined__c, The_number_of_seats__c, Proposed_Kayako_Plan__c, infer3__Infer_Rating__c, infer3__Infer_Score__c, (SELECT Title, Body FROM Notes) FROM Lead WHERE Id = :tmpVar1 LIMIT 1
12:24:39.0 (28196430)|SOQL_EXECUTE_END|[54]|Rows:1
12:24:39.0 (30611177)|SOQL_EXECUTE_BEGIN|[21]|Aggregations:0|SELECT Id, Name, KA_LeadCounter__c, KA_Weightage__c, IsActive, ManagerId, Profile.Name, userRoleId FROM User WHERE id = :tmpVar1 LIMIT 1
12:24:39.0 (35748363)|SOQL_EXECUTE_END|[21]|Rows:1
12:24:39.40 (40511327)|SYSTEM_MODE_ENTER|true
12:24:39.40 (40696783)|SYSTEM_MODE_ENTER|true
12:24:39.0 (41344294)|SYSTEM_MODE_ENTER|true
12:24:39.0 (49265988)|SYSTEM_MODE_ENTER|true
12:24:39.0 (49420007)|SYSTEM_MODE_ENTER|true
12:24:39.0 (50885625)|SYSTEM_MODE_ENTER|true
12:24:39.0 (51051520)|SYSTEM_MODE_ENTER|true
12:24:39.0 (52476935)|SYSTEM_MODE_ENTER|true
12:24:39.0 (52642614)|SYSTEM_MODE_ENTER|true
12:24:39.0 (54051567)|SYSTEM_MODE_ENTER|true
12:24:39.0 (54231328)|SYSTEM_MODE_ENTER|true
12:24:39.0 (55640945)|SYSTEM_MODE_ENTER|true
12:24:39.0 (55778675)|SYSTEM_MODE_ENTER|true
12:24:39.0 (57232953)|SYSTEM_MODE_ENTER|true
12:24:39.0 (57412952)|SYSTEM_MODE_ENTER|true
12:24:39.0 (59369292)|SYSTEM_MODE_ENTER|true
12:24:39.0 (59835979)|SYSTEM_MODE_ENTER|true
12:24:39.0 (66363442)|SYSTEM_MODE_ENTER|true
12:24:39.0 (66580459)|SYSTEM_MODE_ENTER|true
12:24:39.0 (67701610)|VF_SERIALIZE_VIEWSTATE_BEGIN|06610000000j2PW
12:24:39.0 (70989671)|VF_SERIALIZE_VIEWSTATE_END
12:24:39.72 (72818098)|CUMULATIVE_LIMIT_USAGE
12:24:39.72 (72818098)|LIMIT_USAGE_FOR_NS|(default)|
  Number of SOQL queries: 2 out of 100
  Number of query rows: 2 out of 50000
  Number of SOSL queries: 0 out of 20
  Number of DML statements: 0 out of 150
  Number of DML rows: 0 out of 10000
  Maximum CPU time: 0 out of 10000
  Maximum heap size: 0 out of 6000000
  Number of callouts: 0 out of 100
  Number of Email Invocations: 0 out of 10
  Number of future calls: 0 out of 50
  Number of queueable jobs added to the queue: 0 out of 50
  Number of Mobile Apex push calls: 0 out of 10

12:24:39.72 (72818098)|CUMULATIVE_LIMIT_USAGE_END

12:24:39.0 (72854290)|CODE_UNIT_FINISHED|VF: /apex/InputLeadQualification
12:24:39.0 (73568953)|EXECUTION_FINISHED
