34.0 APEX_CODE,DEBUG;APEX_PROFILING,INFO;CALLOUT,INFO;DB,INFO;NBA,INFO;SYSTEM,DEBUG;VALIDATION,INFO;VISUALFORCE,INFO;WAVE,INFO;WORKFLOW,INFO
00:00:06.0 (465067)|USER_INFO|[EXTERNAL]|005p0000001vkCf|gaurav.agarwal.1@aurea.com.devsandbox|India Standard Time|GMT+05:30
00:00:06.0 (531974)|EXECUTION_STARTED
00:00:06.0 (541376)|CODE_UNIT_STARTED|[EXTERNAL]|06610000000j30p|VF: /apex/CreateNewLeadPage
00:00:06.0 (1048535)|VF_DESERIALIZE_VIEWSTATE_BEGIN|06610000000j30p
00:00:06.0 (8364648)|VF_DESERIALIZE_VIEWSTATE_END
00:00:06.9 (9466869)|SYSTEM_MODE_ENTER|true
00:00:06.10 (10525803)|SYSTEM_MODE_ENTER|true
00:00:06.0 (25191784)|SYSTEM_MODE_ENTER|true
00:00:06.0 (27214390)|USER_DEBUG|[22]|DEBUG|the value of the picval isFusion
00:00:06.0 (27314537)|USER_DEBUG|[22]|DEBUG|the value of the picval isCase
00:00:06.0 (27355331)|USER_DEBUG|[22]|DEBUG|the value of the picval isEngage
00:00:06.0 (27400997)|USER_DEBUG|[22]|DEBUG|the value of the picval isStandard
00:00:06.0 (27547885)|USER_DEBUG|[22]|DEBUG|the value of the picval isGrowth
00:00:06.0 (27606167)|USER_DEBUG|[22]|DEBUG|the value of the picval isEnterprise
00:00:06.0 (27650541)|USER_DEBUG|[22]|DEBUG|the value of the picval isFree
00:00:06.0 (27692165)|USER_DEBUG|[22]|DEBUG|the value of the picval isInbox
00:00:06.0 (27731926)|USER_DEBUG|[22]|DEBUG|the value of the picval isTeam
00:00:06.0 (27771060)|USER_DEBUG|[22]|DEBUG|the value of the picval isScale
00:00:06.29 (29040362)|SYSTEM_MODE_ENTER|true
00:00:06.0 (30841092)|SYSTEM_MODE_ENTER|false
00:00:06.0 (30999114)|DML_BEGIN|[57]|Op:ControllerSave|Type:Lead|Rows:1
00:00:06.185 (185307281)|CUMULATIVE_LIMIT_USAGE
00:00:06.185 (185307281)|LIMIT_USAGE_FOR_NS|(default)|
  Number of SOQL queries: 0 out of 100
  Number of query rows: 0 out of 50000
  Number of SOSL queries: 0 out of 20
  Number of DML statements: 0 out of 150
  Number of DML rows: 0 out of 10000
  Maximum CPU time: 0 out of 10000
  Maximum heap size: 0 out of 6000000
  Number of callouts: 0 out of 100
  Number of Email Invocations: 0 out of 10
  Number of future calls: 0 out of 50
  Number of queueable jobs added to the queue: 0 out of 50
  Number of Mobile Apex push calls: 0 out of 10

00:00:06.185 (185307281)|CUMULATIVE_LIMIT_USAGE_END

00:00:06.242 (242269481)|SAVEPOINT_SET|[69]|SavepointValue0
00:00:06.242 (243097931)|SOQL_EXECUTE_BEGIN|[89]|Aggregations:0|SELECT Id,Is_Open__c,entity_ids__c FROM Score_Object__c WHERE Is_Open__c != null AND Score_Field__c = 'score_object_id__c' AND Entity_Type__c = 'lead' LIMIT 1 FOR UPDATE
00:00:06.242 (249884301)|SOQL_EXECUTE_END|[89]|Rows:1
00:00:06.242 (260093419)|DML_BEGIN|[136]|Op:Update|Type:infer3__Score_Object__c|Rows:1
00:00:06.242 (350867473)|DML_END|[136]
00:00:06.351 (351052686)|CUMULATIVE_LIMIT_USAGE
00:00:06.351 (351052686)|LIMIT_USAGE_FOR_NS|(default)|
  Number of SOQL queries: 0 out of 100
  Number of query rows: 0 out of 50000
  Number of SOSL queries: 0 out of 20
  Number of DML statements: 0 out of 150
  Number of DML rows: 0 out of 10000
  Maximum CPU time: 0 out of 10000
  Maximum heap size: 0 out of 6000000
  Number of callouts: 0 out of 100
  Number of Email Invocations: 0 out of 10
  Number of future calls: 0 out of 50
  Number of queueable jobs added to the queue: 0 out of 50
  Number of Mobile Apex push calls: 0 out of 10

00:00:06.351 (351052686)|LIMIT_USAGE_FOR_NS|infer3|
  Number of SOQL queries: 1 out of 100
  Number of query rows: 1 out of 50000
  Number of SOSL queries: 0 out of 20
  Number of DML statements: 2 out of 150
  Number of DML rows: 2 out of 10000
  Maximum CPU time: 0 out of 10000
  Maximum heap size: 0 out of 6000000
  Number of callouts: 0 out of 100
  Number of Email Invocations: 0 out of 10
  Number of future calls: 0 out of 50
  Number of queueable jobs added to the queue: 0 out of 50
  Number of Mobile Apex push calls: 0 out of 10

00:00:06.351 (351052686)|CUMULATIVE_LIMIT_USAGE_END

00:00:06.356 (356860101)|CUMULATIVE_LIMIT_USAGE
00:00:06.356 (356860101)|LIMIT_USAGE_FOR_NS|(default)|
  Number of SOQL queries: 0 out of 100
  Number of query rows: 0 out of 50000
  Number of SOSL queries: 0 out of 20
  Number of DML statements: 0 out of 150
  Number of DML rows: 0 out of 10000
  Maximum CPU time: 0 out of 10000
  Maximum heap size: 0 out of 6000000
  Number of callouts: 0 out of 100
  Number of Email Invocations: 0 out of 10
  Number of future calls: 0 out of 50
  Number of queueable jobs added to the queue: 0 out of 50
  Number of Mobile Apex push calls: 0 out of 10

00:00:06.356 (356860101)|LIMIT_USAGE_FOR_NS|infer3|
  Number of SOQL queries: 1 out of 100
  Number of query rows: 1 out of 50000
  Number of SOSL queries: 0 out of 20
  Number of DML statements: 2 out of 150
  Number of DML rows: 2 out of 10000
  Maximum CPU time: 0 out of 10000
  Maximum heap size: 0 out of 6000000
  Number of callouts: 0 out of 100
  Number of Email Invocations: 0 out of 10
  Number of future calls: 0 out of 50
  Number of queueable jobs added to the queue: 0 out of 50
  Number of Mobile Apex push calls: 0 out of 10

00:00:06.356 (356860101)|CUMULATIVE_LIMIT_USAGE_END

00:00:06.367 (367186236)|CUMULATIVE_LIMIT_USAGE
00:00:06.367 (367186236)|LIMIT_USAGE_FOR_NS|(default)|
  Number of SOQL queries: 0 out of 100
  Number of query rows: 0 out of 50000
  Number of SOSL queries: 0 out of 20
  Number of DML statements: 0 out of 150
  Number of DML rows: 0 out of 10000
  Maximum CPU time: 0 out of 10000
  Maximum heap size: 0 out of 6000000
  Number of callouts: 0 out of 100
  Number of Email Invocations: 0 out of 10
  Number of future calls: 0 out of 50
  Number of queueable jobs added to the queue: 0 out of 50
  Number of Mobile Apex push calls: 0 out of 10

00:00:06.367 (367186236)|LIMIT_USAGE_FOR_NS|infer3|
  Number of SOQL queries: 1 out of 100
  Number of query rows: 1 out of 50000
  Number of SOSL queries: 0 out of 20
  Number of DML statements: 2 out of 150
  Number of DML rows: 2 out of 10000
  Maximum CPU time: 0 out of 10000
  Maximum heap size: 0 out of 6000000
  Number of callouts: 0 out of 100
  Number of Email Invocations: 0 out of 10
  Number of future calls: 0 out of 50
  Number of queueable jobs added to the queue: 0 out of 50
  Number of Mobile Apex push calls: 0 out of 10

00:00:06.367 (367186236)|CUMULATIVE_LIMIT_USAGE_END

00:00:06.0 (480410321)|CODE_UNIT_STARTED|[EXTERNAL]|01qp00000005CaZ|LeadTrigger on Lead trigger event BeforeInsert|__sfdc_trigger/LeadTrigger
00:00:06.0 (506945574)|SOQL_EXECUTE_BEGIN|[15]|Aggregations:0|SELECT id, name FROM User WHERE Name LIKE '%Hamzah%' LIMIT 1
00:00:06.0 (515851674)|SOQL_EXECUTE_END|[15]|Rows:1
00:00:06.516 (516290395)|CUMULATIVE_LIMIT_USAGE
00:00:06.516 (516290395)|LIMIT_USAGE_FOR_NS|(default)|
  Number of SOQL queries: 1 out of 100
  Number of query rows: 1 out of 50000
  Number of SOSL queries: 0 out of 20
  Number of DML statements: 0 out of 150
  Number of DML rows: 0 out of 10000
  Maximum CPU time: 0 out of 10000
  Maximum heap size: 0 out of 6000000
  Number of callouts: 0 out of 100
  Number of Email Invocations: 0 out of 10
  Number of future calls: 0 out of 50
  Number of queueable jobs added to the queue: 0 out of 50
  Number of Mobile Apex push calls: 0 out of 10

00:00:06.516 (516290395)|LIMIT_USAGE_FOR_NS|infer3|
  Number of SOQL queries: 1 out of 100
  Number of query rows: 1 out of 50000
  Number of SOSL queries: 0 out of 20
  Number of DML statements: 2 out of 150
  Number of DML rows: 2 out of 10000
  Maximum CPU time: 0 out of 10000
  Maximum heap size: 0 out of 6000000
  Number of callouts: 0 out of 100
  Number of Email Invocations: 0 out of 10
  Number of future calls: 0 out of 50
  Number of queueable jobs added to the queue: 0 out of 50
  Number of Mobile Apex push calls: 0 out of 10

00:00:06.516 (516290395)|CUMULATIVE_LIMIT_USAGE_END

00:00:06.0 (517357860)|CODE_UNIT_FINISHED|LeadTrigger on Lead trigger event BeforeInsert|__sfdc_trigger/LeadTrigger
00:00:06.0 (522312369)|CODE_UNIT_STARTED|[EXTERNAL]|01q10000000MMhF|UpdateExistingCustomer on Lead trigger event BeforeInsert|__sfdc_trigger/UpdateExistingCustomer
00:00:06.0 (527184010)|USER_DEBUG|[22]|DEBUG|leadsource  Webinar
00:00:06.0 (550920298)|USER_DEBUG|[34]|DEBUG|######{}
00:00:06.0 (550971886)|USER_DEBUG|[35]|DEBUG|######{test9009@test.com}
00:00:06.0 (555275433)|SOQL_EXECUTE_BEGIN|[36]|Aggregations:0|SELECT id, name, Family__c, Zuora__CustomerAccount__r.Zuora__BillToWorkEmail__c FROM Zuora__Subscription__c 
00:00:06.0 (605924281)|SOQL_EXECUTE_END|[36]|Rows:446
00:00:06.0 (641044356)|USER_DEBUG|[43]|DEBUG|map 1{null=(Zuora__Subscription__c:{Id=a16p00000021hRQAAY, Name=A-S00001765, Zuora__CustomerAccount__c=a0up00000026VtZAAU}, Zuora__Subscription__c:{Id=a16p00000021hRLAAY, Name=A-S00001764, Zuora__CustomerAccount__c=a0up00000026VtYAAU}, Zuora__Subscription__c:{Id=a16p0000002EfIJAA0, Name=A-S00001795, Zuora__CustomerAccount__c=a0up00000026mwxAAA}), accounts@worldhubcom.com=(Zuora__Subscription__c:{Id=a161000000AOC2XAAX, Name=A-S00002392, Zuora__CustomerAccount__c=a0u10000004xGGiAAM}), adam.howard@nimans.net=(Zuora__Subscription__c:{Id=a161000000AOBIWAA5, Name=A-S00002593, Zuora__CustomerAccount__c=a0u10000004xFWtAAM}), adam.lach@kopex.com.pl=(Zuora__Subscription__c:{Id=a161000000AOB1KAAX, Name=A-S00004384, Zuora__CustomerAccount__c=a0u10000004xFJmAAM}), adam@gamwelltech.com=(Zuora__Subscription__c:{Id=a161000000AOBVyAAP, Name=A-S00004751, Zuora__CustomerAccount__c=a0u10000004xFWiAAM}), adearing@cumulusnine.com=(Zuora__Subscription__c:{Id=a161000000AOAx7AAH, Name=A-S00004046, Zuora__CustomerAccount__c=a0u10000004xFHiAAM}), ademir.hernandez@grupoferromax.com=(Zuora__Subscription__c:{Id=a161000000AOBNWAA5, Name=A-S00002736, Zuora__CustomerAccount__c=a0u10000004xG1BAAU}), adirgan@gmail.com=(Zuora__Subscription__c:{Id=a161000000B4zR1AAJ, Name=A-S00007400, Zuora__CustomerAccount__c=a0u10000004I2JMAA0}), admin@coredesktop.com=(Zuora__Subscription__c:{Id=a161000000AOC5qAAH, Name=A-S00005623, Zuora__CustomerAccount__c=a0u10000004xG30AAE}), admin@mightyscripts.com=(Zuora__Subscription__c:{Id=a161000000BH3qSAAT, Name=A-S00006953, Zuora__CustomerAccount__c=a0u10000004ksUoAAI}), ...}
00:00:06.0 (641626100)|SOQL_EXECUTE_BEGIN|[45]|Aggregations:0|SELECT id, name, Family__c, Zuora__CustomerAccount__r.Zuora__BillToWorkEmail__c FROM Zuora__Subscription__c 
00:00:06.0 (705491384)|SOQL_EXECUTE_END|[45]|Rows:446
00:00:06.0 (760894161)|USER_DEBUG|[56]|DEBUG|mapOfEmailDomain{2020itsolutions.com=(Zuora__Subscription__c:{Id=a161000000AOBbqAAH, Name=A-S00005052, Zuora__CustomerAccount__c=a0u10000004xFbVAAU}), 219design.co.uk=(Zuora__Subscription__c:{Id=a161000000BFXtgAAH, Name=A-S00006769, Zuora__CustomerAccount__c=a0u10000004kN0eAAE}), 4one.digital=(Zuora__Subscription__c:{Id=a161000000AyYNmAAN, Name=A-S00006480, Zuora__CustomerAccount__c=a0u10000005ArW4AAK}), 5linx.com=(Zuora__Subscription__c:{Id=a16p00000021hQnAAI, Name=A-S00001480, Zuora__CustomerAccount__c=a0up00000026Vt5AAE}), a2-c.ch=(Zuora__Subscription__c:{Id=a161000000AOBVJAA5, Name=A-S00004717, Zuora__CustomerAccount__c=a0u10000004xFWHAA2}), a2ktechnologies.com.au=(Zuora__Subscription__c:{Id=a161000000AOBKOAA5, Name=A-S00003492, Zuora__CustomerAccount__c=a0u10000004xFRQAA2}), achieve-technology.com=(Zuora__Subscription__c:{Id=a161000000AOBOXAA5, Name=A-S00003101, Zuora__CustomerAccount__c=a0u10000004xGE9AAM}), activelogix.com=(Zuora__Subscription__c:{Id=a161000000AOBwbAAH, Name=A-S00003203, Zuora__CustomerAccount__c=a0u10000004xGJoAAM}), actorsfund.org=(Zuora__Subscription__c:{Id=a161000000AOBWcAAP, Name=A-S00000809, Zuora__CustomerAccount__c=a0u10000004xFX4AAM}), aerotek.com.tr=(Zuora__Subscription__c:{Id=a1610000009jBYlAAM, Name=A-S00006237, Zuora__CustomerAccount__c=a0u100000059wk3AAA}), ...}
00:00:06.0 (761103621)|USER_DEBUG|[62]|DEBUG|$$$$$$test9009@test.com
00:00:06.0 (761177370)|USER_DEBUG|[76]|DEBUG|domain not found!!!!!! ok now look for the exact match
00:00:06.0 (761248695)|USER_DEBUG|[89]|DEBUG|in the domain search block and domain is present
00:00:06.761 (761520799)|CUMULATIVE_LIMIT_USAGE
00:00:06.761 (761520799)|LIMIT_USAGE_FOR_NS|(default)|
  Number of SOQL queries: 3 out of 100
  Number of query rows: 893 out of 50000
  Number of SOSL queries: 0 out of 20
  Number of DML statements: 0 out of 150
  Number of DML rows: 0 out of 10000
  Maximum CPU time: 180 out of 10000
  Maximum heap size: 0 out of 6000000
  Number of callouts: 0 out of 100
  Number of Email Invocations: 0 out of 10
  Number of future calls: 0 out of 50
  Number of queueable jobs added to the queue: 0 out of 50
  Number of Mobile Apex push calls: 0 out of 10

00:00:06.761 (761520799)|LIMIT_USAGE_FOR_NS|infer3|
  Number of SOQL queries: 1 out of 100
  Number of query rows: 1 out of 50000
  Number of SOSL queries: 0 out of 20
  Number of DML statements: 2 out of 150
  Number of DML rows: 2 out of 10000
  Maximum CPU time: 0 out of 10000
  Maximum heap size: 0 out of 6000000
  Number of callouts: 0 out of 100
  Number of Email Invocations: 0 out of 10
  Number of future calls: 0 out of 50
  Number of queueable jobs added to the queue: 0 out of 50
  Number of Mobile Apex push calls: 0 out of 10

00:00:06.761 (761520799)|CUMULATIVE_LIMIT_USAGE_END

00:00:06.0 (762552465)|CODE_UNIT_FINISHED|UpdateExistingCustomer on Lead trigger event BeforeInsert|__sfdc_trigger/UpdateExistingCustomer
00:00:06.0 (765765383)|CODE_UNIT_STARTED|[EXTERNAL]|01q10000000V2mG|LeadToMQL on Lead trigger event BeforeInsert|__sfdc_trigger/LeadToMQL
00:00:06.766 (766180998)|CUMULATIVE_LIMIT_USAGE
00:00:06.766 (766180998)|LIMIT_USAGE_FOR_NS|(default)|
  Number of SOQL queries: 3 out of 100
  Number of query rows: 893 out of 50000
  Number of SOSL queries: 0 out of 20
  Number of DML statements: 0 out of 150
  Number of DML rows: 0 out of 10000
  Maximum CPU time: 180 out of 10000
  Maximum heap size: 0 out of 6000000
  Number of callouts: 0 out of 100
  Number of Email Invocations: 0 out of 10
  Number of future calls: 0 out of 50
  Number of queueable jobs added to the queue: 0 out of 50
  Number of Mobile Apex push calls: 0 out of 10

00:00:06.766 (766180998)|LIMIT_USAGE_FOR_NS|infer3|
  Number of SOQL queries: 1 out of 100
  Number of query rows: 1 out of 50000
  Number of SOSL queries: 0 out of 20
  Number of DML statements: 2 out of 150
  Number of DML rows: 2 out of 10000
  Maximum CPU time: 0 out of 10000
  Maximum heap size: 0 out of 6000000
  Number of callouts: 0 out of 100
  Number of Email Invocations: 0 out of 10
  Number of future calls: 0 out of 50
  Number of queueable jobs added to the queue: 0 out of 50
  Number of Mobile Apex push calls: 0 out of 10

00:00:06.766 (766180998)|CUMULATIVE_LIMIT_USAGE_END

00:00:06.0 (767277715)|CODE_UNIT_FINISHED|LeadToMQL on Lead trigger event BeforeInsert|__sfdc_trigger/LeadToMQL
00:00:06.0 (769989516)|CODE_UNIT_STARTED|[EXTERNAL]|01q10000000V2n8|DuplicateLeadCheck on Lead trigger event BeforeInsert|__sfdc_trigger/DuplicateLeadCheck
00:00:06.0 (770593760)|SOQL_EXECUTE_BEGIN|[11]|Aggregations:0|SELECT email FROM lead 
00:00:06.0 (774550396)|SOQL_EXECUTE_END|[11]|Rows:0
00:00:06.774 (774884326)|CUMULATIVE_LIMIT_USAGE
00:00:06.774 (774884326)|LIMIT_USAGE_FOR_NS|(default)|
  Number of SOQL queries: 4 out of 100
  Number of query rows: 893 out of 50000
  Number of SOSL queries: 0 out of 20
  Number of DML statements: 0 out of 150
  Number of DML rows: 0 out of 10000
  Maximum CPU time: 180 out of 10000
  Maximum heap size: 0 out of 6000000
  Number of callouts: 0 out of 100
  Number of Email Invocations: 0 out of 10
  Number of future calls: 0 out of 50
  Number of queueable jobs added to the queue: 0 out of 50
  Number of Mobile Apex push calls: 0 out of 10

00:00:06.774 (774884326)|LIMIT_USAGE_FOR_NS|infer3|
  Number of SOQL queries: 1 out of 100
  Number of query rows: 1 out of 50000
  Number of SOSL queries: 0 out of 20
  Number of DML statements: 2 out of 150
  Number of DML rows: 2 out of 10000
  Maximum CPU time: 0 out of 10000
  Maximum heap size: 0 out of 6000000
  Number of callouts: 0 out of 100
  Number of Email Invocations: 0 out of 10
  Number of future calls: 0 out of 50
  Number of queueable jobs added to the queue: 0 out of 50
  Number of Mobile Apex push calls: 0 out of 10

00:00:06.774 (774884326)|CUMULATIVE_LIMIT_USAGE_END

00:00:06.0 (775681585)|CODE_UNIT_FINISHED|DuplicateLeadCheck on Lead trigger event BeforeInsert|__sfdc_trigger/DuplicateLeadCheck
00:00:06.0 (778762126)|CODE_UNIT_STARTED|[EXTERNAL]|01q10000000V3cc|CopyEmailtoUniqueEmail on Lead trigger event BeforeInsert|__sfdc_trigger/CopyEmailtoUniqueEmail
00:00:06.779 (779109111)|CUMULATIVE_LIMIT_USAGE
00:00:06.779 (779109111)|LIMIT_USAGE_FOR_NS|(default)|
  Number of SOQL queries: 4 out of 100
  Number of query rows: 893 out of 50000
  Number of SOSL queries: 0 out of 20
  Number of DML statements: 0 out of 150
  Number of DML rows: 0 out of 10000
  Maximum CPU time: 180 out of 10000
  Maximum heap size: 0 out of 6000000
  Number of callouts: 0 out of 100
  Number of Email Invocations: 0 out of 10
  Number of future calls: 0 out of 50
  Number of queueable jobs added to the queue: 0 out of 50
  Number of Mobile Apex push calls: 0 out of 10

00:00:06.779 (779109111)|LIMIT_USAGE_FOR_NS|infer3|
  Number of SOQL queries: 1 out of 100
  Number of query rows: 1 out of 50000
  Number of SOSL queries: 0 out of 20
  Number of DML statements: 2 out of 150
  Number of DML rows: 2 out of 10000
  Maximum CPU time: 0 out of 10000
  Maximum heap size: 0 out of 6000000
  Number of callouts: 0 out of 100
  Number of Email Invocations: 0 out of 10
  Number of future calls: 0 out of 50
  Number of queueable jobs added to the queue: 0 out of 50
  Number of Mobile Apex push calls: 0 out of 10

00:00:06.779 (779109111)|CUMULATIVE_LIMIT_USAGE_END

00:00:06.0 (780219322)|CODE_UNIT_FINISHED|CopyEmailtoUniqueEmail on Lead trigger event BeforeInsert|__sfdc_trigger/CopyEmailtoUniqueEmail
00:00:06.0 (787398646)|CODE_UNIT_STARTED|[EXTERNAL]|Validation:Lead:new
00:00:06.0 (787422442)|VALIDATION_RULE|03d10000000Vdzi|Address_information_required
00:00:06.0 (787616286)|VALIDATION_FORMULA|AND (
ISCHANGED(Status), 
ISPICKVAL(Status, 'Interested') 
&& 
(City = "" &#124;&#124;  PostalCode  = "")
)|Status=Open , PostalCode=null , City=null
00:00:06.0 (787628510)|VALIDATION_PASS
00:00:06.0 (787631572)|VALIDATION_RULE|03d10000000VeIV|Lead_Source_field_is_blank
00:00:06.0 (787725807)|VALIDATION_FORMULA|TEXT(Stage__c) = "SAL" && TEXT(Status) = "Open"
&& 
ISPICKVAL( LeadSource , "")|Status=Open , LeadSource=Webinar , Stage__c=MQL
00:00:06.0 (787733739)|VALIDATION_PASS
00:00:06.0 (787736037)|VALIDATION_RULE|03dp00000005n5t|Lock_User_for_SLA_Breach
00:00:06.0 (788011704)|VALIDATION_FORMULA|if(AND( NOT(SLA_Breached__c), NOT( IsResponded__c ), OR($Profile.Name = "Account Executive", $Profile.Name = "Sales Development Representative" ) , (SDR_Assign_Date__c > DATETIMEVALUE("2018-10-28 19:15:00") ) ,(( NOW()-SDR_Assign_Date__c )*24*60)>20),true,false)|IsResponded__c=0 , $Profile.Name=System Administrator , SLA_Breached__c=0 , SDR_Assign_Date__c=null
00:00:06.0 (788023415)|VALIDATION_PASS
00:00:06.0 (788026093)|VALIDATION_RULE|03d10000000Ve4E|Phone_number_in_right_format
00:00:06.0 (788105970)|VALIDATION_FORMULA|AND ( 
ISCHANGED(Status), 
ISPICKVAL(Status, 'Contacted') 
&& 
LEFT(Phone, 1) <> "+")|Status=Open , Phone=6545465
00:00:06.0 (788113896)|VALIDATION_PASS
00:00:06.0 (788464473)|CODE_UNIT_FINISHED|Validation:Lead:new
00:00:06.883 (883682729)|CUMULATIVE_LIMIT_USAGE
00:00:06.883 (883682729)|LIMIT_USAGE_FOR_NS|(default)|
  Number of SOQL queries: 4 out of 100
  Number of query rows: 893 out of 50000
  Number of SOSL queries: 0 out of 20
  Number of DML statements: 0 out of 150
  Number of DML rows: 0 out of 10000
  Maximum CPU time: 180 out of 10000
  Maximum heap size: 0 out of 6000000
  Number of callouts: 0 out of 100
  Number of Email Invocations: 0 out of 10
  Number of future calls: 0 out of 50
  Number of queueable jobs added to the queue: 0 out of 50
  Number of Mobile Apex push calls: 0 out of 10

00:00:06.883 (883682729)|LIMIT_USAGE_FOR_NS|infer3|
  Number of SOQL queries: 1 out of 100
  Number of query rows: 1 out of 50000
  Number of SOSL queries: 0 out of 20
  Number of DML statements: 2 out of 150
  Number of DML rows: 2 out of 10000
  Maximum CPU time: 0 out of 10000
  Maximum heap size: 0 out of 6000000
  Number of callouts: 0 out of 100
  Number of Email Invocations: 0 out of 10
  Number of future calls: 0 out of 50
  Number of queueable jobs added to the queue: 0 out of 50
  Number of Mobile Apex push calls: 0 out of 10

00:00:06.883 (883682729)|CUMULATIVE_LIMIT_USAGE_END

00:00:06.900 (900059660)|SOQL_EXECUTE_BEGIN|[305]|Aggregations:0|SELECT Id,entity_ids__c FROM Score_Object__c WHERE Id in ('a1Hp0000000ykyuEAA') FOR UPDATE
00:00:06.900 (904127448)|SOQL_EXECUTE_END|[305]|Rows:1
00:00:06.900 (905883630)|DML_BEGIN|[325]|Op:Update|Type:infer3__Score_Object__c|Rows:1
00:00:06.900 (923651790)|DML_END|[325]
00:00:06.923 (923753658)|CUMULATIVE_LIMIT_USAGE
00:00:06.923 (923753658)|LIMIT_USAGE_FOR_NS|(default)|
  Number of SOQL queries: 4 out of 100
  Number of query rows: 893 out of 50000
  Number of SOSL queries: 0 out of 20
  Number of DML statements: 0 out of 150
  Number of DML rows: 0 out of 10000
  Maximum CPU time: 324 out of 10000
  Maximum heap size: 0 out of 6000000
  Number of callouts: 0 out of 100
  Number of Email Invocations: 0 out of 10
  Number of future calls: 0 out of 50
  Number of queueable jobs added to the queue: 0 out of 50
  Number of Mobile Apex push calls: 0 out of 10

00:00:06.923 (923753658)|LIMIT_USAGE_FOR_NS|infer3|
  Number of SOQL queries: 2 out of 100
  Number of query rows: 2 out of 50000
  Number of SOSL queries: 0 out of 20
  Number of DML statements: 3 out of 150
  Number of DML rows: 3 out of 10000
  Maximum CPU time: 0 out of 10000
  Maximum heap size: 0 out of 6000000
  Number of callouts: 0 out of 100
  Number of Email Invocations: 0 out of 10
  Number of future calls: 0 out of 50
  Number of queueable jobs added to the queue: 0 out of 50
  Number of Mobile Apex push calls: 0 out of 10

00:00:06.923 (923753658)|CUMULATIVE_LIMIT_USAGE_END

00:00:06.944 (944170944)|CUMULATIVE_LIMIT_USAGE
00:00:06.944 (944170944)|LIMIT_USAGE_FOR_NS|(default)|
  Number of SOQL queries: 4 out of 100
  Number of query rows: 893 out of 50000
  Number of SOSL queries: 0 out of 20
  Number of DML statements: 0 out of 150
  Number of DML rows: 0 out of 10000
  Maximum CPU time: 324 out of 10000
  Maximum heap size: 0 out of 6000000
  Number of callouts: 0 out of 100
  Number of Email Invocations: 0 out of 10
  Number of future calls: 0 out of 50
  Number of queueable jobs added to the queue: 0 out of 50
  Number of Mobile Apex push calls: 0 out of 10

00:00:06.944 (944170944)|LIMIT_USAGE_FOR_NS|infer3|
  Number of SOQL queries: 2 out of 100
  Number of query rows: 2 out of 50000
  Number of SOSL queries: 0 out of 20
  Number of DML statements: 3 out of 150
  Number of DML rows: 3 out of 10000
  Maximum CPU time: 0 out of 10000
  Maximum heap size: 0 out of 6000000
  Number of callouts: 0 out of 100
  Number of Email Invocations: 0 out of 10
  Number of future calls: 0 out of 50
  Number of queueable jobs added to the queue: 0 out of 50
  Number of Mobile Apex push calls: 0 out of 10

00:00:06.944 (944170944)|LIMIT_USAGE_FOR_NS|kfs|
  Number of SOQL queries: 0 out of 100
  Number of query rows: 0 out of 50000
  Number of SOSL queries: 0 out of 20
  Number of DML statements: 0 out of 150
  Number of DML rows: 0 out of 10000
  Maximum CPU time: 0 out of 10000
  Maximum heap size: 0 out of 6000000
  Number of callouts: 0 out of 100
  Number of Email Invocations: 0 out of 10
  Number of future calls: 1 out of 50
  Number of queueable jobs added to the queue: 0 out of 50
  Number of Mobile Apex push calls: 0 out of 10

00:00:06.944 (944170944)|CUMULATIVE_LIMIT_USAGE_END

00:00:06.0 (946677268)|CODE_UNIT_STARTED|[EXTERNAL]|01qp00000005CaZ|LeadTrigger on Lead trigger event AfterInsert|__sfdc_trigger/LeadTrigger
00:00:06.946 (946900794)|CUMULATIVE_LIMIT_USAGE
00:00:06.946 (946900794)|LIMIT_USAGE_FOR_NS|(default)|
  Number of SOQL queries: 4 out of 100
  Number of query rows: 893 out of 50000
  Number of SOSL queries: 0 out of 20
  Number of DML statements: 0 out of 150
  Number of DML rows: 0 out of 10000
  Maximum CPU time: 324 out of 10000
  Maximum heap size: 0 out of 6000000
  Number of callouts: 0 out of 100
  Number of Email Invocations: 0 out of 10
  Number of future calls: 0 out of 50
  Number of queueable jobs added to the queue: 0 out of 50
  Number of Mobile Apex push calls: 0 out of 10

00:00:06.946 (946900794)|LIMIT_USAGE_FOR_NS|infer3|
  Number of SOQL queries: 2 out of 100
  Number of query rows: 2 out of 50000
  Number of SOSL queries: 0 out of 20
  Number of DML statements: 3 out of 150
  Number of DML rows: 3 out of 10000
  Maximum CPU time: 0 out of 10000
  Maximum heap size: 0 out of 6000000
  Number of callouts: 0 out of 100
  Number of Email Invocations: 0 out of 10
  Number of future calls: 0 out of 50
  Number of queueable jobs added to the queue: 0 out of 50
  Number of Mobile Apex push calls: 0 out of 10

00:00:06.946 (946900794)|LIMIT_USAGE_FOR_NS|kfs|
  Number of SOQL queries: 0 out of 100
  Number of query rows: 0 out of 50000
  Number of SOSL queries: 0 out of 20
  Number of DML statements: 0 out of 150
  Number of DML rows: 0 out of 10000
  Maximum CPU time: 0 out of 10000
  Maximum heap size: 0 out of 6000000
  Number of callouts: 0 out of 100
  Number of Email Invocations: 0 out of 10
  Number of future calls: 1 out of 50
  Number of queueable jobs added to the queue: 0 out of 50
  Number of Mobile Apex push calls: 0 out of 10

00:00:06.946 (946900794)|CUMULATIVE_LIMIT_USAGE_END

00:00:06.0 (947597291)|CODE_UNIT_FINISHED|LeadTrigger on Lead trigger event AfterInsert|__sfdc_trigger/LeadTrigger
00:00:06.0 (950753386)|CODE_UNIT_STARTED|[EXTERNAL]|01q10000000R5Xo|OnLeadInsert on Lead trigger event AfterInsert|__sfdc_trigger/OnLeadInsert
00:00:06.0 (960495462)|SOQL_EXECUTE_BEGIN|[54]|Aggregations:1|SELECT Id, country, Email, leadType__c, Factors__c, Comments__c, Status, CountryCode, Industry, NumberOfEmployees, OpportunityType__c, Stage__c, KA_Territory__c, HubSpot_Inc_Score__c, Company, KA_TrialExpiryDate__c, StatusToContactedDate__c, Budgeted__c, Role__c, City, PreviousOwner__c, Authority__c, CurrentSystem__c, UsedFor__c, Department__c, OwnerId, State, PostalCode, Phone, MobilePhone, HasOptedOutOfEmail, LeadSource, ManualOwnerChange__c, Reassigned_To__c, Assigned_SDR__c, Budget_determined__c, Authority_determined__c, Needs_determined__c, Timeline_determined__c, The_number_of_seats__c, Proposed_Kayako_Plan__c, infer3__Infer_Rating__c, infer3__Infer_Score__c, (SELECT Title, Body FROM Notes) FROM Lead WHERE Id = :tmpVar1 LIMIT 1
00:00:06.0 (975295786)|SOQL_EXECUTE_END|[54]|Rows:1
00:00:06.0 (981338531)|SOQL_EXECUTE_BEGIN|[36]|Aggregations:0|SELECT ParentTerritory2.id, ParentTerritory2.Name, ParentTerritory2.DeveloperName FROM Territory2 WHERE DeveloperName = :tmpVar1 LIMIT 1
00:00:07.31 (1031710882)|SOQL_EXECUTE_END|[36]|Rows:1
00:00:07.31 (1032301522)|DML_BEGIN|[36]|Op:Update|Type:Lead|Rows:1
00:00:07.43 (1043318360)|CUMULATIVE_LIMIT_USAGE
00:00:07.43 (1043318360)|LIMIT_USAGE_FOR_NS|(default)|
  Number of SOQL queries: 6 out of 100
  Number of query rows: 895 out of 50000
  Number of SOSL queries: 0 out of 20
  Number of DML statements: 1 out of 150
  Number of DML rows: 1 out of 10000
  Maximum CPU time: 324 out of 10000
  Maximum heap size: 0 out of 6000000
  Number of callouts: 0 out of 100
  Number of Email Invocations: 0 out of 10
  Number of future calls: 0 out of 50
  Number of queueable jobs added to the queue: 0 out of 50
  Number of Mobile Apex push calls: 0 out of 10

00:00:07.43 (1043318360)|LIMIT_USAGE_FOR_NS|infer3|
  Number of SOQL queries: 2 out of 100
  Number of query rows: 2 out of 50000
  Number of SOSL queries: 0 out of 20
  Number of DML statements: 3 out of 150
  Number of DML rows: 3 out of 10000
  Maximum CPU time: 0 out of 10000
  Maximum heap size: 0 out of 6000000
  Number of callouts: 0 out of 100
  Number of Email Invocations: 0 out of 10
  Number of future calls: 0 out of 50
  Number of queueable jobs added to the queue: 0 out of 50
  Number of Mobile Apex push calls: 0 out of 10

00:00:07.43 (1043318360)|LIMIT_USAGE_FOR_NS|kfs|
  Number of SOQL queries: 0 out of 100
  Number of query rows: 0 out of 50000
  Number of SOSL queries: 0 out of 20
  Number of DML statements: 0 out of 150
  Number of DML rows: 0 out of 10000
  Maximum CPU time: 0 out of 10000
  Maximum heap size: 0 out of 6000000
  Number of callouts: 0 out of 100
  Number of Email Invocations: 0 out of 10
  Number of future calls: 1 out of 50
  Number of queueable jobs added to the queue: 0 out of 50
  Number of Mobile Apex push calls: 0 out of 10

00:00:07.43 (1043318360)|CUMULATIVE_LIMIT_USAGE_END

00:00:07.31 (1045165337)|CODE_UNIT_STARTED|[EXTERNAL]|01qp00000005CaZ|LeadTrigger on Lead trigger event BeforeUpdate|__sfdc_trigger/LeadTrigger
00:00:07.45 (1045380079)|CUMULATIVE_LIMIT_USAGE
00:00:07.45 (1045380079)|LIMIT_USAGE_FOR_NS|(default)|
  Number of SOQL queries: 6 out of 100
  Number of query rows: 895 out of 50000
  Number of SOSL queries: 0 out of 20
  Number of DML statements: 1 out of 150
  Number of DML rows: 1 out of 10000
  Maximum CPU time: 324 out of 10000
  Maximum heap size: 0 out of 6000000
  Number of callouts: 0 out of 100
  Number of Email Invocations: 0 out of 10
  Number of future calls: 0 out of 50
  Number of queueable jobs added to the queue: 0 out of 50
  Number of Mobile Apex push calls: 0 out of 10

00:00:07.45 (1045380079)|LIMIT_USAGE_FOR_NS|infer3|
  Number of SOQL queries: 2 out of 100
  Number of query rows: 2 out of 50000
  Number of SOSL queries: 0 out of 20
  Number of DML statements: 3 out of 150
  Number of DML rows: 3 out of 10000
  Maximum CPU time: 0 out of 10000
  Maximum heap size: 0 out of 6000000
  Number of callouts: 0 out of 100
  Number of Email Invocations: 0 out of 10
  Number of future calls: 0 out of 50
  Number of queueable jobs added to the queue: 0 out of 50
  Number of Mobile Apex push calls: 0 out of 10

00:00:07.45 (1045380079)|LIMIT_USAGE_FOR_NS|kfs|
  Number of SOQL queries: 0 out of 100
  Number of query rows: 0 out of 50000
  Number of SOSL queries: 0 out of 20
  Number of DML statements: 0 out of 150
  Number of DML rows: 0 out of 10000
  Maximum CPU time: 0 out of 10000
  Maximum heap size: 0 out of 6000000
  Number of callouts: 0 out of 100
  Number of Email Invocations: 0 out of 10
  Number of future calls: 1 out of 50
  Number of queueable jobs added to the queue: 0 out of 50
  Number of Mobile Apex push calls: 0 out of 10

00:00:07.45 (1045380079)|CUMULATIVE_LIMIT_USAGE_END

00:00:07.31 (1046107262)|CODE_UNIT_FINISHED|LeadTrigger on Lead trigger event BeforeUpdate|__sfdc_trigger/LeadTrigger
00:00:07.31 (1046747443)|CODE_UNIT_STARTED|[EXTERNAL]|01q10000000MMhF|UpdateExistingCustomer on Lead trigger event BeforeUpdate|__sfdc_trigger/UpdateExistingCustomer
00:00:07.46 (1046845205)|CUMULATIVE_LIMIT_USAGE
00:00:07.46 (1046845205)|LIMIT_USAGE_FOR_NS|(default)|
  Number of SOQL queries: 6 out of 100
  Number of query rows: 895 out of 50000
  Number of SOSL queries: 0 out of 20
  Number of DML statements: 1 out of 150
  Number of DML rows: 1 out of 10000
  Maximum CPU time: 324 out of 10000
  Maximum heap size: 0 out of 6000000
  Number of callouts: 0 out of 100
  Number of Email Invocations: 0 out of 10
  Number of future calls: 0 out of 50
  Number of queueable jobs added to the queue: 0 out of 50
  Number of Mobile Apex push calls: 0 out of 10

00:00:07.46 (1046845205)|LIMIT_USAGE_FOR_NS|infer3|
  Number of SOQL queries: 2 out of 100
  Number of query rows: 2 out of 50000
  Number of SOSL queries: 0 out of 20
  Number of DML statements: 3 out of 150
  Number of DML rows: 3 out of 10000
  Maximum CPU time: 0 out of 10000
  Maximum heap size: 0 out of 6000000
  Number of callouts: 0 out of 100
  Number of Email Invocations: 0 out of 10
  Number of future calls: 0 out of 50
  Number of queueable jobs added to the queue: 0 out of 50
  Number of Mobile Apex push calls: 0 out of 10

00:00:07.46 (1046845205)|LIMIT_USAGE_FOR_NS|kfs|
  Number of SOQL queries: 0 out of 100
  Number of query rows: 0 out of 50000
  Number of SOSL queries: 0 out of 20
  Number of DML statements: 0 out of 150
  Number of DML rows: 0 out of 10000
  Maximum CPU time: 0 out of 10000
  Maximum heap size: 0 out of 6000000
  Number of callouts: 0 out of 100
  Number of Email Invocations: 0 out of 10
  Number of future calls: 1 out of 50
  Number of queueable jobs added to the queue: 0 out of 50
  Number of Mobile Apex push calls: 0 out of 10

00:00:07.46 (1046845205)|CUMULATIVE_LIMIT_USAGE_END

00:00:07.31 (1047590903)|CODE_UNIT_FINISHED|UpdateExistingCustomer on Lead trigger event BeforeUpdate|__sfdc_trigger/UpdateExistingCustomer
00:00:07.31 (1048245096)|CODE_UNIT_STARTED|[EXTERNAL]|01q10000000V3cc|CopyEmailtoUniqueEmail on Lead trigger event BeforeUpdate|__sfdc_trigger/CopyEmailtoUniqueEmail
00:00:07.48 (1048458964)|CUMULATIVE_LIMIT_USAGE
00:00:07.48 (1048458964)|LIMIT_USAGE_FOR_NS|(default)|
  Number of SOQL queries: 6 out of 100
  Number of query rows: 895 out of 50000
  Number of SOSL queries: 0 out of 20
  Number of DML statements: 1 out of 150
  Number of DML rows: 1 out of 10000
  Maximum CPU time: 324 out of 10000
  Maximum heap size: 0 out of 6000000
  Number of callouts: 0 out of 100
  Number of Email Invocations: 0 out of 10
  Number of future calls: 0 out of 50
  Number of queueable jobs added to the queue: 0 out of 50
  Number of Mobile Apex push calls: 0 out of 10

00:00:07.48 (1048458964)|LIMIT_USAGE_FOR_NS|infer3|
  Number of SOQL queries: 2 out of 100
  Number of query rows: 2 out of 50000
  Number of SOSL queries: 0 out of 20
  Number of DML statements: 3 out of 150
  Number of DML rows: 3 out of 10000
  Maximum CPU time: 0 out of 10000
  Maximum heap size: 0 out of 6000000
  Number of callouts: 0 out of 100
  Number of Email Invocations: 0 out of 10
  Number of future calls: 0 out of 50
  Number of queueable jobs added to the queue: 0 out of 50
  Number of Mobile Apex push calls: 0 out of 10

00:00:07.48 (1048458964)|LIMIT_USAGE_FOR_NS|kfs|
  Number of SOQL queries: 0 out of 100
  Number of query rows: 0 out of 50000
  Number of SOSL queries: 0 out of 20
  Number of DML statements: 0 out of 150
  Number of DML rows: 0 out of 10000
  Maximum CPU time: 0 out of 10000
  Maximum heap size: 0 out of 6000000
  Number of callouts: 0 out of 100
  Number of Email Invocations: 0 out of 10
  Number of future calls: 1 out of 50
  Number of queueable jobs added to the queue: 0 out of 50
  Number of Mobile Apex push calls: 0 out of 10

00:00:07.48 (1048458964)|CUMULATIVE_LIMIT_USAGE_END

00:00:07.31 (1049542304)|CODE_UNIT_FINISHED|CopyEmailtoUniqueEmail on Lead trigger event BeforeUpdate|__sfdc_trigger/CopyEmailtoUniqueEmail
00:00:07.31 (1051428765)|CODE_UNIT_STARTED|[EXTERNAL]|Validation:Lead:00Qp0000004Be0y
00:00:07.31 (1051446695)|VALIDATION_RULE|03d10000000Vdzi|Address_information_required
00:00:07.31 (1051637361)|VALIDATION_FORMULA|AND (
ISCHANGED(Status), 
ISPICKVAL(Status, 'Interested') 
&& 
(City = "" &#124;&#124;  PostalCode  = "")
)|Status=Open , PostalCode=null , City=null
00:00:07.31 (1051649218)|VALIDATION_PASS
00:00:07.31 (1051652563)|VALIDATION_RULE|03d10000000VeIV|Lead_Source_field_is_blank
00:00:07.31 (1051750581)|VALIDATION_FORMULA|TEXT(Stage__c) = "SAL" && TEXT(Status) = "Open"
&& 
ISPICKVAL( LeadSource , "")|Status=Open , LeadSource=Webinar , Stage__c=MQL
00:00:07.31 (1051758774)|VALIDATION_PASS
00:00:07.31 (1051760970)|VALIDATION_RULE|03dp00000005n5t|Lock_User_for_SLA_Breach
00:00:07.31 (1052006642)|VALIDATION_FORMULA|if(AND( NOT(SLA_Breached__c), NOT( IsResponded__c ), OR($Profile.Name = "Account Executive", $Profile.Name = "Sales Development Representative" ) , (SDR_Assign_Date__c > DATETIMEVALUE("2018-10-28 19:15:00") ) ,(( NOW()-SDR_Assign_Date__c )*24*60)>20),true,false)|IsResponded__c=0 , $Profile.Name=System Administrator , SLA_Breached__c=0 , SDR_Assign_Date__c=null
00:00:07.31 (1052019426)|VALIDATION_PASS
00:00:07.31 (1052021988)|VALIDATION_RULE|03d10000000Ve4E|Phone_number_in_right_format
00:00:07.31 (1052101254)|VALIDATION_FORMULA|AND ( 
ISCHANGED(Status), 
ISPICKVAL(Status, 'Contacted') 
&& 
LEFT(Phone, 1) <> "+")|Status=Open , Phone=6545465
00:00:07.31 (1052114083)|VALIDATION_PASS
00:00:07.31 (1052424312)|CODE_UNIT_FINISHED|Validation:Lead:00Qp0000004Be0y
00:00:07.77 (1077139921)|SOQL_EXECUTE_BEGIN|[462]|Aggregations:0|SELECT Account__c, Contact__c, Lead__c FROM Visitor_Sessions__c p WHERE Lead__c = :tmpVar1
00:00:07.77 (1079042042)|SOQL_EXECUTE_END|[462]|Rows:0
00:00:07.77 (1082517772)|SOQL_EXECUTE_BEGIN|[495]|Aggregations:0|SELECT MasterLabel, cloudamp__Contact_Field_API__c FROM cloudamp__Lead_Contact_Mapped_Fields__mdt
00:00:07.77 (1085909831)|SOQL_EXECUTE_END|[495]|Rows:22
00:00:07.77 (1089511804)|SOQL_EXECUTE_BEGIN|[503]|Aggregations:0|SELECT Id , cloudamp__GA_Campaign__c, cloudamp__GA_Content__c, cloudamp__GA_Medium__c, cloudamp__GA_Source__c, cloudamp__GA_Term__c, cloudamp__Keyword__c, cloudamp__Lead_Source_Type__c, cloudamp__Paid_Search__c, cloudamp__Referrer__c, cloudamp__Search_Engine__c, cloudamp__gclid__c, cloudamp__Last_UTM_Campaign__c, cloudamp__Last_UTM_Content__c, cloudamp__Last_UTM_Medium__c, cloudamp__Last_UTM_Source__c, cloudamp__Last_UTM_Term__c, cloudamp__last_Keyword__c, cloudamp__last_Lead_Source_Type__c, cloudamp__last_Paid_Search__c, cloudamp__last_Referrer__c, cloudamp__last_Search_Engine__c, cloudamp__last_gclid__c FROM Contact WHERE Id IN :convertedLeadIds
00:00:07.77 (1095684026)|SOQL_EXECUTE_END|[503]|Rows:0
00:00:07.96 (1096054062)|CUMULATIVE_LIMIT_USAGE
00:00:07.96 (1096054062)|LIMIT_USAGE_FOR_NS|(default)|
  Number of SOQL queries: 6 out of 100
  Number of query rows: 895 out of 50000
  Number of SOSL queries: 0 out of 20
  Number of DML statements: 1 out of 150
  Number of DML rows: 1 out of 10000
  Maximum CPU time: 324 out of 10000
  Maximum heap size: 0 out of 6000000
  Number of callouts: 0 out of 100
  Number of Email Invocations: 0 out of 10
  Number of future calls: 0 out of 50
  Number of queueable jobs added to the queue: 0 out of 50
  Number of Mobile Apex push calls: 0 out of 10

00:00:07.96 (1096054062)|LIMIT_USAGE_FOR_NS|cloudamp|
  Number of SOQL queries: 2 out of 100
  Number of query rows: 22 out of 50000
  Number of SOSL queries: 0 out of 20
  Number of DML statements: 0 out of 150
  Number of DML rows: 0 out of 10000
  Maximum CPU time: 0 out of 10000
  Maximum heap size: 0 out of 6000000
  Number of callouts: 0 out of 100
  Number of Email Invocations: 0 out of 10
  Number of future calls: 0 out of 50
  Number of queueable jobs added to the queue: 0 out of 50
  Number of Mobile Apex push calls: 0 out of 10

00:00:07.96 (1096054062)|LIMIT_USAGE_FOR_NS|infer3|
  Number of SOQL queries: 2 out of 100
  Number of query rows: 2 out of 50000
  Number of SOSL queries: 0 out of 20
  Number of DML statements: 3 out of 150
  Number of DML rows: 3 out of 10000
  Maximum CPU time: 0 out of 10000
  Maximum heap size: 0 out of 6000000
  Number of callouts: 0 out of 100
  Number of Email Invocations: 0 out of 10
  Number of future calls: 0 out of 50
  Number of queueable jobs added to the queue: 0 out of 50
  Number of Mobile Apex push calls: 0 out of 10

00:00:07.96 (1096054062)|LIMIT_USAGE_FOR_NS|kfs|
  Number of SOQL queries: 0 out of 100
  Number of query rows: 0 out of 50000
  Number of SOSL queries: 0 out of 20
  Number of DML statements: 0 out of 150
  Number of DML rows: 0 out of 10000
  Maximum CPU time: 0 out of 10000
  Maximum heap size: 0 out of 6000000
  Number of callouts: 0 out of 100
  Number of Email Invocations: 0 out of 10
  Number of future calls: 1 out of 50
  Number of queueable jobs added to the queue: 0 out of 50
  Number of Mobile Apex push calls: 0 out of 10

00:00:07.96 (1096054062)|CUMULATIVE_LIMIT_USAGE_END

00:00:07.98 (1098344196)|CUMULATIVE_LIMIT_USAGE
00:00:07.98 (1098344196)|LIMIT_USAGE_FOR_NS|(default)|
  Number of SOQL queries: 6 out of 100
  Number of query rows: 895 out of 50000
  Number of SOSL queries: 0 out of 20
  Number of DML statements: 1 out of 150
  Number of DML rows: 1 out of 10000
  Maximum CPU time: 324 out of 10000
  Maximum heap size: 0 out of 6000000
  Number of callouts: 0 out of 100
  Number of Email Invocations: 0 out of 10
  Number of future calls: 0 out of 50
  Number of queueable jobs added to the queue: 0 out of 50
  Number of Mobile Apex push calls: 0 out of 10

00:00:07.98 (1098344196)|LIMIT_USAGE_FOR_NS|cloudamp|
  Number of SOQL queries: 2 out of 100
  Number of query rows: 22 out of 50000
  Number of SOSL queries: 0 out of 20
  Number of DML statements: 0 out of 150
  Number of DML rows: 0 out of 10000
  Maximum CPU time: 0 out of 10000
  Maximum heap size: 0 out of 6000000
  Number of callouts: 0 out of 100
  Number of Email Invocations: 0 out of 10
  Number of future calls: 0 out of 50
  Number of queueable jobs added to the queue: 0 out of 50
  Number of Mobile Apex push calls: 0 out of 10

00:00:07.98 (1098344196)|LIMIT_USAGE_FOR_NS|infer3|
  Number of SOQL queries: 2 out of 100
  Number of query rows: 2 out of 50000
  Number of SOSL queries: 0 out of 20
  Number of DML statements: 3 out of 150
  Number of DML rows: 3 out of 10000
  Maximum CPU time: 0 out of 10000
  Maximum heap size: 0 out of 6000000
  Number of callouts: 0 out of 100
  Number of Email Invocations: 0 out of 10
  Number of future calls: 0 out of 50
  Number of queueable jobs added to the queue: 0 out of 50
  Number of Mobile Apex push calls: 0 out of 10

00:00:07.98 (1098344196)|LIMIT_USAGE_FOR_NS|kfs|
  Number of SOQL queries: 0 out of 100
  Number of query rows: 0 out of 50000
  Number of SOSL queries: 0 out of 20
  Number of DML statements: 0 out of 150
  Number of DML rows: 0 out of 10000
  Maximum CPU time: 0 out of 10000
  Maximum heap size: 0 out of 6000000
  Number of callouts: 0 out of 100
  Number of Email Invocations: 0 out of 10
  Number of future calls: 1 out of 50
  Number of queueable jobs added to the queue: 0 out of 50
  Number of Mobile Apex push calls: 0 out of 10

00:00:07.98 (1098344196)|CUMULATIVE_LIMIT_USAGE_END

00:00:07.105 (1105207754)|CUMULATIVE_LIMIT_USAGE
00:00:07.105 (1105207754)|LIMIT_USAGE_FOR_NS|(default)|
  Number of SOQL queries: 6 out of 100
  Number of query rows: 895 out of 50000
  Number of SOSL queries: 0 out of 20
  Number of DML statements: 1 out of 150
  Number of DML rows: 1 out of 10000
  Maximum CPU time: 324 out of 10000
  Maximum heap size: 0 out of 6000000
  Number of callouts: 0 out of 100
  Number of Email Invocations: 0 out of 10
  Number of future calls: 0 out of 50
  Number of queueable jobs added to the queue: 0 out of 50
  Number of Mobile Apex push calls: 0 out of 10

00:00:07.105 (1105207754)|LIMIT_USAGE_FOR_NS|cloudamp|
  Number of SOQL queries: 2 out of 100
  Number of query rows: 22 out of 50000
  Number of SOSL queries: 0 out of 20
  Number of DML statements: 0 out of 150
  Number of DML rows: 0 out of 10000
  Maximum CPU time: 0 out of 10000
  Maximum heap size: 0 out of 6000000
  Number of callouts: 0 out of 100
  Number of Email Invocations: 0 out of 10
  Number of future calls: 0 out of 50
  Number of queueable jobs added to the queue: 0 out of 50
  Number of Mobile Apex push calls: 0 out of 10

00:00:07.105 (1105207754)|LIMIT_USAGE_FOR_NS|infer3|
  Number of SOQL queries: 2 out of 100
  Number of query rows: 2 out of 50000
  Number of SOSL queries: 0 out of 20
  Number of DML statements: 3 out of 150
  Number of DML rows: 3 out of 10000
  Maximum CPU time: 0 out of 10000
  Maximum heap size: 0 out of 6000000
  Number of callouts: 0 out of 100
  Number of Email Invocations: 0 out of 10
  Number of future calls: 0 out of 50
  Number of queueable jobs added to the queue: 0 out of 50
  Number of Mobile Apex push calls: 0 out of 10

00:00:07.105 (1105207754)|LIMIT_USAGE_FOR_NS|kfs|
  Number of SOQL queries: 0 out of 100
  Number of query rows: 0 out of 50000
  Number of SOSL queries: 0 out of 20
  Number of DML statements: 0 out of 150
  Number of DML rows: 0 out of 10000
  Maximum CPU time: 0 out of 10000
  Maximum heap size: 0 out of 6000000
  Number of callouts: 0 out of 100
  Number of Email Invocations: 0 out of 10
  Number of future calls: 1 out of 50
  Number of queueable jobs added to the queue: 0 out of 50
  Number of Mobile Apex push calls: 0 out of 10

00:00:07.105 (1105207754)|CUMULATIVE_LIMIT_USAGE_END

00:00:07.31 (1106672274)|CODE_UNIT_STARTED|[EXTERNAL]|01qp00000005CaZ|LeadTrigger on Lead trigger event AfterUpdate|__sfdc_trigger/LeadTrigger
00:00:07.31 (1107464420)|SOQL_EXECUTE_BEGIN|[54]|Aggregations:0|SELECT id, Assigned_SDR__c, Assigned_SDR__r.id, ownerid, Status, SDR_First_Modified_Date_Time__c, IsResponded__c, SLA_Breached__c, Reassigned_To__c, LeadSource, createdById FROM lead WHERE id = :tmpVar1
00:00:07.31 (1111266711)|SOQL_EXECUTE_END|[54]|Rows:1
00:00:07.31 (1111446655)|USER_DEBUG|[60]|DEBUG|@@ Demo Lead operation
00:00:07.111 (1111593594)|CUMULATIVE_LIMIT_USAGE
00:00:07.111 (1111593594)|LIMIT_USAGE_FOR_NS|(default)|
  Number of SOQL queries: 7 out of 100
  Number of query rows: 896 out of 50000
  Number of SOSL queries: 0 out of 20
  Number of DML statements: 1 out of 150
  Number of DML rows: 1 out of 10000
  Maximum CPU time: 324 out of 10000
  Maximum heap size: 0 out of 6000000
  Number of callouts: 0 out of 100
  Number of Email Invocations: 0 out of 10
  Number of future calls: 0 out of 50
  Number of queueable jobs added to the queue: 0 out of 50
  Number of Mobile Apex push calls: 0 out of 10

00:00:07.111 (1111593594)|LIMIT_USAGE_FOR_NS|cloudamp|
  Number of SOQL queries: 2 out of 100
  Number of query rows: 22 out of 50000
  Number of SOSL queries: 0 out of 20
  Number of DML statements: 0 out of 150
  Number of DML rows: 0 out of 10000
  Maximum CPU time: 0 out of 10000
  Maximum heap size: 0 out of 6000000
  Number of callouts: 0 out of 100
  Number of Email Invocations: 0 out of 10
  Number of future calls: 0 out of 50
  Number of queueable jobs added to the queue: 0 out of 50
  Number of Mobile Apex push calls: 0 out of 10

00:00:07.111 (1111593594)|LIMIT_USAGE_FOR_NS|infer3|
  Number of SOQL queries: 2 out of 100
  Number of query rows: 2 out of 50000
  Number of SOSL queries: 0 out of 20
  Number of DML statements: 3 out of 150
  Number of DML rows: 3 out of 10000
  Maximum CPU time: 0 out of 10000
  Maximum heap size: 0 out of 6000000
  Number of callouts: 0 out of 100
  Number of Email Invocations: 0 out of 10
  Number of future calls: 0 out of 50
  Number of queueable jobs added to the queue: 0 out of 50
  Number of Mobile Apex push calls: 0 out of 10

00:00:07.111 (1111593594)|LIMIT_USAGE_FOR_NS|kfs|
  Number of SOQL queries: 0 out of 100
  Number of query rows: 0 out of 50000
  Number of SOSL queries: 0 out of 20
  Number of DML statements: 0 out of 150
  Number of DML rows: 0 out of 10000
  Maximum CPU time: 0 out of 10000
  Maximum heap size: 0 out of 6000000
  Number of callouts: 0 out of 100
  Number of Email Invocations: 0 out of 10
  Number of future calls: 1 out of 50
  Number of queueable jobs added to the queue: 0 out of 50
  Number of Mobile Apex push calls: 0 out of 10

00:00:07.111 (1111593594)|CUMULATIVE_LIMIT_USAGE_END

00:00:07.31 (1112442839)|CODE_UNIT_FINISHED|LeadTrigger on Lead trigger event AfterUpdate|__sfdc_trigger/LeadTrigger
00:00:07.31 (1114457630)|CODE_UNIT_STARTED|[EXTERNAL]|01q10000000R7mf|SendSyncRequestOnInstanceChange on Lead trigger event AfterUpdate|__sfdc_trigger/SendSyncRequestOnInstanceChange
00:00:07.115 (1115379437)|CUMULATIVE_LIMIT_USAGE
00:00:07.115 (1115379437)|LIMIT_USAGE_FOR_NS|(default)|
  Number of SOQL queries: 7 out of 100
  Number of query rows: 896 out of 50000
  Number of SOSL queries: 0 out of 20
  Number of DML statements: 1 out of 150
  Number of DML rows: 1 out of 10000
  Maximum CPU time: 324 out of 10000
  Maximum heap size: 0 out of 6000000
  Number of callouts: 0 out of 100
  Number of Email Invocations: 0 out of 10
  Number of future calls: 0 out of 50
  Number of queueable jobs added to the queue: 0 out of 50
  Number of Mobile Apex push calls: 0 out of 10

00:00:07.115 (1115379437)|LIMIT_USAGE_FOR_NS|cloudamp|
  Number of SOQL queries: 2 out of 100
  Number of query rows: 22 out of 50000
  Number of SOSL queries: 0 out of 20
  Number of DML statements: 0 out of 150
  Number of DML rows: 0 out of 10000
  Maximum CPU time: 0 out of 10000
  Maximum heap size: 0 out of 6000000
  Number of callouts: 0 out of 100
  Number of Email Invocations: 0 out of 10
  Number of future calls: 0 out of 50
  Number of queueable jobs added to the queue: 0 out of 50
  Number of Mobile Apex push calls: 0 out of 10

00:00:07.115 (1115379437)|LIMIT_USAGE_FOR_NS|infer3|
  Number of SOQL queries: 2 out of 100
  Number of query rows: 2 out of 50000
  Number of SOSL queries: 0 out of 20
  Number of DML statements: 3 out of 150
  Number of DML rows: 3 out of 10000
  Maximum CPU time: 0 out of 10000
  Maximum heap size: 0 out of 6000000
  Number of callouts: 0 out of 100
  Number of Email Invocations: 0 out of 10
  Number of future calls: 0 out of 50
  Number of queueable jobs added to the queue: 0 out of 50
  Number of Mobile Apex push calls: 0 out of 10

00:00:07.115 (1115379437)|LIMIT_USAGE_FOR_NS|kfs|
  Number of SOQL queries: 0 out of 100
  Number of query rows: 0 out of 50000
  Number of SOSL queries: 0 out of 20
  Number of DML statements: 0 out of 150
  Number of DML rows: 0 out of 10000
  Maximum CPU time: 0 out of 10000
  Maximum heap size: 0 out of 6000000
  Number of callouts: 0 out of 100
  Number of Email Invocations: 0 out of 10
  Number of future calls: 1 out of 50
  Number of queueable jobs added to the queue: 0 out of 50
  Number of Mobile Apex push calls: 0 out of 10

00:00:07.115 (1115379437)|CUMULATIVE_LIMIT_USAGE_END

00:00:07.31 (1116157279)|CODE_UNIT_FINISHED|SendSyncRequestOnInstanceChange on Lead trigger event AfterUpdate|__sfdc_trigger/SendSyncRequestOnInstanceChange
00:00:07.31 (1144294954)|CODE_UNIT_STARTED|[EXTERNAL]|01qp00000005aCt|LeadAssignment on Lead trigger event AfterUpdate|__sfdc_trigger/LeadAssignment
00:00:07.31 (1146169254)|SOQL_EXECUTE_BEGIN|[54]|Aggregations:0|SELECT id, Assigned_SDR__c, Assigned_SDR__r.id, ownerid, Status, SDR_First_Modified_Date_Time__c, IsResponded__c, SLA_Breached__c, Reassigned_To__c, LeadSource, createdById FROM lead WHERE id = :tmpVar1
00:00:07.31 (1150203009)|SOQL_EXECUTE_END|[54]|Rows:1
00:00:07.31 (1150347161)|USER_DEBUG|[60]|DEBUG|@@ Demo Lead operation
00:00:07.150 (1150442014)|CUMULATIVE_LIMIT_USAGE
00:00:07.150 (1150442014)|LIMIT_USAGE_FOR_NS|(default)|
  Number of SOQL queries: 8 out of 100
  Number of query rows: 897 out of 50000
  Number of SOSL queries: 0 out of 20
  Number of DML statements: 1 out of 150
  Number of DML rows: 1 out of 10000
  Maximum CPU time: 324 out of 10000
  Maximum heap size: 0 out of 6000000
  Number of callouts: 0 out of 100
  Number of Email Invocations: 0 out of 10
  Number of future calls: 0 out of 50
  Number of queueable jobs added to the queue: 0 out of 50
  Number of Mobile Apex push calls: 0 out of 10

00:00:07.150 (1150442014)|LIMIT_USAGE_FOR_NS|cloudamp|
  Number of SOQL queries: 2 out of 100
  Number of query rows: 22 out of 50000
  Number of SOSL queries: 0 out of 20
  Number of DML statements: 0 out of 150
  Number of DML rows: 0 out of 10000
  Maximum CPU time: 0 out of 10000
  Maximum heap size: 0 out of 6000000
  Number of callouts: 0 out of 100
  Number of Email Invocations: 0 out of 10
  Number of future calls: 0 out of 50
  Number of queueable jobs added to the queue: 0 out of 50
  Number of Mobile Apex push calls: 0 out of 10

00:00:07.150 (1150442014)|LIMIT_USAGE_FOR_NS|infer3|
  Number of SOQL queries: 2 out of 100
  Number of query rows: 2 out of 50000
  Number of SOSL queries: 0 out of 20
  Number of DML statements: 3 out of 150
  Number of DML rows: 3 out of 10000
  Maximum CPU time: 0 out of 10000
  Maximum heap size: 0 out of 6000000
  Number of callouts: 0 out of 100
  Number of Email Invocations: 0 out of 10
  Number of future calls: 0 out of 50
  Number of queueable jobs added to the queue: 0 out of 50
  Number of Mobile Apex push calls: 0 out of 10

00:00:07.150 (1150442014)|LIMIT_USAGE_FOR_NS|kfs|
  Number of SOQL queries: 0 out of 100
  Number of query rows: 0 out of 50000
  Number of SOSL queries: 0 out of 20
  Number of DML statements: 0 out of 150
  Number of DML rows: 0 out of 10000
  Maximum CPU time: 0 out of 10000
  Maximum heap size: 0 out of 6000000
  Number of callouts: 0 out of 100
  Number of Email Invocations: 0 out of 10
  Number of future calls: 1 out of 50
  Number of queueable jobs added to the queue: 0 out of 50
  Number of Mobile Apex push calls: 0 out of 10

00:00:07.150 (1150442014)|CUMULATIVE_LIMIT_USAGE_END

00:00:07.31 (1151286241)|CODE_UNIT_FINISHED|LeadAssignment on Lead trigger event AfterUpdate|__sfdc_trigger/LeadAssignment
00:00:07.31 (1163310143)|DML_END|[36]
00:00:07.163 (1163378987)|CUMULATIVE_LIMIT_USAGE
00:00:07.163 (1163378987)|LIMIT_USAGE_FOR_NS|(default)|
  Number of SOQL queries: 8 out of 100
  Number of query rows: 897 out of 50000
  Number of SOSL queries: 0 out of 20
  Number of DML statements: 1 out of 150
  Number of DML rows: 1 out of 10000
  Maximum CPU time: 324 out of 10000
  Maximum heap size: 0 out of 6000000
  Number of callouts: 0 out of 100
  Number of Email Invocations: 0 out of 10
  Number of future calls: 0 out of 50
  Number of queueable jobs added to the queue: 0 out of 50
  Number of Mobile Apex push calls: 0 out of 10

00:00:07.163 (1163378987)|LIMIT_USAGE_FOR_NS|cloudamp|
  Number of SOQL queries: 2 out of 100
  Number of query rows: 22 out of 50000
  Number of SOSL queries: 0 out of 20
  Number of DML statements: 0 out of 150
  Number of DML rows: 0 out of 10000
  Maximum CPU time: 0 out of 10000
  Maximum heap size: 0 out of 6000000
  Number of callouts: 0 out of 100
  Number of Email Invocations: 0 out of 10
  Number of future calls: 0 out of 50
  Number of queueable jobs added to the queue: 0 out of 50
  Number of Mobile Apex push calls: 0 out of 10

00:00:07.163 (1163378987)|LIMIT_USAGE_FOR_NS|infer3|
  Number of SOQL queries: 2 out of 100
  Number of query rows: 2 out of 50000
  Number of SOSL queries: 0 out of 20
  Number of DML statements: 3 out of 150
  Number of DML rows: 3 out of 10000
  Maximum CPU time: 0 out of 10000
  Maximum heap size: 0 out of 6000000
  Number of callouts: 0 out of 100
  Number of Email Invocations: 0 out of 10
  Number of future calls: 0 out of 50
  Number of queueable jobs added to the queue: 0 out of 50
  Number of Mobile Apex push calls: 0 out of 10

00:00:07.163 (1163378987)|LIMIT_USAGE_FOR_NS|kfs|
  Number of SOQL queries: 0 out of 100
  Number of query rows: 0 out of 50000
  Number of SOSL queries: 0 out of 20
  Number of DML statements: 0 out of 150
  Number of DML rows: 0 out of 10000
  Maximum CPU time: 0 out of 10000
  Maximum heap size: 0 out of 6000000
  Number of callouts: 0 out of 100
  Number of Email Invocations: 0 out of 10
  Number of future calls: 1 out of 50
  Number of queueable jobs added to the queue: 0 out of 50
  Number of Mobile Apex push calls: 0 out of 10

00:00:07.163 (1163378987)|CUMULATIVE_LIMIT_USAGE_END

00:00:07.31 (1164236786)|CODE_UNIT_FINISHED|OnLeadInsert on Lead trigger event AfterInsert|__sfdc_trigger/OnLeadInsert
00:00:07.31 (1165770242)|CODE_UNIT_STARTED|[EXTERNAL]|01qp00000005aCt|LeadAssignment on Lead trigger event AfterInsert|__sfdc_trigger/LeadAssignment
00:00:07.31 (1166022293)|USER_DEBUG|[120]|DEBUG|@@@ Lead assignment started
00:00:07.31 (1166530188)|SOQL_EXECUTE_BEGIN|[129]|Aggregations:0|SELECT Shift__c, KA_LeadCounter__c, KA_Weightage__c, Manager.Email, Start_Time__c, End_Time__c FROM user WHERE (SDR__c = TRUE AND isActive = TRUE) ORDER BY KA_LeadCounter__c ASC NULLS FIRST
00:00:07.31 (1172870445)|SOQL_EXECUTE_END|[129]|Rows:4
00:00:07.31 (1173414511)|SOQL_EXECUTE_BEGIN|[136]|Aggregations:0|SELECT id, Name, profile.Name, Manager.Email FROM user 
00:00:07.31 (1180894893)|SOQL_EXECUTE_END|[136]|Rows:33
00:00:07.31 (1182308598)|SOQL_EXECUTE_BEGIN|[142]|Aggregations:0|SELECT id, createdById, ownerid, createddate, Assigned_SDR__c, SDR_Assign_Date__C, SDR_First_Modified_Date_Time__c, IsReassigned__c, Reassigned_To__c FROM lead WHERE id = :tmpVar1
00:00:07.31 (1184507997)|SOQL_EXECUTE_END|[142]|Rows:1
00:00:07.31 (1184688791)|USER_DEBUG|[145]|DEBUG|@@@ ld list(Lead:{Id=00Qp0000004Be0yEAC, CreatedById=005p0000001vkCfAAI, OwnerId=005p0000001vkCfAAI, CreatedDate=2018-11-08 18:30:06, IsReassigned__c=false})
00:00:07.31 (1184803867)|USER_DEBUG|[152]|DEBUG|@@@System.now()2018-11-08 18:30:07
00:00:07.31 (1185163281)|USER_DEBUG|[173]|DEBUG|@@@ start time2018-11-08 11:00:00
00:00:07.31 (1185194284)|USER_DEBUG|[174]|DEBUG|@@@ end time2018-11-08 02:59:00
00:00:07.31 (1185341045)|USER_DEBUG|[173]|DEBUG|@@@ start time2018-11-08 03:00:00
00:00:07.31 (1185359003)|USER_DEBUG|[174]|DEBUG|@@@ end time2018-11-08 10:59:00
00:00:07.31 (1185432375)|USER_DEBUG|[173]|DEBUG|@@@ start time2018-11-08 07:00:00
00:00:07.31 (1185447949)|USER_DEBUG|[174]|DEBUG|@@@ end time2018-11-08 13:59:00
00:00:07.31 (1185521137)|USER_DEBUG|[173]|DEBUG|@@@ start time2018-11-08 13:00:00
00:00:07.31 (1185536384)|USER_DEBUG|[174]|DEBUG|@@@ end time2018-11-08 04:59:00
00:00:07.31 (1185655201)|USER_DEBUG|[200]|DEBUG|@@@ start time under capacity full2018-11-08 11:00:00
00:00:07.31 (1185683536)|USER_DEBUG|[201]|DEBUG|@@@ end time under capatity full2018-11-08 02:59:00
00:00:07.31 (1185730479)|USER_DEBUG|[202]|DEBUG|@@@ test2018-11-09 11:00:00
00:00:07.31 (1185818720)|USER_DEBUG|[200]|DEBUG|@@@ start time under capacity full2018-11-08 03:00:00
00:00:07.31 (1185835242)|USER_DEBUG|[201]|DEBUG|@@@ end time under capatity full2018-11-08 10:59:00
00:00:07.31 (1185862871)|USER_DEBUG|[202]|DEBUG|@@@ test2018-11-09 03:00:00
00:00:07.31 (1185923013)|USER_DEBUG|[200]|DEBUG|@@@ start time under capacity full2018-11-08 07:00:00
00:00:07.31 (1185938687)|USER_DEBUG|[201]|DEBUG|@@@ end time under capatity full2018-11-08 13:59:00
00:00:07.31 (1185964708)|USER_DEBUG|[202]|DEBUG|@@@ test2018-11-09 07:00:00
00:00:07.31 (1186037149)|USER_DEBUG|[200]|DEBUG|@@@ start time under capacity full2018-11-08 13:00:00
00:00:07.31 (1186057313)|USER_DEBUG|[201]|DEBUG|@@@ end time under capatity full2018-11-08 04:59:00
00:00:07.31 (1186085210)|USER_DEBUG|[202]|DEBUG|@@@ test2018-11-09 13:00:00
00:00:07.186 (1186168013)|CUMULATIVE_LIMIT_USAGE
00:00:07.186 (1186168013)|LIMIT_USAGE_FOR_NS|(default)|
  Number of SOQL queries: 11 out of 100
  Number of query rows: 935 out of 50000
  Number of SOSL queries: 0 out of 20
  Number of DML statements: 1 out of 150
  Number of DML rows: 1 out of 10000
  Maximum CPU time: 439 out of 10000
  Maximum heap size: 0 out of 6000000
  Number of callouts: 0 out of 100
  Number of Email Invocations: 0 out of 10
  Number of future calls: 0 out of 50
  Number of queueable jobs added to the queue: 0 out of 50
  Number of Mobile Apex push calls: 0 out of 10

00:00:07.186 (1186168013)|LIMIT_USAGE_FOR_NS|cloudamp|
  Number of SOQL queries: 2 out of 100
  Number of query rows: 22 out of 50000
  Number of SOSL queries: 0 out of 20
  Number of DML statements: 0 out of 150
  Number of DML rows: 0 out of 10000
  Maximum CPU time: 0 out of 10000
  Maximum heap size: 0 out of 6000000
  Number of callouts: 0 out of 100
  Number of Email Invocations: 0 out of 10
  Number of future calls: 0 out of 50
  Number of queueable jobs added to the queue: 0 out of 50
  Number of Mobile Apex push calls: 0 out of 10

00:00:07.186 (1186168013)|LIMIT_USAGE_FOR_NS|infer3|
  Number of SOQL queries: 2 out of 100
  Number of query rows: 2 out of 50000
  Number of SOSL queries: 0 out of 20
  Number of DML statements: 3 out of 150
  Number of DML rows: 3 out of 10000
  Maximum CPU time: 0 out of 10000
  Maximum heap size: 0 out of 6000000
  Number of callouts: 0 out of 100
  Number of Email Invocations: 0 out of 10
  Number of future calls: 0 out of 50
  Number of queueable jobs added to the queue: 0 out of 50
  Number of Mobile Apex push calls: 0 out of 10

00:00:07.186 (1186168013)|LIMIT_USAGE_FOR_NS|kfs|
  Number of SOQL queries: 0 out of 100
  Number of query rows: 0 out of 50000
  Number of SOSL queries: 0 out of 20
  Number of DML statements: 0 out of 150
  Number of DML rows: 0 out of 10000
  Maximum CPU time: 0 out of 10000
  Maximum heap size: 0 out of 6000000
  Number of callouts: 0 out of 100
  Number of Email Invocations: 0 out of 10
  Number of future calls: 1 out of 50
  Number of queueable jobs added to the queue: 0 out of 50
  Number of Mobile Apex push calls: 0 out of 10

00:00:07.186 (1186168013)|CUMULATIVE_LIMIT_USAGE_END

00:00:07.31 (1187125452)|CODE_UNIT_FINISHED|LeadAssignment on Lead trigger event AfterInsert|__sfdc_trigger/LeadAssignment
00:00:07.31 (1187800509)|CODE_UNIT_STARTED|[EXTERNAL]|Workflow:Lead
00:00:07.31 (1194317274)|WF_RULE_EVAL_BEGIN|Assignment
00:00:07.31 (1194339946)|WF_SPOOL_ACTION_BEGIN|Assignment
00:00:07.31 (1194352478)|WF_ACTION|.
00:00:07.31 (1194358078)|WF_RULE_EVAL_END
00:00:07.31 (1194369482)|WF_RULE_EVAL_BEGIN|Workflow
00:00:07.31 (1194424246)|WF_CRITERIA_BEGIN|[Lead: test9009 9090 00Qp0000004Be0y]|1st Notification|01Qp000000060wu|ON_CREATE_OR_TRIGGERING_UPDATE|0
00:00:07.31 (1198919858)|WF_RULE_FILTER|[Lead : Assigned SDR not equal to ]
00:00:07.31 (1198991588)|WF_RULE_EVAL_VALUE|
00:00:07.31 (1199018462)|WF_CRITERIA_END|false
00:00:07.31 (1199046366)|WF_CRITERIA_BEGIN|[Lead: test9009 9090 00Qp0000004Be0y]|Status Last Updated Updater|01Q10000000NpD0|ON_ALL_CHANGES|0
00:00:07.31 (1199682703)|WF_FORMULA|Formula:ENCODED:[treatNullAsNull]ISCHANGED( {!ID:Status} )|Values:Status=Open
00:00:07.31 (1199694180)|WF_CRITERIA_END|false
00:00:07.31 (1199714944)|WF_CRITERIA_BEGIN|[Lead: test9009 9090 00Qp0000004Be0y]|Lead Status marked as Interested|01Q10000000Udm4|ON_CREATE_OR_TRIGGERING_UPDATE|0
00:00:07.31 (1199805487)|WF_RULE_FILTER|[Lead : Lead Status equals Interested] 
AND [Lead : Stage equals SAL]
00:00:07.31 (1199824172)|WF_RULE_EVAL_VALUE|Open
00:00:07.31 (1199828574)|WF_CRITERIA_END|false
00:00:07.31 (1199840727)|WF_CRITERIA_BEGIN|[Lead: test9009 9090 00Qp0000004Be0y]|Update Drip Included Date|01Q10000000QMb2|ON_CREATE_ONLY|0
00:00:07.31 (1200214791)|WF_FORMULA|Formula:ENCODED:[treatNullAsNull]AND(CONTAINS( {!ID:$User.FirstName} ,"Backend"),NOT(ISNULL({!ID:00N10000006pOgk})))|Values:$User.FirstName=Gaurav, Instance__c=null
00:00:07.31 (1200225962)|WF_CRITERIA_END|false
00:00:07.31 (1200243801)|WF_CRITERIA_BEGIN|[Lead: test9009 9090 00Qp0000004Be0y]|Lead moved to SQL Qualified|01Q10000000NoZe|ON_ALL_CHANGES|0
00:00:07.31 (1200307626)|WF_RULE_FILTER|[Lead : Stage equals SQL] 
AND [Lead : Lead Status equals Qualified]
00:00:07.31 (1200534416)|WF_RULE_EVAL_VALUE|1
00:00:07.31 (1200541177)|WF_CRITERIA_END|false
00:00:07.31 (1200558629)|WF_CRITERIA_BEGIN|[Lead: test9009 9090 00Qp0000004Be0y]|Lead: Returned by AE|01Q10000000Udms|ON_ALL_CHANGES|0
00:00:07.31 (1200616940)|WF_RULE_FILTER|[Lead : Lead Status equals Contacted] 
AND [Lead : Previous Owner equals AE]
00:00:07.31 (1200630966)|WF_RULE_EVAL_VALUE|Open
00:00:07.31 (1200635531)|WF_CRITERIA_END|false
00:00:07.31 (1200647074)|WF_CRITERIA_BEGIN|[Lead: test9009 9090 00Qp0000004Be0y]|2nd Notification|01Qp000000060xO|ON_CREATE_OR_TRIGGERING_UPDATE|0
00:00:07.31 (1200708597)|WF_RULE_FILTER|[Lead : SLA Breached equals false] 
AND [Lead : IsResponded equals false]
00:00:07.31 (1200718687)|WF_RULE_EVAL_VALUE|false
00:00:07.31 (1200722592)|WF_RULE_EVAL_VALUE|false
00:00:07.31 (1200726122)|WF_CRITERIA_END|true
00:00:07.31 (1200737905)|WF_CRITERIA_BEGIN|[Lead: test9009 9090 00Qp0000004Be0y]|3rd Notification|01Qp0000000610I|ON_CREATE_OR_TRIGGERING_UPDATE|0
00:00:07.31 (1200783623)|WF_RULE_FILTER|[Lead : SLA Breached equals false] 
AND [Lead : IsResponded equals false]
00:00:07.31 (1200789311)|WF_RULE_EVAL_VALUE|false
00:00:07.31 (1200792870)|WF_RULE_EVAL_VALUE|false
00:00:07.31 (1200796074)|WF_CRITERIA_END|true
00:00:07.31 (1200805760)|WF_CRITERIA_BEGIN|[Lead: test9009 9090 00Qp0000004Be0y]|Copy owner email|01Q100000005qOF|ON_ALL_CHANGES|0
00:00:07.31 (1200837460)|WF_RULE_FILTER|[Lead : Owner Last Name not equal to null]
00:00:07.31 (1200845696)|WF_RULE_EVAL_VALUE|
00:00:07.31 (1200848212)|WF_CRITERIA_END|true
00:00:07.31 (1201459509)|WF_CRITERIA_BEGIN|[Lead: test9009 9090 00Qp0000004Be0y]|Clear Date fields when lead comes to SAL|01Q10000000NoZU|ON_ALL_CHANGES|0
00:00:07.31 (1203298448)|WF_FORMULA|Formula:ENCODED:[treatNullAsNull]AND(ISPICKVAL({!ID:00N10000006Qxri},"SAL"),ISPICKVAL( {!ID:Status} ,"Open"))|Values:Status=Open, Stage__c=MQL
00:00:07.31 (1203310445)|WF_CRITERIA_END|false
00:00:07.31 (1203331502)|WF_CRITERIA_BEGIN|[Lead: test9009 9090 00Qp0000004Be0y]|4th Notification|01Qp0000000614F|ON_CREATE_OR_TRIGGERING_UPDATE|0
00:00:07.31 (1203427923)|WF_RULE_FILTER|[Lead : IsReassigned equals true]
00:00:07.31 (1203438367)|WF_RULE_EVAL_VALUE|false
00:00:07.31 (1203442499)|WF_CRITERIA_END|false
00:00:07.31 (1203456493)|WF_CRITERIA_BEGIN|[Lead: test9009 9090 00Qp0000004Be0y]|Update Drip Included Date On Edit|01Q10000000QMiD|ON_ALL_CHANGES|0
00:00:07.31 (1203822340)|WF_FORMULA|Formula:ENCODED:[treatNullAsNull]AND(NOT(ISNEW()),CONTAINS( {!ID:$User.FirstName} ,"Backend"),NOT(ISNULL({!ID:00N10000006pOgk})), NOT(PRIORVALUE({!ID:00N10000006pOgk})== {!ID:00N10000006pOgk}))|Values:$User.FirstName=Gaurav, Instance__c=null
00:00:07.31 (1203834632)|WF_CRITERIA_END|false
00:00:07.31 (1203852721)|WF_CRITERIA_BEGIN|[Lead: test9009 9090 00Qp0000004Be0y]|Stage Last Updated Updater|01Q10000000NpCv|ON_ALL_CHANGES|0
00:00:07.31 (1204005453)|WF_FORMULA|Formula:ENCODED:[treatNullAsNull]ISCHANGED( {!ID:00N10000006Qxri} )|Values:Stage__c=MQL
00:00:07.31 (1204015646)|WF_CRITERIA_END|false
00:00:07.31 (1204032735)|WF_CRITERIA_BEGIN|[Lead: test9009 9090 00Qp0000004Be0y]|Lead Status changed to Qualified|01Q10000000Udmn|ON_CREATE_OR_TRIGGERING_UPDATE|0
00:00:07.31 (1204115379)|WF_RULE_FILTER|[Lead : Lead Status equals Qualified] 
AND [Lead : Stage equals SQL]
00:00:07.31 (1204130605)|WF_RULE_EVAL_VALUE|Open
00:00:07.31 (1204135005)|WF_CRITERIA_END|false
00:00:07.31 (1204147121)|WF_CRITERIA_BEGIN|[Lead: test9009 9090 00Qp0000004Be0y]|Clear Date fields when lead comes from SRL/SDL to MQL|01Q10000000QMbW|ON_ALL_CHANGES|0
00:00:07.31 (1204350264)|WF_FORMULA|Formula:ENCODED:[treatNullAsNull]AND(OR(ISPICKVAL(PRIORVALUE({!ID:00N10000006Qxri}),"SRL"),ISPICKVAL(PRIORVALUE({!ID:00N10000006Qxri}),"SDL")),ISPICKVAL({!ID:00N10000006Qxri},"MQL"))|Values:Stage__c=MQL
00:00:07.31 (1204360509)|WF_CRITERIA_END|false
00:00:07.31 (1204385977)|WF_SPOOL_ACTION_BEGIN|Workflow
00:00:07.31 (1204883844)|WF_FIELD_UPDATE|[Lead: test9009 9090 00Qp0000004Be0y]|Field:Lead: Owner Email ID|Value:gaurav.agarwal.1@aurea.com|Id=04Y100000005YMq|CurrentRule:Copy owner email (Id=01Q100000005qOF)
00:00:07.31 (1204914342)|WF_ACTION| Field Update: 1;
00:00:07.31 (1204920132)|WF_RULE_EVAL_END
00:00:07.213 (1213987841)|CUMULATIVE_LIMIT_USAGE
00:00:07.213 (1213987841)|LIMIT_USAGE_FOR_NS|(default)|
  Number of SOQL queries: 11 out of 100
  Number of query rows: 935 out of 50000
  Number of SOSL queries: 0 out of 20
  Number of DML statements: 1 out of 150
  Number of DML rows: 1 out of 10000
  Maximum CPU time: 439 out of 10000
  Maximum heap size: 0 out of 6000000
  Number of callouts: 0 out of 100
  Number of Email Invocations: 0 out of 10
  Number of future calls: 0 out of 50
  Number of queueable jobs added to the queue: 0 out of 50
  Number of Mobile Apex push calls: 0 out of 10

00:00:07.213 (1213987841)|LIMIT_USAGE_FOR_NS|cloudamp|
  Number of SOQL queries: 2 out of 100
  Number of query rows: 22 out of 50000
  Number of SOSL queries: 0 out of 20
  Number of DML statements: 0 out of 150
  Number of DML rows: 0 out of 10000
  Maximum CPU time: 0 out of 10000
  Maximum heap size: 0 out of 6000000
  Number of callouts: 0 out of 100
  Number of Email Invocations: 0 out of 10
  Number of future calls: 0 out of 50
  Number of queueable jobs added to the queue: 0 out of 50
  Number of Mobile Apex push calls: 0 out of 10

00:00:07.213 (1213987841)|LIMIT_USAGE_FOR_NS|infer3|
  Number of SOQL queries: 2 out of 100
  Number of query rows: 2 out of 50000
  Number of SOSL queries: 0 out of 20
  Number of DML statements: 3 out of 150
  Number of DML rows: 3 out of 10000
  Maximum CPU time: 0 out of 10000
  Maximum heap size: 0 out of 6000000
  Number of callouts: 0 out of 100
  Number of Email Invocations: 0 out of 10
  Number of future calls: 0 out of 50
  Number of queueable jobs added to the queue: 0 out of 50
  Number of Mobile Apex push calls: 0 out of 10

00:00:07.213 (1213987841)|LIMIT_USAGE_FOR_NS|kfs|
  Number of SOQL queries: 0 out of 100
  Number of query rows: 0 out of 50000
  Number of SOSL queries: 0 out of 20
  Number of DML statements: 0 out of 150
  Number of DML rows: 0 out of 10000
  Maximum CPU time: 0 out of 10000
  Maximum heap size: 0 out of 6000000
  Number of callouts: 0 out of 100
  Number of Email Invocations: 0 out of 10
  Number of future calls: 1 out of 50
  Number of queueable jobs added to the queue: 0 out of 50
  Number of Mobile Apex push calls: 0 out of 10

00:00:07.213 (1213987841)|CUMULATIVE_LIMIT_USAGE_END

00:00:07.31 (1216105086)|CODE_UNIT_STARTED|[EXTERNAL]|01qp00000005CaZ|LeadTrigger on Lead trigger event BeforeUpdate|__sfdc_trigger/LeadTrigger
00:00:07.216 (1216254292)|CUMULATIVE_LIMIT_USAGE
00:00:07.216 (1216254292)|LIMIT_USAGE_FOR_NS|(default)|
  Number of SOQL queries: 11 out of 100
  Number of query rows: 935 out of 50000
  Number of SOSL queries: 0 out of 20
  Number of DML statements: 1 out of 150
  Number of DML rows: 1 out of 10000
  Maximum CPU time: 439 out of 10000
  Maximum heap size: 0 out of 6000000
  Number of callouts: 0 out of 100
  Number of Email Invocations: 0 out of 10
  Number of future calls: 0 out of 50
  Number of queueable jobs added to the queue: 0 out of 50
  Number of Mobile Apex push calls: 0 out of 10

00:00:07.216 (1216254292)|LIMIT_USAGE_FOR_NS|cloudamp|
  Number of SOQL queries: 2 out of 100
  Number of query rows: 22 out of 50000
  Number of SOSL queries: 0 out of 20
  Number of DML statements: 0 out of 150
  Number of DML rows: 0 out of 10000
  Maximum CPU time: 0 out of 10000
  Maximum heap size: 0 out of 6000000
  Number of callouts: 0 out of 100
  Number of Email Invocations: 0 out of 10
  Number of future calls: 0 out of 50
  Number of queueable jobs added to the queue: 0 out of 50
  Number of Mobile Apex push calls: 0 out of 10

00:00:07.216 (1216254292)|LIMIT_USAGE_FOR_NS|infer3|
  Number of SOQL queries: 2 out of 100
  Number of query rows: 2 out of 50000
  Number of SOSL queries: 0 out of 20
  Number of DML statements: 3 out of 150
  Number of DML rows: 3 out of 10000
  Maximum CPU time: 0 out of 10000
  Maximum heap size: 0 out of 6000000
  Number of callouts: 0 out of 100
  Number of Email Invocations: 0 out of 10
  Number of future calls: 0 out of 50
  Number of queueable jobs added to the queue: 0 out of 50
  Number of Mobile Apex push calls: 0 out of 10

00:00:07.216 (1216254292)|LIMIT_USAGE_FOR_NS|kfs|
  Number of SOQL queries: 0 out of 100
  Number of query rows: 0 out of 50000
  Number of SOSL queries: 0 out of 20
  Number of DML statements: 0 out of 150
  Number of DML rows: 0 out of 10000
  Maximum CPU time: 0 out of 10000
  Maximum heap size: 0 out of 6000000
  Number of callouts: 0 out of 100
  Number of Email Invocations: 0 out of 10
  Number of future calls: 1 out of 50
  Number of queueable jobs added to the queue: 0 out of 50
  Number of Mobile Apex push calls: 0 out of 10

00:00:07.216 (1216254292)|CUMULATIVE_LIMIT_USAGE_END

00:00:07.31 (1216974913)|CODE_UNIT_FINISHED|LeadTrigger on Lead trigger event BeforeUpdate|__sfdc_trigger/LeadTrigger
00:00:07.31 (1218066694)|CODE_UNIT_STARTED|[EXTERNAL]|01q10000000MMhF|UpdateExistingCustomer on Lead trigger event BeforeUpdate|__sfdc_trigger/UpdateExistingCustomer
00:00:07.218 (1218162523)|CUMULATIVE_LIMIT_USAGE
00:00:07.218 (1218162523)|LIMIT_USAGE_FOR_NS|(default)|
  Number of SOQL queries: 11 out of 100
  Number of query rows: 935 out of 50000
  Number of SOSL queries: 0 out of 20
  Number of DML statements: 1 out of 150
  Number of DML rows: 1 out of 10000
  Maximum CPU time: 439 out of 10000
  Maximum heap size: 0 out of 6000000
  Number of callouts: 0 out of 100
  Number of Email Invocations: 0 out of 10
  Number of future calls: 0 out of 50
  Number of queueable jobs added to the queue: 0 out of 50
  Number of Mobile Apex push calls: 0 out of 10

00:00:07.218 (1218162523)|LIMIT_USAGE_FOR_NS|cloudamp|
  Number of SOQL queries: 2 out of 100
  Number of query rows: 22 out of 50000
  Number of SOSL queries: 0 out of 20
  Number of DML statements: 0 out of 150
  Number of DML rows: 0 out of 10000
  Maximum CPU time: 0 out of 10000
  Maximum heap size: 0 out of 6000000
  Number of callouts: 0 out of 100
  Number of Email Invocations: 0 out of 10
  Number of future calls: 0 out of 50
  Number of queueable jobs added to the queue: 0 out of 50
  Number of Mobile Apex push calls: 0 out of 10

00:00:07.218 (1218162523)|LIMIT_USAGE_FOR_NS|infer3|
  Number of SOQL queries: 2 out of 100
  Number of query rows: 2 out of 50000
  Number of SOSL queries: 0 out of 20
  Number of DML statements: 3 out of 150
  Number of DML rows: 3 out of 10000
  Maximum CPU time: 0 out of 10000
  Maximum heap size: 0 out of 6000000
  Number of callouts: 0 out of 100
  Number of Email Invocations: 0 out of 10
  Number of future calls: 0 out of 50
  Number of queueable jobs added to the queue: 0 out of 50
  Number of Mobile Apex push calls: 0 out of 10

00:00:07.218 (1218162523)|LIMIT_USAGE_FOR_NS|kfs|
  Number of SOQL queries: 0 out of 100
  Number of query rows: 0 out of 50000
  Number of SOSL queries: 0 out of 20
  Number of DML statements: 0 out of 150
  Number of DML rows: 0 out of 10000
  Maximum CPU time: 0 out of 10000
  Maximum heap size: 0 out of 6000000
  Number of callouts: 0 out of 100
  Number of Email Invocations: 0 out of 10
  Number of future calls: 1 out of 50
  Number of queueable jobs added to the queue: 0 out of 50
  Number of Mobile Apex push calls: 0 out of 10

00:00:07.218 (1218162523)|CUMULATIVE_LIMIT_USAGE_END

00:00:07.31 (1218903983)|CODE_UNIT_FINISHED|UpdateExistingCustomer on Lead trigger event BeforeUpdate|__sfdc_trigger/UpdateExistingCustomer
00:00:07.31 (1219915429)|CODE_UNIT_STARTED|[EXTERNAL]|01q10000000V3cc|CopyEmailtoUniqueEmail on Lead trigger event BeforeUpdate|__sfdc_trigger/CopyEmailtoUniqueEmail
00:00:07.220 (1220123991)|CUMULATIVE_LIMIT_USAGE
00:00:07.220 (1220123991)|LIMIT_USAGE_FOR_NS|(default)|
  Number of SOQL queries: 11 out of 100
  Number of query rows: 935 out of 50000
  Number of SOSL queries: 0 out of 20
  Number of DML statements: 1 out of 150
  Number of DML rows: 1 out of 10000
  Maximum CPU time: 439 out of 10000
  Maximum heap size: 0 out of 6000000
  Number of callouts: 0 out of 100
  Number of Email Invocations: 0 out of 10
  Number of future calls: 0 out of 50
  Number of queueable jobs added to the queue: 0 out of 50
  Number of Mobile Apex push calls: 0 out of 10

00:00:07.220 (1220123991)|LIMIT_USAGE_FOR_NS|cloudamp|
  Number of SOQL queries: 2 out of 100
  Number of query rows: 22 out of 50000
  Number of SOSL queries: 0 out of 20
  Number of DML statements: 0 out of 150
  Number of DML rows: 0 out of 10000
  Maximum CPU time: 0 out of 10000
  Maximum heap size: 0 out of 6000000
  Number of callouts: 0 out of 100
  Number of Email Invocations: 0 out of 10
  Number of future calls: 0 out of 50
  Number of queueable jobs added to the queue: 0 out of 50
  Number of Mobile Apex push calls: 0 out of 10

00:00:07.220 (1220123991)|LIMIT_USAGE_FOR_NS|infer3|
  Number of SOQL queries: 2 out of 100
  Number of query rows: 2 out of 50000
  Number of SOSL queries: 0 out of 20
  Number of DML statements: 3 out of 150
  Number of DML rows: 3 out of 10000
  Maximum CPU time: 0 out of 10000
  Maximum heap size: 0 out of 6000000
  Number of callouts: 0 out of 100
  Number of Email Invocations: 0 out of 10
  Number of future calls: 0 out of 50
  Number of queueable jobs added to the queue: 0 out of 50
  Number of Mobile Apex push calls: 0 out of 10

00:00:07.220 (1220123991)|LIMIT_USAGE_FOR_NS|kfs|
  Number of SOQL queries: 0 out of 100
  Number of query rows: 0 out of 50000
  Number of SOSL queries: 0 out of 20
  Number of DML statements: 0 out of 150
  Number of DML rows: 0 out of 10000
  Maximum CPU time: 0 out of 10000
  Maximum heap size: 0 out of 6000000
  Number of callouts: 0 out of 100
  Number of Email Invocations: 0 out of 10
  Number of future calls: 1 out of 50
  Number of queueable jobs added to the queue: 0 out of 50
  Number of Mobile Apex push calls: 0 out of 10

00:00:07.220 (1220123991)|CUMULATIVE_LIMIT_USAGE_END

00:00:07.31 (1221679672)|CODE_UNIT_FINISHED|CopyEmailtoUniqueEmail on Lead trigger event BeforeUpdate|__sfdc_trigger/CopyEmailtoUniqueEmail
00:00:07.247 (1247895092)|SOQL_EXECUTE_BEGIN|[462]|Aggregations:0|SELECT Account__c, Contact__c, Lead__c FROM Visitor_Sessions__c p WHERE Lead__c = :tmpVar1
00:00:07.247 (1249132934)|SOQL_EXECUTE_END|[462]|Rows:0
00:00:07.247 (1250961158)|SOQL_EXECUTE_BEGIN|[495]|Aggregations:0|SELECT MasterLabel, cloudamp__Contact_Field_API__c FROM cloudamp__Lead_Contact_Mapped_Fields__mdt
00:00:07.247 (1253364284)|SOQL_EXECUTE_END|[495]|Rows:22
00:00:07.247 (1254889393)|SOQL_EXECUTE_BEGIN|[503]|Aggregations:0|SELECT Id , cloudamp__GA_Campaign__c, cloudamp__GA_Content__c, cloudamp__GA_Medium__c, cloudamp__GA_Source__c, cloudamp__GA_Term__c, cloudamp__Keyword__c, cloudamp__Lead_Source_Type__c, cloudamp__Paid_Search__c, cloudamp__Referrer__c, cloudamp__Search_Engine__c, cloudamp__gclid__c, cloudamp__Last_UTM_Campaign__c, cloudamp__Last_UTM_Content__c, cloudamp__Last_UTM_Medium__c, cloudamp__Last_UTM_Source__c, cloudamp__Last_UTM_Term__c, cloudamp__last_Keyword__c, cloudamp__last_Lead_Source_Type__c, cloudamp__last_Paid_Search__c, cloudamp__last_Referrer__c, cloudamp__last_Search_Engine__c, cloudamp__last_gclid__c FROM Contact WHERE Id IN :convertedLeadIds
00:00:07.247 (1258863966)|SOQL_EXECUTE_END|[503]|Rows:0
00:00:07.259 (1259022802)|CUMULATIVE_LIMIT_USAGE
00:00:07.259 (1259022802)|LIMIT_USAGE_FOR_NS|(default)|
  Number of SOQL queries: 11 out of 100
  Number of query rows: 935 out of 50000
  Number of SOSL queries: 0 out of 20
  Number of DML statements: 1 out of 150
  Number of DML rows: 1 out of 10000
  Maximum CPU time: 439 out of 10000
  Maximum heap size: 0 out of 6000000
  Number of callouts: 0 out of 100
  Number of Email Invocations: 0 out of 10
  Number of future calls: 0 out of 50
  Number of queueable jobs added to the queue: 0 out of 50
  Number of Mobile Apex push calls: 0 out of 10

00:00:07.259 (1259022802)|LIMIT_USAGE_FOR_NS|cloudamp|
  Number of SOQL queries: 4 out of 100
  Number of query rows: 44 out of 50000
  Number of SOSL queries: 0 out of 20
  Number of DML statements: 0 out of 150
  Number of DML rows: 0 out of 10000
  Maximum CPU time: 0 out of 10000
  Maximum heap size: 0 out of 6000000
  Number of callouts: 0 out of 100
  Number of Email Invocations: 0 out of 10
  Number of future calls: 0 out of 50
  Number of queueable jobs added to the queue: 0 out of 50
  Number of Mobile Apex push calls: 0 out of 10

00:00:07.259 (1259022802)|LIMIT_USAGE_FOR_NS|infer3|
  Number of SOQL queries: 2 out of 100
  Number of query rows: 2 out of 50000
  Number of SOSL queries: 0 out of 20
  Number of DML statements: 3 out of 150
  Number of DML rows: 3 out of 10000
  Maximum CPU time: 0 out of 10000
  Maximum heap size: 0 out of 6000000
  Number of callouts: 0 out of 100
  Number of Email Invocations: 0 out of 10
  Number of future calls: 0 out of 50
  Number of queueable jobs added to the queue: 0 out of 50
  Number of Mobile Apex push calls: 0 out of 10

00:00:07.259 (1259022802)|LIMIT_USAGE_FOR_NS|kfs|
  Number of SOQL queries: 0 out of 100
  Number of query rows: 0 out of 50000
  Number of SOSL queries: 0 out of 20
  Number of DML statements: 0 out of 150
  Number of DML rows: 0 out of 10000
  Maximum CPU time: 0 out of 10000
  Maximum heap size: 0 out of 6000000
  Number of callouts: 0 out of 100
  Number of Email Invocations: 0 out of 10
  Number of future calls: 1 out of 50
  Number of queueable jobs added to the queue: 0 out of 50
  Number of Mobile Apex push calls: 0 out of 10

00:00:07.259 (1259022802)|CUMULATIVE_LIMIT_USAGE_END

00:00:07.261 (1261557954)|CUMULATIVE_LIMIT_USAGE
00:00:07.261 (1261557954)|LIMIT_USAGE_FOR_NS|(default)|
  Number of SOQL queries: 11 out of 100
  Number of query rows: 935 out of 50000
  Number of SOSL queries: 0 out of 20
  Number of DML statements: 1 out of 150
  Number of DML rows: 1 out of 10000
  Maximum CPU time: 439 out of 10000
  Maximum heap size: 0 out of 6000000
  Number of callouts: 0 out of 100
  Number of Email Invocations: 0 out of 10
  Number of future calls: 0 out of 50
  Number of queueable jobs added to the queue: 0 out of 50
  Number of Mobile Apex push calls: 0 out of 10

00:00:07.261 (1261557954)|LIMIT_USAGE_FOR_NS|cloudamp|
  Number of SOQL queries: 4 out of 100
  Number of query rows: 44 out of 50000
  Number of SOSL queries: 0 out of 20
  Number of DML statements: 0 out of 150
  Number of DML rows: 0 out of 10000
  Maximum CPU time: 0 out of 10000
  Maximum heap size: 0 out of 6000000
  Number of callouts: 0 out of 100
  Number of Email Invocations: 0 out of 10
  Number of future calls: 0 out of 50
  Number of queueable jobs added to the queue: 0 out of 50
  Number of Mobile Apex push calls: 0 out of 10

00:00:07.261 (1261557954)|LIMIT_USAGE_FOR_NS|infer3|
  Number of SOQL queries: 2 out of 100
  Number of query rows: 2 out of 50000
  Number of SOSL queries: 0 out of 20
  Number of DML statements: 3 out of 150
  Number of DML rows: 3 out of 10000
  Maximum CPU time: 0 out of 10000
  Maximum heap size: 0 out of 6000000
  Number of callouts: 0 out of 100
  Number of Email Invocations: 0 out of 10
  Number of future calls: 0 out of 50
  Number of queueable jobs added to the queue: 0 out of 50
  Number of Mobile Apex push calls: 0 out of 10

00:00:07.261 (1261557954)|LIMIT_USAGE_FOR_NS|kfs|
  Number of SOQL queries: 0 out of 100
  Number of query rows: 0 out of 50000
  Number of SOSL queries: 0 out of 20
  Number of DML statements: 0 out of 150
  Number of DML rows: 0 out of 10000
  Maximum CPU time: 0 out of 10000
  Maximum heap size: 0 out of 6000000
  Number of callouts: 0 out of 100
  Number of Email Invocations: 0 out of 10
  Number of future calls: 1 out of 50
  Number of queueable jobs added to the queue: 0 out of 50
  Number of Mobile Apex push calls: 0 out of 10

00:00:07.261 (1261557954)|CUMULATIVE_LIMIT_USAGE_END

00:00:07.266 (1266108453)|CUMULATIVE_LIMIT_USAGE
00:00:07.266 (1266108453)|LIMIT_USAGE_FOR_NS|(default)|
  Number of SOQL queries: 11 out of 100
  Number of query rows: 935 out of 50000
  Number of SOSL queries: 0 out of 20
  Number of DML statements: 1 out of 150
  Number of DML rows: 1 out of 10000
  Maximum CPU time: 439 out of 10000
  Maximum heap size: 0 out of 6000000
  Number of callouts: 0 out of 100
  Number of Email Invocations: 0 out of 10
  Number of future calls: 0 out of 50
  Number of queueable jobs added to the queue: 0 out of 50
  Number of Mobile Apex push calls: 0 out of 10

00:00:07.266 (1266108453)|LIMIT_USAGE_FOR_NS|cloudamp|
  Number of SOQL queries: 4 out of 100
  Number of query rows: 44 out of 50000
  Number of SOSL queries: 0 out of 20
  Number of DML statements: 0 out of 150
  Number of DML rows: 0 out of 10000
  Maximum CPU time: 0 out of 10000
  Maximum heap size: 0 out of 6000000
  Number of callouts: 0 out of 100
  Number of Email Invocations: 0 out of 10
  Number of future calls: 0 out of 50
  Number of queueable jobs added to the queue: 0 out of 50
  Number of Mobile Apex push calls: 0 out of 10

00:00:07.266 (1266108453)|LIMIT_USAGE_FOR_NS|infer3|
  Number of SOQL queries: 2 out of 100
  Number of query rows: 2 out of 50000
  Number of SOSL queries: 0 out of 20
  Number of DML statements: 3 out of 150
  Number of DML rows: 3 out of 10000
  Maximum CPU time: 0 out of 10000
  Maximum heap size: 0 out of 6000000
  Number of callouts: 0 out of 100
  Number of Email Invocations: 0 out of 10
  Number of future calls: 0 out of 50
  Number of queueable jobs added to the queue: 0 out of 50
  Number of Mobile Apex push calls: 0 out of 10

00:00:07.266 (1266108453)|LIMIT_USAGE_FOR_NS|kfs|
  Number of SOQL queries: 0 out of 100
  Number of query rows: 0 out of 50000
  Number of SOSL queries: 0 out of 20
  Number of DML statements: 0 out of 150
  Number of DML rows: 0 out of 10000
  Maximum CPU time: 0 out of 10000
  Maximum heap size: 0 out of 6000000
  Number of callouts: 0 out of 100
  Number of Email Invocations: 0 out of 10
  Number of future calls: 1 out of 50
  Number of queueable jobs added to the queue: 0 out of 50
  Number of Mobile Apex push calls: 0 out of 10

00:00:07.266 (1266108453)|CUMULATIVE_LIMIT_USAGE_END

00:00:07.31 (1267971446)|CODE_UNIT_STARTED|[EXTERNAL]|01qp00000005CaZ|LeadTrigger on Lead trigger event AfterUpdate|__sfdc_trigger/LeadTrigger
00:00:07.31 (1268523148)|SOQL_EXECUTE_BEGIN|[54]|Aggregations:0|SELECT id, Assigned_SDR__c, Assigned_SDR__r.id, ownerid, Status, SDR_First_Modified_Date_Time__c, IsResponded__c, SLA_Breached__c, Reassigned_To__c, LeadSource, createdById FROM lead WHERE id = :tmpVar1
00:00:07.31 (1271871184)|SOQL_EXECUTE_END|[54]|Rows:1
00:00:07.31 (1271989780)|USER_DEBUG|[60]|DEBUG|@@ Demo Lead operation
00:00:07.272 (1272086390)|CUMULATIVE_LIMIT_USAGE
00:00:07.272 (1272086390)|LIMIT_USAGE_FOR_NS|(default)|
  Number of SOQL queries: 12 out of 100
  Number of query rows: 936 out of 50000
  Number of SOSL queries: 0 out of 20
  Number of DML statements: 1 out of 150
  Number of DML rows: 1 out of 10000
  Maximum CPU time: 439 out of 10000
  Maximum heap size: 0 out of 6000000
  Number of callouts: 0 out of 100
  Number of Email Invocations: 0 out of 10
  Number of future calls: 0 out of 50
  Number of queueable jobs added to the queue: 0 out of 50
  Number of Mobile Apex push calls: 0 out of 10

00:00:07.272 (1272086390)|LIMIT_USAGE_FOR_NS|cloudamp|
  Number of SOQL queries: 4 out of 100
  Number of query rows: 44 out of 50000
  Number of SOSL queries: 0 out of 20
  Number of DML statements: 0 out of 150
  Number of DML rows: 0 out of 10000
  Maximum CPU time: 0 out of 10000
  Maximum heap size: 0 out of 6000000
  Number of callouts: 0 out of 100
  Number of Email Invocations: 0 out of 10
  Number of future calls: 0 out of 50
  Number of queueable jobs added to the queue: 0 out of 50
  Number of Mobile Apex push calls: 0 out of 10

00:00:07.272 (1272086390)|LIMIT_USAGE_FOR_NS|infer3|
  Number of SOQL queries: 2 out of 100
  Number of query rows: 2 out of 50000
  Number of SOSL queries: 0 out of 20
  Number of DML statements: 3 out of 150
  Number of DML rows: 3 out of 10000
  Maximum CPU time: 0 out of 10000
  Maximum heap size: 0 out of 6000000
  Number of callouts: 0 out of 100
  Number of Email Invocations: 0 out of 10
  Number of future calls: 0 out of 50
  Number of queueable jobs added to the queue: 0 out of 50
  Number of Mobile Apex push calls: 0 out of 10

00:00:07.272 (1272086390)|LIMIT_USAGE_FOR_NS|kfs|
  Number of SOQL queries: 0 out of 100
  Number of query rows: 0 out of 50000
  Number of SOSL queries: 0 out of 20
  Number of DML statements: 0 out of 150
  Number of DML rows: 0 out of 10000
  Maximum CPU time: 0 out of 10000
  Maximum heap size: 0 out of 6000000
  Number of callouts: 0 out of 100
  Number of Email Invocations: 0 out of 10
  Number of future calls: 1 out of 50
  Number of queueable jobs added to the queue: 0 out of 50
  Number of Mobile Apex push calls: 0 out of 10

00:00:07.272 (1272086390)|CUMULATIVE_LIMIT_USAGE_END

00:00:07.31 (1272867430)|CODE_UNIT_FINISHED|LeadTrigger on Lead trigger event AfterUpdate|__sfdc_trigger/LeadTrigger
00:00:07.31 (1274150641)|CODE_UNIT_STARTED|[EXTERNAL]|01q10000000R7mf|SendSyncRequestOnInstanceChange on Lead trigger event AfterUpdate|__sfdc_trigger/SendSyncRequestOnInstanceChange
00:00:07.274 (1274383053)|CUMULATIVE_LIMIT_USAGE
00:00:07.274 (1274383053)|LIMIT_USAGE_FOR_NS|(default)|
  Number of SOQL queries: 12 out of 100
  Number of query rows: 936 out of 50000
  Number of SOSL queries: 0 out of 20
  Number of DML statements: 1 out of 150
  Number of DML rows: 1 out of 10000
  Maximum CPU time: 439 out of 10000
  Maximum heap size: 0 out of 6000000
  Number of callouts: 0 out of 100
  Number of Email Invocations: 0 out of 10
  Number of future calls: 0 out of 50
  Number of queueable jobs added to the queue: 0 out of 50
  Number of Mobile Apex push calls: 0 out of 10

00:00:07.274 (1274383053)|LIMIT_USAGE_FOR_NS|cloudamp|
  Number of SOQL queries: 4 out of 100
  Number of query rows: 44 out of 50000
  Number of SOSL queries: 0 out of 20
  Number of DML statements: 0 out of 150
  Number of DML rows: 0 out of 10000
  Maximum CPU time: 0 out of 10000
  Maximum heap size: 0 out of 6000000
  Number of callouts: 0 out of 100
  Number of Email Invocations: 0 out of 10
  Number of future calls: 0 out of 50
  Number of queueable jobs added to the queue: 0 out of 50
  Number of Mobile Apex push calls: 0 out of 10

00:00:07.274 (1274383053)|LIMIT_USAGE_FOR_NS|infer3|
  Number of SOQL queries: 2 out of 100
  Number of query rows: 2 out of 50000
  Number of SOSL queries: 0 out of 20
  Number of DML statements: 3 out of 150
  Number of DML rows: 3 out of 10000
  Maximum CPU time: 0 out of 10000
  Maximum heap size: 0 out of 6000000
  Number of callouts: 0 out of 100
  Number of Email Invocations: 0 out of 10
  Number of future calls: 0 out of 50
  Number of queueable jobs added to the queue: 0 out of 50
  Number of Mobile Apex push calls: 0 out of 10

00:00:07.274 (1274383053)|LIMIT_USAGE_FOR_NS|kfs|
  Number of SOQL queries: 0 out of 100
  Number of query rows: 0 out of 50000
  Number of SOSL queries: 0 out of 20
  Number of DML statements: 0 out of 150
  Number of DML rows: 0 out of 10000
  Maximum CPU time: 0 out of 10000
  Maximum heap size: 0 out of 6000000
  Number of callouts: 0 out of 100
  Number of Email Invocations: 0 out of 10
  Number of future calls: 1 out of 50
  Number of queueable jobs added to the queue: 0 out of 50
  Number of Mobile Apex push calls: 0 out of 10

00:00:07.274 (1274383053)|CUMULATIVE_LIMIT_USAGE_END

00:00:07.31 (1275134869)|CODE_UNIT_FINISHED|SendSyncRequestOnInstanceChange on Lead trigger event AfterUpdate|__sfdc_trigger/SendSyncRequestOnInstanceChange
00:00:07.31 (1276121116)|CODE_UNIT_STARTED|[EXTERNAL]|01qp00000005aCt|LeadAssignment on Lead trigger event AfterUpdate|__sfdc_trigger/LeadAssignment
00:00:07.31 (1276650267)|SOQL_EXECUTE_BEGIN|[54]|Aggregations:0|SELECT id, Assigned_SDR__c, Assigned_SDR__r.id, ownerid, Status, SDR_First_Modified_Date_Time__c, IsResponded__c, SLA_Breached__c, Reassigned_To__c, LeadSource, createdById FROM lead WHERE id = :tmpVar1
00:00:07.31 (1280327388)|SOQL_EXECUTE_END|[54]|Rows:1
00:00:07.31 (1280434966)|USER_DEBUG|[60]|DEBUG|@@ Demo Lead operation
00:00:07.280 (1280511885)|CUMULATIVE_LIMIT_USAGE
00:00:07.280 (1280511885)|LIMIT_USAGE_FOR_NS|(default)|
  Number of SOQL queries: 13 out of 100
  Number of query rows: 937 out of 50000
  Number of SOSL queries: 0 out of 20
  Number of DML statements: 1 out of 150
  Number of DML rows: 1 out of 10000
  Maximum CPU time: 439 out of 10000
  Maximum heap size: 0 out of 6000000
  Number of callouts: 0 out of 100
  Number of Email Invocations: 0 out of 10
  Number of future calls: 0 out of 50
  Number of queueable jobs added to the queue: 0 out of 50
  Number of Mobile Apex push calls: 0 out of 10

00:00:07.280 (1280511885)|LIMIT_USAGE_FOR_NS|cloudamp|
  Number of SOQL queries: 4 out of 100
  Number of query rows: 44 out of 50000
  Number of SOSL queries: 0 out of 20
  Number of DML statements: 0 out of 150
  Number of DML rows: 0 out of 10000
  Maximum CPU time: 0 out of 10000
  Maximum heap size: 0 out of 6000000
  Number of callouts: 0 out of 100
  Number of Email Invocations: 0 out of 10
  Number of future calls: 0 out of 50
  Number of queueable jobs added to the queue: 0 out of 50
  Number of Mobile Apex push calls: 0 out of 10

00:00:07.280 (1280511885)|LIMIT_USAGE_FOR_NS|infer3|
  Number of SOQL queries: 2 out of 100
  Number of query rows: 2 out of 50000
  Number of SOSL queries: 0 out of 20
  Number of DML statements: 3 out of 150
  Number of DML rows: 3 out of 10000
  Maximum CPU time: 0 out of 10000
  Maximum heap size: 0 out of 6000000
  Number of callouts: 0 out of 100
  Number of Email Invocations: 0 out of 10
  Number of future calls: 0 out of 50
  Number of queueable jobs added to the queue: 0 out of 50
  Number of Mobile Apex push calls: 0 out of 10

00:00:07.280 (1280511885)|LIMIT_USAGE_FOR_NS|kfs|
  Number of SOQL queries: 0 out of 100
  Number of query rows: 0 out of 50000
  Number of SOSL queries: 0 out of 20
  Number of DML statements: 0 out of 150
  Number of DML rows: 0 out of 10000
  Maximum CPU time: 0 out of 10000
  Maximum heap size: 0 out of 6000000
  Number of callouts: 0 out of 100
  Number of Email Invocations: 0 out of 10
  Number of future calls: 1 out of 50
  Number of queueable jobs added to the queue: 0 out of 50
  Number of Mobile Apex push calls: 0 out of 10

00:00:07.280 (1280511885)|CUMULATIVE_LIMIT_USAGE_END

00:00:07.31 (1281289971)|CODE_UNIT_FINISHED|LeadAssignment on Lead trigger event AfterUpdate|__sfdc_trigger/LeadAssignment
00:00:07.31 (1289118878)|WF_TIME_TRIGGERS_BEGIN
00:00:07.31 (1291703523)|WF_TIME_TRIGGER|[Lead: test9009 9090 00Qp0000004Be0y]|1 after 00Np0000002E5qm|2nd Notification 01Qp000000060xO|00:05:24.440
00:00:07.31 (1292068771)|WF_TIME_TRIGGER|[Lead: test9009 9090 00Qp0000004Be0y]|1 after 00Np0000002EoZF|3rd Notification 01Qp0000000610I|00:20:19.442
00:00:07.31 (1321874969)|WF_ACTIONS_END| Field Update: 1;
00:00:07.31 (1321906795)|CODE_UNIT_FINISHED|Workflow:Lead
00:00:07.31 (1329839895)|DML_END|[57]
00:00:07.366 (1366511280)|CUMULATIVE_LIMIT_USAGE
00:00:07.366 (1366511280)|LIMIT_USAGE_FOR_NS|(default)|
  Number of SOQL queries: 13 out of 100
  Number of query rows: 937 out of 50000
  Number of SOSL queries: 0 out of 20
  Number of DML statements: 2 out of 150
  Number of DML rows: 2 out of 10000
  Maximum CPU time: 439 out of 10000
  Maximum heap size: 0 out of 6000000
  Number of callouts: 0 out of 100
  Number of Email Invocations: 0 out of 10
  Number of future calls: 0 out of 50
  Number of queueable jobs added to the queue: 0 out of 50
  Number of Mobile Apex push calls: 0 out of 10

00:00:07.366 (1366511280)|LIMIT_USAGE_FOR_NS|cloudamp|
  Number of SOQL queries: 4 out of 100
  Number of query rows: 44 out of 50000
  Number of SOSL queries: 0 out of 20
  Number of DML statements: 0 out of 150
  Number of DML rows: 0 out of 10000
  Maximum CPU time: 0 out of 10000
  Maximum heap size: 0 out of 6000000
  Number of callouts: 0 out of 100
  Number of Email Invocations: 0 out of 10
  Number of future calls: 0 out of 50
  Number of queueable jobs added to the queue: 0 out of 50
  Number of Mobile Apex push calls: 0 out of 10

00:00:07.366 (1366511280)|LIMIT_USAGE_FOR_NS|infer3|
  Number of SOQL queries: 2 out of 100
  Number of query rows: 2 out of 50000
  Number of SOSL queries: 0 out of 20
  Number of DML statements: 3 out of 150
  Number of DML rows: 3 out of 10000
  Maximum CPU time: 0 out of 10000
  Maximum heap size: 0 out of 6000000
  Number of callouts: 0 out of 100
  Number of Email Invocations: 0 out of 10
  Number of future calls: 0 out of 50
  Number of queueable jobs added to the queue: 0 out of 50
  Number of Mobile Apex push calls: 0 out of 10

00:00:07.366 (1366511280)|LIMIT_USAGE_FOR_NS|kfs|
  Number of SOQL queries: 0 out of 100
  Number of query rows: 0 out of 50000
  Number of SOSL queries: 0 out of 20
  Number of DML statements: 0 out of 150
  Number of DML rows: 0 out of 10000
  Maximum CPU time: 0 out of 10000
  Maximum heap size: 0 out of 6000000
  Number of callouts: 0 out of 100
  Number of Email Invocations: 0 out of 10
  Number of future calls: 1 out of 50
  Number of queueable jobs added to the queue: 0 out of 50
  Number of Mobile Apex push calls: 0 out of 10

00:00:07.366 (1366511280)|CUMULATIVE_LIMIT_USAGE_END

00:00:07.31 (1366588922)|CODE_UNIT_FINISHED|VF: /apex/CreateNewLeadPage
00:00:07.31 (1367359931)|EXECUTION_FINISHED
