22.0 APEX_CODE,DEBUG;APEX_PROFILING,INFO;CALLOUT,INFO;DB,INFO;NBA,INFO;SYSTEM,DEBUG;VALIDATION,INFO;VISUALFORCE,INFO;WAVE,INFO;WORKFLOW,INFO
12:24:49.9 (9777123)|SOQL_EXECUTE_BEGIN|[46]|Aggregations:0|select id, LastModifiedDate, lead_grade__c, first_conversion_date__c, first_conversion_event__c, recent_conversion_date__c, recent_conversion_event__c, guid__c, found_site_via__c, hubspot_detail__c, ip_address__c, conversion_events__c, website_visits__c, total_page_views__c, first_visit__c, recent_visit__c, lead__c, contact__c, ip_region__c, ip_city__c, ip_country__c, portal_id__c from HubSpot_Intelligence__c where Lead__c ='00Qp0000004BesD'
12:24:49.9 (14657691)|SOQL_EXECUTE_END|[46]|Rows:0
12:24:49.9 (16130292)|SOQL_EXECUTE_BEGIN|[46]|Aggregations:0|select id, LastModifiedDate, lead_grade__c, first_conversion_date__c, first_conversion_event__c, recent_conversion_date__c, recent_conversion_event__c, guid__c, found_site_via__c, hubspot_detail__c, ip_address__c, conversion_events__c, website_visits__c, total_page_views__c, first_visit__c, recent_visit__c, lead__c, contact__c, ip_region__c, ip_city__c, ip_country__c, portal_id__c from HubSpot_Intelligence__c where Lead__c ='00Qp0000004BesD'
12:24:49.9 (20229893)|SOQL_EXECUTE_END|[46]|Rows:0
12:24:49.29 (29923393)|CUMULATIVE_LIMIT_USAGE
12:24:49.29 (29923393)|LIMIT_USAGE_FOR_NS|(default)|
  Number of SOQL queries: 0 out of 100
  Number of query rows: 0 out of 50000
  Number of SOSL queries: 0 out of 20
  Number of DML statements: 0 out of 150
  Number of DML rows: 0 out of 10000
  Maximum CPU time: 0 out of 10000
  Maximum heap size: 0 out of 6000000
  Number of callouts: 0 out of 100
  Number of Email Invocations: 0 out of 10
  Number of future calls: 0 out of 50
  Number of queueable jobs added to the queue: 0 out of 50
  Number of Mobile Apex push calls: 0 out of 10

12:24:49.29 (29923393)|LIMIT_USAGE_FOR_NS|HubSpot_Inc|
  Number of SOQL queries: 2 out of 100
  Number of query rows: 0 out of 50000
  Number of SOSL queries: 0 out of 20
  Number of DML statements: 0 out of 150
  Number of DML rows: 0 out of 10000
  Maximum CPU time: 0 out of 10000
  Maximum heap size: 0 out of 6000000
  Number of callouts: 0 out of 100
  Number of Email Invocations: 0 out of 10
  Number of future calls: 0 out of 50
  Number of queueable jobs added to the queue: 0 out of 50
  Number of Mobile Apex push calls: 0 out of 10

12:24:49.29 (29923393)|CUMULATIVE_LIMIT_USAGE_END

