35.0 APEX_CODE,DEBUG;APEX_PROFILING,INFO;CALLOUT,INFO;DB,INFO;NBA,INFO;SYSTEM,DEBUG;VALIDATION,INFO;VISUALFORCE,INFO;WAVE,INFO;WORKFLOW,INFO
12:20:44.0 (72265)|USER_INFO|[EXTERNAL]|005p0000001vkCQ|sruti.srivastava@aurea.com.devsandbox|India Standard Time|GMT+05:30
12:20:44.0 (104379)|EXECUTION_STARTED
12:20:44.0 (109478)|CODE_UNIT_STARTED|[EXTERNAL]|06610000001Hj2u|VF: /apex/leadvisualizer
12:20:44.0 (8554034)|SYSTEM_MODE_ENTER|true
12:20:44.0 (15272622)|SOQL_EXECUTE_BEGIN|[26]|Aggregations:0|SELECT id, Stage__c, Rejected__c, Status, DaysInMQL__c, DaysInSAL__c, DaysInSQL__c, DaysInSRL__c, DaysInSDL__c, ConvertedOpportunityId, OwnerId, unresponsive__c FROM lead WHERE id = :tmpVar1 LIMIT 1
12:20:44.0 (23980992)|SOQL_EXECUTE_END|[26]|Rows:1
12:20:44.0 (24451591)|SOQL_EXECUTE_BEGIN|[27]|Aggregations:0|SELECT CreatedDate, Field, Id, IsDeleted, LeadId, OldValue, NewValue FROM LeadHistory WHERE leadid = :tmpVar1 ORDER BY createdDate ASC NULLS FIRST
12:20:44.0 (31485232)|SOQL_EXECUTE_END|[27]|Rows:15
12:20:44.0 (32660478)|USER_DEBUG|[79]|DEBUG|MQL2SAL MAP{MQL2SAL=2018-11-10 06:48:55}
12:20:44.0 (32938182)|USER_DEBUG|[80]|DEBUG|leadhist(LeadHistory:{CreatedDate=2018-11-10 03:07:57, Field=created, Id=017p000004tyUA3AAM, IsDeleted=false, LeadId=00Qp0000004BesDEAS, OldValue=null, NewValue=null}, LeadHistory:{CreatedDate=2018-11-10 03:07:57, Field=StageToMQLDate__c, Id=017p000004tyUA4AAM, IsDeleted=false, LeadId=00Qp0000004BesDEAS, OldValue=null, NewValue=2018-11-10 00:00:00}, LeadHistory:{CreatedDate=2018-11-10 03:07:57, Field=Owner, Id=017p000004tyUA5AAM, IsDeleted=false, LeadId=00Qp0000004BesDEAS, OldValue=Sruti Srivastava, NewValue=Kerryann Tomas}, LeadHistory:{CreatedDate=2018-11-10 03:07:57, Field=Owner, Id=017p000004tyUA6AAM, IsDeleted=false, LeadId=00Qp0000004BesDEAS, OldValue=005p0000001vkCQAAY, NewValue=005p0000002JlTLAA0}, LeadHistory:{CreatedDate=2018-11-10 03:30:29, Field=Owner, Id=017p000004u2u0CAAQ, IsDeleted=false, LeadId=00Qp0000004BesDEAS, OldValue=005p0000002JlTLAA0, NewValue=00510000008AOFXAA4}, LeadHistory:{CreatedDate=2018-11-10 03:30:29, Field=Owner, Id=017p000004u2u0BAAQ, IsDeleted=false, LeadId=00Qp0000004BesDEAS, OldValue=Kerryann Tomas, NewValue=Michael Smith}, LeadHistory:{CreatedDate=2018-11-10 06:48:55, Field=Stage__c, Id=017p000004u4rDbAAI, IsDeleted=false, LeadId=00Qp0000004BesDEAS, OldValue=MQL, NewValue=SAL}, LeadHistory:{CreatedDate=2018-11-10 06:48:55, Field=StageToSALDate__c, Id=017p000004u4rDcAAI, IsDeleted=false, LeadId=00Qp0000004BesDEAS, OldValue=null, NewValue=2018-11-10 00:00:00}, LeadHistory:{CreatedDate=2018-11-10 06:48:55, Field=Owner, Id=017p000004u4rDZAAY, IsDeleted=false, LeadId=00Qp0000004BesDEAS, OldValue=Michael Smith, NewValue=Kerryann Tomas}, LeadHistory:{CreatedDate=2018-11-10 06:48:55, Field=Owner, Id=017p000004u4rDaAAI, IsDeleted=false, LeadId=00Qp0000004BesDEAS, OldValue=00510000008AOFXAA4, NewValue=005p0000002JlTLAA0}, ...)
12:20:44.0 (33001846)|USER_DEBUG|[81]|DEBUG|the value of mql2sal is2018-11-10 06:48:55
12:20:44.0 (33173500)|EXCEPTION_THROWN|[168]|System.NullPointerException: Attempt to de-reference a null object
12:20:44.0 (33301784)|USER_DEBUG|[172]|DEBUG|exception is System.NullPointerException: Attempt to de-reference a null object
12:20:44.0 (33369449)|EXCEPTION_THROWN|[168]|System.NullPointerException: Attempt to de-reference a null object
12:20:44.0 (33446817)|USER_DEBUG|[172]|DEBUG|exception is System.NullPointerException: Attempt to de-reference a null object
12:20:44.0 (33689360)|EXCEPTION_THROWN|[168]|System.NullPointerException: Attempt to de-reference a null object
12:20:44.0 (33767352)|USER_DEBUG|[172]|DEBUG|exception is System.NullPointerException: Attempt to de-reference a null object
12:20:44.0 (33911791)|EXCEPTION_THROWN|[168]|System.NullPointerException: Attempt to de-reference a null object
12:20:44.0 (33986929)|USER_DEBUG|[172]|DEBUG|exception is System.NullPointerException: Attempt to de-reference a null object
12:20:44.0 (34107828)|EXCEPTION_THROWN|[168]|System.NullPointerException: Attempt to de-reference a null object
12:20:44.0 (34180549)|USER_DEBUG|[172]|DEBUG|exception is System.NullPointerException: Attempt to de-reference a null object
12:20:44.0 (34328807)|EXCEPTION_THROWN|[168]|System.NullPointerException: Attempt to de-reference a null object
12:20:44.0 (34402458)|USER_DEBUG|[172]|DEBUG|exception is System.NullPointerException: Attempt to de-reference a null object
12:20:44.0 (34459231)|EXCEPTION_THROWN|[168]|System.NullPointerException: Attempt to de-reference a null object
12:20:44.0 (34530876)|USER_DEBUG|[172]|DEBUG|exception is System.NullPointerException: Attempt to de-reference a null object
12:20:44.0 (34585841)|EXCEPTION_THROWN|[168]|System.NullPointerException: Attempt to de-reference a null object
12:20:44.0 (34662211)|USER_DEBUG|[172]|DEBUG|exception is System.NullPointerException: Attempt to de-reference a null object
12:20:44.0 (34797679)|USER_DEBUG|[113]|DEBUG|Case1
12:20:44.0 (34848901)|EXCEPTION_THROWN|[168]|System.NullPointerException: Attempt to de-reference a null object
12:20:44.0 (34946583)|USER_DEBUG|[172]|DEBUG|exception is System.NullPointerException: Attempt to de-reference a null object
12:20:44.0 (35103011)|EXCEPTION_THROWN|[168]|System.NullPointerException: Attempt to de-reference a null object
12:20:44.0 (35194300)|USER_DEBUG|[172]|DEBUG|exception is System.NullPointerException: Attempt to de-reference a null object
12:20:44.0 (35269857)|EXCEPTION_THROWN|[168]|System.NullPointerException: Attempt to de-reference a null object
12:20:44.0 (35362988)|USER_DEBUG|[172]|DEBUG|exception is System.NullPointerException: Attempt to de-reference a null object
12:20:44.0 (35423417)|EXCEPTION_THROWN|[168]|System.NullPointerException: Attempt to de-reference a null object
12:20:44.0 (35514230)|USER_DEBUG|[172]|DEBUG|exception is System.NullPointerException: Attempt to de-reference a null object
12:20:44.0 (35584320)|EXCEPTION_THROWN|[168]|System.NullPointerException: Attempt to de-reference a null object
12:20:44.0 (35678868)|USER_DEBUG|[172]|DEBUG|exception is System.NullPointerException: Attempt to de-reference a null object
12:20:44.0 (35743016)|EXCEPTION_THROWN|[168]|System.NullPointerException: Attempt to de-reference a null object
12:20:44.0 (35840263)|USER_DEBUG|[172]|DEBUG|exception is System.NullPointerException: Attempt to de-reference a null object
12:20:44.0 (35911011)|EXCEPTION_THROWN|[168]|System.NullPointerException: Attempt to de-reference a null object
12:20:44.0 (35998026)|USER_DEBUG|[172]|DEBUG|exception is System.NullPointerException: Attempt to de-reference a null object
12:20:44.0 (36350789)|SOQL_EXECUTE_BEGIN|[181]|Aggregations:0|SELECT id FROM UserRole 
12:20:44.0 (39848738)|SOQL_EXECUTE_END|[181]|Rows:2
12:20:44.0 (42154980)|SOQL_EXECUTE_BEGIN|[185]|Aggregations:0|SELECT id, name FROM user WHERE (id = :tmpVar1 AND UserRoleId IN :tmpVar2) LIMIT 1
12:20:44.0 (45882962)|SOQL_EXECUTE_END|[185]|Rows:1
12:20:44.0 (46175665)|SYSTEM_MODE_ENTER|true
12:20:44.0 (46724648)|SYSTEM_MODE_ENTER|true
12:20:44.0 (47370802)|SYSTEM_MODE_ENTER|true
12:20:44.0 (47850158)|SYSTEM_MODE_ENTER|true
12:20:44.0 (53539366)|SYSTEM_MODE_ENTER|true
12:20:44.0 (53775728)|SYSTEM_MODE_ENTER|true
12:20:44.0 (55272835)|VF_SERIALIZE_VIEWSTATE_BEGIN|06610000001Hj2u
12:20:44.0 (57842958)|VF_SERIALIZE_VIEWSTATE_END
12:20:44.60 (60206933)|CUMULATIVE_LIMIT_USAGE
12:20:44.60 (60206933)|LIMIT_USAGE_FOR_NS|(default)|
  Number of SOQL queries: 4 out of 100
  Number of query rows: 19 out of 50000
  Number of SOSL queries: 0 out of 20
  Number of DML statements: 0 out of 150
  Number of DML rows: 0 out of 10000
  Maximum CPU time: 0 out of 10000
  Maximum heap size: 0 out of 6000000
  Number of callouts: 0 out of 100
  Number of Email Invocations: 0 out of 10
  Number of future calls: 0 out of 50
  Number of queueable jobs added to the queue: 0 out of 50
  Number of Mobile Apex push calls: 0 out of 10

12:20:44.60 (60206933)|CUMULATIVE_LIMIT_USAGE_END

12:20:44.0 (60240046)|CODE_UNIT_FINISHED|VF: /apex/leadvisualizer
12:20:44.0 (60947603)|EXECUTION_FINISHED
