32.0 APEX_CODE,DEBUG;APEX_PROFILING,INFO;CALLOUT,INFO;DB,INFO;NBA,INFO;SYSTEM,DEBUG;VALIDATION,INFO;VISUALFORCE,INFO;WAVE,INFO;WORKFLOW,INFO
12:20:36.0 (91021)|USER_INFO|[EXTERNAL]|005p0000001vkCQ|sruti.srivastava@aurea.com.devsandbox|India Standard Time|GMT+05:30
12:20:36.0 (126322)|EXECUTION_STARTED
12:20:36.0 (131264)|CODE_UNIT_STARTED|[EXTERNAL]|06610000000j1OC|VF: /apex/LeadWorkflowButton
12:20:36.0 (251999)|VF_DESERIALIZE_VIEWSTATE_BEGIN|06610000000j1OC
12:20:36.0 (7632416)|VF_DESERIALIZE_VIEWSTATE_END
12:20:36.8 (8251346)|SYSTEM_MODE_ENTER|true
12:20:36.9 (9119351)|SYSTEM_MODE_ENTER|true
12:20:36.0 (9402296)|SYSTEM_MODE_ENTER|true
12:20:36.0 (11011506)|SYSTEM_MODE_ENTER|false
12:20:36.0 (11026063)|SYSTEM_MODE_EXIT|false
12:20:36.0 (11790300)|SYSTEM_MODE_ENTER|true
12:20:36.0 (13164054)|SYSTEM_MODE_ENTER|false
12:20:36.0 (13176426)|SYSTEM_MODE_EXIT|false
12:20:36.0 (13516515)|SYSTEM_MODE_ENTER|true
12:20:36.0 (13688331)|SYSTEM_MODE_ENTER|true
12:20:36.0 (13848420)|SYSTEM_MODE_ENTER|true
12:20:36.0 (13992230)|SYSTEM_MODE_ENTER|true
12:20:36.0 (14163995)|SYSTEM_MODE_ENTER|true
12:20:36.0 (14302661)|SYSTEM_MODE_ENTER|true
12:20:36.0 (14429771)|SYSTEM_MODE_ENTER|true
12:20:36.0 (17973643)|SOQL_EXECUTE_BEGIN|[36]|Aggregations:0|SELECT ParentTerritory2.id, ParentTerritory2.Name, ParentTerritory2.DeveloperName FROM Territory2 WHERE DeveloperName = :tmpVar1 LIMIT 1
12:20:36.0 (25199254)|SOQL_EXECUTE_END|[36]|Rows:1
12:20:36.0 (26111958)|SYSTEM_MODE_ENTER|true
12:20:36.0 (26327768)|SYSTEM_MODE_ENTER|true
12:20:36.0 (29607533)|SOQL_EXECUTE_BEGIN|[147]|Aggregations:0|SELECT User.Id, User.KA_Weightage__c, User.KA_LeadCounter__c, RoleInTerritory2, Territory2.Id FROM UserTerritory2Association WHERE (User.Id = :tmpVar1 AND Territory2.Id = :tmpVar2 AND User.IsActive = TRUE) ORDER BY User.KA_Weightage__c DESC NULLS FIRST LIMIT 1
12:20:36.0 (34870889)|SOQL_EXECUTE_END|[147]|Rows:0
12:20:36.0 (36784388)|EXCEPTION_THROWN|[159]|UnderflowException: User does not exist in region Americas
12:20:36.0 (36804665)|EXCEPTION_THROWN|[159]|UnderflowException: User does not exist in region Americas
12:20:36.0 (37281128)|SYSTEM_MODE_ENTER|true
12:20:36.0 (37487048)|SYSTEM_MODE_ENTER|true
12:20:36.0 (38347190)|SOQL_EXECUTE_BEGIN|[20]|Aggregations:0|SELECT id, name, Instance__c, Instance__r.state__c, Instance__r.Expiry_Date__c FROM lead WHERE ((KA_Product__c = 'Growth' OR KA_Product__c = 'Enterprise' OR KA_Product__c = 'Standard' OR KA_Product__c = 'Loyalty' OR KA_Product__c = 'Inbox' OR KA_Product__c = 'Free' OR KA_Product__c = 'Team' OR KA_Product__c = 'Scale') AND id = :tmpVar1) LIMIT 1
12:20:36.0 (43059549)|SOQL_EXECUTE_END|[20]|Rows:0
12:20:36.43 (43977841)|SYSTEM_MODE_ENTER|true
12:20:36.49 (49341104)|CUMULATIVE_LIMIT_USAGE
12:20:36.49 (49341104)|LIMIT_USAGE_FOR_NS|(default)|
  Number of SOQL queries: 3 out of 100
  Number of query rows: 1 out of 50000
  Number of SOSL queries: 0 out of 20
  Number of DML statements: 0 out of 150
  Number of DML rows: 0 out of 10000
  Maximum CPU time: 0 out of 10000
  Maximum heap size: 0 out of 6000000
  Number of callouts: 0 out of 100
  Number of Email Invocations: 0 out of 10
  Number of future calls: 0 out of 50
  Number of queueable jobs added to the queue: 0 out of 50
  Number of Mobile Apex push calls: 0 out of 10

12:20:36.49 (49341104)|CUMULATIVE_LIMIT_USAGE_END

12:20:36.0 (49378210)|CODE_UNIT_FINISHED|VF: /apex/LeadWorkflowButton
12:20:36.0 (50141785)|EXECUTION_FINISHED
