35.0 APEX_CODE,DEBUG;APEX_PROFILING,INFO;CALLOUT,INFO;DB,INFO;NBA,INFO;SYSTEM,DEBUG;VALIDATION,INFO;VISUALFORCE,INFO;WAVE,INFO;WORKFLOW,INFO
12:20:29.12 (12531779)|SOQL_EXECUTE_BEGIN|[22]|Aggregations:0|SELECT id, name, kfs__Active__c, kfs__Domain__c, kfs__Password__c, kfs__Token__c, kfs__Token_Expiry__c, kfs__Username__c FROM kfs__Kayako_Setting__c LIMIT 1
12:20:29.12 (14972009)|SOQL_EXECUTE_END|[22]|Rows:1
12:20:29.12 (20152379)|SOQL_EXECUTE_BEGIN|[28]|Aggregations:0|SELECT id, name, email FROM lead WHERE (id = :tmpVar1 AND email != NULL AND email != '') LIMIT 1
12:20:29.12 (27743178)|SOQL_EXECUTE_END|[28]|Rows:1
12:20:30.854 (1854694657)|CUMULATIVE_LIMIT_USAGE
12:20:30.854 (1854694657)|LIMIT_USAGE_FOR_NS|(default)|
  Number of SOQL queries: 0 out of 100
  Number of query rows: 0 out of 50000
  Number of SOSL queries: 0 out of 20
  Number of DML statements: 0 out of 150
  Number of DML rows: 0 out of 10000
  Maximum CPU time: 31 out of 10000
  Maximum heap size: 0 out of 6000000
  Number of callouts: 0 out of 100
  Number of Email Invocations: 0 out of 10
  Number of future calls: 0 out of 50
  Number of queueable jobs added to the queue: 0 out of 50
  Number of Mobile Apex push calls: 0 out of 10

12:20:30.854 (1854694657)|LIMIT_USAGE_FOR_NS|kfs|
  Number of SOQL queries: 2 out of 100
  Number of query rows: 2 out of 50000
  Number of SOSL queries: 0 out of 20
  Number of DML statements: 0 out of 150
  Number of DML rows: 0 out of 10000
  Maximum CPU time: 0 out of 10000
  Maximum heap size: 0 out of 6000000
  Number of callouts: 2 out of 100
  Number of Email Invocations: 0 out of 10
  Number of future calls: 0 out of 50
  Number of queueable jobs added to the queue: 0 out of 50
  Number of Mobile Apex push calls: 0 out of 10

12:20:30.854 (1854694657)|CUMULATIVE_LIMIT_USAGE_END

