34.0 APEX_CODE,DEBUG;APEX_PROFILING,INFO;CALLOUT,INFO;DB,INFO;NBA,INFO;SYSTEM,DEBUG;VALIDATION,INFO;VISUALFORCE,INFO;WAVE,INFO;WORKFLOW,INFO
23:59:49.0 (474385)|USER_INFO|[EXTERNAL]|005p0000001vkCf|gaurav.agarwal.1@aurea.com.devsandbox|India Standard Time|GMT+05:30
23:59:49.0 (554180)|EXECUTION_STARTED
23:59:49.0 (593410)|CODE_UNIT_STARTED|[EXTERNAL]|06610000000j30p|VF: /apex/CreateNewLeadPage
23:59:49.0 (10035753)|SYSTEM_MODE_ENTER|true
23:59:49.11 (11562449)|SYSTEM_MODE_ENTER|true
23:59:49.11 (11732801)|SYSTEM_MODE_ENTER|true
23:59:49.11 (11990476)|SYSTEM_MODE_ENTER|true
23:59:49.25 (25686576)|SYSTEM_MODE_ENTER|true
23:59:49.25 (25937424)|SYSTEM_MODE_ENTER|true
23:59:49.0 (34000924)|SYSTEM_MODE_ENTER|true
23:59:49.0 (35771808)|USER_DEBUG|[22]|DEBUG|the value of the picval isFusion
23:59:49.0 (35849798)|USER_DEBUG|[22]|DEBUG|the value of the picval isCase
23:59:49.0 (35884566)|USER_DEBUG|[22]|DEBUG|the value of the picval isEngage
23:59:49.0 (35917519)|USER_DEBUG|[22]|DEBUG|the value of the picval isStandard
23:59:49.0 (36015587)|USER_DEBUG|[22]|DEBUG|the value of the picval isGrowth
23:59:49.0 (36059517)|USER_DEBUG|[22]|DEBUG|the value of the picval isEnterprise
23:59:49.0 (36099980)|USER_DEBUG|[22]|DEBUG|the value of the picval isFree
23:59:49.0 (36138696)|USER_DEBUG|[22]|DEBUG|the value of the picval isInbox
23:59:49.0 (36177412)|USER_DEBUG|[22]|DEBUG|the value of the picval isTeam
23:59:49.0 (36215558)|USER_DEBUG|[22]|DEBUG|the value of the picval isScale
23:59:49.0 (37652165)|SYSTEM_MODE_ENTER|true
23:59:49.0 (39703424)|VF_SERIALIZE_VIEWSTATE_BEGIN|06610000000j30p
23:59:49.0 (42823469)|VF_SERIALIZE_VIEWSTATE_END
23:59:49.45 (45111131)|CUMULATIVE_LIMIT_USAGE
23:59:49.45 (45111131)|LIMIT_USAGE_FOR_NS|(default)|
  Number of SOQL queries: 0 out of 100
  Number of query rows: 0 out of 50000
  Number of SOSL queries: 0 out of 20
  Number of DML statements: 0 out of 150
  Number of DML rows: 0 out of 10000
  Maximum CPU time: 0 out of 10000
  Maximum heap size: 0 out of 6000000
  Number of callouts: 0 out of 100
  Number of Email Invocations: 0 out of 10
  Number of future calls: 0 out of 50
  Number of queueable jobs added to the queue: 0 out of 50
  Number of Mobile Apex push calls: 0 out of 10

23:59:49.45 (45111131)|CUMULATIVE_LIMIT_USAGE_END

23:59:49.0 (45152916)|CODE_UNIT_FINISHED|VF: /apex/CreateNewLeadPage
23:59:49.0 (45854313)|EXECUTION_FINISHED
