34.0 APEX_CODE,DEBUG;APEX_PROFILING,INFO;CALLOUT,INFO;DB,INFO;NBA,INFO;SYSTEM,DEBUG;VALIDATION,INFO;VISUALFORCE,INFO;WAVE,INFO;WORKFLOW,INFO
23:54:53.0 (332343)|USER_INFO|[EXTERNAL]|005p0000001vkCf|gaurav.agarwal.1@aurea.com.devsandbox|India Standard Time|GMT+05:30
23:54:53.0 (402102)|EXECUTION_STARTED
23:54:53.0 (412472)|CODE_UNIT_STARTED|[EXTERNAL]|06610000000j30p|VF: /apex/CreateNewLeadPage
23:54:53.0 (600139)|VF_DESERIALIZE_VIEWSTATE_BEGIN|06610000000j30p
23:54:53.0 (7481519)|VF_DESERIALIZE_VIEWSTATE_END
23:54:53.8 (8259940)|SYSTEM_MODE_ENTER|true
23:54:53.9 (9284941)|SYSTEM_MODE_ENTER|true
23:54:53.0 (19771531)|SYSTEM_MODE_ENTER|true
23:54:53.0 (21374429)|USER_DEBUG|[22]|DEBUG|the value of the picval isFusion
23:54:53.0 (21450409)|USER_DEBUG|[22]|DEBUG|the value of the picval isCase
23:54:53.0 (21481691)|USER_DEBUG|[22]|DEBUG|the value of the picval isEngage
23:54:53.0 (21511728)|USER_DEBUG|[22]|DEBUG|the value of the picval isStandard
23:54:53.0 (21606912)|USER_DEBUG|[22]|DEBUG|the value of the picval isGrowth
23:54:53.0 (21651506)|USER_DEBUG|[22]|DEBUG|the value of the picval isEnterprise
23:54:53.0 (21691532)|USER_DEBUG|[22]|DEBUG|the value of the picval isFree
23:54:53.0 (21729429)|USER_DEBUG|[22]|DEBUG|the value of the picval isInbox
23:54:53.0 (21766287)|USER_DEBUG|[22]|DEBUG|the value of the picval isTeam
23:54:53.0 (21803541)|USER_DEBUG|[22]|DEBUG|the value of the picval isScale
23:54:53.22 (22248517)|SYSTEM_MODE_ENTER|true
23:54:53.0 (29358407)|SYSTEM_MODE_ENTER|false
23:54:53.0 (29374919)|SYSTEM_MODE_EXIT|false
23:54:53.67 (67860287)|SYSTEM_MODE_ENTER|true
23:54:53.68 (68059221)|SYSTEM_MODE_ENTER|true
23:54:53.76 (76893496)|SYSTEM_MODE_ENTER|true
23:54:53.77 (77123995)|SYSTEM_MODE_ENTER|true
23:54:53.0 (85701988)|SYSTEM_MODE_ENTER|true
23:54:53.0 (86096575)|USER_DEBUG|[22]|DEBUG|the value of the picval isFusion
23:54:53.0 (86186309)|USER_DEBUG|[22]|DEBUG|the value of the picval isCase
23:54:53.0 (86236030)|USER_DEBUG|[22]|DEBUG|the value of the picval isEngage
23:54:53.0 (86286276)|USER_DEBUG|[22]|DEBUG|the value of the picval isStandard
23:54:53.0 (86368243)|USER_DEBUG|[22]|DEBUG|the value of the picval isGrowth
23:54:53.0 (86434955)|USER_DEBUG|[22]|DEBUG|the value of the picval isEnterprise
23:54:53.0 (86498090)|USER_DEBUG|[22]|DEBUG|the value of the picval isFree
23:54:53.0 (86562427)|USER_DEBUG|[22]|DEBUG|the value of the picval isInbox
23:54:53.0 (86625251)|USER_DEBUG|[22]|DEBUG|the value of the picval isTeam
23:54:53.0 (86689716)|USER_DEBUG|[22]|DEBUG|the value of the picval isScale
23:54:53.0 (88093228)|SYSTEM_MODE_ENTER|true
23:54:53.0 (90571280)|VF_SERIALIZE_VIEWSTATE_BEGIN|06610000000j30p
23:54:53.0 (93196341)|VF_SERIALIZE_VIEWSTATE_END
23:54:53.95 (95455906)|CUMULATIVE_LIMIT_USAGE
23:54:53.95 (95455906)|LIMIT_USAGE_FOR_NS|(default)|
  Number of SOQL queries: 0 out of 100
  Number of query rows: 0 out of 50000
  Number of SOSL queries: 0 out of 20
  Number of DML statements: 0 out of 150
  Number of DML rows: 0 out of 10000
  Maximum CPU time: 0 out of 10000
  Maximum heap size: 0 out of 6000000
  Number of callouts: 0 out of 100
  Number of Email Invocations: 0 out of 10
  Number of future calls: 0 out of 50
  Number of queueable jobs added to the queue: 0 out of 50
  Number of Mobile Apex push calls: 0 out of 10

23:54:53.95 (95455906)|CUMULATIVE_LIMIT_USAGE_END

23:54:53.0 (95618467)|CODE_UNIT_FINISHED|VF: /apex/CreateNewLeadPage
23:54:53.0 (96347831)|EXECUTION_FINISHED
