44.0 APEX_CODE,DEBUG;APEX_PROFILING,INFO;CALLOUT,INFO;DB,INFO;NBA,INFO;SYSTEM,DEBUG;VALIDATION,INFO;VISUALFORCE,INFO;WAVE,INFO;WORKFLOW,INFO
23:45:19.0 (176143)|EXECUTION_STARTED
23:45:19.0 (286319)|CODE_UNIT_STARTED|[EXTERNAL]|VisualForce View State
23:45:19.0 (8951732)|CODE_UNIT_FINISHED|VisualForce View State
23:45:19.0 (10042863)|EXECUTION_FINISHED
23:45:19.416 (416470117)|VF_PAGE_MESSAGE|Compile Error: Missing ';' at 'for' at line 233 column 21
23:45:19.416 (458091636)|VF_SERIALIZE_VIEWSTATE_BEGIN|
23:45:19.416 (463708923)|VF_SERIALIZE_VIEWSTATE_END
23:45:19.478 (478622762)|CUMULATIVE_LIMIT_USAGE
23:45:19.478 (478622762)|LIMIT_USAGE_FOR_NS|(default)|
  Number of SOQL queries: 0 out of 100
  Number of query rows: 0 out of 50000
  Number of SOSL queries: 0 out of 20
  Number of DML statements: 0 out of 150
  Number of DML rows: 0 out of 10000
  Maximum CPU time: 0 out of 10000
  Maximum heap size: 0 out of 6000000
  Number of callouts: 0 out of 100
  Number of Email Invocations: 0 out of 10
  Number of future calls: 0 out of 50
  Number of queueable jobs added to the queue: 0 out of 50
  Number of Mobile Apex push calls: 0 out of 10

23:45:19.478 (478622762)|CUMULATIVE_LIMIT_USAGE_END

