44.0 APEX_CODE,DEBUG;APEX_PROFILING,INFO;CALLOUT,INFO;DB,INFO;NBA,INFO;SYSTEM,DEBUG;VALIDATION,INFO;VISUALFORCE,INFO;WAVE,INFO;WORKFLOW,INFO
23:44:59.0 (330188)|EXECUTION_STARTED
23:44:59.0 (360151)|CODE_UNIT_STARTED|[EXTERNAL]|VisualForce View State
23:44:59.0 (7307277)|CODE_UNIT_FINISHED|VisualForce View State
23:44:59.0 (8273470)|EXECUTION_FINISHED
23:44:59.750 (750677565)|VF_PAGE_MESSAGE|Compile Error: Missing ';' at 'for' at line 168 column 25
23:44:59.750 (792916402)|VF_SERIALIZE_VIEWSTATE_BEGIN|
23:44:59.750 (798711595)|VF_SERIALIZE_VIEWSTATE_END
23:44:59.815 (815523239)|CUMULATIVE_LIMIT_USAGE
23:44:59.815 (815523239)|LIMIT_USAGE_FOR_NS|(default)|
  Number of SOQL queries: 0 out of 100
  Number of query rows: 0 out of 50000
  Number of SOSL queries: 0 out of 20
  Number of DML statements: 0 out of 150
  Number of DML rows: 0 out of 10000
  Maximum CPU time: 0 out of 10000
  Maximum heap size: 0 out of 6000000
  Number of callouts: 0 out of 100
  Number of Email Invocations: 0 out of 10
  Number of future calls: 0 out of 50
  Number of queueable jobs added to the queue: 0 out of 50
  Number of Mobile Apex push calls: 0 out of 10

23:44:59.815 (815523239)|CUMULATIVE_LIMIT_USAGE_END

