32.0 APEX_CODE,DEBUG;APEX_PROFILING,INFO;CALLOUT,INFO;DB,INFO;NBA,INFO;SYSTEM,DEBUG;VALIDATION,INFO;VISUALFORCE,INFO;WAVE,INFO;WORKFLOW,INFO
12:20:17.0 (73411)|USER_INFO|[EXTERNAL]|005p0000001vkCQ|sruti.srivastava@aurea.com.devsandbox|India Standard Time|GMT+05:30
12:20:17.0 (106030)|EXECUTION_STARTED
12:20:17.0 (111208)|CODE_UNIT_STARTED|[EXTERNAL]|06610000000j1OC|VF: /apex/LeadWorkflowButton
12:20:17.0 (224900)|VF_DESERIALIZE_VIEWSTATE_BEGIN|06610000000j1OC
12:20:17.0 (7190440)|VF_DESERIALIZE_VIEWSTATE_END
12:20:17.7 (7724634)|SYSTEM_MODE_ENTER|true
12:20:17.8 (8474689)|SYSTEM_MODE_ENTER|true
12:20:17.0 (8736706)|SYSTEM_MODE_ENTER|true
12:20:17.0 (9415714)|SYSTEM_MODE_ENTER|false
12:20:17.0 (9427466)|SYSTEM_MODE_EXIT|false
12:20:17.0 (10089379)|SYSTEM_MODE_ENTER|true
12:20:17.0 (10580817)|SYSTEM_MODE_ENTER|false
12:20:17.0 (10591542)|SYSTEM_MODE_EXIT|false
12:20:17.0 (10887407)|SYSTEM_MODE_ENTER|true
12:20:17.0 (11053408)|SYSTEM_MODE_ENTER|true
12:20:17.0 (11208270)|SYSTEM_MODE_ENTER|true
12:20:17.0 (11333568)|SYSTEM_MODE_ENTER|true
12:20:17.0 (11470995)|SYSTEM_MODE_ENTER|true
12:20:17.0 (11592413)|SYSTEM_MODE_ENTER|true
12:20:17.0 (11730659)|SYSTEM_MODE_ENTER|true
12:20:17.0 (13348396)|SOQL_EXECUTE_BEGIN|[36]|Aggregations:0|SELECT ParentTerritory2.id, ParentTerritory2.Name, ParentTerritory2.DeveloperName FROM Territory2 WHERE DeveloperName = :tmpVar1 LIMIT 1
12:20:17.0 (19138179)|SOQL_EXECUTE_END|[36]|Rows:1
12:20:17.0 (19876467)|SYSTEM_MODE_ENTER|true
12:20:17.0 (20062610)|SYSTEM_MODE_ENTER|true
12:20:17.0 (22878963)|SOQL_EXECUTE_BEGIN|[147]|Aggregations:0|SELECT User.Id, User.KA_Weightage__c, User.KA_LeadCounter__c, RoleInTerritory2, Territory2.Id FROM UserTerritory2Association WHERE (User.Id = :tmpVar1 AND Territory2.Id = :tmpVar2 AND User.IsActive = TRUE) ORDER BY User.KA_Weightage__c DESC NULLS FIRST LIMIT 1
12:20:17.0 (28706723)|SOQL_EXECUTE_END|[147]|Rows:0
12:20:17.0 (30416374)|EXCEPTION_THROWN|[159]|UnderflowException: User does not exist in region Americas
12:20:17.0 (30435252)|EXCEPTION_THROWN|[159]|UnderflowException: User does not exist in region Americas
12:20:17.0 (30926262)|SYSTEM_MODE_ENTER|true
12:20:17.0 (31103669)|SYSTEM_MODE_ENTER|true
12:20:17.0 (31847761)|SOQL_EXECUTE_BEGIN|[20]|Aggregations:0|SELECT id, name, Instance__c, Instance__r.state__c, Instance__r.Expiry_Date__c FROM lead WHERE ((KA_Product__c = 'Growth' OR KA_Product__c = 'Enterprise' OR KA_Product__c = 'Standard' OR KA_Product__c = 'Loyalty' OR KA_Product__c = 'Inbox' OR KA_Product__c = 'Free' OR KA_Product__c = 'Team' OR KA_Product__c = 'Scale') AND id = :tmpVar1) LIMIT 1
12:20:17.0 (36139395)|SOQL_EXECUTE_END|[20]|Rows:0
12:20:17.36 (36901196)|SYSTEM_MODE_ENTER|true
12:20:17.42 (42525441)|CUMULATIVE_LIMIT_USAGE
12:20:17.42 (42525441)|LIMIT_USAGE_FOR_NS|(default)|
  Number of SOQL queries: 3 out of 100
  Number of query rows: 1 out of 50000
  Number of SOSL queries: 0 out of 20
  Number of DML statements: 0 out of 150
  Number of DML rows: 0 out of 10000
  Maximum CPU time: 0 out of 10000
  Maximum heap size: 0 out of 6000000
  Number of callouts: 0 out of 100
  Number of Email Invocations: 0 out of 10
  Number of future calls: 0 out of 50
  Number of queueable jobs added to the queue: 0 out of 50
  Number of Mobile Apex push calls: 0 out of 10

12:20:17.42 (42525441)|CUMULATIVE_LIMIT_USAGE_END

12:20:17.0 (42560242)|CODE_UNIT_FINISHED|VF: /apex/LeadWorkflowButton
12:20:17.0 (43264664)|EXECUTION_FINISHED
