44.0 APEX_CODE,DEBUG;APEX_PROFILING,INFO;CALLOUT,INFO;DB,INFO;NBA,INFO;SYSTEM,DEBUG;VALIDATION,INFO;VISUALFORCE,INFO;WAVE,INFO;WORKFLOW,INFO
Execute Anonymous: List<User> usrList = [Select id, name, Start_Time__c, End_Time__c from user where SDR__c=true and isActive=true];
Execute Anonymous: system.debug('@@ usrlist ' + usrList);
Execute Anonymous: for(User usr: usrList)
Execute Anonymous: {
Execute Anonymous: System.debug('@@@ user : ' + usr.Name);
Execute Anonymous: DateTime dtStartTime = DateTime.newInstanceGMT(Date.today(), usr.Start_Time__c);
Execute Anonymous: DateTime dtEndTime = DateTime.newInstanceGMT(Date.today(), usr.End_Time__c);
Execute Anonymous: system.debug('@@@ start time ' + dtStartTime);
Execute Anonymous: system.debug('@@@ start time ' + dtEndTime);
Execute Anonymous: system.debug('@@@ now time ' + system.now().time()); 
Execute Anonymous: system.debug('@@@ DateTime.now() ' + DateTime.now().dateGmt()); 
Execute Anonymous:     system.debug('@@@ DateTime.now() ' + DateTime.now().timeGmt()); 
Execute Anonymous: }
00:01:32.1 (1310149)|USER_INFO|[EXTERNAL]|005p0000001vkCf|gaurav.agarwal.1@aurea.com.devsandbox|India Standard Time|GMT+05:30
00:01:32.1 (1333031)|EXECUTION_STARTED
00:01:32.1 (1338329)|CODE_UNIT_STARTED|[EXTERNAL]|execute_anonymous_apex
00:01:32.1 (2430907)|SOQL_EXECUTE_BEGIN|[1]|Aggregations:0|SELECT id, name, Start_Time__c, End_Time__c FROM user WHERE (SDR__c = TRUE AND isActive = TRUE)
00:01:32.1 (7658301)|SOQL_EXECUTE_END|[1]|Rows:4
00:01:32.1 (7940679)|USER_DEBUG|[2]|DEBUG|@@ usrlist (User:{Id=005p0000002JlWyAAK, Name=Jean Middleton, Start_Time__c=11:00:00.000Z, End_Time__c=02:59:00.000Z}, User:{Id=005p0000002JlTLAA0, Name=Kerryann Tomas, Start_Time__c=03:00:00.000Z, End_Time__c=10:59:00.000Z}, User:{Id=005100000089vjKAAQ, Name=Tannasia Butler, Start_Time__c=07:00:00.000Z, End_Time__c=13:59:00.000Z}, User:{Id=00510000008AOFXAA4, Name=Michael Smith, Start_Time__c=13:00:00.000Z, End_Time__c=04:59:00.000Z})
00:01:32.1 (8242519)|USER_DEBUG|[5]|DEBUG|@@@ user : Jean Middleton
00:01:32.1 (8386636)|USER_DEBUG|[8]|DEBUG|@@@ start time 2018-11-09 11:00:00
00:01:32.1 (8413255)|USER_DEBUG|[9]|DEBUG|@@@ start time 2018-11-09 02:59:00
00:01:32.1 (8460525)|USER_DEBUG|[10]|DEBUG|@@@ now time 00:01:32.597Z
00:01:32.1 (8504554)|USER_DEBUG|[11]|DEBUG|@@@ DateTime.now() 2018-11-08 00:00:00
00:01:32.1 (8541024)|USER_DEBUG|[12]|DEBUG|@@@ DateTime.now() 18:31:32.597Z
00:01:32.1 (8570430)|USER_DEBUG|[5]|DEBUG|@@@ user : Kerryann Tomas
00:01:32.1 (8633429)|USER_DEBUG|[8]|DEBUG|@@@ start time 2018-11-09 03:00:00
00:01:32.1 (8650168)|USER_DEBUG|[9]|DEBUG|@@@ start time 2018-11-09 10:59:00
00:01:32.1 (8676528)|USER_DEBUG|[10]|DEBUG|@@@ now time 00:01:32.597Z
00:01:32.1 (8699084)|USER_DEBUG|[11]|DEBUG|@@@ DateTime.now() 2018-11-08 00:00:00
00:01:32.1 (8720530)|USER_DEBUG|[12]|DEBUG|@@@ DateTime.now() 18:31:32.597Z
00:01:32.1 (8742622)|USER_DEBUG|[5]|DEBUG|@@@ user : Tannasia Butler
00:01:32.1 (8786591)|USER_DEBUG|[8]|DEBUG|@@@ start time 2018-11-09 07:00:00
00:01:32.1 (8801513)|USER_DEBUG|[9]|DEBUG|@@@ start time 2018-11-09 13:59:00
00:01:32.1 (8825015)|USER_DEBUG|[10]|DEBUG|@@@ now time 00:01:32.597Z
00:01:32.1 (8847060)|USER_DEBUG|[11]|DEBUG|@@@ DateTime.now() 2018-11-08 00:00:00
00:01:32.1 (8869009)|USER_DEBUG|[12]|DEBUG|@@@ DateTime.now() 18:31:32.597Z
00:01:32.1 (8887042)|USER_DEBUG|[5]|DEBUG|@@@ user : Michael Smith
00:01:32.1 (8923349)|USER_DEBUG|[8]|DEBUG|@@@ start time 2018-11-09 13:00:00
00:01:32.1 (8938374)|USER_DEBUG|[9]|DEBUG|@@@ start time 2018-11-09 04:59:00
00:01:32.1 (8961627)|USER_DEBUG|[10]|DEBUG|@@@ now time 00:01:32.597Z
00:01:32.1 (8983174)|USER_DEBUG|[11]|DEBUG|@@@ DateTime.now() 2018-11-08 00:00:00
00:01:32.1 (9004822)|USER_DEBUG|[12]|DEBUG|@@@ DateTime.now() 18:31:32.597Z
00:01:32.9 (9044570)|CUMULATIVE_LIMIT_USAGE
00:01:32.9 (9044570)|LIMIT_USAGE_FOR_NS|(default)|
  Number of SOQL queries: 1 out of 100
  Number of query rows: 4 out of 50000
  Number of SOSL queries: 0 out of 20
  Number of DML statements: 0 out of 150
  Number of DML rows: 0 out of 10000
  Maximum CPU time: 0 out of 10000
  Maximum heap size: 0 out of 6000000
  Number of callouts: 0 out of 100
  Number of Email Invocations: 0 out of 10
  Number of future calls: 0 out of 50
  Number of queueable jobs added to the queue: 0 out of 50
  Number of Mobile Apex push calls: 0 out of 10

00:01:32.9 (9044570)|CUMULATIVE_LIMIT_USAGE_END

00:01:32.1 (9083154)|CODE_UNIT_FINISHED|execute_anonymous_apex
00:01:32.1 (9840178)|EXECUTION_FINISHED
