32.0 APEX_CODE,DEBUG;APEX_PROFILING,INFO;CALLOUT,INFO;DB,INFO;NBA,INFO;SYSTEM,DEBUG;VALIDATION,INFO;VISUALFORCE,INFO;WAVE,INFO;WORKFLOW,INFO
12:20:37.0 (301196)|USER_INFO|[EXTERNAL]|005p0000001vkCQ|sruti.srivastava@aurea.com.devsandbox|India Standard Time|GMT+05:30
12:20:37.0 (334700)|EXECUTION_STARTED
12:20:37.0 (342863)|CODE_UNIT_STARTED|[EXTERNAL]|06610000000j2PU|VF: /apex/InputLeadContact
12:20:37.0 (368654)|CODE_UNIT_STARTED|[EXTERNAL]|VF Controller Save
12:20:37.0 (405856)|CODE_UNIT_FINISHED|VF Controller Save
12:20:37.16 (16797731)|SYSTEM_MODE_ENTER|true
12:20:37.17 (17229689)|SYSTEM_MODE_ENTER|true
12:20:37.17 (17455189)|SYSTEM_MODE_ENTER|true
12:20:37.46 (46241327)|SYSTEM_MODE_ENTER|true
12:20:37.46 (46460235)|SYSTEM_MODE_ENTER|true
12:20:37.0 (57271551)|VF_SERIALIZE_VIEWSTATE_BEGIN|06610000000j2PU
12:20:37.0 (60291607)|VF_SERIALIZE_VIEWSTATE_END
12:20:37.62 (62432611)|CUMULATIVE_LIMIT_USAGE
12:20:37.62 (62432611)|LIMIT_USAGE_FOR_NS|(default)|
  Number of SOQL queries: 0 out of 100
  Number of query rows: 0 out of 50000
  Number of SOSL queries: 0 out of 20
  Number of DML statements: 0 out of 150
  Number of DML rows: 0 out of 10000
  Maximum CPU time: 0 out of 10000
  Maximum heap size: 0 out of 6000000
  Number of callouts: 0 out of 100
  Number of Email Invocations: 0 out of 10
  Number of future calls: 0 out of 50
  Number of queueable jobs added to the queue: 0 out of 50
  Number of Mobile Apex push calls: 0 out of 10

12:20:37.62 (62432611)|CUMULATIVE_LIMIT_USAGE_END

12:20:37.0 (62468386)|CODE_UNIT_FINISHED|VF: /apex/InputLeadContact
12:20:37.0 (63496143)|EXECUTION_FINISHED
