32.0 APEX_CODE,DEBUG;APEX_PROFILING,INFO;CALLOUT,INFO;DB,INFO;NBA,INFO;SYSTEM,DEBUG;VALIDATION,INFO;VISUALFORCE,INFO;WAVE,INFO;WORKFLOW,INFO
12:24:00.0 (324104)|USER_INFO|[EXTERNAL]|005p0000001vkCQ|sruti.srivastava@aurea.com.devsandbox|India Standard Time|GMT+05:30
12:24:00.0 (358841)|EXECUTION_STARTED
12:24:00.0 (363785)|CODE_UNIT_STARTED|[EXTERNAL]|06610000000j2PW|VF: /apex/InputLeadQualification
12:24:00.0 (837668)|VF_DESERIALIZE_VIEWSTATE_BEGIN|06610000000j2PW
12:24:00.0 (12029873)|VF_DESERIALIZE_VIEWSTATE_END
12:24:00.12 (12639496)|SYSTEM_MODE_ENTER|true
12:24:00.13 (13391346)|SYSTEM_MODE_ENTER|true
12:24:00.0 (13903221)|SYSTEM_MODE_ENTER|true
12:24:00.0 (25989889)|SYSTEM_MODE_ENTER|true
12:24:00.0 (26106015)|SYSTEM_MODE_ENTER|true
12:24:00.0 (27698551)|SYSTEM_MODE_ENTER|true
12:24:00.0 (27785194)|SYSTEM_MODE_ENTER|true
12:24:00.0 (29380623)|SYSTEM_MODE_ENTER|true
12:24:00.0 (29466447)|SYSTEM_MODE_ENTER|true
12:24:00.0 (31012786)|SYSTEM_MODE_ENTER|true
12:24:00.0 (31096243)|SYSTEM_MODE_ENTER|true
12:24:00.0 (32568706)|SYSTEM_MODE_ENTER|true
12:24:00.0 (32652468)|SYSTEM_MODE_ENTER|true
12:24:00.0 (34315630)|SYSTEM_MODE_ENTER|true
12:24:00.0 (34400242)|SYSTEM_MODE_ENTER|true
12:24:00.0 (36336313)|SYSTEM_MODE_ENTER|true
12:24:00.0 (36423559)|SYSTEM_MODE_ENTER|true
12:24:00.0 (43501225)|SYSTEM_MODE_ENTER|true
12:24:00.0 (43569005)|SYSTEM_MODE_ENTER|true
12:24:00.43 (43923266)|SYSTEM_MODE_ENTER|true
12:24:00.0 (44031282)|SYSTEM_MODE_ENTER|true
12:24:00.0 (44072691)|SYSTEM_MODE_ENTER|true
12:24:00.0 (44100171)|SYSTEM_MODE_ENTER|true
12:24:00.0 (44124607)|SYSTEM_MODE_ENTER|true
12:24:00.0 (44149330)|SYSTEM_MODE_ENTER|true
12:24:00.0 (44174703)|SYSTEM_MODE_ENTER|true
12:24:00.0 (44197804)|SYSTEM_MODE_ENTER|true
12:24:00.0 (44220986)|SYSTEM_MODE_ENTER|true
12:24:00.0 (44244421)|SYSTEM_MODE_ENTER|true
12:24:00.0 (44822731)|DML_BEGIN|[40]|Op:Update|Type:Lead|Rows:1
12:24:00.82 (82726403)|CUMULATIVE_LIMIT_USAGE
12:24:00.82 (82726403)|LIMIT_USAGE_FOR_NS|(default)|
  Number of SOQL queries: 0 out of 100
  Number of query rows: 0 out of 50000
  Number of SOSL queries: 0 out of 20
  Number of DML statements: 1 out of 150
  Number of DML rows: 1 out of 10000
  Maximum CPU time: 0 out of 10000
  Maximum heap size: 0 out of 6000000
  Number of callouts: 0 out of 100
  Number of Email Invocations: 0 out of 10
  Number of future calls: 0 out of 50
  Number of queueable jobs added to the queue: 0 out of 50
  Number of Mobile Apex push calls: 0 out of 10

12:24:00.82 (82726403)|CUMULATIVE_LIMIT_USAGE_END

12:24:00.0 (84929604)|CODE_UNIT_STARTED|[EXTERNAL]|01qp00000005CaZ|LeadTrigger on Lead trigger event BeforeUpdate|__sfdc_trigger/LeadTrigger
12:24:00.85 (85766350)|CUMULATIVE_LIMIT_USAGE
12:24:00.85 (85766350)|LIMIT_USAGE_FOR_NS|(default)|
  Number of SOQL queries: 0 out of 100
  Number of query rows: 0 out of 50000
  Number of SOSL queries: 0 out of 20
  Number of DML statements: 1 out of 150
  Number of DML rows: 1 out of 10000
  Maximum CPU time: 0 out of 10000
  Maximum heap size: 0 out of 6000000
  Number of callouts: 0 out of 100
  Number of Email Invocations: 0 out of 10
  Number of future calls: 0 out of 50
  Number of queueable jobs added to the queue: 0 out of 50
  Number of Mobile Apex push calls: 0 out of 10

12:24:00.85 (85766350)|CUMULATIVE_LIMIT_USAGE_END

12:24:00.0 (86482733)|CODE_UNIT_FINISHED|LeadTrigger on Lead trigger event BeforeUpdate|__sfdc_trigger/LeadTrigger
12:24:00.0 (87515652)|CODE_UNIT_STARTED|[EXTERNAL]|01q10000000MMhF|UpdateExistingCustomer on Lead trigger event BeforeUpdate|__sfdc_trigger/UpdateExistingCustomer
12:24:00.0 (89323216)|USER_DEBUG|[22]|DEBUG|leadsource  Webinar
12:24:00.0 (89465082)|USER_DEBUG|[34]|DEBUG|######{}
12:24:00.0 (89499637)|USER_DEBUG|[35]|DEBUG|######{}
12:24:00.0 (93187550)|SOQL_EXECUTE_BEGIN|[36]|Aggregations:0|SELECT id, name, Family__c, Zuora__CustomerAccount__r.Zuora__BillToWorkEmail__c FROM Zuora__Subscription__c 
12:24:00.0 (150821286)|SOQL_EXECUTE_END|[36]|Rows:446
12:24:00.0 (179462873)|USER_DEBUG|[43]|DEBUG|map 1{null=(Zuora__Subscription__c:{Id=a16p00000021hRQAAY, Name=A-S00001765, Zuora__CustomerAccount__c=a0up00000026VtZAAU}, Zuora__Subscription__c:{Id=a16p00000021hRLAAY, Name=A-S00001764, Zuora__CustomerAccount__c=a0up00000026VtYAAU}, Zuora__Subscription__c:{Id=a16p0000002EfIJAA0, Name=A-S00001795, Zuora__CustomerAccount__c=a0up00000026mwxAAA}), accounts@worldhubcom.com=(Zuora__Subscription__c:{Id=a161000000AOC2XAAX, Name=A-S00002392, Zuora__CustomerAccount__c=a0u10000004xGGiAAM}), adam.howard@nimans.net=(Zuora__Subscription__c:{Id=a161000000AOBIWAA5, Name=A-S00002593, Zuora__CustomerAccount__c=a0u10000004xFWtAAM}), adam.lach@kopex.com.pl=(Zuora__Subscription__c:{Id=a161000000AOB1KAAX, Name=A-S00004384, Zuora__CustomerAccount__c=a0u10000004xFJmAAM}), adam@gamwelltech.com=(Zuora__Subscription__c:{Id=a161000000AOBVyAAP, Name=A-S00004751, Zuora__CustomerAccount__c=a0u10000004xFWiAAM}), adearing@cumulusnine.com=(Zuora__Subscription__c:{Id=a161000000AOAx7AAH, Name=A-S00004046, Zuora__CustomerAccount__c=a0u10000004xFHiAAM}), ademir.hernandez@grupoferromax.com=(Zuora__Subscription__c:{Id=a161000000AOBNWAA5, Name=A-S00002736, Zuora__CustomerAccount__c=a0u10000004xG1BAAU}), adirgan@gmail.com=(Zuora__Subscription__c:{Id=a161000000B4zR1AAJ, Name=A-S00007400, Zuora__CustomerAccount__c=a0u10000004I2JMAA0}), admin@coredesktop.com=(Zuora__Subscription__c:{Id=a161000000AOC5qAAH, Name=A-S00005623, Zuora__CustomerAccount__c=a0u10000004xG30AAE}), admin@mightyscripts.com=(Zuora__Subscription__c:{Id=a161000000BH3qSAAT, Name=A-S00006953, Zuora__CustomerAccount__c=a0u10000004ksUoAAI}), ...}
12:24:00.0 (179891413)|SOQL_EXECUTE_BEGIN|[45]|Aggregations:0|SELECT id, name, Family__c, Zuora__CustomerAccount__r.Zuora__BillToWorkEmail__c FROM Zuora__Subscription__c 
12:24:00.0 (267916878)|SOQL_EXECUTE_END|[45]|Rows:446
12:24:00.0 (316813023)|USER_DEBUG|[56]|DEBUG|mapOfEmailDomain{2020itsolutions.com=(Zuora__Subscription__c:{Id=a161000000AOBbqAAH, Name=A-S00005052, Zuora__CustomerAccount__c=a0u10000004xFbVAAU}), 219design.co.uk=(Zuora__Subscription__c:{Id=a161000000BFXtgAAH, Name=A-S00006769, Zuora__CustomerAccount__c=a0u10000004kN0eAAE}), 4one.digital=(Zuora__Subscription__c:{Id=a161000000AyYNmAAN, Name=A-S00006480, Zuora__CustomerAccount__c=a0u10000005ArW4AAK}), 5linx.com=(Zuora__Subscription__c:{Id=a16p00000021hQnAAI, Name=A-S00001480, Zuora__CustomerAccount__c=a0up00000026Vt5AAE}), a2-c.ch=(Zuora__Subscription__c:{Id=a161000000AOBVJAA5, Name=A-S00004717, Zuora__CustomerAccount__c=a0u10000004xFWHAA2}), a2ktechnologies.com.au=(Zuora__Subscription__c:{Id=a161000000AOBKOAA5, Name=A-S00003492, Zuora__CustomerAccount__c=a0u10000004xFRQAA2}), achieve-technology.com=(Zuora__Subscription__c:{Id=a161000000AOBOXAA5, Name=A-S00003101, Zuora__CustomerAccount__c=a0u10000004xGE9AAM}), activelogix.com=(Zuora__Subscription__c:{Id=a161000000AOBwbAAH, Name=A-S00003203, Zuora__CustomerAccount__c=a0u10000004xGJoAAM}), actorsfund.org=(Zuora__Subscription__c:{Id=a161000000AOBWcAAP, Name=A-S00000809, Zuora__CustomerAccount__c=a0u10000004xFX4AAM}), aerotek.com.tr=(Zuora__Subscription__c:{Id=a1610000009jBYlAAM, Name=A-S00006237, Zuora__CustomerAccount__c=a0u100000059wk3AAA}), ...}
12:24:00.317 (317017967)|CUMULATIVE_LIMIT_USAGE
12:24:00.317 (317017967)|LIMIT_USAGE_FOR_NS|(default)|
  Number of SOQL queries: 2 out of 100
  Number of query rows: 892 out of 50000
  Number of SOSL queries: 0 out of 20
  Number of DML statements: 1 out of 150
  Number of DML rows: 1 out of 10000
  Maximum CPU time: 98 out of 10000
  Maximum heap size: 0 out of 6000000
  Number of callouts: 0 out of 100
  Number of Email Invocations: 0 out of 10
  Number of future calls: 0 out of 50
  Number of queueable jobs added to the queue: 0 out of 50
  Number of Mobile Apex push calls: 0 out of 10

12:24:00.317 (317017967)|CUMULATIVE_LIMIT_USAGE_END

12:24:00.0 (318054213)|CODE_UNIT_FINISHED|UpdateExistingCustomer on Lead trigger event BeforeUpdate|__sfdc_trigger/UpdateExistingCustomer
12:24:00.0 (319243802)|CODE_UNIT_STARTED|[EXTERNAL]|01q10000000V3cc|CopyEmailtoUniqueEmail on Lead trigger event BeforeUpdate|__sfdc_trigger/CopyEmailtoUniqueEmail
12:24:00.319 (319529887)|CUMULATIVE_LIMIT_USAGE
12:24:00.319 (319529887)|LIMIT_USAGE_FOR_NS|(default)|
  Number of SOQL queries: 2 out of 100
  Number of query rows: 892 out of 50000
  Number of SOSL queries: 0 out of 20
  Number of DML statements: 1 out of 150
  Number of DML rows: 1 out of 10000
  Maximum CPU time: 98 out of 10000
  Maximum heap size: 0 out of 6000000
  Number of callouts: 0 out of 100
  Number of Email Invocations: 0 out of 10
  Number of future calls: 0 out of 50
  Number of queueable jobs added to the queue: 0 out of 50
  Number of Mobile Apex push calls: 0 out of 10

12:24:00.319 (319529887)|CUMULATIVE_LIMIT_USAGE_END

12:24:00.0 (320593389)|CODE_UNIT_FINISHED|CopyEmailtoUniqueEmail on Lead trigger event BeforeUpdate|__sfdc_trigger/CopyEmailtoUniqueEmail
12:24:00.0 (328283527)|CODE_UNIT_STARTED|[EXTERNAL]|Validation:Lead:00Qp0000004BesD
12:24:00.0 (328299481)|VALIDATION_RULE|03d10000000Vdzi|Address_information_required
12:24:00.0 (328465621)|VALIDATION_FORMULA|AND (
ISCHANGED(Status), 
ISPICKVAL(Status, 'Interested') 
&& 
(City = "" &#124;&#124;  PostalCode  = "")
)|Status=Contacted , PostalCode=null , City=null
12:24:00.0 (328476487)|VALIDATION_PASS
12:24:00.0 (328478868)|VALIDATION_RULE|03d10000000VeIV|Lead_Source_field_is_blank
12:24:00.0 (328567775)|VALIDATION_FORMULA|TEXT(Stage__c) = "SAL" && TEXT(Status) = "Open"
&& 
ISPICKVAL( LeadSource , "")|Status=Contacted , LeadSource=Webinar , Stage__c=SAL
12:24:00.0 (328574934)|VALIDATION_PASS
12:24:00.0 (328577116)|VALIDATION_RULE|03dp00000005n5t|Lock_User_for_SLA_Breach
12:24:00.0 (331988644)|VALIDATION_FORMULA|if(AND( NOT(SLA_Breached__c), NOT( IsResponded__c ), OR($Profile.Name = "Account Executive", $Profile.Name = "Sales Development Representative" ) , (SDR_Assign_Date__c > DATETIMEVALUE("2018-10-28 19:15:00") ) ,(( NOW()-SDR_Assign_Date__c )*24*60)>20),true,false)|IsResponded__c=1 , $Profile.Name=System Administrator , SLA_Breached__c=1 , SDR_Assign_Date__c=2018-11-10 03:07:58
12:24:00.0 (332003310)|VALIDATION_PASS
12:24:00.0 (332005507)|VALIDATION_RULE|03d10000000Ve4E|Phone_number_in_right_format
12:24:00.0 (332098976)|VALIDATION_FORMULA|AND ( 
ISCHANGED(Status), 
ISPICKVAL(Status, 'Contacted') 
&& 
LEFT(Phone, 1) <> "+")|Status=Contacted , Phone=+ 78 223452 25653
12:24:00.0 (332106038)|VALIDATION_PASS
12:24:00.0 (332430274)|CODE_UNIT_FINISHED|Validation:Lead:00Qp0000004BesD
12:24:00.502 (502526502)|SOQL_EXECUTE_BEGIN|[462]|Aggregations:0|SELECT Account__c, Contact__c, Lead__c FROM Visitor_Sessions__c p WHERE Lead__c = :tmpVar1
12:24:00.502 (504290752)|SOQL_EXECUTE_END|[462]|Rows:0
12:24:00.502 (507320845)|SOQL_EXECUTE_BEGIN|[495]|Aggregations:0|SELECT MasterLabel, cloudamp__Contact_Field_API__c FROM cloudamp__Lead_Contact_Mapped_Fields__mdt
12:24:00.502 (510389777)|SOQL_EXECUTE_END|[495]|Rows:22
12:24:00.502 (514424533)|SOQL_EXECUTE_BEGIN|[503]|Aggregations:0|SELECT Id , cloudamp__GA_Campaign__c, cloudamp__GA_Content__c, cloudamp__GA_Medium__c, cloudamp__GA_Source__c, cloudamp__GA_Term__c, cloudamp__Keyword__c, cloudamp__Lead_Source_Type__c, cloudamp__Paid_Search__c, cloudamp__Referrer__c, cloudamp__Search_Engine__c, cloudamp__gclid__c, cloudamp__Last_UTM_Campaign__c, cloudamp__Last_UTM_Content__c, cloudamp__Last_UTM_Medium__c, cloudamp__Last_UTM_Source__c, cloudamp__Last_UTM_Term__c, cloudamp__last_Keyword__c, cloudamp__last_Lead_Source_Type__c, cloudamp__last_Paid_Search__c, cloudamp__last_Referrer__c, cloudamp__last_Search_Engine__c, cloudamp__last_gclid__c FROM Contact WHERE Id IN :convertedLeadIds
12:24:00.502 (518974464)|SOQL_EXECUTE_END|[503]|Rows:0
12:24:00.519 (519330961)|CUMULATIVE_LIMIT_USAGE
12:24:00.519 (519330961)|LIMIT_USAGE_FOR_NS|(default)|
  Number of SOQL queries: 2 out of 100
  Number of query rows: 892 out of 50000
  Number of SOSL queries: 0 out of 20
  Number of DML statements: 1 out of 150
  Number of DML rows: 1 out of 10000
  Maximum CPU time: 98 out of 10000
  Maximum heap size: 0 out of 6000000
  Number of callouts: 0 out of 100
  Number of Email Invocations: 0 out of 10
  Number of future calls: 0 out of 50
  Number of queueable jobs added to the queue: 0 out of 50
  Number of Mobile Apex push calls: 0 out of 10

12:24:00.519 (519330961)|LIMIT_USAGE_FOR_NS|cloudamp|
  Number of SOQL queries: 2 out of 100
  Number of query rows: 22 out of 50000
  Number of SOSL queries: 0 out of 20
  Number of DML statements: 0 out of 150
  Number of DML rows: 0 out of 10000
  Maximum CPU time: 0 out of 10000
  Maximum heap size: 0 out of 6000000
  Number of callouts: 0 out of 100
  Number of Email Invocations: 0 out of 10
  Number of future calls: 0 out of 50
  Number of queueable jobs added to the queue: 0 out of 50
  Number of Mobile Apex push calls: 0 out of 10

12:24:00.519 (519330961)|CUMULATIVE_LIMIT_USAGE_END

12:24:00.522 (522322340)|CUMULATIVE_LIMIT_USAGE
12:24:00.522 (522322340)|LIMIT_USAGE_FOR_NS|(default)|
  Number of SOQL queries: 2 out of 100
  Number of query rows: 892 out of 50000
  Number of SOSL queries: 0 out of 20
  Number of DML statements: 1 out of 150
  Number of DML rows: 1 out of 10000
  Maximum CPU time: 98 out of 10000
  Maximum heap size: 0 out of 6000000
  Number of callouts: 0 out of 100
  Number of Email Invocations: 0 out of 10
  Number of future calls: 0 out of 50
  Number of queueable jobs added to the queue: 0 out of 50
  Number of Mobile Apex push calls: 0 out of 10

12:24:00.522 (522322340)|LIMIT_USAGE_FOR_NS|cloudamp|
  Number of SOQL queries: 2 out of 100
  Number of query rows: 22 out of 50000
  Number of SOSL queries: 0 out of 20
  Number of DML statements: 0 out of 150
  Number of DML rows: 0 out of 10000
  Maximum CPU time: 0 out of 10000
  Maximum heap size: 0 out of 6000000
  Number of callouts: 0 out of 100
  Number of Email Invocations: 0 out of 10
  Number of future calls: 0 out of 50
  Number of queueable jobs added to the queue: 0 out of 50
  Number of Mobile Apex push calls: 0 out of 10

12:24:00.522 (522322340)|CUMULATIVE_LIMIT_USAGE_END

12:24:00.529 (529216240)|CUMULATIVE_LIMIT_USAGE
12:24:00.529 (529216240)|LIMIT_USAGE_FOR_NS|(default)|
  Number of SOQL queries: 2 out of 100
  Number of query rows: 892 out of 50000
  Number of SOSL queries: 0 out of 20
  Number of DML statements: 1 out of 150
  Number of DML rows: 1 out of 10000
  Maximum CPU time: 98 out of 10000
  Maximum heap size: 0 out of 6000000
  Number of callouts: 0 out of 100
  Number of Email Invocations: 0 out of 10
  Number of future calls: 0 out of 50
  Number of queueable jobs added to the queue: 0 out of 50
  Number of Mobile Apex push calls: 0 out of 10

12:24:00.529 (529216240)|LIMIT_USAGE_FOR_NS|cloudamp|
  Number of SOQL queries: 2 out of 100
  Number of query rows: 22 out of 50000
  Number of SOSL queries: 0 out of 20
  Number of DML statements: 0 out of 150
  Number of DML rows: 0 out of 10000
  Maximum CPU time: 0 out of 10000
  Maximum heap size: 0 out of 6000000
  Number of callouts: 0 out of 100
  Number of Email Invocations: 0 out of 10
  Number of future calls: 0 out of 50
  Number of queueable jobs added to the queue: 0 out of 50
  Number of Mobile Apex push calls: 0 out of 10

12:24:00.529 (529216240)|CUMULATIVE_LIMIT_USAGE_END

12:24:00.0 (530884963)|CODE_UNIT_STARTED|[EXTERNAL]|01qp00000005CaZ|LeadTrigger on Lead trigger event AfterUpdate|__sfdc_trigger/LeadTrigger
12:24:00.0 (531587305)|SOQL_EXECUTE_BEGIN|[54]|Aggregations:0|SELECT id, Assigned_SDR__c, Assigned_SDR__r.id, ownerid, Status, SDR_First_Modified_Date_Time__c, IsResponded__c, SLA_Breached__c, Reassigned_To__c, LeadSource, createdById FROM lead WHERE id = :tmpVar1
12:24:00.0 (537116600)|SOQL_EXECUTE_END|[54]|Rows:1
12:24:00.0 (537268703)|USER_DEBUG|[60]|DEBUG|@@ Demo Lead operation
12:24:00.537 (537493391)|CUMULATIVE_LIMIT_USAGE
12:24:00.537 (537493391)|LIMIT_USAGE_FOR_NS|(default)|
  Number of SOQL queries: 3 out of 100
  Number of query rows: 893 out of 50000
  Number of SOSL queries: 0 out of 20
  Number of DML statements: 1 out of 150
  Number of DML rows: 1 out of 10000
  Maximum CPU time: 190 out of 10000
  Maximum heap size: 0 out of 6000000
  Number of callouts: 0 out of 100
  Number of Email Invocations: 0 out of 10
  Number of future calls: 0 out of 50
  Number of queueable jobs added to the queue: 0 out of 50
  Number of Mobile Apex push calls: 0 out of 10

12:24:00.537 (537493391)|LIMIT_USAGE_FOR_NS|cloudamp|
  Number of SOQL queries: 2 out of 100
  Number of query rows: 22 out of 50000
  Number of SOSL queries: 0 out of 20
  Number of DML statements: 0 out of 150
  Number of DML rows: 0 out of 10000
  Maximum CPU time: 0 out of 10000
  Maximum heap size: 0 out of 6000000
  Number of callouts: 0 out of 100
  Number of Email Invocations: 0 out of 10
  Number of future calls: 0 out of 50
  Number of queueable jobs added to the queue: 0 out of 50
  Number of Mobile Apex push calls: 0 out of 10

12:24:00.537 (537493391)|CUMULATIVE_LIMIT_USAGE_END

12:24:00.0 (538306872)|CODE_UNIT_FINISHED|LeadTrigger on Lead trigger event AfterUpdate|__sfdc_trigger/LeadTrigger
12:24:00.0 (539392090)|CODE_UNIT_STARTED|[EXTERNAL]|01q10000000R7mf|SendSyncRequestOnInstanceChange on Lead trigger event AfterUpdate|__sfdc_trigger/SendSyncRequestOnInstanceChange
12:24:00.539 (539631537)|CUMULATIVE_LIMIT_USAGE
12:24:00.539 (539631537)|LIMIT_USAGE_FOR_NS|(default)|
  Number of SOQL queries: 3 out of 100
  Number of query rows: 893 out of 50000
  Number of SOSL queries: 0 out of 20
  Number of DML statements: 1 out of 150
  Number of DML rows: 1 out of 10000
  Maximum CPU time: 190 out of 10000
  Maximum heap size: 0 out of 6000000
  Number of callouts: 0 out of 100
  Number of Email Invocations: 0 out of 10
  Number of future calls: 0 out of 50
  Number of queueable jobs added to the queue: 0 out of 50
  Number of Mobile Apex push calls: 0 out of 10

12:24:00.539 (539631537)|LIMIT_USAGE_FOR_NS|cloudamp|
  Number of SOQL queries: 2 out of 100
  Number of query rows: 22 out of 50000
  Number of SOSL queries: 0 out of 20
  Number of DML statements: 0 out of 150
  Number of DML rows: 0 out of 10000
  Maximum CPU time: 0 out of 10000
  Maximum heap size: 0 out of 6000000
  Number of callouts: 0 out of 100
  Number of Email Invocations: 0 out of 10
  Number of future calls: 0 out of 50
  Number of queueable jobs added to the queue: 0 out of 50
  Number of Mobile Apex push calls: 0 out of 10

12:24:00.539 (539631537)|CUMULATIVE_LIMIT_USAGE_END

12:24:00.0 (540321260)|CODE_UNIT_FINISHED|SendSyncRequestOnInstanceChange on Lead trigger event AfterUpdate|__sfdc_trigger/SendSyncRequestOnInstanceChange
12:24:00.0 (541339648)|CODE_UNIT_STARTED|[EXTERNAL]|01qp00000005aCt|LeadAssignment on Lead trigger event AfterUpdate|__sfdc_trigger/LeadAssignment
12:24:00.0 (541893752)|SOQL_EXECUTE_BEGIN|[54]|Aggregations:0|SELECT id, Assigned_SDR__c, Assigned_SDR__r.id, ownerid, Status, SDR_First_Modified_Date_Time__c, IsResponded__c, SLA_Breached__c, Reassigned_To__c, LeadSource, createdById FROM lead WHERE id = :tmpVar1
12:24:00.0 (546197403)|SOQL_EXECUTE_END|[54]|Rows:1
12:24:00.0 (546337076)|USER_DEBUG|[60]|DEBUG|@@ Demo Lead operation
12:24:00.546 (546424497)|CUMULATIVE_LIMIT_USAGE
12:24:00.546 (546424497)|LIMIT_USAGE_FOR_NS|(default)|
  Number of SOQL queries: 4 out of 100
  Number of query rows: 894 out of 50000
  Number of SOSL queries: 0 out of 20
  Number of DML statements: 1 out of 150
  Number of DML rows: 1 out of 10000
  Maximum CPU time: 190 out of 10000
  Maximum heap size: 0 out of 6000000
  Number of callouts: 0 out of 100
  Number of Email Invocations: 0 out of 10
  Number of future calls: 0 out of 50
  Number of queueable jobs added to the queue: 0 out of 50
  Number of Mobile Apex push calls: 0 out of 10

12:24:00.546 (546424497)|LIMIT_USAGE_FOR_NS|cloudamp|
  Number of SOQL queries: 2 out of 100
  Number of query rows: 22 out of 50000
  Number of SOSL queries: 0 out of 20
  Number of DML statements: 0 out of 150
  Number of DML rows: 0 out of 10000
  Maximum CPU time: 0 out of 10000
  Maximum heap size: 0 out of 6000000
  Number of callouts: 0 out of 100
  Number of Email Invocations: 0 out of 10
  Number of future calls: 0 out of 50
  Number of queueable jobs added to the queue: 0 out of 50
  Number of Mobile Apex push calls: 0 out of 10

12:24:00.546 (546424497)|CUMULATIVE_LIMIT_USAGE_END

12:24:00.0 (547202061)|CODE_UNIT_FINISHED|LeadAssignment on Lead trigger event AfterUpdate|__sfdc_trigger/LeadAssignment
12:24:00.0 (547478946)|CODE_UNIT_STARTED|[EXTERNAL]|Workflow:Lead
12:24:00.0 (553067487)|WF_RULE_EVAL_BEGIN|Assignment
12:24:00.0 (553079951)|WF_SPOOL_ACTION_BEGIN|Assignment
12:24:00.0 (553087512)|WF_ACTION|.
12:24:00.0 (553091976)|WF_RULE_EVAL_END
12:24:00.0 (553104554)|WF_RULE_EVAL_BEGIN|Workflow
12:24:00.0 (553153036)|WF_CRITERIA_BEGIN|[Lead: Lead 1541819277345 00Qp0000004BesD]|1st Notification|01Qp000000060wu|ON_CREATE_OR_TRIGGERING_UPDATE|0
12:24:00.0 (557797674)|WF_RULE_NOT_EVALUATED
12:24:00.0 (557813895)|WF_CRITERIA_BEGIN|[Lead: Lead 1541819277345 00Qp0000004BesD]|Status Last Updated Updater|01Q10000000NpD0|ON_ALL_CHANGES|0
12:24:00.0 (558142302)|WF_FORMULA|Formula:ENCODED:[treatNullAsNull]ISCHANGED( {!ID:Status} )|Values:Status=Contacted
12:24:00.0 (558151387)|WF_CRITERIA_END|false
12:24:00.0 (558165671)|WF_CRITERIA_BEGIN|[Lead: Lead 1541819277345 00Qp0000004BesD]|Lead Status marked as Interested|01Q10000000Udm4|ON_CREATE_OR_TRIGGERING_UPDATE|0
12:24:00.0 (558249762)|WF_RULE_FILTER|[Lead : Lead Status equals Interested] 
AND [Lead : Stage equals SAL]
12:24:00.0 (558261718)|WF_RULE_EVAL_VALUE|Contacted
12:24:00.0 (558265948)|WF_CRITERIA_END|false
12:24:00.0 (558273750)|WF_CRITERIA_BEGIN|[Lead: Lead 1541819277345 00Qp0000004BesD]|Update Drip Included Date|01Q10000000QMb2|ON_CREATE_ONLY|0
12:24:00.0 (558281981)|WF_RULE_NOT_EVALUATED
12:24:00.0 (558286743)|WF_CRITERIA_BEGIN|[Lead: Lead 1541819277345 00Qp0000004BesD]|Lead moved to SQL Qualified|01Q10000000NoZe|ON_ALL_CHANGES|0
12:24:00.0 (558322207)|WF_RULE_FILTER|[Lead : Stage equals SQL] 
AND [Lead : Lead Status equals Qualified]
12:24:00.0 (558334366)|WF_RULE_EVAL_VALUE|2
12:24:00.0 (558338245)|WF_CRITERIA_END|false
12:24:00.0 (558344918)|WF_CRITERIA_BEGIN|[Lead: Lead 1541819277345 00Qp0000004BesD]|Lead: Returned by AE|01Q10000000Udms|ON_ALL_CHANGES|0
12:24:00.0 (558379980)|WF_RULE_FILTER|[Lead : Lead Status equals Contacted] 
AND [Lead : Previous Owner equals AE]
12:24:00.0 (558390028)|WF_RULE_EVAL_VALUE|Contacted
12:24:00.0 (558396311)|WF_RULE_EVAL_VALUE|
12:24:00.0 (558398564)|WF_CRITERIA_END|false
12:24:00.0 (558405580)|WF_CRITERIA_BEGIN|[Lead: Lead 1541819277345 00Qp0000004BesD]|2nd Notification|01Qp000000060xO|ON_CREATE_OR_TRIGGERING_UPDATE|0
12:24:00.0 (558460364)|WF_RULE_FILTER|[Lead : SLA Breached equals false] 
AND [Lead : IsResponded equals false]
12:24:00.0 (558467175)|WF_RULE_EVAL_VALUE|true
12:24:00.0 (558470832)|WF_CRITERIA_END|false
12:24:00.0 (558478008)|WF_CRITERIA_BEGIN|[Lead: Lead 1541819277345 00Qp0000004BesD]|3rd Notification|01Qp0000000610I|ON_CREATE_OR_TRIGGERING_UPDATE|0
12:24:00.0 (558517259)|WF_RULE_FILTER|[Lead : SLA Breached equals false] 
AND [Lead : IsResponded equals false]
12:24:00.0 (558522341)|WF_RULE_EVAL_VALUE|true
12:24:00.0 (558526174)|WF_CRITERIA_END|false
12:24:00.0 (558532231)|WF_CRITERIA_BEGIN|[Lead: Lead 1541819277345 00Qp0000004BesD]|Copy owner email|01Q100000005qOF|ON_ALL_CHANGES|0
12:24:00.0 (558555098)|WF_RULE_FILTER|[Lead : Owner Last Name not equal to null]
12:24:00.0 (558561402)|WF_RULE_EVAL_VALUE|
12:24:00.0 (558563668)|WF_CRITERIA_END|true
12:24:00.0 (559328591)|WF_CRITERIA_BEGIN|[Lead: Lead 1541819277345 00Qp0000004BesD]|Clear Date fields when lead comes to SAL|01Q10000000NoZU|ON_ALL_CHANGES|0
12:24:00.0 (559627736)|WF_FORMULA|Formula:ENCODED:[treatNullAsNull]AND(ISPICKVAL({!ID:00N10000006Qxri},"SAL"),ISPICKVAL( {!ID:Status} ,"Open"))|Values:Status=Contacted, Stage__c=SAL
12:24:00.0 (559636455)|WF_CRITERIA_END|false
12:24:00.0 (559650207)|WF_CRITERIA_BEGIN|[Lead: Lead 1541819277345 00Qp0000004BesD]|4th Notification|01Qp0000000614F|ON_CREATE_OR_TRIGGERING_UPDATE|0
12:24:00.0 (559686150)|WF_RULE_NOT_EVALUATED
12:24:00.0 (559694551)|WF_CRITERIA_BEGIN|[Lead: Lead 1541819277345 00Qp0000004BesD]|Update Drip Included Date On Edit|01Q10000000QMiD|ON_ALL_CHANGES|0
12:24:00.0 (560055686)|WF_FORMULA|Formula:ENCODED:[treatNullAsNull]AND(NOT(ISNEW()),CONTAINS( {!ID:$User.FirstName} ,"Backend"),NOT(ISNULL({!ID:00N10000006pOgk})), NOT(PRIORVALUE({!ID:00N10000006pOgk})== {!ID:00N10000006pOgk}))|Values:$User.FirstName=Sruti, Instance__c=null
12:24:00.0 (560065801)|WF_CRITERIA_END|false
12:24:00.0 (560079716)|WF_CRITERIA_BEGIN|[Lead: Lead 1541819277345 00Qp0000004BesD]|Stage Last Updated Updater|01Q10000000NpCv|ON_ALL_CHANGES|0
12:24:00.0 (560188578)|WF_FORMULA|Formula:ENCODED:[treatNullAsNull]ISCHANGED( {!ID:00N10000006Qxri} )|Values:Stage__c=SAL
12:24:00.0 (560196838)|WF_CRITERIA_END|false
12:24:00.0 (560208332)|WF_CRITERIA_BEGIN|[Lead: Lead 1541819277345 00Qp0000004BesD]|Lead Status changed to Qualified|01Q10000000Udmn|ON_CREATE_OR_TRIGGERING_UPDATE|0
12:24:00.0 (560267676)|WF_RULE_FILTER|[Lead : Lead Status equals Qualified] 
AND [Lead : Stage equals SQL]
12:24:00.0 (560277099)|WF_RULE_EVAL_VALUE|Contacted
12:24:00.0 (560280955)|WF_CRITERIA_END|false
12:24:00.0 (560288059)|WF_CRITERIA_BEGIN|[Lead: Lead 1541819277345 00Qp0000004BesD]|Clear Date fields when lead comes from SRL/SDL to MQL|01Q10000000QMbW|ON_ALL_CHANGES|0
12:24:00.0 (560468070)|WF_FORMULA|Formula:ENCODED:[treatNullAsNull]AND(OR(ISPICKVAL(PRIORVALUE({!ID:00N10000006Qxri}),"SRL"),ISPICKVAL(PRIORVALUE({!ID:00N10000006Qxri}),"SDL")),ISPICKVAL({!ID:00N10000006Qxri},"MQL"))|Values:Stage__c=SAL
12:24:00.0 (560476103)|WF_CRITERIA_END|false
12:24:00.0 (560493406)|WF_SPOOL_ACTION_BEGIN|Workflow
12:24:00.0 (560801236)|WF_ACTION| Field Update: 1;
12:24:00.0 (560808432)|WF_RULE_EVAL_END
12:24:00.0 (560818307)|WF_TIME_TRIGGERS_BEGIN
12:24:00.0 (597791263)|WF_ACTIONS_END| Field Update: 1;
12:24:00.0 (597815372)|CODE_UNIT_FINISHED|Workflow:Lead
12:24:00.0 (611381542)|DML_END|[40]
12:24:00.616 (616858617)|CUMULATIVE_LIMIT_USAGE
12:24:00.616 (616858617)|LIMIT_USAGE_FOR_NS|(default)|
  Number of SOQL queries: 4 out of 100
  Number of query rows: 894 out of 50000
  Number of SOSL queries: 0 out of 20
  Number of DML statements: 1 out of 150
  Number of DML rows: 1 out of 10000
  Maximum CPU time: 190 out of 10000
  Maximum heap size: 0 out of 6000000
  Number of callouts: 0 out of 100
  Number of Email Invocations: 0 out of 10
  Number of future calls: 0 out of 50
  Number of queueable jobs added to the queue: 0 out of 50
  Number of Mobile Apex push calls: 0 out of 10

12:24:00.616 (616858617)|LIMIT_USAGE_FOR_NS|cloudamp|
  Number of SOQL queries: 2 out of 100
  Number of query rows: 22 out of 50000
  Number of SOSL queries: 0 out of 20
  Number of DML statements: 0 out of 150
  Number of DML rows: 0 out of 10000
  Maximum CPU time: 0 out of 10000
  Maximum heap size: 0 out of 6000000
  Number of callouts: 0 out of 100
  Number of Email Invocations: 0 out of 10
  Number of future calls: 0 out of 50
  Number of queueable jobs added to the queue: 0 out of 50
  Number of Mobile Apex push calls: 0 out of 10

12:24:00.616 (616858617)|CUMULATIVE_LIMIT_USAGE_END

12:24:00.0 (616916006)|CODE_UNIT_FINISHED|VF: /apex/InputLeadQualification
12:24:00.0 (617649867)|EXECUTION_FINISHED
