34.0 APEX_CODE,DEBUG;APEX_PROFILING,INFO;CALLOUT,INFO;DB,INFO;NBA,INFO;SYSTEM,DEBUG;VALIDATION,INFO;VISUALFORCE,INFO;WAVE,INFO;WORKFLOW,INFO
23:49:44.0 (384875)|USER_INFO|[EXTERNAL]|005p0000001vkCf|gaurav.agarwal.1@aurea.com.devsandbox|India Standard Time|GMT+05:30
23:49:44.0 (438518)|EXECUTION_STARTED
23:49:44.0 (509726)|CODE_UNIT_STARTED|[EXTERNAL]|06610000000j30p|VF: /apex/CreateNewLeadPage
23:49:44.0 (2999674)|SYSTEM_MODE_ENTER|true
23:49:44.4 (4915964)|SYSTEM_MODE_ENTER|true
23:49:44.5 (5093392)|SYSTEM_MODE_ENTER|true
23:49:44.5 (5341341)|SYSTEM_MODE_ENTER|true
23:49:44.47 (47345768)|SYSTEM_MODE_ENTER|true
23:49:44.47 (47595295)|SYSTEM_MODE_ENTER|true
23:49:44.0 (58746142)|SYSTEM_MODE_ENTER|true
23:49:44.0 (61990286)|USER_DEBUG|[22]|DEBUG|the value of the picval isFusion
23:49:44.0 (62068122)|USER_DEBUG|[22]|DEBUG|the value of the picval isCase
23:49:44.0 (62100721)|USER_DEBUG|[22]|DEBUG|the value of the picval isEngage
23:49:44.0 (62137630)|USER_DEBUG|[22]|DEBUG|the value of the picval isStandard
23:49:44.0 (62241890)|USER_DEBUG|[22]|DEBUG|the value of the picval isGrowth
23:49:44.0 (62283999)|USER_DEBUG|[22]|DEBUG|the value of the picval isEnterprise
23:49:44.0 (62327234)|USER_DEBUG|[22]|DEBUG|the value of the picval isFree
23:49:44.0 (62370854)|USER_DEBUG|[22]|DEBUG|the value of the picval isInbox
23:49:44.0 (62408938)|USER_DEBUG|[22]|DEBUG|the value of the picval isTeam
23:49:44.0 (62445357)|USER_DEBUG|[22]|DEBUG|the value of the picval isScale
23:49:44.0 (64403710)|SYSTEM_MODE_ENTER|true
23:49:44.0 (115664584)|VF_SERIALIZE_VIEWSTATE_BEGIN|06610000000j30p
23:49:44.0 (119157023)|VF_SERIALIZE_VIEWSTATE_END
23:49:44.121 (121879954)|CUMULATIVE_LIMIT_USAGE
23:49:44.121 (121879954)|LIMIT_USAGE_FOR_NS|(default)|
  Number of SOQL queries: 0 out of 100
  Number of query rows: 0 out of 50000
  Number of SOSL queries: 0 out of 20
  Number of DML statements: 0 out of 150
  Number of DML rows: 0 out of 10000
  Maximum CPU time: 0 out of 10000
  Maximum heap size: 0 out of 6000000
  Number of callouts: 0 out of 100
  Number of Email Invocations: 0 out of 10
  Number of future calls: 0 out of 50
  Number of queueable jobs added to the queue: 0 out of 50
  Number of Mobile Apex push calls: 0 out of 10

23:49:44.121 (121879954)|CUMULATIVE_LIMIT_USAGE_END

23:49:44.0 (121933518)|CODE_UNIT_FINISHED|VF: /apex/CreateNewLeadPage
23:49:44.0 (122660674)|EXECUTION_FINISHED
