44.0 APEX_CODE,DEBUG;APEX_PROFILING,INFO;CALLOUT,INFO;DB,INFO;NBA,INFO;SYSTEM,DEBUG;VALIDATION,INFO;VISUALFORCE,INFO;WAVE,INFO;WORKFLOW,INFO
Execute Anonymous: List<User> usrList = [Select id, Start_Time__c, End_Time__c from user where SDR__c=true and isActive=true];
Execute Anonymous: system.debug('@@ usrlist ' + usrList);
Execute Anonymous: for(User usr: usrList)
Execute Anonymous: {
Execute Anonymous: DateTime dtStartTime = DateTime.newInstanceGMT(Date.today(), usr.Start_Time__c);
Execute Anonymous: DateTime dtEndTime = DateTime.newInstanceGMT(Date.today(), usr.End_Time__c);
Execute Anonymous: system.debug('@@@ start time' + dtStartTime);
Execute Anonymous: system.debug('@@@ start time' + dtEndTime);
Execute Anonymous: system.debug('@@@ now time' + system.now());    
Execute Anonymous: }
19:12:45.1 (1122468)|USER_INFO|[EXTERNAL]|005p0000001vkCf|gaurav.agarwal.1@aurea.com.devsandbox|India Standard Time|GMT+05:30
19:12:45.1 (1145306)|EXECUTION_STARTED
19:12:45.1 (1149882)|CODE_UNIT_STARTED|[EXTERNAL]|execute_anonymous_apex
19:12:45.1 (2025744)|SOQL_EXECUTE_BEGIN|[1]|Aggregations:0|SELECT id, Start_Time__c, End_Time__c FROM user WHERE (SDR__c = TRUE AND isActive = TRUE)
19:12:45.1 (5417357)|SOQL_EXECUTE_END|[1]|Rows:4
19:12:45.1 (5657632)|USER_DEBUG|[2]|DEBUG|@@ usrlist (User:{Id=005100000089vjKAAQ, Start_Time__c=07:00:00.000Z, End_Time__c=13:59:00.000Z}, User:{Id=00510000008AOFXAA4, Start_Time__c=13:00:00.000Z, End_Time__c=04:59:00.000Z}, User:{Id=005p0000002JlTLAA0, Start_Time__c=03:00:00.000Z, End_Time__c=10:59:00.000Z}, User:{Id=005p0000002JlWyAAK, Start_Time__c=11:00:00.000Z, End_Time__c=02:59:00.000Z})
19:12:45.1 (6024579)|USER_DEBUG|[7]|DEBUG|@@@ start time2018-11-08 07:00:00
19:12:45.1 (6054903)|USER_DEBUG|[8]|DEBUG|@@@ start time2018-11-08 13:59:00
19:12:45.1 (6090960)|USER_DEBUG|[9]|DEBUG|@@@ now time2018-11-08 13:42:45
19:12:45.1 (6145256)|USER_DEBUG|[7]|DEBUG|@@@ start time2018-11-08 13:00:00
19:12:45.1 (6161207)|USER_DEBUG|[8]|DEBUG|@@@ start time2018-11-08 04:59:00
19:12:45.1 (6179070)|USER_DEBUG|[9]|DEBUG|@@@ now time2018-11-08 13:42:45
19:12:45.1 (6224848)|USER_DEBUG|[7]|DEBUG|@@@ start time2018-11-08 03:00:00
19:12:45.1 (6240540)|USER_DEBUG|[8]|DEBUG|@@@ start time2018-11-08 10:59:00
19:12:45.1 (6257219)|USER_DEBUG|[9]|DEBUG|@@@ now time2018-11-08 13:42:45
19:12:45.1 (6306234)|USER_DEBUG|[7]|DEBUG|@@@ start time2018-11-08 11:00:00
19:12:45.1 (6322143)|USER_DEBUG|[8]|DEBUG|@@@ start time2018-11-08 02:59:00
19:12:45.1 (6339274)|USER_DEBUG|[9]|DEBUG|@@@ now time2018-11-08 13:42:45
19:12:45.6 (6383752)|CUMULATIVE_LIMIT_USAGE
19:12:45.6 (6383752)|LIMIT_USAGE_FOR_NS|(default)|
  Number of SOQL queries: 1 out of 100
  Number of query rows: 4 out of 50000
  Number of SOSL queries: 0 out of 20
  Number of DML statements: 0 out of 150
  Number of DML rows: 0 out of 10000
  Maximum CPU time: 0 out of 10000
  Maximum heap size: 0 out of 6000000
  Number of callouts: 0 out of 100
  Number of Email Invocations: 0 out of 10
  Number of future calls: 0 out of 50
  Number of queueable jobs added to the queue: 0 out of 50
  Number of Mobile Apex push calls: 0 out of 10

19:12:45.6 (6383752)|CUMULATIVE_LIMIT_USAGE_END

19:12:45.1 (6416535)|CODE_UNIT_FINISHED|execute_anonymous_apex
19:12:45.1 (7301308)|EXECUTION_FINISHED
